#
# A fatal error has been detected by the Java Runtime Environment:
#
#  SIGSEGV (0xb) at pc=0x0000740f3a7b1210, pid=60698, tid=60735
#
# JRE version: OpenJDK Runtime Environment (22.0+36) (build 22+36-2370)
# Java VM: OpenJDK 64-Bit Server VM (22+36-2370, mixed mode, sharing, tiered, compressed oops, compressed class ptrs, g1 gc, linux-amd64)
# Problematic frame:
# C  [libnvidia-glcore.so.535.171.04+0x15b1210]
#
# Core dump will be written. Default location: Core dumps may be processed with "/usr/share/apport/apport -p%p -s%s -c%c -d%d -P%P -u%u -g%g -- %E" (or dumping to /home/denis0001/IdeaProjects/MinecraftRecreation/core.60698)
#
# If you would like to submit a bug report, please visit:
#   https://bugreport.java.com/bugreport/crash.jsp
#

---------------  S U M M A R Y ------------

Command Line: -javaagent:/snap/intellij-idea-community/502/lib/idea_rt.jar=39669:/snap/intellij-idea-community/502/bin -Dfile.encoding=UTF-8 -Dsun.stdout.encoding=UTF-8 -Dsun.stderr.encoding=UTF-8 net.minecraftrecreation.client.Main --name test

Host: Intel(R) Core(TM) i5-6600 CPU @ 3.30GHz, 4 cores, 23G, Ubuntu 22.04.4 LTS
Time: Sat Jun  8 23:31:06 2024 MSK elapsed time: 2.631638 seconds (0d 0h 0m 2s)

---------------  T H R E A D  ---------------

Current thread is native thread

Stack: [0x0000740fbcc00000,0x0000740fbd400000],  sp=0x0000740fbd3fd0a8,  free space=8180k
Native frames: (J=compiled Java code, j=interpreted, Vv=VM code, C=native code)
C  [libnvidia-glcore.so.535.171.04+0x15b1210]

siginfo: si_signo: 11 (SIGSEGV), si_code: 1 (SEGV_MAPERR), si_addr: 0x0000000000000000

Registers:
RAX=0x0000740faff34a98, RBX=0x0000740faff34a98, RCX=0x0000000000000010, RDX=0x0000740faff34c18
RSP=0x0000740fbd3fd0a8, RBP=0x0000740fbd75ea40, RSI=0x0000000000000000, RDI=0x0000740faff34a98
R8 =0x0000000000000018, R9 =0x0000000000000024, R10=0x0000740f3a7b11f0, R11=0x0000740f3000e8f4
R12=0x0000740f3052a838, R13=0x0000740fbd75ea28, R14=0x0000000000000000, R15=0x0000000000000002
RIP=0x0000740f3a7b1210, EFLAGS=0x0000000000010206, CSGSFS=0x002b000000000033, ERR=0x0000000000000004
  TRAPNO=0x000000000000000e


Top of Stack: (sp=0x0000740fbd3fd0a8)
0x0000740fbd3fd0a8:   0000740f3a88fe94 0000000041070000
0x0000740fbd3fd0b8:   0000000000000018 0000740fbd75ea40
0x0000740fbd3fd0c8:   0000001800000007 00000000042a4c18
0x0000740fbd3fd0d8:   0000740f00000000 0000000000000000
0x0000740fbd3fd0e8:   0000740f30006a00 0000000041070000
0x0000740fbd3fd0f8:   0000000000000000 0000740f3bde41a0
0x0000740fbd3fd108:   0000740f3052bfe0 0000000000004083
0x0000740fbd3fd118:   10c0000000000000 0604020000000006
0x0000740fbd3fd128:   0000000000000000 0000000041070000
0x0000740fbd3fd138:   0000000000000024 0000000000000004
0x0000740fbd3fd148:   0000740f30006a00 0000000000000000
0x0000740fbd3fd158:   0000740f3a892c93 0000000000000000
0x0000740fbd3fd168:   0000000000001405 0000740f00001405
0x0000740fbd3fd178:   0000740fec716a20 0000000000001405
0x0000740fbd3fd188:   0000000000000000 0000740f3052a838
0x0000740fbd3fd198:   0000000000000018 0000000000001405
0x0000740fbd3fd1a8:   0000000000000000 0000000041070000
0x0000740fbd3fd1b8:   0000000000000004 0000000000001405
0x0000740fbd3fd1c8:   0000000000000010 0000000000000024
0x0000740fbd3fd1d8:   0000740f3a4f53d6 0000000000000000
0x0000740fbd3fd1e8:   0000740f3a4f511e 00005a9d07bab780
0x0000740fbd3fd1f8:   00005a9dffffffff 00005a9d070a6a90
0x0000740fbd3fd208:   0000740fecded27c 0000740fbcbfe988
0x0000740fbd3fd218:   0000740fbc31e040 0000000041070000
0x0000740fbd3fd228:   0000000000000024 0000000000001405
0x0000740fbd3fd238:   0000740f3a4e2ff6 0000000000000000
0x0000740fbd3fd248:   0000000000000000 0000000000000000
0x0000740fbd3fd258:   0000000000000000 0000000000000000
0x0000740fbd3fd268:   0000000000000000 0000000000000000
0x0000740fbd3fd278:   0000000000000000 0000000000000000
0x0000740fbd3fd288:   00005a9d07c5ff00 00005a9d07c60420
0x0000740fbd3fd298:   00005a9d05df7f20 00005a9d05df8440 

Instructions: (pc=0x0000740f3a7b1210)
0x0000740f3a7b1110:   48 89 47 08 48 89 70 20 48 8b 56 10 83 e2 01 48
0x0000740f3a7b1120:   09 d0 48 89 46 10 c3 66 0f 1f 84 00 00 00 00 00
0x0000740f3a7b1130:   48 89 42 20 eb de 66 2e 0f 1f 84 00 00 00 00 00
0x0000740f3a7b1140:   83 e9 01 48 89 f8 48 63 d2 48 8d 4c 8f 04 66 90
0x0000740f3a7b1150:   f3 0f 10 06 48 83 c0 04 48 01 d6 f3 0f 11 40 fc
0x0000740f3a7b1160:   48 39 c8 75 eb c3 66 2e 0f 1f 84 00 00 00 00 00
0x0000740f3a7b1170:   83 e9 01 48 89 f8 48 63 d2 48 8d 4c cf 08 66 90
0x0000740f3a7b1180:   f3 0f 10 06 48 83 c0 08 f3 0f 11 40 f8 f3 0f 10
0x0000740f3a7b1190:   46 04 48 01 d6 f3 0f 11 40 fc 48 39 c8 75 e1 c3
0x0000740f3a7b11a0:   83 e9 01 48 89 f8 48 63 d2 48 8d 4c 49 03 48 8d
0x0000740f3a7b11b0:   0c 8f 66 0f 1f 44 00 00 f3 0f 10 06 48 83 c0 0c
0x0000740f3a7b11c0:   f3 0f 11 40 f4 f3 0f 10 46 04 f3 0f 11 40 f8 f3
0x0000740f3a7b11d0:   0f 10 46 08 48 01 d6 f3 0f 11 40 fc 48 39 c8 75
0x0000740f3a7b11e0:   d7 c3 66 2e 0f 1f 84 00 00 00 00 00 0f 1f 40 00
0x0000740f3a7b11f0:   41 89 c8 48 63 ca 48 89 f8 41 8d 50 ff 48 83 c2
0x0000740f3a7b1200:   01 48 c1 e2 04 48 01 fa 0f 1f 84 00 00 00 00 00
0x0000740f3a7b1210:   f3 0f 10 06 48 83 c0 10 f3 0f 11 40 f0 f3 0f 10
0x0000740f3a7b1220:   46 04 f3 0f 11 40 f4 f3 0f 10 46 08 f3 0f 11 40
0x0000740f3a7b1230:   f8 f3 0f 10 46 0c 48 01 ce f3 0f 11 40 fc 48 39
0x0000740f3a7b1240:   d0 75 cd c3 66 2e 0f 1f 84 00 00 00 00 00 66 90
0x0000740f3a7b1250:   83 e9 01 48 89 f8 48 63 d2 48 8d 4c 8f 04 66 90
0x0000740f3a7b1260:   66 0f ef c0 48 83 c0 04 f2 0f 5a 06 48 01 d6 f3
0x0000740f3a7b1270:   0f 11 40 fc 48 39 c8 75 e7 c3 66 0f 1f 44 00 00
0x0000740f3a7b1280:   83 e9 01 48 89 f8 48 63 d2 48 8d 4c cf 08 66 90
0x0000740f3a7b1290:   66 0f ef c0 48 83 c0 08 f2 0f 5a 06 f3 0f 11 40
0x0000740f3a7b12a0:   f8 66 0f ef c0 f2 0f 5a 46 08 48 01 d6 f3 0f 11
0x0000740f3a7b12b0:   40 fc 48 39 c8 75 d9 c3 0f 1f 84 00 00 00 00 00
0x0000740f3a7b12c0:   83 e9 01 48 89 f8 48 63 d2 48 8d 4c 49 03 48 8d
0x0000740f3a7b12d0:   0c 8f 66 0f 1f 44 00 00 66 0f ef c0 48 83 c0 0c
0x0000740f3a7b12e0:   f2 0f 5a 06 f3 0f 11 40 f4 66 0f ef c0 f2 0f 5a
0x0000740f3a7b12f0:   46 08 f3 0f 11 40 f8 66 0f ef c0 f2 0f 5a 46 10
0x0000740f3a7b1300:   48 01 d6 f3 0f 11 40 fc 48 39 c8 75 cb c3 66 90 



---------------  P R O C E S S  ---------------

VM state: not at safepoint (normal execution)

VM Mutex/Monitor currently owned by a thread: None

Heap address: 0x0000000689400000, size: 5996 MB, Compressed Oops mode: Zero based, Oop shift amount: 3

CDS archive(s) mapped at: [0x0000740f6e000000-0x0000740f6ec74000-0x0000740f6ec74000), size 13058048, SharedBaseAddress: 0x0000740f6e000000, ArchiveRelocationMode: 1.
Compressed class space mapped at: 0x0000740f6f000000-0x0000740faf000000, reserved size: 1073741824
Narrow klass base: 0x0000740f6e000000, Narrow klass shift: 0, Narrow klass range: 0x100000000

GC Precious Log:
<Skipped>

Heap:
 garbage-first heap   total reserved 6139904K, committed 389120K, used 39617K [0x0000000689400000, 0x0000000800000000)
  region size 4096K, 10 young (40960K), 1 survivors (4096K)
 Metaspace       used 9871K, committed 10048K, reserved 1114112K
  class space    used 571K, committed 640K, reserved 1048576K

Heap Regions: E=young(eden), S=young(survivor), O=old, HS=humongous(starts), HC=humongous(continues), CS=collection set, F=free, TAMS=top-at-mark-start, PB=parsable bottom
|   0|0x0000000689400000, 0x00000006896707e0, 0x0000000689800000| 60%| O|  |TAMS 0x0000000689400000| PB 0x0000000689400000| Untracked |  0
|   1|0x0000000689800000, 0x0000000689800000, 0x0000000689c00000|  0%| F|  |TAMS 0x0000000689800000| PB 0x0000000689800000| Untracked |  0
|   2|0x0000000689c00000, 0x0000000689c00000, 0x000000068a000000|  0%| F|  |TAMS 0x0000000689c00000| PB 0x0000000689c00000| Untracked |  0
|   3|0x000000068a000000, 0x000000068a000000, 0x000000068a400000|  0%| F|  |TAMS 0x000000068a000000| PB 0x000000068a000000| Untracked |  0
|   4|0x000000068a400000, 0x000000068a400000, 0x000000068a800000|  0%| F|  |TAMS 0x000000068a400000| PB 0x000000068a400000| Untracked |  0
|   5|0x000000068a800000, 0x000000068a800000, 0x000000068ac00000|  0%| F|  |TAMS 0x000000068a800000| PB 0x000000068a800000| Untracked |  0
|   6|0x000000068ac00000, 0x000000068ac00000, 0x000000068b000000|  0%| F|  |TAMS 0x000000068ac00000| PB 0x000000068ac00000| Untracked |  0
|   7|0x000000068b000000, 0x000000068b000000, 0x000000068b400000|  0%| F|  |TAMS 0x000000068b000000| PB 0x000000068b000000| Untracked |  0
|   8|0x000000068b400000, 0x000000068b400000, 0x000000068b800000|  0%| F|  |TAMS 0x000000068b400000| PB 0x000000068b400000| Untracked |  0
|   9|0x000000068b800000, 0x000000068b800000, 0x000000068bc00000|  0%| F|  |TAMS 0x000000068b800000| PB 0x000000068b800000| Untracked |  0
|  10|0x000000068bc00000, 0x000000068bc00000, 0x000000068c000000|  0%| F|  |TAMS 0x000000068bc00000| PB 0x000000068bc00000| Untracked |  0
|  11|0x000000068c000000, 0x000000068c000000, 0x000000068c400000|  0%| F|  |TAMS 0x000000068c000000| PB 0x000000068c000000| Untracked |  0
|  12|0x000000068c400000, 0x000000068c400000, 0x000000068c800000|  0%| F|  |TAMS 0x000000068c400000| PB 0x000000068c400000| Untracked |  0
|  13|0x000000068c800000, 0x000000068c800000, 0x000000068cc00000|  0%| F|  |TAMS 0x000000068c800000| PB 0x000000068c800000| Untracked |  0
|  14|0x000000068cc00000, 0x000000068cc00000, 0x000000068d000000|  0%| F|  |TAMS 0x000000068cc00000| PB 0x000000068cc00000| Untracked |  0
|  15|0x000000068d000000, 0x000000068d000000, 0x000000068d400000|  0%| F|  |TAMS 0x000000068d000000| PB 0x000000068d000000| Untracked |  0
|  16|0x000000068d400000, 0x000000068d400000, 0x000000068d800000|  0%| F|  |TAMS 0x000000068d400000| PB 0x000000068d400000| Untracked |  0
|  17|0x000000068d800000, 0x000000068d800000, 0x000000068dc00000|  0%| F|  |TAMS 0x000000068d800000| PB 0x000000068d800000| Untracked |  0
|  18|0x000000068dc00000, 0x000000068dc00000, 0x000000068e000000|  0%| F|  |TAMS 0x000000068dc00000| PB 0x000000068dc00000| Untracked |  0
|  19|0x000000068e000000, 0x000000068e000000, 0x000000068e400000|  0%| F|  |TAMS 0x000000068e000000| PB 0x000000068e000000| Untracked |  0
|  20|0x000000068e400000, 0x000000068e400000, 0x000000068e800000|  0%| F|  |TAMS 0x000000068e400000| PB 0x000000068e400000| Untracked |  0
|  21|0x000000068e800000, 0x000000068e800000, 0x000000068ec00000|  0%| F|  |TAMS 0x000000068e800000| PB 0x000000068e800000| Untracked |  0
|  22|0x000000068ec00000, 0x000000068ec00000, 0x000000068f000000|  0%| F|  |TAMS 0x000000068ec00000| PB 0x000000068ec00000| Untracked |  0
|  23|0x000000068f000000, 0x000000068f000000, 0x000000068f400000|  0%| F|  |TAMS 0x000000068f000000| PB 0x000000068f000000| Untracked |  0
|  24|0x000000068f400000, 0x000000068f400000, 0x000000068f800000|  0%| F|  |TAMS 0x000000068f400000| PB 0x000000068f400000| Untracked |  0
|  25|0x000000068f800000, 0x000000068f800000, 0x000000068fc00000|  0%| F|  |TAMS 0x000000068f800000| PB 0x000000068f800000| Untracked |  0
|  26|0x000000068fc00000, 0x000000068fc00000, 0x0000000690000000|  0%| F|  |TAMS 0x000000068fc00000| PB 0x000000068fc00000| Untracked |  0
|  27|0x0000000690000000, 0x0000000690000000, 0x0000000690400000|  0%| F|  |TAMS 0x0000000690000000| PB 0x0000000690000000| Untracked |  0
|  28|0x0000000690400000, 0x0000000690400000, 0x0000000690800000|  0%| F|  |TAMS 0x0000000690400000| PB 0x0000000690400000| Untracked |  0
|  29|0x0000000690800000, 0x0000000690800000, 0x0000000690c00000|  0%| F|  |TAMS 0x0000000690800000| PB 0x0000000690800000| Untracked |  0
|  30|0x0000000690c00000, 0x0000000690c00000, 0x0000000691000000|  0%| F|  |TAMS 0x0000000690c00000| PB 0x0000000690c00000| Untracked |  0
|  31|0x0000000691000000, 0x0000000691000000, 0x0000000691400000|  0%| F|  |TAMS 0x0000000691000000| PB 0x0000000691000000| Untracked |  0
|  32|0x0000000691400000, 0x0000000691400000, 0x0000000691800000|  0%| F|  |TAMS 0x0000000691400000| PB 0x0000000691400000| Untracked |  0
|  33|0x0000000691800000, 0x0000000691800000, 0x0000000691c00000|  0%| F|  |TAMS 0x0000000691800000| PB 0x0000000691800000| Untracked |  0
|  34|0x0000000691c00000, 0x0000000691c00000, 0x0000000692000000|  0%| F|  |TAMS 0x0000000691c00000| PB 0x0000000691c00000| Untracked |  0
|  35|0x0000000692000000, 0x0000000692000000, 0x0000000692400000|  0%| F|  |TAMS 0x0000000692000000| PB 0x0000000692000000| Untracked |  0
|  36|0x0000000692400000, 0x0000000692400000, 0x0000000692800000|  0%| F|  |TAMS 0x0000000692400000| PB 0x0000000692400000| Untracked |  0
|  37|0x0000000692800000, 0x0000000692800000, 0x0000000692c00000|  0%| F|  |TAMS 0x0000000692800000| PB 0x0000000692800000| Untracked |  0
|  38|0x0000000692c00000, 0x0000000692d375d0, 0x0000000693000000| 30%| S|CS|TAMS 0x0000000692c00000| PB 0x0000000692c00000| Complete |  0
|  39|0x0000000693000000, 0x0000000693000000, 0x0000000693400000|  0%| F|  |TAMS 0x0000000693000000| PB 0x0000000693000000| Untracked |  0
|  40|0x0000000693400000, 0x0000000693400000, 0x0000000693800000|  0%| F|  |TAMS 0x0000000693400000| PB 0x0000000693400000| Untracked |  0
|  41|0x0000000693800000, 0x0000000693800000, 0x0000000693c00000|  0%| F|  |TAMS 0x0000000693800000| PB 0x0000000693800000| Untracked |  0
|  42|0x0000000693c00000, 0x0000000693c00000, 0x0000000694000000|  0%| F|  |TAMS 0x0000000693c00000| PB 0x0000000693c00000| Untracked |  0
|  43|0x0000000694000000, 0x0000000694000000, 0x0000000694400000|  0%| F|  |TAMS 0x0000000694000000| PB 0x0000000694000000| Untracked |  0
|  44|0x0000000694400000, 0x0000000694400000, 0x0000000694800000|  0%| F|  |TAMS 0x0000000694400000| PB 0x0000000694400000| Untracked |  0
|  45|0x0000000694800000, 0x0000000694800000, 0x0000000694c00000|  0%| F|  |TAMS 0x0000000694800000| PB 0x0000000694800000| Untracked |  0
|  46|0x0000000694c00000, 0x0000000694c00000, 0x0000000695000000|  0%| F|  |TAMS 0x0000000694c00000| PB 0x0000000694c00000| Untracked |  0
|  47|0x0000000695000000, 0x0000000695000000, 0x0000000695400000|  0%| F|  |TAMS 0x0000000695000000| PB 0x0000000695000000| Untracked |  0
|  48|0x0000000695400000, 0x0000000695400000, 0x0000000695800000|  0%| F|  |TAMS 0x0000000695400000| PB 0x0000000695400000| Untracked |  0
|  49|0x0000000695800000, 0x0000000695800000, 0x0000000695c00000|  0%| F|  |TAMS 0x0000000695800000| PB 0x0000000695800000| Untracked |  0
|  50|0x0000000695c00000, 0x0000000695c00000, 0x0000000696000000|  0%| F|  |TAMS 0x0000000695c00000| PB 0x0000000695c00000| Untracked |  0
|  51|0x0000000696000000, 0x0000000696000000, 0x0000000696400000|  0%| F|  |TAMS 0x0000000696000000| PB 0x0000000696000000| Untracked |  0
|  52|0x0000000696400000, 0x0000000696400000, 0x0000000696800000|  0%| F|  |TAMS 0x0000000696400000| PB 0x0000000696400000| Untracked |  0
|  53|0x0000000696800000, 0x0000000696800000, 0x0000000696c00000|  0%| F|  |TAMS 0x0000000696800000| PB 0x0000000696800000| Untracked |  0
|  54|0x0000000696c00000, 0x0000000696c00000, 0x0000000697000000|  0%| F|  |TAMS 0x0000000696c00000| PB 0x0000000696c00000| Untracked |  0
|  55|0x0000000697000000, 0x0000000697000000, 0x0000000697400000|  0%| F|  |TAMS 0x0000000697000000| PB 0x0000000697000000| Untracked |  0
|  56|0x0000000697400000, 0x0000000697400000, 0x0000000697800000|  0%| F|  |TAMS 0x0000000697400000| PB 0x0000000697400000| Untracked |  0
|  57|0x0000000697800000, 0x0000000697800000, 0x0000000697c00000|  0%| F|  |TAMS 0x0000000697800000| PB 0x0000000697800000| Untracked |  0
|  58|0x0000000697c00000, 0x0000000697c00000, 0x0000000698000000|  0%| F|  |TAMS 0x0000000697c00000| PB 0x0000000697c00000| Untracked |  0
|  59|0x0000000698000000, 0x0000000698000000, 0x0000000698400000|  0%| F|  |TAMS 0x0000000698000000| PB 0x0000000698000000| Untracked |  0
|  60|0x0000000698400000, 0x0000000698400000, 0x0000000698800000|  0%| F|  |TAMS 0x0000000698400000| PB 0x0000000698400000| Untracked |  0
|  61|0x0000000698800000, 0x0000000698800000, 0x0000000698c00000|  0%| F|  |TAMS 0x0000000698800000| PB 0x0000000698800000| Untracked |  0
|  62|0x0000000698c00000, 0x0000000698c00000, 0x0000000699000000|  0%| F|  |TAMS 0x0000000698c00000| PB 0x0000000698c00000| Untracked |  0
|  63|0x0000000699000000, 0x0000000699000000, 0x0000000699400000|  0%| F|  |TAMS 0x0000000699000000| PB 0x0000000699000000| Untracked |  0
|  64|0x0000000699400000, 0x0000000699400000, 0x0000000699800000|  0%| F|  |TAMS 0x0000000699400000| PB 0x0000000699400000| Untracked |  0
|  65|0x0000000699800000, 0x0000000699800000, 0x0000000699c00000|  0%| F|  |TAMS 0x0000000699800000| PB 0x0000000699800000| Untracked |  0
|  66|0x0000000699c00000, 0x0000000699c00000, 0x000000069a000000|  0%| F|  |TAMS 0x0000000699c00000| PB 0x0000000699c00000| Untracked |  0
|  67|0x000000069a000000, 0x000000069a000000, 0x000000069a400000|  0%| F|  |TAMS 0x000000069a000000| PB 0x000000069a000000| Untracked |  0
|  68|0x000000069a400000, 0x000000069a400000, 0x000000069a800000|  0%| F|  |TAMS 0x000000069a400000| PB 0x000000069a400000| Untracked |  0
|  69|0x000000069a800000, 0x000000069a800000, 0x000000069ac00000|  0%| F|  |TAMS 0x000000069a800000| PB 0x000000069a800000| Untracked |  0
|  70|0x000000069ac00000, 0x000000069ac00000, 0x000000069b000000|  0%| F|  |TAMS 0x000000069ac00000| PB 0x000000069ac00000| Untracked |  0
|  71|0x000000069b000000, 0x000000069b000000, 0x000000069b400000|  0%| F|  |TAMS 0x000000069b000000| PB 0x000000069b000000| Untracked |  0
|  72|0x000000069b400000, 0x000000069b400000, 0x000000069b800000|  0%| F|  |TAMS 0x000000069b400000| PB 0x000000069b400000| Untracked |  0
|  73|0x000000069b800000, 0x000000069b800000, 0x000000069bc00000|  0%| F|  |TAMS 0x000000069b800000| PB 0x000000069b800000| Untracked |  0
|  74|0x000000069bc00000, 0x000000069bc00000, 0x000000069c000000|  0%| F|  |TAMS 0x000000069bc00000| PB 0x000000069bc00000| Untracked |  0
|  75|0x000000069c000000, 0x000000069c000000, 0x000000069c400000|  0%| F|  |TAMS 0x000000069c000000| PB 0x000000069c000000| Untracked |  0
|  76|0x000000069c400000, 0x000000069c400000, 0x000000069c800000|  0%| F|  |TAMS 0x000000069c400000| PB 0x000000069c400000| Untracked |  0
|  77|0x000000069c800000, 0x000000069c800000, 0x000000069cc00000|  0%| F|  |TAMS 0x000000069c800000| PB 0x000000069c800000| Untracked |  0
|  78|0x000000069cc00000, 0x000000069cc00000, 0x000000069d000000|  0%| F|  |TAMS 0x000000069cc00000| PB 0x000000069cc00000| Untracked |  0
|  79|0x000000069d000000, 0x000000069d000000, 0x000000069d400000|  0%| F|  |TAMS 0x000000069d000000| PB 0x000000069d000000| Untracked |  0
|  80|0x000000069d400000, 0x000000069d400000, 0x000000069d800000|  0%| F|  |TAMS 0x000000069d400000| PB 0x000000069d400000| Untracked |  0
|  81|0x000000069d800000, 0x000000069d800000, 0x000000069dc00000|  0%| F|  |TAMS 0x000000069d800000| PB 0x000000069d800000| Untracked |  0
|  82|0x000000069dc00000, 0x000000069dc00000, 0x000000069e000000|  0%| F|  |TAMS 0x000000069dc00000| PB 0x000000069dc00000| Untracked |  0
|  83|0x000000069e000000, 0x000000069e000000, 0x000000069e400000|  0%| F|  |TAMS 0x000000069e000000| PB 0x000000069e000000| Untracked |  0
|  84|0x000000069e400000, 0x000000069e400000, 0x000000069e800000|  0%| F|  |TAMS 0x000000069e400000| PB 0x000000069e400000| Untracked |  0
|  85|0x000000069e800000, 0x000000069ea00000, 0x000000069ec00000| 50%| E|  |TAMS 0x000000069e800000| PB 0x000000069e800000| Complete |  0
|  86|0x000000069ec00000, 0x000000069f000000, 0x000000069f000000|100%| E|CS|TAMS 0x000000069ec00000| PB 0x000000069ec00000| Complete |  0
|  87|0x000000069f000000, 0x000000069f400000, 0x000000069f400000|100%| E|CS|TAMS 0x000000069f000000| PB 0x000000069f000000| Complete |  0
|  88|0x000000069f400000, 0x000000069f800000, 0x000000069f800000|100%| E|CS|TAMS 0x000000069f400000| PB 0x000000069f400000| Complete |  0
|  89|0x000000069f800000, 0x000000069fc00000, 0x000000069fc00000|100%| E|CS|TAMS 0x000000069f800000| PB 0x000000069f800000| Complete |  0
|  90|0x000000069fc00000, 0x00000006a0000000, 0x00000006a0000000|100%| E|CS|TAMS 0x000000069fc00000| PB 0x000000069fc00000| Complete |  0
|  91|0x00000006a0000000, 0x00000006a0400000, 0x00000006a0400000|100%| E|CS|TAMS 0x00000006a0000000| PB 0x00000006a0000000| Complete |  0
|  92|0x00000006a0400000, 0x00000006a0800000, 0x00000006a0800000|100%| E|CS|TAMS 0x00000006a0400000| PB 0x00000006a0400000| Complete |  0
|  93|0x00000006a0800000, 0x00000006a0c00000, 0x00000006a0c00000|100%| E|CS|TAMS 0x00000006a0800000| PB 0x00000006a0800000| Complete |  0
|1498|0x00000007ffc00000, 0x00000007ffd086a8, 0x0000000800000000| 25%| O|  |TAMS 0x00000007ffc00000| PB 0x00000007ffc00000| Untracked |  0

Card table byte_map: [0x0000740fd3494000,0x0000740fd404a000] _byte_map_base: 0x0000740fd004a000

Marking Bits: (CMBitMap*) 0x0000740fec0b0050
 Bits: [0x0000740fcd6e4000, 0x0000740fd3494000)

Polling page: 0x0000740ff2843000

Metaspace:

Usage:
  Non-class:      9,08 MB used.
      Class:    571,77 KB used.
       Both:      9,64 MB used.

Virtual space:
  Non-class space:       64,00 MB reserved,       9,19 MB ( 14%) committed,  1 nodes.
      Class space:        1,00 GB reserved,     640,00 KB ( <1%) committed,  1 nodes.
             Both:        1,06 GB reserved,       9,81 MB ( <1%) committed. 

Chunk freelists:
   Non-Class:  5,95 MB
       Class:  15,38 MB
        Both:  21,33 MB

MaxMetaspaceSize: unlimited
CompressedClassSpaceSize: 1,00 GB
Initial GC threshold: 21,00 MB
Current GC threshold: 21,00 MB
CDS: on
 - commit_granule_bytes: 65536.
 - commit_granule_words: 8192.
 - virtual_space_node_default_size: 8388608.
 - enlarge_chunks_in_place: 1.
 - use_allocation_guard: 0.


Internal statistics:

num_allocs_failed_limit: 0.
num_arena_births: 154.
num_arena_deaths: 0.
num_vsnodes_births: 2.
num_vsnodes_deaths: 0.
num_space_committed: 156.
num_space_uncommitted: 0.
num_chunks_returned_to_freelist: 0.
num_chunks_taken_from_freelist: 427.
num_chunk_merges: 0.
num_chunk_splits: 306.
num_chunks_enlarged: 227.
num_inconsistent_stats: 0.

CodeHeap 'non-profiled nmethods': size=120032Kb used=623Kb max_used=623Kb free=119408Kb
 bounds [0x0000740fdc6c8000, 0x0000740fdc938000, 0x0000740fe3c00000]
CodeHeap 'profiled nmethods': size=120028Kb used=3459Kb max_used=3459Kb free=116568Kb
 bounds [0x0000740fd4c00000, 0x0000740fd4f70000, 0x0000740fdc137000]
CodeHeap 'non-nmethods': size=5700Kb used=2240Kb max_used=2283Kb free=3459Kb
 bounds [0x0000740fdc137000, 0x0000740fdc3a7000, 0x0000740fdc6c8000]
 total_blobs=3117 nmethods=1884 adapters=1139
 compilation: enabled
              stopped_count=0, restarted_count=0
 full_count=0

Compilation events (20 events):
Event: 2,333 Thread 0x0000740fec166760 nmethod 1871 0x0000740fd4f5c310 code [0x0000740fd4f5c520, 0x0000740fd4f5cdd0]
Event: 2,333 Thread 0x0000740fec166760 1872       3       net.minecraftrecreation.render.scene.Scene::addEntity (57 bytes)
Event: 2,333 Thread 0x0000740fec166760 nmethod 1872 0x0000740fd4f5d090 code [0x0000740fd4f5d2a0, 0x0000740fd4f5d850]
Event: 2,333 Thread 0x0000740fec166760 1876       3       org.lwjgl.assimp.AIScene::create (20 bytes)
Event: 2,334 Thread 0x0000740fec166760 nmethod 1876 0x0000740fd4f5da90 code [0x0000740fd4f5dc40, 0x0000740fd4f5df60]
Event: 2,391 Thread 0x0000740fec165050 1877       4       java.util.ArrayList::grow (60 bytes)
Event: 2,396 Thread 0x0000740fec165050 nmethod 1877 0x0000740fdc761610 code [0x0000740fdc7617c0, 0x0000740fdc761e88]
Event: 2,420 Thread 0x0000740fec165050 1878       4       java.util.ArrayList::iterator (9 bytes)
Event: 2,421 Thread 0x0000740fec165050 nmethod 1878 0x0000740fdc762090 code [0x0000740fdc762200, 0x0000740fdc762308]
Event: 2,515 Thread 0x0000740fec165050 1879       4       org.lwjgl.system.MemoryUtil::memASCII (11 bytes)
Event: 2,520 Thread 0x0000740fec165050 nmethod 1879 0x0000740fdc762390 code [0x0000740fdc762520, 0x0000740fdc7627b8]
Event: 2,520 Thread 0x0000740fec165050 1880       4       org.lwjgl.system.StructBuffer::get (21 bytes)
Event: 2,521 Thread 0x0000740fec165050 nmethod 1880 0x0000740fdc762a10 code [0x0000740fdc762ba0, 0x0000740fdc762d38]
Event: 2,538 Thread 0x0000740fec165050 1881       4       java.lang.ref.Reference::<init> (25 bytes)
Event: 2,540 Thread 0x0000740fec165050 nmethod 1881 0x0000740fdc762e90 code [0x0000740fdc763000, 0x0000740fdc7632a0]
Event: 2,629 Thread 0x0000740fec165050 1882       4       org.lwjgl.system.MemoryStack::ncalloc (25 bytes)
Event: 2,629 Thread 0x0000740fec166760 1883       3       java.lang.ref.ReferenceQueue::poll0 (65 bytes)
Event: 2,629 Thread 0x0000740fec166760 nmethod 1883 0x0000740fd4f5e110 code [0x0000740fd4f5e2e0, 0x0000740fd4f5e7d0]
Event: 2,629 Thread 0x0000740fec166760 1884       3       java.lang.Class::descriptorString (170 bytes)
Event: 2,630 Thread 0x0000740fec166760 nmethod 1884 0x0000740fd4f5e910 code [0x0000740fd4f5ed80, 0x0000740fd4f604b8]

GC Heap History (10 events):
Event: 0,859 GC heap before
{Heap before GC invocations=0 (full 0):
 garbage-first heap   total reserved 6139904K, committed 389120K, used 13345K [0x0000000689400000, 0x0000000800000000)
  region size 4096K, 4 young (16384K), 0 survivors (0K)
 Metaspace       used 7765K, committed 7936K, reserved 1114112K
  class space    used 442K, committed 512K, reserved 1048576K
}
Event: 0,862 GC heap after
{Heap after GC invocations=1 (full 0):
 garbage-first heap   total reserved 6139904K, committed 389120K, used 3641K [0x0000000689400000, 0x0000000800000000)
  region size 4096K, 1 young (4096K), 1 survivors (4096K)
 Metaspace       used 7765K, committed 7936K, reserved 1114112K
  class space    used 442K, committed 512K, reserved 1048576K
}
Event: 1,474 GC heap before
{Heap before GC invocations=1 (full 0):
 garbage-first heap   total reserved 6139904K, committed 389120K, used 20025K [0x0000000689400000, 0x0000000800000000)
  region size 4096K, 5 young (20480K), 1 survivors (4096K)
 Metaspace       used 9702K, committed 9920K, reserved 1114112K
  class space    used 569K, committed 640K, reserved 1048576K
}
Event: 1,479 GC heap after
{Heap after GC invocations=2 (full 0):
 garbage-first heap   total reserved 6139904K, committed 389120K, used 4673K [0x0000000689400000, 0x0000000800000000)
  region size 4096K, 1 young (4096K), 1 survivors (4096K)
 Metaspace       used 9702K, committed 9920K, reserved 1114112K
  class space    used 569K, committed 640K, reserved 1048576K
}
Event: 1,683 GC heap before
{Heap before GC invocations=2 (full 0):
 garbage-first heap   total reserved 6139904K, committed 389120K, used 45633K [0x0000000689400000, 0x0000000800000000)
  region size 4096K, 11 young (45056K), 1 survivors (4096K)
 Metaspace       used 9743K, committed 9920K, reserved 1114112K
  class space    used 569K, committed 640K, reserved 1048576K
}
Event: 1,686 GC heap after
{Heap after GC invocations=3 (full 0):
 garbage-first heap   total reserved 6139904K, committed 389120K, used 4738K [0x0000000689400000, 0x0000000800000000)
  region size 4096K, 1 young (4096K), 1 survivors (4096K)
 Metaspace       used 9743K, committed 9920K, reserved 1114112K
  class space    used 569K, committed 640K, reserved 1048576K
}
Event: 2,247 GC heap before
{Heap before GC invocations=3 (full 0):
 garbage-first heap   total reserved 6139904K, committed 389120K, used 230018K [0x0000000689400000, 0x0000000800000000)
  region size 4096K, 56 young (229376K), 1 survivors (4096K)
 Metaspace       used 9830K, committed 10048K, reserved 1114112K
  class space    used 569K, committed 640K, reserved 1048576K
}
Event: 2,249 GC heap after
{Heap after GC invocations=4 (full 0):
 garbage-first heap   total reserved 6139904K, committed 389120K, used 4773K [0x0000000689400000, 0x0000000800000000)
  region size 4096K, 1 young (4096K), 1 survivors (4096K)
 Metaspace       used 9830K, committed 10048K, reserved 1114112K
  class space    used 569K, committed 640K, reserved 1048576K
}
Event: 2,583 GC heap before
{Heap before GC invocations=4 (full 0):
 garbage-first heap   total reserved 6139904K, committed 389120K, used 230053K [0x0000000689400000, 0x0000000800000000)
  region size 4096K, 56 young (229376K), 1 survivors (4096K)
 Metaspace       used 9857K, committed 10048K, reserved 1114112K
  class space    used 569K, committed 640K, reserved 1048576K
}
Event: 2,585 GC heap after
{Heap after GC invocations=5 (full 0):
 garbage-first heap   total reserved 6139904K, committed 389120K, used 4801K [0x0000000689400000, 0x0000000800000000)
  region size 4096K, 1 young (4096K), 1 survivors (4096K)
 Metaspace       used 9857K, committed 10048K, reserved 1114112K
  class space    used 569K, committed 640K, reserved 1048576K
}

Dll operation events (14 events):
Event: 0,002 Loaded shared library /home/denis0001/.jdks/openjdk-22/lib/libjava.so
Event: 0,028 Loaded shared library /home/denis0001/.jdks/openjdk-22/lib/libjsvml.so
Event: 0,078 Loaded shared library /home/denis0001/.jdks/openjdk-22/lib/libzip.so
Event: 0,080 Loaded shared library /home/denis0001/.jdks/openjdk-22/lib/libinstrument.so
Event: 0,082 Loaded shared library /home/denis0001/.jdks/openjdk-22/lib/libnio.so
Event: 0,086 Loaded shared library /home/denis0001/.jdks/openjdk-22/lib/libzip.so
Event: 0,109 Loaded shared library /home/denis0001/.jdks/openjdk-22/lib/libnet.so
Event: 0,114 Loaded shared library /home/denis0001/.jdks/openjdk-22/lib/libextnet.so
Event: 0,156 Loaded shared library /home/denis0001/.jdks/openjdk-22/lib/libjimage.so
Event: 0,173 Loaded shared library /tmp/lwjgldenis0001/3.1.1-build-16/liblwjgl.so
Event: 0,380 Loaded shared library /home/denis0001/.jdks/openjdk-22/lib/libverify.so
Event: 0,390 Loaded shared library /tmp/lwjgldenis0001/3.1.1-build-16/liblwjgl_opengl.so
Event: 0,796 Loaded shared library /tmp/imgui-java-natives/1.86.11/libimgui-java64.so
Event: 0,885 Loaded shared library /tmp/lwjgldenis0001/3.1.1-build-16/liblwjgl_stb.so

Deoptimization events (20 events):
Event: 1,552 Thread 0x0000740fec02b190 Uncommon trap: trap_request=0xffffff66 fr.pc=0x0000740fdc750694 relative=0x00000000000001f4
Event: 1,552 Thread 0x0000740fec02b190 Uncommon trap: reason=speculate_class_check action=maybe_recompile pc=0x0000740fdc750694 method=org.lwjgl.system.MemoryAccess$MemoryAccessorUnsafe.setup(Ljava/lang/Class;JI)Ljava/nio/Buffer; @ 53 c2
Event: 1,552 Thread 0x0000740fec02b190 DEOPT PACKING pc=0x0000740fdc750694 sp=0x0000740ff23fe210
Event: 1,552 Thread 0x0000740fec02b190 DEOPT UNPACKING pc=0x0000740fdc18af99 sp=0x0000740ff23fe1a0 mode 2
Event: 1,552 Thread 0x0000740fec02b190 Uncommon trap: trap_request=0xffffff66 fr.pc=0x0000740fdc750694 relative=0x00000000000001f4
Event: 1,552 Thread 0x0000740fec02b190 Uncommon trap: reason=speculate_class_check action=maybe_recompile pc=0x0000740fdc750694 method=org.lwjgl.system.MemoryAccess$MemoryAccessorUnsafe.setup(Ljava/lang/Class;JI)Ljava/nio/Buffer; @ 53 c2
Event: 1,552 Thread 0x0000740fec02b190 DEOPT PACKING pc=0x0000740fdc750694 sp=0x0000740ff23fe210
Event: 1,552 Thread 0x0000740fec02b190 DEOPT UNPACKING pc=0x0000740fdc18af99 sp=0x0000740ff23fe1a0 mode 2
Event: 1,552 Thread 0x0000740fec02b190 Uncommon trap: trap_request=0xffffff66 fr.pc=0x0000740fdc750694 relative=0x00000000000001f4
Event: 1,552 Thread 0x0000740fec02b190 Uncommon trap: reason=speculate_class_check action=maybe_recompile pc=0x0000740fdc750694 method=org.lwjgl.system.MemoryAccess$MemoryAccessorUnsafe.setup(Ljava/lang/Class;JI)Ljava/nio/Buffer; @ 53 c2
Event: 1,552 Thread 0x0000740fec02b190 DEOPT PACKING pc=0x0000740fdc750694 sp=0x0000740ff23fe210
Event: 1,552 Thread 0x0000740fec02b190 DEOPT UNPACKING pc=0x0000740fdc18af99 sp=0x0000740ff23fe1a0 mode 2
Event: 1,796 Thread 0x0000740fec02b190 DEOPT PACKING pc=0x0000740fd4eeadf1 sp=0x0000740ff23fe440
Event: 1,796 Thread 0x0000740fec02b190 DEOPT UNPACKING pc=0x0000740fdc18b72f sp=0x0000740ff23fd9c8 mode 0
Event: 1,821 Thread 0x0000740fec02b190 DEOPT PACKING pc=0x0000740fd4eeadf1 sp=0x0000740ff23fe440
Event: 1,821 Thread 0x0000740fec02b190 DEOPT UNPACKING pc=0x0000740fdc18b72f sp=0x0000740ff23fd9c8 mode 0
Event: 2,629 Thread 0x0000740fec02b190 Uncommon trap: trap_request=0xffffff45 fr.pc=0x0000740fdc70993c relative=0x000000000000009c
Event: 2,629 Thread 0x0000740fec02b190 Uncommon trap: reason=unstable_if action=reinterpret pc=0x0000740fdc70993c method=java.lang.ref.ReferenceQueue.headIsNull()Z @ 4 c2
Event: 2,629 Thread 0x0000740fec02b190 DEOPT PACKING pc=0x0000740fdc70993c sp=0x0000740ff23fde00
Event: 2,629 Thread 0x0000740fec02b190 DEOPT UNPACKING pc=0x0000740fdc18af99 sp=0x0000740ff23fdce0 mode 2

Classes loaded (20 events):
Event: 1,144 Loading class java/io/ObjectStreamClass$3
Event: 1,144 Loading class java/io/ObjectStreamClass$3 done
Event: 1,144 Loading class java/io/ObjectStreamClass$4
Event: 1,145 Loading class java/io/ObjectStreamClass$4 done
Event: 1,145 Loading class java/io/ObjectStreamClass$5
Event: 1,145 Loading class java/io/ObjectStreamClass$5 done
Event: 1,149 Loading class java/lang/invoke/MethodHandle$1
Event: 1,149 Loading class java/lang/invoke/MethodHandle$1 done
Event: 1,248 Loading class java/util/stream/ReferencePipeline$4
Event: 1,248 Loading class java/util/stream/ReferencePipeline$4 done
Event: 1,248 Loading class java/util/stream/Nodes$IntFixedNodeBuilder
Event: 1,248 Loading class java/util/stream/Node$Builder$OfInt
Event: 1,248 Loading class java/util/stream/Node$Builder$OfInt done
Event: 1,248 Loading class java/util/stream/Nodes$IntArrayNode
Event: 1,249 Loading class java/util/stream/Nodes$IntArrayNode done
Event: 1,249 Loading class java/util/stream/Nodes$IntFixedNodeBuilder done
Event: 1,249 Loading class java/util/stream/ReferencePipeline$4$1
Event: 1,249 Loading class java/util/stream/ReferencePipeline$4$1 done
Event: 1,250 Loading class java/util/regex/Pattern$SliceS
Event: 1,250 Loading class java/util/regex/Pattern$SliceS done

Classes unloaded (0 events):
No events

Classes redefined (0 events):
No events

Internal exceptions (20 events):
Event: 0,105 Thread 0x0000740fec02b190 Exception <a 'java/lang/NoSuchMethodError'{0x00000006a0a555f8}: 'java.lang.Object java.lang.invoke.Invokers$Holder.invokeExact_MT(java.lang.Object, java.lang.Object, java.lang.Object, java.lang.Object, java.lang.Object)'> (0x00000006a0a555f8) 
thrown [open/src/hotspot/share/interpreter/linkResolver.cpp, line 773]
Event: 0,116 Thread 0x0000740fec305ed0 Exception <a 'java/lang/NoSuchMethodError'{0x00000006a0a97d30}: 'void java.lang.invoke.DirectMethodHandle$Holder.invokeStatic(java.lang.Object, java.lang.Object)'> (0x00000006a0a97d30) 
thrown [open/src/hotspot/share/interpreter/linkResolver.cpp, line 773]
Event: 0,363 Thread 0x0000740fec02b190 Exception <a 'java/lang/NoSuchMethodError'{0x00000006a05322b0}: 'void java.lang.invoke.DirectMethodHandle$Holder.invokeStatic(java.lang.Object, int, long)'> (0x00000006a05322b0) 
thrown [open/src/hotspot/share/interpreter/linkResolver.cpp, line 773]
Event: 0,402 Thread 0x0000740fec02b190 Exception <a 'sun/nio/fs/UnixException'{0x00000006a05a6538}> (0x00000006a05a6538) 
thrown [open/src/hotspot/share/prims/jni.cpp, line 520]
Event: 0,403 Thread 0x0000740fec02b190 Exception <a 'sun/nio/fs/UnixException'{0x00000006a05a6f68}> (0x00000006a05a6f68) 
thrown [open/src/hotspot/share/prims/jni.cpp, line 520]
Event: 0,403 Thread 0x0000740fec02b190 Exception <a 'sun/nio/fs/UnixException'{0x00000006a05a73c8}> (0x00000006a05a73c8) 
thrown [open/src/hotspot/share/prims/jni.cpp, line 520]
Event: 0,403 Thread 0x0000740fec02b190 Exception <a 'sun/nio/fs/UnixException'{0x00000006a05a7818}> (0x00000006a05a7818) 
thrown [open/src/hotspot/share/prims/jni.cpp, line 520]
Event: 0,403 Thread 0x0000740fec02b190 Exception <a 'sun/nio/fs/UnixException'{0x00000006a05a7c28}> (0x00000006a05a7c28) 
thrown [open/src/hotspot/share/prims/jni.cpp, line 520]
Event: 0,403 Thread 0x0000740fec02b190 Exception <a 'sun/nio/fs/UnixException'{0x00000006a05a8070}> (0x00000006a05a8070) 
thrown [open/src/hotspot/share/prims/jni.cpp, line 520]
Event: 0,678 Thread 0x0000740fec02b190 Exception <a 'java/lang/NoSuchMethodError'{0x00000006a0324ff0}: 'long java.lang.invoke.DelegatingMethodHandle$Holder.reinvoke_L(java.lang.Object, java.lang.Object)'> (0x00000006a0324ff0) 
thrown [open/src/hotspot/share/interpreter/linkResolver.cpp, line 773]
Event: 0,678 Thread 0x0000740fec02b190 Exception <a 'java/lang/NoSuchMethodError'{0x00000006a032b438}: 'long java.lang.invoke.Invokers$Holder.invokeExact_MT(java.lang.Object, java.lang.Object, java.lang.Object)'> (0x00000006a032b438) 
thrown [open/src/hotspot/share/interpreter/linkResolver.cpp, line 773]
Event: 0,747 Thread 0x0000740fec02b190 Exception <a 'java/lang/NoSuchMethodError'{0x000000069fd0e1f0}: 'java.lang.Object java.lang.invoke.DirectMethodHandle$Holder.invokeStatic(java.lang.Object, java.lang.Object, int)'> (0x000000069fd0e1f0) 
thrown [open/src/hotspot/share/interpreter/linkResolver.cpp, line 773]
Event: 0,751 Thread 0x0000740fec02b190 Exception <a 'java/lang/NoSuchMethodError'{0x000000069fd18ad8}: 'void java.lang.invoke.DirectMethodHandle$Holder.invokeSpecial(java.lang.Object, java.lang.Object, java.lang.Object)'> (0x000000069fd18ad8) 
thrown [open/src/hotspot/share/interpreter/linkResolver.cpp, line 773]
Event: 0,752 Thread 0x0000740fec02b190 Exception <a 'java/lang/NoSuchMethodError'{0x000000069fd1e6b8}: 'void java.lang.invoke.DirectMethodHandle$Holder.invokeStatic(java.lang.Object, int)'> (0x000000069fd1e6b8) 
thrown [open/src/hotspot/share/interpreter/linkResolver.cpp, line 773]
Event: 0,807 Thread 0x0000740fec02b190 Exception <a 'java/lang/NoSuchMethodError'{0x000000069fdecbf0}: 'void java.lang.invoke.DirectMethodHandle$Holder.invokeStatic(java.lang.Object, java.lang.Object, long, int)'> (0x000000069fdecbf0) 
thrown [open/src/hotspot/share/interpreter/linkResolver.cpp, line 773]
Event: 1,137 Thread 0x0000740fec02b190 Exception <a 'java/lang/NoSuchMethodError'{0x00000006a0ac4148}: 'long java.lang.invoke.DirectMethodHandle$Holder.invokeSpecial(java.lang.Object, java.lang.Object)'> (0x00000006a0ac4148) 
thrown [open/src/hotspot/share/interpreter/linkResolver.cpp, line 773]
Event: 1,137 Thread 0x0000740fec02b190 Exception <a 'java/lang/NoSuchMethodError'{0x00000006a0ac7570}: 'long java.lang.invoke.Invokers$Holder.invokeExact_MT(java.lang.Object, java.lang.Object)'> (0x00000006a0ac7570) 
thrown [open/src/hotspot/share/interpreter/linkResolver.cpp, line 773]
Event: 1,144 Thread 0x0000740f54000f50 Exception <a 'java/lang/NoSuchMethodError'{0x00000006a0b554f0}: 'java.lang.Object java.lang.invoke.Invokers$Holder.invokeExact_MT(java.lang.Object, java.lang.Object, java.lang.Object, java.lang.Object, java.lang.Object, java.lang.Object)'> (0x00000006a0b554f0) 
thrown [open/src/hotspot/share/interpreter/linkResolver.cpp, line 773]
Event: 1,144 Thread 0x0000740fec02b190 Exception <a 'java/lang/NoSuchMethodError'{0x00000006a0b22528}: static Lnet/minecraftrecreation/world/block/Stone;.<clinit>()V> (0x00000006a0b22528) 
thrown [open/src/hotspot/share/prims/jni.cpp, line 1111]
Event: 1,147 Thread 0x0000740fec02b190 Exception <a 'java/lang/NoSuchMethodError'{0x00000006a0b84910}: static Lnet/minecraftrecreation/world/block/GrassBlock;.<clinit>()V> (0x00000006a0b84910) 
thrown [open/src/hotspot/share/prims/jni.cpp, line 1111]

ZGC Phase Switch (0 events):
No events

VM Operations (20 events):
Event: 0,063 Executing VM operation: HandshakeAllThreads (Deoptimize)
Event: 0,063 Executing VM operation: HandshakeAllThreads (Deoptimize) done
Event: 0,161 Executing VM operation: HandshakeAllThreads (Deoptimize)
Event: 0,161 Executing VM operation: HandshakeAllThreads (Deoptimize) done
Event: 0,826 Executing VM operation: HandshakeAllThreads (Deoptimize)
Event: 0,826 Executing VM operation: HandshakeAllThreads (Deoptimize) done
Event: 0,859 Executing VM operation: G1CollectForAllocation (G1 Evacuation Pause)
Event: 0,862 Executing VM operation: G1CollectForAllocation (G1 Evacuation Pause) done
Event: 0,896 Executing VM operation: HandshakeAllThreads (Deoptimize)
Event: 0,896 Executing VM operation: HandshakeAllThreads (Deoptimize) done
Event: 1,136 Executing VM operation: HandshakeAllThreads (Deoptimize)
Event: 1,136 Executing VM operation: HandshakeAllThreads (Deoptimize) done
Event: 1,474 Executing VM operation: G1CollectForAllocation (G1 Evacuation Pause)
Event: 1,479 Executing VM operation: G1CollectForAllocation (G1 Evacuation Pause) done
Event: 1,683 Executing VM operation: G1CollectForAllocation (G1 Evacuation Pause)
Event: 1,686 Executing VM operation: G1CollectForAllocation (G1 Evacuation Pause) done
Event: 2,247 Executing VM operation: G1CollectForAllocation (G1 Evacuation Pause)
Event: 2,249 Executing VM operation: G1CollectForAllocation (G1 Evacuation Pause) done
Event: 2,583 Executing VM operation: G1CollectForAllocation (G1 Evacuation Pause)
Event: 2,585 Executing VM operation: G1CollectForAllocation (G1 Evacuation Pause) done

Events (20 events):
Event: 0,026 Protecting memory [0x0000740fcc700000,0x0000740fcc704000] with protection modes 0
Event: 0,030 Thread 0x0000740fec166760 Thread added: 0x0000740fec166760
Event: 0,033 Protecting memory [0x0000740fcc600000,0x0000740fcc604000] with protection modes 0
Event: 0,053 Thread 0x0000740fec1c8aa0 Thread added: 0x0000740fec1c8aa0
Event: 0,054 Protecting memory [0x0000740fcc430000,0x0000740fcc434000] with protection modes 0
Event: 0,107 Thread 0x0000740fec305ed0 Thread added: 0x0000740fec305ed0
Event: 0,107 Protecting memory [0x0000740fcc330000,0x0000740fcc334000] with protection modes 0
Event: 0,109 Thread 0x0000740fec308440 Thread added: 0x0000740fec308440
Event: 0,109 Protecting memory [0x0000740fcc230000,0x0000740fcc234000] with protection modes 0
Event: 0,408 Thread 0x0000740f4412f4b0 Thread added: 0x0000740f4412f4b0
Event: 0,408 Protecting memory [0x0000740fafb00000,0x0000740fafb04000] with protection modes 0
Event: 0,533 Thread 0x0000740f4412f4b0 Thread exited: 0x0000740f4412f4b0
Event: 0,755 Thread 0x0000740f441a17a0 Thread added: 0x0000740f441a17a0
Event: 0,756 Protecting memory [0x0000740fafb00000,0x0000740fafb04000] with protection modes 0
Event: 1,029 Thread 0x0000740f441a17a0 Thread exited: 0x0000740f441a17a0
Event: 1,039 Thread 0x0000740f54000f50 Thread added: 0x0000740f54000f50
Event: 1,039 Protecting memory [0x0000740fafb00000,0x0000740fafb04000] with protection modes 0
Event: 1,151 Thread 0x0000740f500a9770 Thread added: 0x0000740f500a9770
Event: 1,151 Protecting memory [0x0000740faf100000,0x0000740faf104000] with protection modes 0
Event: 2,149 Thread 0x0000740f500a9770 Thread exited: 0x0000740f500a9770


Dynamic libraries:
402a4000-402a6000 r-xs 00000000 00:01 5402                               /memfd:/.glXXXXXX (deleted)
41070000-4111f000 rw-p 00000000 00:00 0 
689400000-6a0c00000 rw-p 00000000 00:00 0 
6a0c00000-7ffc00000 ---p 00000000 00:00 0 
7ffc00000-7ffd09000 rw-p 00cb3000 08:03 3539186                          /home/denis0001/.jdks/openjdk-22/lib/server/classes.jsa
7ffd09000-800000000 rw-p 00000000 00:00 0 
5e539f6f0000-5e539f6f1000 r-xp 00000000 08:03 3443829                    /home/denis0001/.jdks/openjdk-22/bin/java
5e539f6f2000-5e539f6f3000 r--p 00001000 08:03 3443829                    /home/denis0001/.jdks/openjdk-22/bin/java
5e539f6f3000-5e539f6f4000 rw-p 00002000 08:03 3443829                    /home/denis0001/.jdks/openjdk-22/bin/java
5e539f810000-5e539f858000 rw-p 00000000 00:00 0                          [heap]
740f18000000-740f1812f000 rw-p 00000000 00:00 0 
740f1812f000-740f1c000000 ---p 00000000 00:00 0 
740f20000000-740f20021000 rw-p 00000000 00:00 0 
740f20021000-740f24000000 ---p 00000000 00:00 0 
740f24000000-740f24021000 rw-p 00000000 00:00 0 
740f24021000-740f28000000 ---p 00000000 00:00 0 
740f28000000-740f2819e000 rw-p 00000000 00:00 0 
740f2819e000-740f2c000000 ---p 00000000 00:00 0 
740f2c000000-740f2c021000 rw-p 00000000 00:00 0 
740f2c021000-740f30000000 ---p 00000000 00:00 0 
740f30000000-740f305e4000 rw-p 00000000 00:00 0 
740f305e4000-740f34000000 ---p 00000000 00:00 0 
740f36800000-740f3883a000 r-xp 00000000 08:03 28068                      /usr/lib/x86_64-linux-gnu/libnvidia-glvkspirv.so.535.171.04
740f3883a000-740f38a3a000 ---p 0203a000 08:03 28068                      /usr/lib/x86_64-linux-gnu/libnvidia-glvkspirv.so.535.171.04
740f38a3a000-740f39056000 r--p 0203a000 08:03 28068                      /usr/lib/x86_64-linux-gnu/libnvidia-glvkspirv.so.535.171.04
740f39056000-740f390e5000 rw-p 02656000 08:03 28068                      /usr/lib/x86_64-linux-gnu/libnvidia-glvkspirv.so.535.171.04
740f390e5000-740f39138000 rw-p 00000000 00:00 0 
740f39200000-740f394d8000 r-xp 00000000 08:03 28065                      /usr/lib/x86_64-linux-gnu/libnvidia-glcore.so.535.171.04
740f394d8000-740f394f9000 rwxp 002d8000 08:03 28065                      /usr/lib/x86_64-linux-gnu/libnvidia-glcore.so.535.171.04
740f394f9000-740f3bb97000 r-xp 002f9000 08:03 28065                      /usr/lib/x86_64-linux-gnu/libnvidia-glcore.so.535.171.04
740f3bb97000-740f3bb98000 ---p 02997000 08:03 28065                      /usr/lib/x86_64-linux-gnu/libnvidia-glcore.so.535.171.04
740f3bb98000-740f3bd6b000 r--p 02997000 08:03 28065                      /usr/lib/x86_64-linux-gnu/libnvidia-glcore.so.535.171.04
740f3bd6b000-740f3bdd4000 rw-p 02b6a000 08:03 28065                      /usr/lib/x86_64-linux-gnu/libnvidia-glcore.so.535.171.04
740f3bdd4000-740f3be11000 rw-p 00000000 00:00 0 
740f3c000000-740f3c021000 rw-p 00000000 00:00 0 
740f3c021000-740f40000000 ---p 00000000 00:00 0 
740f40000000-740f40021000 rw-p 00000000 00:00 0 
740f40021000-740f44000000 ---p 00000000 00:00 0 
740f44000000-740f4432d000 rw-p 00000000 00:00 0 
740f4432d000-740f48000000 ---p 00000000 00:00 0 
740f48000000-740f48021000 rw-p 00000000 00:00 0 
740f48021000-740f4c000000 ---p 00000000 00:00 0 
740f4c000000-740f4c021000 rw-p 00000000 00:00 0 
740f4c021000-740f50000000 ---p 00000000 00:00 0 
740f50000000-740f5041d000 rw-p 00000000 00:00 0 
740f5041d000-740f54000000 ---p 00000000 00:00 0 
740f54000000-740f54021000 rw-p 00000000 00:00 0 
740f54021000-740f58000000 ---p 00000000 00:00 0 
740f58000000-740f58021000 rw-p 00000000 00:00 0 
740f58021000-740f5c000000 ---p 00000000 00:00 0 
740f5c000000-740f5c021000 rw-p 00000000 00:00 0 
740f5c021000-740f60000000 ---p 00000000 00:00 0 
740f60000000-740f60021000 rw-p 00000000 00:00 0 
740f60021000-740f64000000 ---p 00000000 00:00 0 
740f64000000-740f64021000 rw-p 00000000 00:00 0 
740f64021000-740f68000000 ---p 00000000 00:00 0 
740f68800000-740f68ec1000 r-xp 00000000 08:03 437560                     /tmp/lwjgldenis0001/3.1.1-build-16/libassimp.so
740f68ec1000-740f690c0000 ---p 006c1000 08:03 437560                     /tmp/lwjgldenis0001/3.1.1-build-16/libassimp.so
740f690c0000-740f69187000 r--p 006c0000 08:03 437560                     /tmp/lwjgldenis0001/3.1.1-build-16/libassimp.so
740f69187000-740f6918a000 rw-p 00787000 08:03 437560                     /tmp/lwjgldenis0001/3.1.1-build-16/libassimp.so
740f6918a000-740f6918f000 rw-p 00000000 00:00 0 
740f69200000-740f69295000 r--p 00000000 08:03 432614                     /tmp/imgui-java-natives/1.86.11/libimgui-java64.so
740f69295000-740f69676000 r-xp 00095000 08:03 432614                     /tmp/imgui-java-natives/1.86.11/libimgui-java64.so
740f69676000-740f69702000 r--p 00476000 08:03 432614                     /tmp/imgui-java-natives/1.86.11/libimgui-java64.so
740f69702000-740f69703000 ---p 00502000 08:03 432614                     /tmp/imgui-java-natives/1.86.11/libimgui-java64.so
740f69703000-740f69708000 r--p 00502000 08:03 432614                     /tmp/imgui-java-natives/1.86.11/libimgui-java64.so
740f69708000-740f69714000 rw-p 00507000 08:03 432614                     /tmp/imgui-java-natives/1.86.11/libimgui-java64.so
740f69714000-740f69f44000 rw-p 00000000 00:00 0 
740f6a000000-740f6a320000 rw-p 00000000 00:00 0 
740f6a320000-740f6a400000 ---p 00000000 00:00 0 
740f6a400000-740f6aa10000 rw-p 00000000 00:00 0 
740f6aa10000-740f6e000000 ---p 00000000 00:00 0 
740f6e000000-740f6ec74000 rw-p 00001000 08:03 3539186                    /home/denis0001/.jdks/openjdk-22/lib/server/classes.jsa
740f6ec74000-740f6f000000 ---p 00000000 00:00 0 
740f6f000000-740f6f030000 rw-p 00000000 00:00 0 
740f6f030000-740f6f070000 rw-p 00000000 00:00 0 
740f6f070000-740f6f0a0000 rw-p 00000000 00:00 0 
740f6f0a0000-740faf000000 ---p 00000000 00:00 0 
740faf100000-740faf104000 ---p 00000000 00:00 0 
740faf104000-740faf200000 rw-p 00000000 00:00 0 
740faf200000-740faf259000 r-xp 00000000 08:03 432787                     /tmp/lwjgldenis0001/3.1.1-build-16/liblwjgl_stb.so
740faf259000-740faf459000 ---p 00059000 08:03 432787                     /tmp/lwjgldenis0001/3.1.1-build-16/liblwjgl_stb.so
740faf459000-740faf45a000 r--p 00059000 08:03 432787                     /tmp/lwjgldenis0001/3.1.1-build-16/liblwjgl_stb.so
740faf45a000-740faf45b000 rw-p 0005a000 08:03 432787                     /tmp/lwjgldenis0001/3.1.1-build-16/liblwjgl_stb.so
740faf45b000-740faf45c000 rw-p 00000000 00:00 0 
740faf4fd000-740faf4fe000 ---p 00000000 00:00 0 
740faf4fe000-740faf5fe000 rw-p 00000000 00:00 0 
740faf5fe000-740faf5ff000 ---p 00000000 00:00 0 
740faf5ff000-740faf6ff000 rw-p 00000000 00:00 0 
740faf6ff000-740faf700000 ---p 00000000 00:00 0 
740faf700000-740faf800000 rw-p 00000000 00:00 0 
740faf800000-740faf89a000 r--p 00000000 08:03 30076                      /usr/lib/x86_64-linux-gnu/libstdc++.so.6.0.30
740faf89a000-740faf9ab000 r-xp 0009a000 08:03 30076                      /usr/lib/x86_64-linux-gnu/libstdc++.so.6.0.30
740faf9ab000-740fafa1a000 r--p 001ab000 08:03 30076                      /usr/lib/x86_64-linux-gnu/libstdc++.so.6.0.30
740fafa1a000-740fafa1b000 ---p 0021a000 08:03 30076                      /usr/lib/x86_64-linux-gnu/libstdc++.so.6.0.30
740fafa1b000-740fafa26000 r--p 0021a000 08:03 30076                      /usr/lib/x86_64-linux-gnu/libstdc++.so.6.0.30
740fafa26000-740fafa29000 rw-p 00225000 08:03 30076                      /usr/lib/x86_64-linux-gnu/libstdc++.so.6.0.30
740fafa29000-740fafa2c000 rw-p 00000000 00:00 0 
740fafb00000-740fafb04000 ---p 00000000 00:00 0 
740fafb04000-740fafc00000 rw-p 00000000 00:00 0 
740fafc00000-740fafc69000 r-xp 00000000 08:03 432778                     /tmp/lwjgldenis0001/3.1.1-build-16/liblwjgl_opengl.so
740fafc69000-740fafe68000 ---p 00069000 08:03 432778                     /tmp/lwjgldenis0001/3.1.1-build-16/liblwjgl_opengl.so
740fafe68000-740fafe69000 r--p 00068000 08:03 432778                     /tmp/lwjgldenis0001/3.1.1-build-16/liblwjgl_opengl.so
740fafe69000-740fafe6a000 rw-p 00069000 08:03 432778                     /tmp/lwjgldenis0001/3.1.1-build-16/liblwjgl_opengl.so
740faff00000-740fb0000000 rw-s 00000000 00:05 879                        /dev/nvidiactl
740fb0000000-740fb0021000 rw-p 00000000 00:00 0 
740fb0021000-740fb4000000 ---p 00000000 00:00 0 
740fb4000000-740fb4021000 rw-p 00000000 00:00 0 
740fb4021000-740fb8000000 ---p 00000000 00:00 0 
740fb8000000-740fb8021000 rw-p 00000000 00:00 0 
740fb8021000-740fbc000000 ---p 00000000 00:00 0 
740fbc0d9000-740fbc31e000 rw-s 00000000 00:01 1025                       /memfd:/.nvidia_drv.XXXXXX (deleted)
740fbc31e000-740fbcbff000 rw-p 00000000 00:00 0 
740fbcbff000-740fbcc00000 ---p 00000000 00:00 0 
740fbcc00000-740fbd400000 rw-p 00000000 00:00 0 
740fbd400000-740fbd475000 r-xp 00000000 08:03 28067                      /usr/lib/x86_64-linux-gnu/libnvidia-glsi.so.535.171.04
740fbd475000-740fbd675000 ---p 00075000 08:03 28067                      /usr/lib/x86_64-linux-gnu/libnvidia-glsi.so.535.171.04
740fbd675000-740fbd69f000 r--p 00075000 08:03 28067                      /usr/lib/x86_64-linux-gnu/libnvidia-glsi.so.535.171.04
740fbd69f000-740fbd6a0000 rw-p 0009f000 08:03 28067                      /usr/lib/x86_64-linux-gnu/libnvidia-glsi.so.535.171.04
740fbd6a0000-740fbd6a8000 rw-p 00000000 00:00 0 
740fbd700000-740fbd780000 rw-s 00000000 00:05 879                        /dev/nvidiactl
740fbd780000-740fbd800000 rw-s 00000000 00:05 879                        /dev/nvidiactl
740fbd800000-740fbd81e000 r-xp 00000000 08:03 432767                     /tmp/lwjgldenis0001/3.1.1-build-16/libglfw.so
740fbd81e000-740fbda1d000 ---p 0001e000 08:03 432767                     /tmp/lwjgldenis0001/3.1.1-build-16/libglfw.so
740fbda1d000-740fbda1e000 r--p 0001d000 08:03 432767                     /tmp/lwjgldenis0001/3.1.1-build-16/libglfw.so
740fbda1e000-740fbda1f000 rw-p 0001e000 08:03 432767                     /tmp/lwjgldenis0001/3.1.1-build-16/libglfw.so
740fbda1f000-740fbda20000 rw-p 00000000 00:00 0 
740fbda99000-740fbdad9000 rw-s 00000000 00:05 879                        /dev/nvidiactl
740fbdad9000-740fbdb2a000 r--p 00000000 08:03 2504                       /usr/lib/x86_64-linux-gnu/libGLX_nvidia.so.535.171.04
740fbdb2a000-740fbdb84000 r-xp 00051000 08:03 2504                       /usr/lib/x86_64-linux-gnu/libGLX_nvidia.so.535.171.04
740fbdb84000-740fbdbb9000 rwxp 000ab000 08:03 2504                       /usr/lib/x86_64-linux-gnu/libGLX_nvidia.so.535.171.04
740fbdbb9000-740fbdbba000 r-xp 000e0000 08:03 2504                       /usr/lib/x86_64-linux-gnu/libGLX_nvidia.so.535.171.04
740fbdbba000-740fbdbd9000 r--p 000e1000 08:03 2504                       /usr/lib/x86_64-linux-gnu/libGLX_nvidia.so.535.171.04
740fbdbd9000-740fbdbf9000 r--p 000ff000 08:03 2504                       /usr/lib/x86_64-linux-gnu/libGLX_nvidia.so.535.171.04
740fbdbf9000-740fbdbfe000 rw-p 0011f000 08:03 2504                       /usr/lib/x86_64-linux-gnu/libGLX_nvidia.so.535.171.04
740fbdbfe000-740fbdc00000 rw-p 00000000 00:00 0 
740fbdc00000-740fbdc4b000 r-xp 00000000 08:03 432766                     /tmp/lwjgldenis0001/3.1.1-build-16/liblwjgl.so
740fbdc4b000-740fbde4b000 ---p 0004b000 08:03 432766                     /tmp/lwjgldenis0001/3.1.1-build-16/liblwjgl.so
740fbde4b000-740fbde4c000 r--p 0004b000 08:03 432766                     /tmp/lwjgldenis0001/3.1.1-build-16/liblwjgl.so
740fbde4c000-740fbde4d000 rw-p 0004c000 08:03 432766                     /tmp/lwjgldenis0001/3.1.1-build-16/liblwjgl.so
740fbde78000-740fbde85000 r-xp 00000000 08:03 3444079                    /home/denis0001/.jdks/openjdk-22/lib/libverify.so
740fbde85000-740fbde87000 r--p 0000c000 08:03 3444079                    /home/denis0001/.jdks/openjdk-22/lib/libverify.so
740fbde87000-740fbde88000 rw-p 0000e000 08:03 3444079                    /home/denis0001/.jdks/openjdk-22/lib/libverify.so
740fbde88000-740fbdea8000 rw-s 00000000 00:05 879                        /dev/nvidiactl
740fbdea8000-740fbdee8000 rw-s 00000000 00:05 879                        /dev/nvidiactl
740fbdee8000-740fbdf08000 rw-s 00000000 00:05 879                        /dev/nvidiactl
740fbdf08000-740fbdf48000 rw-s 00000000 00:05 879                        /dev/nvidiactl
740fbdf48000-740fbdf88000 r--p 00000000 08:03 28690                      /usr/lib/x86_64-linux-gnu/libGLdispatch.so.0.0.0
740fbdf88000-740fbdf8b000 r-xp 00040000 08:03 28690                      /usr/lib/x86_64-linux-gnu/libGLdispatch.so.0.0.0
740fbdf8b000-740fbdfc6000 r-xp 00043000 08:03 28690                      /usr/lib/x86_64-linux-gnu/libGLdispatch.so.0.0.0
740fbdfc6000-740fbdfc7000 r-xp 0007e000 08:03 28690                      /usr/lib/x86_64-linux-gnu/libGLdispatch.so.0.0.0
740fbdfc7000-740fbdfda000 r--p 0007f000 08:03 28690                      /usr/lib/x86_64-linux-gnu/libGLdispatch.so.0.0.0
740fbdfda000-740fbdfdb000 ---p 00092000 08:03 28690                      /usr/lib/x86_64-linux-gnu/libGLdispatch.so.0.0.0
740fbdfdb000-740fbdff7000 r--p 00092000 08:03 28690                      /usr/lib/x86_64-linux-gnu/libGLdispatch.so.0.0.0
740fbdff7000-740fbdff8000 rw-p 000ae000 08:03 28690                      /usr/lib/x86_64-linux-gnu/libGLdispatch.so.0.0.0
740fbdff8000-740fc0000000 rw-p 00000000 00:00 0 
740fc0000000-740fc0021000 rw-p 00000000 00:00 0 
740fc0021000-740fc4000000 ---p 00000000 00:00 0 
740fc4000000-740fc4021000 rw-p 00000000 00:00 0 
740fc4021000-740fc8000000 ---p 00000000 00:00 0 
740fc8000000-740fc8021000 rw-p 00000000 00:00 0 
740fc8021000-740fcc000000 ---p 00000000 00:00 0 
740fcc008000-740fcc00c000 rwxp 00000000 00:00 0 
740fcc00c000-740fcc01f000 rw-s 00000000 00:05 879                        /dev/nvidiactl
740fcc01f000-740fcc024000 r--p 00000000 08:03 29160                      /usr/lib/x86_64-linux-gnu/libdrm.so.2.4.0
740fcc024000-740fcc02f000 r-xp 00005000 08:03 29160                      /usr/lib/x86_64-linux-gnu/libdrm.so.2.4.0
740fcc02f000-740fcc033000 r--p 00010000 08:03 29160                      /usr/lib/x86_64-linux-gnu/libdrm.so.2.4.0
740fcc033000-740fcc034000 r--p 00013000 08:03 29160                      /usr/lib/x86_64-linux-gnu/libdrm.so.2.4.0
740fcc034000-740fcc035000 rw-p 00014000 08:03 29160                      /usr/lib/x86_64-linux-gnu/libdrm.so.2.4.0
740fcc035000-740fcc038000 r--p 00000000 08:03 28685                      /usr/lib/x86_64-linux-gnu/libGLX.so.0.0.0
740fcc038000-740fcc053000 r-xp 00003000 08:03 28685                      /usr/lib/x86_64-linux-gnu/libGLX.so.0.0.0
740fcc053000-740fcc056000 r--p 0001e000 08:03 28685                      /usr/lib/x86_64-linux-gnu/libGLX.so.0.0.0
740fcc056000-740fcc057000 ---p 00021000 08:03 28685                      /usr/lib/x86_64-linux-gnu/libGLX.so.0.0.0
740fcc057000-740fcc058000 r--p 00021000 08:03 28685                      /usr/lib/x86_64-linux-gnu/libGLX.so.0.0.0
740fcc058000-740fcc059000 rw-p 00022000 08:03 28685                      /usr/lib/x86_64-linux-gnu/libGLX.so.0.0.0
740fcc059000-740fcc069000 rw-p 00000000 00:00 0 
740fcc069000-740fcc0ac000 r--p 00000000 08:03 28679                      /usr/lib/x86_64-linux-gnu/libGL.so.1.7.0
740fcc0ac000-740fcc0af000 r-xp 00043000 08:03 28679                      /usr/lib/x86_64-linux-gnu/libGL.so.1.7.0
740fcc0af000-740fcc0ca000 r-xp 00046000 08:03 28679                      /usr/lib/x86_64-linux-gnu/libGL.so.1.7.0
740fcc0ca000-740fcc0cb000 r-xp 00061000 08:03 28679                      /usr/lib/x86_64-linux-gnu/libGL.so.1.7.0
740fcc0cb000-740fcc0e0000 r--p 00062000 08:03 28679                      /usr/lib/x86_64-linux-gnu/libGL.so.1.7.0
740fcc0e0000-740fcc0ee000 r--p 00076000 08:03 28679                      /usr/lib/x86_64-linux-gnu/libGL.so.1.7.0
740fcc0ee000-740fcc0ef000 rw-p 00084000 08:03 28679                      /usr/lib/x86_64-linux-gnu/libGL.so.1.7.0
740fcc0ef000-740fcc0f0000 rw-p 00000000 00:00 0 
740fcc0f0000-740fcc109000 r--p 00000000 08:03 28711                      /usr/lib/x86_64-linux-gnu/libX11.so.6.4.0
740fcc109000-740fcc195000 r-xp 00019000 08:03 28711                      /usr/lib/x86_64-linux-gnu/libX11.so.6.4.0
740fcc195000-740fcc22a000 r--p 000a5000 08:03 28711                      /usr/lib/x86_64-linux-gnu/libX11.so.6.4.0
740fcc22a000-740fcc22b000 ---p 0013a000 08:03 28711                      /usr/lib/x86_64-linux-gnu/libX11.so.6.4.0
740fcc22b000-740fcc22c000 r--p 0013a000 08:03 28711                      /usr/lib/x86_64-linux-gnu/libX11.so.6.4.0
740fcc22c000-740fcc230000 rw-p 0013b000 08:03 28711                      /usr/lib/x86_64-linux-gnu/libX11.so.6.4.0
740fcc230000-740fcc234000 ---p 00000000 00:00 0 
740fcc234000-740fcc330000 rw-p 00000000 00:00 0 
740fcc330000-740fcc334000 ---p 00000000 00:00 0 
740fcc334000-740fcc430000 rw-p 00000000 00:00 0 
740fcc430000-740fcc434000 ---p 00000000 00:00 0 
740fcc434000-740fcc530000 rw-p 00000000 00:00 0 
740fcc530000-740fcc5fe000 r-xp 00000000 08:03 3444063                    /home/denis0001/.jdks/openjdk-22/lib/libjsvml.so
740fcc5fe000-740fcc5ff000 r--p 000cd000 08:03 3444063                    /home/denis0001/.jdks/openjdk-22/lib/libjsvml.so
740fcc5ff000-740fcc600000 rw-p 000ce000 08:03 3444063                    /home/denis0001/.jdks/openjdk-22/lib/libjsvml.so
740fcc600000-740fcc604000 ---p 00000000 00:00 0 
740fcc604000-740fcc700000 rw-p 00000000 00:00 0 
740fcc700000-740fcc704000 ---p 00000000 00:00 0 
740fcc704000-740fcc800000 rw-p 00000000 00:00 0 
740fcc800000-740fcc804000 ---p 00000000 00:00 0 
740fcc804000-740fcc900000 rw-p 00000000 00:00 0 
740fcc900000-740fcc904000 ---p 00000000 00:00 0 
740fcc904000-740fcca00000 rw-p 00000000 00:00 0 
740fcca00000-740fcca04000 ---p 00000000 00:00 0 
740fcca04000-740fccb00000 rw-p 00000000 00:00 0 
740fccb00000-740fccb04000 ---p 00000000 00:00 0 
740fccb04000-740fccc00000 rw-p 00000000 00:00 0 
740fccc00000-740fcd175000 r--p 00000000 08:03 1571                       /usr/lib/locale/locale-archive
740fcd175000-740fcd178000 rwxp 00000000 00:00 0 
740fcd178000-740fcd183000 r--p 00000000 08:03 30268                      /usr/lib/x86_64-linux-gnu/libxcb-glx.so.0.0.0
740fcd183000-740fcd18c000 r-xp 0000b000 08:03 30268                      /usr/lib/x86_64-linux-gnu/libxcb-glx.so.0.0.0
740fcd18c000-740fcd191000 r--p 00014000 08:03 30268                      /usr/lib/x86_64-linux-gnu/libxcb-glx.so.0.0.0
740fcd191000-740fcd192000 ---p 00019000 08:03 30268                      /usr/lib/x86_64-linux-gnu/libxcb-glx.so.0.0.0
740fcd192000-740fcd194000 r--p 00019000 08:03 30268                      /usr/lib/x86_64-linux-gnu/libxcb-glx.so.0.0.0
740fcd194000-740fcd195000 rw-p 0001b000 08:03 30268                      /usr/lib/x86_64-linux-gnu/libxcb-glx.so.0.0.0
740fcd195000-740fcd1b5000 rw-s 00000000 00:05 879                        /dev/nvidiactl
740fcd1b5000-740fcd1b7000 r--p 00000000 08:03 29660                      /usr/lib/x86_64-linux-gnu/libmd.so.0.0.5
740fcd1b7000-740fcd1be000 r-xp 00002000 08:03 29660                      /usr/lib/x86_64-linux-gnu/libmd.so.0.0.5
740fcd1be000-740fcd1c0000 r--p 00009000 08:03 29660                      /usr/lib/x86_64-linux-gnu/libmd.so.0.0.5
740fcd1c0000-740fcd1c1000 r--p 0000a000 08:03 29660                      /usr/lib/x86_64-linux-gnu/libmd.so.0.0.5
740fcd1c1000-740fcd1c2000 rw-p 0000b000 08:03 29660                      /usr/lib/x86_64-linux-gnu/libmd.so.0.0.5
740fcd1c2000-740fcd1c6000 r--p 00000000 08:03 29007                      /usr/lib/x86_64-linux-gnu/libbsd.so.0.11.5
740fcd1c6000-740fcd1d3000 r-xp 00004000 08:03 29007                      /usr/lib/x86_64-linux-gnu/libbsd.so.0.11.5
740fcd1d3000-740fcd1d6000 r--p 00011000 08:03 29007                      /usr/lib/x86_64-linux-gnu/libbsd.so.0.11.5
740fcd1d6000-740fcd1d7000 ---p 00014000 08:03 29007                      /usr/lib/x86_64-linux-gnu/libbsd.so.0.11.5
740fcd1d7000-740fcd1d8000 r--p 00014000 08:03 29007                      /usr/lib/x86_64-linux-gnu/libbsd.so.0.11.5
740fcd1d8000-740fcd1d9000 rw-p 00015000 08:03 29007                      /usr/lib/x86_64-linux-gnu/libbsd.so.0.11.5
740fcd1d9000-740fcd1da000 rw-p 00000000 00:00 0 
740fcd1da000-740fcd1dc000 r--p 00000000 08:03 28726                      /usr/lib/x86_64-linux-gnu/libXdmcp.so.6.0.0
740fcd1dc000-740fcd1de000 r-xp 00002000 08:03 28726                      /usr/lib/x86_64-linux-gnu/libXdmcp.so.6.0.0
740fcd1de000-740fcd1e0000 r--p 00004000 08:03 28726                      /usr/lib/x86_64-linux-gnu/libXdmcp.so.6.0.0
740fcd1e0000-740fcd1e1000 r--p 00005000 08:03 28726                      /usr/lib/x86_64-linux-gnu/libXdmcp.so.6.0.0
740fcd1e1000-740fcd1e2000 rw-p 00006000 08:03 28726                      /usr/lib/x86_64-linux-gnu/libXdmcp.so.6.0.0
740fcd1e2000-740fcd1e3000 r--p 00000000 08:03 28715                      /usr/lib/x86_64-linux-gnu/libXau.so.6.0.0
740fcd1e3000-740fcd1e5000 r-xp 00001000 08:03 28715                      /usr/lib/x86_64-linux-gnu/libXau.so.6.0.0
740fcd1e5000-740fcd1e6000 r--p 00003000 08:03 28715                      /usr/lib/x86_64-linux-gnu/libXau.so.6.0.0
740fcd1e6000-740fcd1e7000 r--p 00003000 08:03 28715                      /usr/lib/x86_64-linux-gnu/libXau.so.6.0.0
740fcd1e7000-740fcd1e8000 rw-p 00004000 08:03 28715                      /usr/lib/x86_64-linux-gnu/libXau.so.6.0.0
740fcd1e8000-740fcd1ea000 r--p 00000000 08:03 28730                      /usr/lib/x86_64-linux-gnu/libXfixes.so.3.1.0
740fcd1ea000-740fcd1ed000 r-xp 00002000 08:03 28730                      /usr/lib/x86_64-linux-gnu/libXfixes.so.3.1.0
740fcd1ed000-740fcd1ee000 r--p 00005000 08:03 28730                      /usr/lib/x86_64-linux-gnu/libXfixes.so.3.1.0
740fcd1ee000-740fcd1ef000 r--p 00006000 08:03 28730                      /usr/lib/x86_64-linux-gnu/libXfixes.so.3.1.0
740fcd1ef000-740fcd1f0000 rw-p 00007000 08:03 28730                      /usr/lib/x86_64-linux-gnu/libXfixes.so.3.1.0
740fcd1f0000-740fcd1f4000 r--p 00000000 08:03 28728                      /usr/lib/x86_64-linux-gnu/libXext.so.6.4.0
740fcd1f4000-740fcd1ff000 r-xp 00004000 08:03 28728                      /usr/lib/x86_64-linux-gnu/libXext.so.6.4.0
740fcd1ff000-740fcd203000 r--p 0000f000 08:03 28728                      /usr/lib/x86_64-linux-gnu/libXext.so.6.4.0
740fcd203000-740fcd204000 r--p 00012000 08:03 28728                      /usr/lib/x86_64-linux-gnu/libXext.so.6.4.0
740fcd204000-740fcd205000 rw-p 00013000 08:03 28728                      /usr/lib/x86_64-linux-gnu/libXext.so.6.4.0
740fcd205000-740fcd209000 ---p 00000000 00:00 0 
740fcd209000-740fcd305000 rw-p 00000000 00:00 0 
740fcd305000-740fcd306000 ---p 00000000 00:00 0 
740fcd306000-740fcd406000 rw-p 00000000 00:00 0 
740fcd406000-740fcd407000 ---p 00000000 00:00 0 
740fcd407000-740fcd5e3000 rw-p 00000000 00:00 0 
740fcd5e3000-740fcd5e4000 ---p 00000000 00:00 0 
740fcd5e4000-740fcdcc4000 rw-p 00000000 00:00 0 
740fcdcc4000-740fd3484000 ---p 00000000 00:00 0 
740fd3484000-740fd3550000 rw-p 00000000 00:00 0 
740fd3550000-740fd4048000 ---p 00000000 00:00 0 
740fd4048000-740fd4106000 rw-p 00000000 00:00 0 
740fd4106000-740fd4bfe000 ---p 00000000 00:00 0 
740fd4bfe000-740fd4c00000 rw-p 00000000 00:00 0 
740fd4c00000-740fd4f70000 rwxp 00000000 00:00 0 
740fd4f70000-740fdc137000 ---p 00000000 00:00 0 
740fdc137000-740fdc3a7000 rwxp 00000000 00:00 0 
740fdc3a7000-740fdc6c8000 ---p 00000000 00:00 0 
740fdc6c8000-740fdc938000 rwxp 00000000 00:00 0 
740fdc938000-740fe3c00000 ---p 00000000 00:00 0 
740fe3c00000-740febfb6000 r--s 00000000 08:03 3444081                    /home/denis0001/.jdks/openjdk-22/lib/modules
740febfb6000-740febfc1000 r--p 00000000 08:03 30300                      /usr/lib/x86_64-linux-gnu/libxcb.so.1.1.0
740febfc1000-740febfd5000 r-xp 0000b000 08:03 30300                      /usr/lib/x86_64-linux-gnu/libxcb.so.1.1.0
740febfd5000-740febfde000 r--p 0001f000 08:03 30300                      /usr/lib/x86_64-linux-gnu/libxcb.so.1.1.0
740febfde000-740febfdf000 r--p 00027000 08:03 30300                      /usr/lib/x86_64-linux-gnu/libxcb.so.1.1.0
740febfdf000-740febfe0000 rw-p 00028000 08:03 30300                      /usr/lib/x86_64-linux-gnu/libxcb.so.1.1.0
740febfe0000-740febfe3000 r--p 00000000 08:03 29303                      /usr/lib/x86_64-linux-gnu/libgcc_s.so.1
740febfe3000-740febffa000 r-xp 00003000 08:03 29303                      /usr/lib/x86_64-linux-gnu/libgcc_s.so.1
740febffa000-740febffe000 r--p 0001a000 08:03 29303                      /usr/lib/x86_64-linux-gnu/libgcc_s.so.1
740febffe000-740febfff000 r--p 0001d000 08:03 29303                      /usr/lib/x86_64-linux-gnu/libgcc_s.so.1
740febfff000-740fec000000 rw-p 0001e000 08:03 29303                      /usr/lib/x86_64-linux-gnu/libgcc_s.so.1
740fec000000-740fef798000 rw-p 00000000 00:00 0 
740fef798000-740ff0000000 ---p 00000000 00:00 0 
740ff0000000-740ff0001000 r--p 00000000 08:03 28709                      /usr/lib/x86_64-linux-gnu/libX11-xcb.so.1.0.0
740ff0001000-740ff0002000 r-xp 00001000 08:03 28709                      /usr/lib/x86_64-linux-gnu/libX11-xcb.so.1.0.0
740ff0002000-740ff0003000 r--p 00002000 08:03 28709                      /usr/lib/x86_64-linux-gnu/libX11-xcb.so.1.0.0
740ff0003000-740ff0004000 r--p 00002000 08:03 28709                      /usr/lib/x86_64-linux-gnu/libX11-xcb.so.1.0.0
740ff0004000-740ff0005000 rw-p 00003000 08:03 28709                      /usr/lib/x86_64-linux-gnu/libX11-xcb.so.1.0.0
740ff0005000-740ff0007000 r--p 00000000 08:03 28748                      /usr/lib/x86_64-linux-gnu/libXrender.so.1.3.0
740ff0007000-740ff000e000 r-xp 00002000 08:03 28748                      /usr/lib/x86_64-linux-gnu/libXrender.so.1.3.0
740ff000e000-740ff0010000 r--p 00009000 08:03 28748                      /usr/lib/x86_64-linux-gnu/libXrender.so.1.3.0
740ff0010000-740ff0011000 r--p 0000a000 08:03 28748                      /usr/lib/x86_64-linux-gnu/libXrender.so.1.3.0
740ff0011000-740ff0012000 rw-p 0000b000 08:03 28748                      /usr/lib/x86_64-linux-gnu/libXrender.so.1.3.0
740ff0012000-740ff0014000 r--p 00000000 08:03 28722                      /usr/lib/x86_64-linux-gnu/libXcursor.so.1.0.2
740ff0014000-740ff001a000 r-xp 00002000 08:03 28722                      /usr/lib/x86_64-linux-gnu/libXcursor.so.1.0.2
740ff001a000-740ff001c000 r--p 00008000 08:03 28722                      /usr/lib/x86_64-linux-gnu/libXcursor.so.1.0.2
740ff001c000-740ff001d000 r--p 00009000 08:03 28722                      /usr/lib/x86_64-linux-gnu/libXcursor.so.1.0.2
740ff001d000-740ff001e000 rw-p 0000a000 08:03 28722                      /usr/lib/x86_64-linux-gnu/libXcursor.so.1.0.2
740ff001e000-740ff001f000 ---p 00000000 00:00 0 
740ff001f000-740ff0523000 rw-p 00000000 00:00 0 
740ff0523000-740ff0524000 ---p 00000000 00:00 0 
740ff0524000-740ff0624000 rw-p 00000000 00:00 0 
740ff0624000-740ff0625000 ---p 00000000 00:00 0 
740ff0625000-740ff0725000 rw-p 00000000 00:00 0 
740ff0725000-740ff0726000 ---p 00000000 00:00 0 
740ff0726000-740ff0c2f000 rw-p 00000000 00:00 0 
740ff0c2f000-740ff0d15000 ---p 00000000 00:00 0 
740ff0d15000-740ff0d1c000 rw-p 00000000 00:00 0 
740ff0d1c000-740ff0e00000 ---p 00000000 00:00 0 
740ff0e00000-740ff2140000 r-xp 00000000 08:03 3539189                    /home/denis0001/.jdks/openjdk-22/lib/server/libjvm.so
740ff2140000-740ff220d000 r--p 0133f000 08:03 3539189                    /home/denis0001/.jdks/openjdk-22/lib/server/libjvm.so
740ff220d000-740ff223b000 rw-p 0140c000 08:03 3539189                    /home/denis0001/.jdks/openjdk-22/lib/server/libjvm.so
740ff223b000-740ff22b1000 rw-p 00000000 00:00 0 
740ff22b1000-740ff22b4000 rw-s 00000000 00:05 879                        /dev/nvidiactl
740ff22b4000-740ff22b5000 r--p 00000000 08:03 28738                      /usr/lib/x86_64-linux-gnu/libXinerama.so.1.0.0
740ff22b5000-740ff22b6000 r-xp 00001000 08:03 28738                      /usr/lib/x86_64-linux-gnu/libXinerama.so.1.0.0
740ff22b6000-740ff22b7000 r--p 00002000 08:03 28738                      /usr/lib/x86_64-linux-gnu/libXinerama.so.1.0.0
740ff22b7000-740ff22b8000 r--p 00003000 08:03 28738                      /usr/lib/x86_64-linux-gnu/libXinerama.so.1.0.0
740ff22b8000-740ff22b9000 rw-p 00004000 08:03 28738                      /usr/lib/x86_64-linux-gnu/libXinerama.so.1.0.0
740ff22b9000-740ff22bb000 r--p 00000000 08:03 28746                      /usr/lib/x86_64-linux-gnu/libXrandr.so.2.2.0
740ff22bb000-740ff22c2000 r-xp 00002000 08:03 28746                      /usr/lib/x86_64-linux-gnu/libXrandr.so.2.2.0
740ff22c2000-740ff22c4000 r--p 00009000 08:03 28746                      /usr/lib/x86_64-linux-gnu/libXrandr.so.2.2.0
740ff22c4000-740ff22c5000 r--p 0000a000 08:03 28746                      /usr/lib/x86_64-linux-gnu/libXrandr.so.2.2.0
740ff22c5000-740ff22c6000 rw-p 0000b000 08:03 28746                      /usr/lib/x86_64-linux-gnu/libXrandr.so.2.2.0
740ff22c6000-740ff22c7000 rwxp 00000000 00:00 0 
740ff22c7000-740ff22c9000 rw-s 00000000 00:01 5402                       /memfd:/.glXXXXXX (deleted)
740ff22c9000-740ff22cd000 rw-s 00000000 00:05 879                        /dev/nvidiactl
740ff22cd000-740ff22ce000 rw-s 00000000 00:05 880                        /dev/nvidia0
740ff22ce000-740ff22d0000 rw-s 00000000 00:05 879                        /dev/nvidiactl
740ff22d0000-740ff22d4000 rw-s 00000000 00:05 879                        /dev/nvidiactl
740ff22d4000-740ff22d5000 rw-s 00000000 00:05 880                        /dev/nvidia0
740ff22d5000-740ff22d6000 rw-s 00000000 00:05 880                        /dev/nvidia0
740ff22d6000-740ff22d7000 rw-s 00000000 00:05 880                        /dev/nvidia0
740ff22d7000-740ff22d8000 rw-s 00000000 00:05 879                        /dev/nvidiactl
740ff22d8000-740ff22d9000 rw-s 00000000 00:05 879                        /dev/nvidiactl
740ff22d9000-740ff22da000 r--p 00000000 08:03 28071                      /usr/lib/x86_64-linux-gnu/libnvidia-tls.so.535.171.04
740ff22da000-740ff22dc000 r-xp 00001000 08:03 28071                      /usr/lib/x86_64-linux-gnu/libnvidia-tls.so.535.171.04
740ff22dc000-740ff22dd000 r--p 00003000 08:03 28071                      /usr/lib/x86_64-linux-gnu/libnvidia-tls.so.535.171.04
740ff22dd000-740ff22de000 r--p 00003000 08:03 28071                      /usr/lib/x86_64-linux-gnu/libnvidia-tls.so.535.171.04
740ff22de000-740ff22df000 rw-p 00004000 08:03 28071                      /usr/lib/x86_64-linux-gnu/libnvidia-tls.so.535.171.04
740ff22df000-740ff22e6000 r--s 00000000 08:03 10036                      /usr/lib/x86_64-linux-gnu/gconv/gconv-modules.cache
740ff22e6000-740ff22e8000 r-xp 00000000 08:03 3444048                    /home/denis0001/.jdks/openjdk-22/lib/libextnet.so
740ff22e8000-740ff22e9000 r--p 00001000 08:03 3444048                    /home/denis0001/.jdks/openjdk-22/lib/libextnet.so
740ff22e9000-740ff22ea000 rw-p 00002000 08:03 3444048                    /home/denis0001/.jdks/openjdk-22/lib/libextnet.so
740ff22ea000-740ff22fd000 r-xp 00000000 08:03 3444071                    /home/denis0001/.jdks/openjdk-22/lib/libnio.so
740ff22fd000-740ff22fe000 ---p 00013000 08:03 3444071                    /home/denis0001/.jdks/openjdk-22/lib/libnio.so
740ff22fe000-740ff22ff000 r--p 00013000 08:03 3444071                    /home/denis0001/.jdks/openjdk-22/lib/libnio.so
740ff22ff000-740ff2300000 rw-p 00014000 08:03 3444071                    /home/denis0001/.jdks/openjdk-22/lib/libnio.so
740ff2300000-740ff2304000 ---p 00000000 00:00 0 
740ff2304000-740ff2400000 rw-p 00000000 00:00 0 
740ff2400000-740ff2428000 r--p 00000000 08:03 2080                       /usr/lib/x86_64-linux-gnu/libc.so.6
740ff2428000-740ff25bd000 r-xp 00028000 08:03 2080                       /usr/lib/x86_64-linux-gnu/libc.so.6
740ff25bd000-740ff2615000 r--p 001bd000 08:03 2080                       /usr/lib/x86_64-linux-gnu/libc.so.6
740ff2615000-740ff2616000 ---p 00215000 08:03 2080                       /usr/lib/x86_64-linux-gnu/libc.so.6
740ff2616000-740ff261a000 r--p 00215000 08:03 2080                       /usr/lib/x86_64-linux-gnu/libc.so.6
740ff261a000-740ff261c000 rw-p 00219000 08:03 2080                       /usr/lib/x86_64-linux-gnu/libc.so.6
740ff261c000-740ff2629000 rw-p 00000000 00:00 0 
740ff2629000-740ff262a000 rw-s 00000000 00:05 879                        /dev/nvidiactl
740ff262a000-740ff262b000 rw-s 00044000 00:01 1025                       /memfd:/.nvidia_drv.XXXXXX (deleted)
740ff262b000-740ff262c000 r-xp 00000000 00:00 0 
740ff262c000-740ff2637000 r-xp 00000000 08:03 3444070                    /home/denis0001/.jdks/openjdk-22/lib/libnet.so
740ff2637000-740ff2638000 ---p 0000b000 08:03 3444070                    /home/denis0001/.jdks/openjdk-22/lib/libnet.so
740ff2638000-740ff2639000 r--p 0000b000 08:03 3444070                    /home/denis0001/.jdks/openjdk-22/lib/libnet.so
740ff2639000-740ff263a000 rw-p 0000c000 08:03 3444070                    /home/denis0001/.jdks/openjdk-22/lib/libnet.so
740ff263a000-740ff26b2000 rw-p 00000000 00:00 0 
740ff26b2000-740ff26b9000 ---p 00000000 00:00 0 
740ff26b9000-740ff26d9000 r-xp 00000000 08:03 3444055                    /home/denis0001/.jdks/openjdk-22/lib/libjava.so
740ff26d9000-740ff26da000 ---p 00020000 08:03 3444055                    /home/denis0001/.jdks/openjdk-22/lib/libjava.so
740ff26da000-740ff26db000 r--p 00020000 08:03 3444055                    /home/denis0001/.jdks/openjdk-22/lib/libjava.so
740ff26db000-740ff26dc000 rw-p 00021000 08:03 3444055                    /home/denis0001/.jdks/openjdk-22/lib/libjava.so
740ff26dc000-740ff26dd000 rw-p 00000000 00:00 0 
740ff26dd000-740ff26fb000 r-xp 00000000 08:03 3444059                    /home/denis0001/.jdks/openjdk-22/lib/libjimage.so
740ff26fb000-740ff26fd000 r--p 0001d000 08:03 3444059                    /home/denis0001/.jdks/openjdk-22/lib/libjimage.so
740ff26fd000-740ff26fe000 rw-p 0001f000 08:03 3444059                    /home/denis0001/.jdks/openjdk-22/lib/libjimage.so
740ff26fe000-740ff270c000 r--p 00000000 08:03 2355                       /usr/lib/x86_64-linux-gnu/libm.so.6
740ff270c000-740ff2788000 r-xp 0000e000 08:03 2355                       /usr/lib/x86_64-linux-gnu/libm.so.6
740ff2788000-740ff27e3000 r--p 0008a000 08:03 2355                       /usr/lib/x86_64-linux-gnu/libm.so.6
740ff27e3000-740ff27e4000 r--p 000e4000 08:03 2355                       /usr/lib/x86_64-linux-gnu/libm.so.6
740ff27e4000-740ff27e5000 rw-p 000e5000 08:03 2355                       /usr/lib/x86_64-linux-gnu/libm.so.6
740ff27e5000-740ff27e6000 r--p 00000000 08:03 3647                       /usr/lib/x86_64-linux-gnu/librt.so.1
740ff27e6000-740ff27e7000 r-xp 00001000 08:03 3647                       /usr/lib/x86_64-linux-gnu/librt.so.1
740ff27e7000-740ff27e8000 r--p 00002000 08:03 3647                       /usr/lib/x86_64-linux-gnu/librt.so.1
740ff27e8000-740ff27e9000 r--p 00002000 08:03 3647                       /usr/lib/x86_64-linux-gnu/librt.so.1
740ff27e9000-740ff27ea000 rw-p 00003000 08:03 3647                       /usr/lib/x86_64-linux-gnu/librt.so.1
740ff27ea000-740ff27ee000 rw-p 00000000 00:00 0 
740ff27ee000-740ff27ef000 r--p 00000000 08:03 2111                       /usr/lib/x86_64-linux-gnu/libdl.so.2
740ff27ef000-740ff27f0000 r-xp 00001000 08:03 2111                       /usr/lib/x86_64-linux-gnu/libdl.so.2
740ff27f0000-740ff27f1000 r--p 00002000 08:03 2111                       /usr/lib/x86_64-linux-gnu/libdl.so.2
740ff27f1000-740ff27f2000 r--p 00002000 08:03 2111                       /usr/lib/x86_64-linux-gnu/libdl.so.2
740ff27f2000-740ff27f3000 rw-p 00003000 08:03 2111                       /usr/lib/x86_64-linux-gnu/libdl.so.2
740ff27f3000-740ff27f4000 r--p 00000000 08:03 3644                       /usr/lib/x86_64-linux-gnu/libpthread.so.0
740ff27f4000-740ff27f5000 r-xp 00001000 08:03 3644                       /usr/lib/x86_64-linux-gnu/libpthread.so.0
740ff27f5000-740ff27f6000 r--p 00002000 08:03 3644                       /usr/lib/x86_64-linux-gnu/libpthread.so.0
740ff27f6000-740ff27f7000 r--p 00002000 08:03 3644                       /usr/lib/x86_64-linux-gnu/libpthread.so.0
740ff27f7000-740ff27f8000 rw-p 00003000 08:03 3644                       /usr/lib/x86_64-linux-gnu/libpthread.so.0
740ff27f8000-740ff2807000 r-xp 00000000 08:03 3444060                    /home/denis0001/.jdks/openjdk-22/lib/libjli.so
740ff2807000-740ff2808000 r--p 0000e000 08:03 3444060                    /home/denis0001/.jdks/openjdk-22/lib/libjli.so
740ff2808000-740ff2809000 rw-p 0000f000 08:03 3444060                    /home/denis0001/.jdks/openjdk-22/lib/libjli.so
740ff2809000-740ff280b000 r--p 00000000 08:03 30336                      /usr/lib/x86_64-linux-gnu/libz.so.1.2.11
740ff280b000-740ff281c000 r-xp 00002000 08:03 30336                      /usr/lib/x86_64-linux-gnu/libz.so.1.2.11
740ff281c000-740ff2822000 r--p 00013000 08:03 30336                      /usr/lib/x86_64-linux-gnu/libz.so.1.2.11
740ff2822000-740ff2823000 ---p 00019000 08:03 30336                      /usr/lib/x86_64-linux-gnu/libz.so.1.2.11
740ff2823000-740ff2824000 r--p 00019000 08:03 30336                      /usr/lib/x86_64-linux-gnu/libz.so.1.2.11
740ff2824000-740ff2825000 rw-p 0001a000 08:03 30336                      /usr/lib/x86_64-linux-gnu/libz.so.1.2.11
740ff2825000-740ff282c000 r-xp 00000000 08:03 3444080                    /home/denis0001/.jdks/openjdk-22/lib/libzip.so
740ff282c000-740ff282d000 ---p 00007000 08:03 3444080                    /home/denis0001/.jdks/openjdk-22/lib/libzip.so
740ff282d000-740ff282e000 r--p 00007000 08:03 3444080                    /home/denis0001/.jdks/openjdk-22/lib/libzip.so
740ff282e000-740ff282f000 rw-p 00008000 08:03 3444080                    /home/denis0001/.jdks/openjdk-22/lib/libzip.so
740ff282f000-740ff2837000 rw-s 00000000 08:03 437570                     /tmp/hsperfdata_denis0001/60698
740ff2837000-740ff2841000 r-xp 00000000 08:03 3444050                    /home/denis0001/.jdks/openjdk-22/lib/libinstrument.so
740ff2841000-740ff2842000 r--p 00009000 08:03 3444050                    /home/denis0001/.jdks/openjdk-22/lib/libinstrument.so
740ff2842000-740ff2843000 rw-p 0000a000 08:03 3444050                    /home/denis0001/.jdks/openjdk-22/lib/libinstrument.so
740ff2843000-740ff2844000 ---p 00000000 00:00 0 
740ff2844000-740ff2845000 r--p 00000000 00:00 0 
740ff2845000-740ff2847000 rw-p 00000000 00:00 0 
740ff2847000-740ff2849000 r--p 00000000 08:03 1838                       /usr/lib/x86_64-linux-gnu/ld-linux-x86-64.so.2
740ff2849000-740ff2873000 r-xp 00002000 08:03 1838                       /usr/lib/x86_64-linux-gnu/ld-linux-x86-64.so.2
740ff2873000-740ff287e000 r--p 0002c000 08:03 1838                       /usr/lib/x86_64-linux-gnu/ld-linux-x86-64.so.2
740ff287e000-740ff287f000 ---p 00000000 00:00 0 
740ff287f000-740ff2881000 r--p 00037000 08:03 1838                       /usr/lib/x86_64-linux-gnu/ld-linux-x86-64.so.2
740ff2881000-740ff2883000 rw-p 00039000 08:03 1838                       /usr/lib/x86_64-linux-gnu/ld-linux-x86-64.so.2
7ffca0ddf000-7ffca0e01000 rw-p 00000000 00:00 0                          [stack]
7ffca0f1b000-7ffca0f1f000 r--p 00000000 00:00 0                          [vvar]
7ffca0f1f000-7ffca0f21000 r-xp 00000000 00:00 0                          [vdso]
ffffffffff600000-ffffffffff601000 --xp 00000000 00:00 0                  [vsyscall]
Total number of mappings: 427


VM Arguments:
jvm_args: -javaagent:/snap/intellij-idea-community/502/lib/idea_rt.jar=39669:/snap/intellij-idea-community/502/bin -Dfile.encoding=UTF-8 -Dsun.stdout.encoding=UTF-8 -Dsun.stderr.encoding=UTF-8 
java_command: net.minecraftrecreation.client.Main --name test
java_class_path (initial): /home/denis0001/IdeaProjects/MinecraftRecreation/target/classes:/home/denis0001/.m2/repository/org/lwjgl/lwjgl/3.1.1/lwjgl-3.1.1.jar:/home/denis0001/.m2/repository/org/lwjgl/lwjgl-bgfx/3.1.1/lwjgl-bgfx-3.1.1.jar:/home/denis0001/.m2/repository/org/lwjgl/lwjgl-glfw/3.1.1/lwjgl-glfw-3.1.1.jar:/home/denis0001/.m2/repository/org/lwjgl/lwjgl-nanovg/3.1.1/lwjgl-nanovg-3.1.1.jar:/home/denis0001/.m2/repository/org/lwjgl/lwjgl-nuklear/3.1.1/lwjgl-nuklear-3.1.1.jar:/home/denis0001/.m2/repository/org/lwjgl/lwjgl-openal/3.1.1/lwjgl-openal-3.1.1.jar:/home/denis0001/.m2/repository/org/lwjgl/lwjgl-opengl/3.1.1/lwjgl-opengl-3.1.1.jar:/home/denis0001/.m2/repository/org/lwjgl/lwjgl-par/3.1.1/lwjgl-par-3.1.1.jar:/home/denis0001/.m2/repository/org/lwjgl/lwjgl-stb/3.1.1/lwjgl-stb-3.1.1.jar:/home/denis0001/.m2/repository/org/lwjgl/lwjgl-vulkan/3.1.1/lwjgl-vulkan-3.1.1.jar:/home/denis0001/.m2/repository/org/lwjgl/lwjgl/3.1.1/lwjgl-3.1.1-natives-linux.jar:/home/denis0001/.m2/repository/org/lwjgl/lwjgl-bgfx/3.1.1/lwjgl-bgfx-3.1.1-natives-linux.jar:/home/denis0001/.m2/repository/org/lwjgl/lwjgl-glfw/3.1.1/lwjgl-glfw-3.1.1-natives-linux.jar:/home/denis0001/.m2/repository/org/lwjgl/lwjgl-nanovg/3.1.1/lwjgl-nanovg-3.1.1-natives-linux.jar:/home/denis0001/.m2/repository/org/lwjgl/lwjgl-nuklear/3.1.1/lwjgl-nuklear-3.1.1-natives-linux.jar:/home/denis0001/.m2/repository/org/lwjgl/lwjgl-openal/3.1.1/lwjgl-openal-3.1.1-natives-linux.jar:/home/denis0001/.m2/repository/org/lwjgl/lwjgl-par/3.1.1/lwjgl-par-3.1.1-natives-linux.jar:/home/denis0001/.m2/repository/org/lwjgl/lwjgl-stb/3.1.1/lwjgl-stb-3.1.1-natives-linux.jar:/home/denis0001/.m2/repository/org/jetbrains/annotations/24.0.0/annotations-24.0.0.jar:/home/denis0001/.m2/repository/commons-io/commons-io/2.16.1/commons-io-2.16.1.jar:/home/denis0001/.m2/repository/org/joml/joml/1.10.5/joml-1.10.5.jar:/home/denis0001/IdeaProjects/MinecraftRecreation/libs/util-1.0.jar:/home/denis0001/IdeaProjects/MinecraftRecreation/libs/logging-1.0.jar:/home/denis0001/.m2/repository/io/github/spair/imgui-java-binding/1.86.11/imgui-java-binding-1.86.11.jar:/home/denis0001/.m2/repository/io/github/spair/imgui-java-natives-linux/1.86.11/imgui-java-natives-linux-1.86.11.jar:/home/denis0001/.m2/repository/org/lwjgl/lwjgl-assimp/3.1.1/lwjgl-assimp-3.1.1.jar:/home/denis0001/.m2/repository/org/lwjgl/lwjgl-assimp/3.1.1/lwjgl-assimp-3.1.1-natives-linux.jar:/home/denis0001/IdeaProjects/MinecraftRecreation/libs/lwjgl-opengl-3.1.1-natives-linux.jar
Launcher Type: SUN_STANDARD

[Global flags]
     intx CICompilerCount                          = 3                                         {product} {ergonomic}
     uint ConcGCThreads                            = 1                                         {product} {ergonomic}
     uint G1ConcRefinementThreads                  = 4                                         {product} {ergonomic}
   size_t G1HeapRegionSize                         = 4194304                                   {product} {ergonomic}
   size_t InitialHeapSize                          = 394264576                                 {product} {ergonomic}
   size_t MarkStackSize                            = 4194304                                   {product} {ergonomic}
   size_t MaxHeapSize                              = 6287261696                                {product} {ergonomic}
   size_t MaxNewSize                               = 3770679296                                {product} {ergonomic}
   size_t MinHeapDeltaBytes                        = 4194304                                   {product} {ergonomic}
   size_t MinHeapSize                              = 8388608                                   {product} {ergonomic}
    uintx NonNMethodCodeHeapSize                   = 5832780                                {pd product} {ergonomic}
    uintx NonProfiledCodeHeapSize                  = 122912730                              {pd product} {ergonomic}
    uintx ProfiledCodeHeapSize                     = 122912730                              {pd product} {ergonomic}
    uintx ReservedCodeCacheSize                    = 251658240                              {pd product} {ergonomic}
     bool SegmentedCodeCache                       = true                                      {product} {ergonomic}
   size_t SoftMaxHeapSize                          = 6287261696                             {manageable} {ergonomic}
     bool UseCompressedOops                        = true                           {product lp64_product} {ergonomic}
     bool UseG1GC                                  = true                                      {product} {ergonomic}

Logging:
Log output configuration:
 #0: stdout all=warning uptime,level,tags foldmultilines=false
 #1: stderr all=off uptime,level,tags foldmultilines=false

Environment Variables:
PATH=/usr/local/sbin:/usr/local/bin:/usr/sbin:/usr/bin:/sbin:/bin:/usr/games:/usr/local/games:/snap/bin
SHELL=/bin/bash
DISPLAY=:0
LANG=ru_RU.UTF-8

Active Locale:
LC_ALL=ru_RU.UTF-8
LC_COLLATE=ru_RU.UTF-8
LC_CTYPE=ru_RU.UTF-8
LC_MESSAGES=ru_RU.UTF-8
LC_MONETARY=ru_RU.UTF-8
LC_NUMERIC=ru_RU.UTF-8
LC_TIME=ru_RU.UTF-8

Signal Handlers:
   SIGSEGV: crash_handler in libjvm.so, mask=11100100010111111101111111111110, flags=SA_RESTART|SA_SIGINFO, unblocked
    SIGBUS: crash_handler in libjvm.so, mask=11100100010111111101111111111110, flags=SA_RESTART|SA_SIGINFO, unblocked
    SIGFPE: crash_handler in libjvm.so, mask=11100100010111111101111111111110, flags=SA_RESTART|SA_SIGINFO, unblocked
   SIGPIPE: javaSignalHandler in libjvm.so, mask=11100100010111111101111111111110, flags=SA_RESTART|SA_SIGINFO, blocked
   SIGXFSZ: javaSignalHandler in libjvm.so, mask=11100100010111111101111111111110, flags=SA_RESTART|SA_SIGINFO, blocked
    SIGILL: crash_handler in libjvm.so, mask=11100100010111111101111111111110, flags=SA_RESTART|SA_SIGINFO, unblocked
   SIGUSR2: SR_handler in libjvm.so, mask=00100000000000000000000000000000, flags=SA_RESTART|SA_SIGINFO, blocked
    SIGHUP: UserHandler in libjvm.so, mask=11100100010111111101111111111110, flags=SA_RESTART|SA_SIGINFO, blocked
    SIGINT: UserHandler in libjvm.so, mask=11100100010111111101111111111110, flags=SA_RESTART|SA_SIGINFO, blocked
   SIGTERM: UserHandler in libjvm.so, mask=11100100010111111101111111111110, flags=SA_RESTART|SA_SIGINFO, blocked
   SIGQUIT: UserHandler in libjvm.so, mask=11100100010111111101111111111110, flags=SA_RESTART|SA_SIGINFO, blocked
   SIGTRAP: crash_handler in libjvm.so, mask=11100100010111111101111111111110, flags=SA_RESTART|SA_SIGINFO, unblocked


Periodic native trim disabled

---------------  S Y S T E M  ---------------

OS:
DISTRIB_ID=Ubuntu
DISTRIB_RELEASE=22.04
DISTRIB_CODENAME=jammy
DISTRIB_DESCRIPTION="Ubuntu 22.04.4 LTS"
uname: Linux 6.5.0-35-generic #35~22.04.1-Ubuntu SMP PREEMPT_DYNAMIC Tue May  7 09:00:52 UTC 2 x86_64
OS uptime: 0 days 12:36 hours
libc: glibc 2.35 NPTL 2.35 
rlimit (soft/hard): STACK 8192k/infinity , CORE 0k/infinity , NPROC 95417/95417 , NOFILE 1048576/1048576 , AS infinity/infinity , CPU infinity/infinity , DATA infinity/infinity , FSIZE infinity/infinity , MEMLOCK 3069496k/3069496k
load average: 1,15 0,58 0,56

/proc/meminfo:
MemTotal:       24555984 kB
MemFree:         7542148 kB
MemAvailable:   15491020 kB
Buffers:          975624 kB
Cached:          7171928 kB
SwapCached:            0 kB
Active:         10575780 kB
Inactive:        5293776 kB
Active(anon):    7960480 kB
Inactive(anon):        0 kB
Active(file):    2615300 kB
Inactive(file):  5293776 kB
Unevictable:          32 kB
Mlocked:              32 kB
SwapTotal:       2097148 kB
SwapFree:        2097148 kB
Zswap:                 0 kB
Zswapped:              0 kB
Dirty:             14052 kB
Writeback:             0 kB
AnonPages:       7722072 kB
Mapped:          1967980 kB
Shmem:            239516 kB
KReclaimable:     439472 kB
Slab:             681708 kB
SReclaimable:     439472 kB
SUnreclaim:       242236 kB
KernelStack:       21712 kB
PageTables:        76008 kB
SecPageTables:         0 kB
NFS_Unstable:          0 kB
Bounce:                0 kB
WritebackTmp:          0 kB
CommitLimit:    14375140 kB
Committed_AS:   18817132 kB
VmallocTotal:   34359738367 kB
VmallocUsed:      110840 kB
VmallocChunk:          0 kB
Percpu:             2992 kB
HardwareCorrupted:     0 kB
AnonHugePages:         0 kB
ShmemHugePages:        0 kB
ShmemPmdMapped:        0 kB
FileHugePages:         0 kB
FilePmdMapped:         0 kB
Unaccepted:            0 kB
HugePages_Total:       0
HugePages_Free:        0
HugePages_Rsvd:        0
HugePages_Surp:        0
Hugepagesize:       2048 kB
Hugetlb:               0 kB
DirectMap4k:      866452 kB
DirectMap2M:    19011584 kB
DirectMap1G:     5242880 kB

/sys/kernel/mm/transparent_hugepage/enabled: always [madvise] never
/sys/kernel/mm/transparent_hugepage/shmem_enabled: always within_size advise [never] deny force
/sys/kernel/mm/transparent_hugepage/defrag (defrag/compaction efforts parameter): always defer defer+madvise [madvise] never

Process Memory:
Virtual Size: 9597804K (peak: 9653040K)
Resident Set Size: 415948K (peak: 415948K) (anon: 356936K, file: 59012K, shmem: 0K)
Swapped out: 0K
C-Heap outstanding allocations: 63238K, retained: 35497K
glibc malloc tunables: (default)

/proc/sys/kernel/threads-max (system-wide limit on the number of threads): 190835
/proc/sys/vm/max_map_count (maximum number of memory map areas a process may have): 65530
/proc/sys/kernel/pid_max (system-wide limit on number of process identifiers): 4194304

container (cgroup) information:
container_type: cgroupv2
cpu_cpuset_cpus: not supported
cpu_memory_nodes: not supported
active_processor_count: 4
cpu_quota: not supported
cpu_period: not supported
cpu_shares: not supported
memory_limit_in_bytes: unlimited
memory_and_swap_limit_in_bytes: unlimited
memory_soft_limit_in_bytes: unlimited
memory_usage_in_bytes: 5060300 k
memory_max_usage_in_bytes: not supported
memory_swap_current_in_bytes: unlimited
memory_swap_max_limit_in_bytes: unlimited
maximum number of tasks: 28625
current number of tasks: 352

Steal ticks since vm start: 0
Steal ticks percentage since vm start:  0,000

CPU: total 4 (initial active 4) (4 cores per cpu, 1 threads per core) family 6 model 94 stepping 3 microcode 0xf0, cx8, cmov, fxsr, mmx, 3dnowpref, sse, sse2, sse3, ssse3, sse4.1, sse4.2, popcnt, lzcnt, tsc, tscinvbit, avx, avx2, aes, erms, clmul, bmi1, bmi2, adx, fma, vzeroupper, clflush, clflushopt, rdtscp, f16c
CPU Model and flags from /proc/cpuinfo:
model name	: Intel(R) Core(TM) i5-6600 CPU @ 3.30GHz
flags		: fpu vme de pse tsc msr pae mce cx8 apic sep mtrr pge mca cmov pat pse36 clflush dts acpi mmx fxsr sse sse2 ss ht tm pbe syscall nx pdpe1gb rdtscp lm constant_tsc art arch_perfmon pebs bts rep_good nopl xtopology nonstop_tsc cpuid aperfmperf pni pclmulqdq dtes64 monitor ds_cpl vmx smx est tm2 ssse3 sdbg fma cx16 xtpr pdcm pcid sse4_1 sse4_2 x2apic movbe popcnt tsc_deadline_timer aes xsave avx f16c rdrand lahf_lm abm 3dnowprefetch cpuid_fault invpcid_single pti ssbd ibrs ibpb stibp tpr_shadow flexpriority ept vpid ept_ad fsgsbase tsc_adjust bmi1 avx2 smep bmi2 erms invpcid mpx rdseed adx smap clflushopt intel_pt xsaveopt xsavec xgetbv1 xsaves dtherm ida arat pln pts hwp hwp_notify hwp_act_window hwp_epp vnmi md_clear flush_l1d arch_capabilities

Online cpus: 0-3
Offline cpus: 
BIOS frequency limitation: <Not Available>
Frequency switch latency (ns): 0
Available cpu frequencies: <Not Available>
Current governor: powersave
Core performance/turbo boost: <Not Available>

Memory: 4k page, physical 24555984k(15491020k free), swap 2097148k(2097148k free)
Page Sizes: 4k

vm_info: OpenJDK 64-Bit Server VM (22+36-2370) for linux-amd64 JRE (22+36-2370), built on 2024-02-15T22:15:19Z by "mach5one" with gcc 13.2.0

END.
