#
# A fatal error has been detected by the Java Runtime Environment:
#
#  SIGSEGV (0xb) at pc=0x0000727ae67b1210, pid=60600, tid=60637
#
# JRE version: OpenJDK Runtime Environment (22.0+36) (build 22+36-2370)
# Java VM: OpenJDK 64-Bit Server VM (22+36-2370, mixed mode, sharing, tiered, compressed oops, compressed class ptrs, g1 gc, linux-amd64)
# Problematic frame:
# C  [libnvidia-glcore.so.535.171.04+0x15b1210]
#
# Core dump will be written. Default location: Core dumps may be processed with "/usr/share/apport/apport -p%p -s%s -c%c -d%d -P%P -u%u -g%g -- %E" (or dumping to /home/denis0001/IdeaProjects/MinecraftRecreation/core.60600)
#
# If you would like to submit a bug report, please visit:
#   https://bugreport.java.com/bugreport/crash.jsp
#

---------------  S U M M A R Y ------------

Command Line: -javaagent:/snap/intellij-idea-community/502/lib/idea_rt.jar=39627:/snap/intellij-idea-community/502/bin -Dfile.encoding=UTF-8 -Dsun.stdout.encoding=UTF-8 -Dsun.stderr.encoding=UTF-8 net.minecraftrecreation.client.Main --name test

Host: Intel(R) Core(TM) i5-6600 CPU @ 3.30GHz, 4 cores, 23G, Ubuntu 22.04.4 LTS
Time: Sat Jun  8 23:30:33 2024 MSK elapsed time: 2.649663 seconds (0d 0h 0m 2s)

---------------  T H R E A D  ---------------

Current thread is native thread

Stack: [0x0000727b68c00000,0x0000727b69400000],  sp=0x0000727b693fd0a8,  free space=8180k
Native frames: (J=compiled Java code, j=interpreted, Vv=VM code, C=native code)
C  [libnvidia-glcore.so.535.171.04+0x15b1210]

siginfo: si_signo: 11 (SIGSEGV), si_code: 1 (SEGV_MAPERR), si_addr: 0x0000000000000000

Registers:
RAX=0x0000727b5bf34a98, RBX=0x0000727b5bf34a98, RCX=0x0000000000000010, RDX=0x0000727b5bf34c18
RSP=0x0000727b693fd0a8, RBP=0x0000727b5bedea40, RSI=0x0000000000000000, RDI=0x0000727b5bf34a98
R8 =0x0000000000000018, R9 =0x0000000000000024, R10=0x0000727ae67b11f0, R11=0x0000727adc00e8f4
R12=0x0000727adc52a478, R13=0x0000727b5bedea28, R14=0x0000000000000000, R15=0x0000000000000002
RIP=0x0000727ae67b1210, EFLAGS=0x0000000000010206, CSGSFS=0x002b000000000033, ERR=0x0000000000000004
  TRAPNO=0x000000000000000e


Top of Stack: (sp=0x0000727b693fd0a8)
0x0000727b693fd0a8:   0000727ae688fe94 0000000040e52000
0x0000727b693fd0b8:   0000000000000018 0000727b5bedea40
0x0000727b693fd0c8:   0000001800000007 00000000042a4c18
0x0000727b693fd0d8:   0000727a00000000 0000000000000000
0x0000727b693fd0e8:   0000727adc006a00 0000000040e52000
0x0000727b693fd0f8:   0000000000000000 0000727ae7de41a0
0x0000727b693fd108:   0000727adc52bc20 0000000000004083
0x0000727b693fd118:   10c0000000000000 0604020000000006
0x0000727b693fd128:   0000000000000000 0000000040e52000
0x0000727b693fd138:   0000000000000024 0000000000000004
0x0000727b693fd148:   0000727adc006a00 0000000000000000
0x0000727b693fd158:   0000727ae6892c93 0000000000000000
0x0000727b693fd168:   0000000000001405 0000727b00001405
0x0000727b693fd178:   0000727b98484730 0000000000001405
0x0000727b693fd188:   0000000000000000 0000727adc52a478
0x0000727b693fd198:   0000000000000018 0000000000001405
0x0000727b693fd1a8:   0000000000000000 0000000040e52000
0x0000727b693fd1b8:   0000000000000004 0000000000001405
0x0000727b693fd1c8:   0000000000000010 0000000000000024
0x0000727b693fd1d8:   0000727ae64f53d6 0000000000000000
0x0000727b693fd1e8:   0000727ae64f511e 00005a9d05e2b580
0x0000727b693fd1f8:   00005a9dffffffff 00005a9d082ecd60
0x0000727b693fd208:   0000727b98dcd3f4 0000727b68bfe988
0x0000727b693fd218:   0000727b6831e040 0000000040e52000
0x0000727b693fd228:   0000000000000024 0000000000001405
0x0000727b693fd238:   0000727ae64e2ff6 0000000000000000
0x0000727b693fd248:   0000000000000000 0000000000000000
0x0000727b693fd258:   0000000000000000 0000000000000000
0x0000727b693fd268:   0000000000000000 0000000000000000
0x0000727b693fd278:   0000000000000000 0000000000000000
0x0000727b693fd288:   00005a9d05e18990 00005a9d06f49ea0
0x0000727b693fd298:   00005a9d06f4a3c0 00005a9d07ba8ff0 

Instructions: (pc=0x0000727ae67b1210)
0x0000727ae67b1110:   48 89 47 08 48 89 70 20 48 8b 56 10 83 e2 01 48
0x0000727ae67b1120:   09 d0 48 89 46 10 c3 66 0f 1f 84 00 00 00 00 00
0x0000727ae67b1130:   48 89 42 20 eb de 66 2e 0f 1f 84 00 00 00 00 00
0x0000727ae67b1140:   83 e9 01 48 89 f8 48 63 d2 48 8d 4c 8f 04 66 90
0x0000727ae67b1150:   f3 0f 10 06 48 83 c0 04 48 01 d6 f3 0f 11 40 fc
0x0000727ae67b1160:   48 39 c8 75 eb c3 66 2e 0f 1f 84 00 00 00 00 00
0x0000727ae67b1170:   83 e9 01 48 89 f8 48 63 d2 48 8d 4c cf 08 66 90
0x0000727ae67b1180:   f3 0f 10 06 48 83 c0 08 f3 0f 11 40 f8 f3 0f 10
0x0000727ae67b1190:   46 04 48 01 d6 f3 0f 11 40 fc 48 39 c8 75 e1 c3
0x0000727ae67b11a0:   83 e9 01 48 89 f8 48 63 d2 48 8d 4c 49 03 48 8d
0x0000727ae67b11b0:   0c 8f 66 0f 1f 44 00 00 f3 0f 10 06 48 83 c0 0c
0x0000727ae67b11c0:   f3 0f 11 40 f4 f3 0f 10 46 04 f3 0f 11 40 f8 f3
0x0000727ae67b11d0:   0f 10 46 08 48 01 d6 f3 0f 11 40 fc 48 39 c8 75
0x0000727ae67b11e0:   d7 c3 66 2e 0f 1f 84 00 00 00 00 00 0f 1f 40 00
0x0000727ae67b11f0:   41 89 c8 48 63 ca 48 89 f8 41 8d 50 ff 48 83 c2
0x0000727ae67b1200:   01 48 c1 e2 04 48 01 fa 0f 1f 84 00 00 00 00 00
0x0000727ae67b1210:   f3 0f 10 06 48 83 c0 10 f3 0f 11 40 f0 f3 0f 10
0x0000727ae67b1220:   46 04 f3 0f 11 40 f4 f3 0f 10 46 08 f3 0f 11 40
0x0000727ae67b1230:   f8 f3 0f 10 46 0c 48 01 ce f3 0f 11 40 fc 48 39
0x0000727ae67b1240:   d0 75 cd c3 66 2e 0f 1f 84 00 00 00 00 00 66 90
0x0000727ae67b1250:   83 e9 01 48 89 f8 48 63 d2 48 8d 4c 8f 04 66 90
0x0000727ae67b1260:   66 0f ef c0 48 83 c0 04 f2 0f 5a 06 48 01 d6 f3
0x0000727ae67b1270:   0f 11 40 fc 48 39 c8 75 e7 c3 66 0f 1f 44 00 00
0x0000727ae67b1280:   83 e9 01 48 89 f8 48 63 d2 48 8d 4c cf 08 66 90
0x0000727ae67b1290:   66 0f ef c0 48 83 c0 08 f2 0f 5a 06 f3 0f 11 40
0x0000727ae67b12a0:   f8 66 0f ef c0 f2 0f 5a 46 08 48 01 d6 f3 0f 11
0x0000727ae67b12b0:   40 fc 48 39 c8 75 d9 c3 0f 1f 84 00 00 00 00 00
0x0000727ae67b12c0:   83 e9 01 48 89 f8 48 63 d2 48 8d 4c 49 03 48 8d
0x0000727ae67b12d0:   0c 8f 66 0f 1f 44 00 00 66 0f ef c0 48 83 c0 0c
0x0000727ae67b12e0:   f2 0f 5a 06 f3 0f 11 40 f4 66 0f ef c0 f2 0f 5a
0x0000727ae67b12f0:   46 08 f3 0f 11 40 f8 66 0f ef c0 f2 0f 5a 46 10
0x0000727ae67b1300:   48 01 d6 f3 0f 11 40 fc 48 39 c8 75 cb c3 66 90 



---------------  P R O C E S S  ---------------

VM state: not at safepoint (normal execution)

VM Mutex/Monitor currently owned by a thread: None

Heap address: 0x0000000689400000, size: 5996 MB, Compressed Oops mode: Zero based, Oop shift amount: 3

CDS archive(s) mapped at: [0x0000727b1a000000-0x0000727b1ac74000-0x0000727b1ac74000), size 13058048, SharedBaseAddress: 0x0000727b1a000000, ArchiveRelocationMode: 1.
Compressed class space mapped at: 0x0000727b1b000000-0x0000727b5b000000, reserved size: 1073741824
Narrow klass base: 0x0000727b1a000000, Narrow klass shift: 0, Narrow klass range: 0x100000000

GC Precious Log:
<Skipped>

Heap:
 garbage-first heap   total reserved 6139904K, committed 389120K, used 37542K [0x0000000689400000, 0x0000000800000000)
  region size 4096K, 9 young (36864K), 1 survivors (4096K)
 Metaspace       used 9875K, committed 10048K, reserved 1114112K
  class space    used 571K, committed 640K, reserved 1048576K

Heap Regions: E=young(eden), S=young(survivor), O=old, HS=humongous(starts), HC=humongous(continues), CS=collection set, F=free, TAMS=top-at-mark-start, PB=parsable bottom
|   0|0x0000000689400000, 0x000000068966e200, 0x0000000689800000| 60%| O|  |TAMS 0x0000000689400000| PB 0x0000000689400000| Untracked |  0
|   1|0x0000000689800000, 0x0000000689800000, 0x0000000689c00000|  0%| F|  |TAMS 0x0000000689800000| PB 0x0000000689800000| Untracked |  0
|   2|0x0000000689c00000, 0x0000000689c00000, 0x000000068a000000|  0%| F|  |TAMS 0x0000000689c00000| PB 0x0000000689c00000| Untracked |  0
|   3|0x000000068a000000, 0x000000068a000000, 0x000000068a400000|  0%| F|  |TAMS 0x000000068a000000| PB 0x000000068a000000| Untracked |  0
|   4|0x000000068a400000, 0x000000068a400000, 0x000000068a800000|  0%| F|  |TAMS 0x000000068a400000| PB 0x000000068a400000| Untracked |  0
|   5|0x000000068a800000, 0x000000068a800000, 0x000000068ac00000|  0%| F|  |TAMS 0x000000068a800000| PB 0x000000068a800000| Untracked |  0
|   6|0x000000068ac00000, 0x000000068ac00000, 0x000000068b000000|  0%| F|  |TAMS 0x000000068ac00000| PB 0x000000068ac00000| Untracked |  0
|   7|0x000000068b000000, 0x000000068b000000, 0x000000068b400000|  0%| F|  |TAMS 0x000000068b000000| PB 0x000000068b000000| Untracked |  0
|   8|0x000000068b400000, 0x000000068b400000, 0x000000068b800000|  0%| F|  |TAMS 0x000000068b400000| PB 0x000000068b400000| Untracked |  0
|   9|0x000000068b800000, 0x000000068b800000, 0x000000068bc00000|  0%| F|  |TAMS 0x000000068b800000| PB 0x000000068b800000| Untracked |  0
|  10|0x000000068bc00000, 0x000000068bc00000, 0x000000068c000000|  0%| F|  |TAMS 0x000000068bc00000| PB 0x000000068bc00000| Untracked |  0
|  11|0x000000068c000000, 0x000000068c000000, 0x000000068c400000|  0%| F|  |TAMS 0x000000068c000000| PB 0x000000068c000000| Untracked |  0
|  12|0x000000068c400000, 0x000000068c400000, 0x000000068c800000|  0%| F|  |TAMS 0x000000068c400000| PB 0x000000068c400000| Untracked |  0
|  13|0x000000068c800000, 0x000000068c800000, 0x000000068cc00000|  0%| F|  |TAMS 0x000000068c800000| PB 0x000000068c800000| Untracked |  0
|  14|0x000000068cc00000, 0x000000068cc00000, 0x000000068d000000|  0%| F|  |TAMS 0x000000068cc00000| PB 0x000000068cc00000| Untracked |  0
|  15|0x000000068d000000, 0x000000068d000000, 0x000000068d400000|  0%| F|  |TAMS 0x000000068d000000| PB 0x000000068d000000| Untracked |  0
|  16|0x000000068d400000, 0x000000068d400000, 0x000000068d800000|  0%| F|  |TAMS 0x000000068d400000| PB 0x000000068d400000| Untracked |  0
|  17|0x000000068d800000, 0x000000068d800000, 0x000000068dc00000|  0%| F|  |TAMS 0x000000068d800000| PB 0x000000068d800000| Untracked |  0
|  18|0x000000068dc00000, 0x000000068dc00000, 0x000000068e000000|  0%| F|  |TAMS 0x000000068dc00000| PB 0x000000068dc00000| Untracked |  0
|  19|0x000000068e000000, 0x000000068e000000, 0x000000068e400000|  0%| F|  |TAMS 0x000000068e000000| PB 0x000000068e000000| Untracked |  0
|  20|0x000000068e400000, 0x000000068e400000, 0x000000068e800000|  0%| F|  |TAMS 0x000000068e400000| PB 0x000000068e400000| Untracked |  0
|  21|0x000000068e800000, 0x000000068e800000, 0x000000068ec00000|  0%| F|  |TAMS 0x000000068e800000| PB 0x000000068e800000| Untracked |  0
|  22|0x000000068ec00000, 0x000000068ec00000, 0x000000068f000000|  0%| F|  |TAMS 0x000000068ec00000| PB 0x000000068ec00000| Untracked |  0
|  23|0x000000068f000000, 0x000000068f000000, 0x000000068f400000|  0%| F|  |TAMS 0x000000068f000000| PB 0x000000068f000000| Untracked |  0
|  24|0x000000068f400000, 0x000000068f400000, 0x000000068f800000|  0%| F|  |TAMS 0x000000068f400000| PB 0x000000068f400000| Untracked |  0
|  25|0x000000068f800000, 0x000000068f800000, 0x000000068fc00000|  0%| F|  |TAMS 0x000000068f800000| PB 0x000000068f800000| Untracked |  0
|  26|0x000000068fc00000, 0x000000068fc00000, 0x0000000690000000|  0%| F|  |TAMS 0x000000068fc00000| PB 0x000000068fc00000| Untracked |  0
|  27|0x0000000690000000, 0x0000000690000000, 0x0000000690400000|  0%| F|  |TAMS 0x0000000690000000| PB 0x0000000690000000| Untracked |  0
|  28|0x0000000690400000, 0x0000000690400000, 0x0000000690800000|  0%| F|  |TAMS 0x0000000690400000| PB 0x0000000690400000| Untracked |  0
|  29|0x0000000690800000, 0x0000000690800000, 0x0000000690c00000|  0%| F|  |TAMS 0x0000000690800000| PB 0x0000000690800000| Untracked |  0
|  30|0x0000000690c00000, 0x0000000690c00000, 0x0000000691000000|  0%| F|  |TAMS 0x0000000690c00000| PB 0x0000000690c00000| Untracked |  0
|  31|0x0000000691000000, 0x0000000691000000, 0x0000000691400000|  0%| F|  |TAMS 0x0000000691000000| PB 0x0000000691000000| Untracked |  0
|  32|0x0000000691400000, 0x0000000691400000, 0x0000000691800000|  0%| F|  |TAMS 0x0000000691400000| PB 0x0000000691400000| Untracked |  0
|  33|0x0000000691800000, 0x0000000691800000, 0x0000000691c00000|  0%| F|  |TAMS 0x0000000691800000| PB 0x0000000691800000| Untracked |  0
|  34|0x0000000691c00000, 0x0000000691c00000, 0x0000000692000000|  0%| F|  |TAMS 0x0000000691c00000| PB 0x0000000691c00000| Untracked |  0
|  35|0x0000000692000000, 0x0000000692000000, 0x0000000692400000|  0%| F|  |TAMS 0x0000000692000000| PB 0x0000000692000000| Untracked |  0
|  36|0x0000000692400000, 0x0000000692400000, 0x0000000692800000|  0%| F|  |TAMS 0x0000000692400000| PB 0x0000000692400000| Untracked |  0
|  37|0x0000000692800000, 0x0000000692800000, 0x0000000692c00000|  0%| F|  |TAMS 0x0000000692800000| PB 0x0000000692800000| Untracked |  0
|  38|0x0000000692c00000, 0x0000000692d332f0, 0x0000000693000000| 29%| S|CS|TAMS 0x0000000692c00000| PB 0x0000000692c00000| Complete |  0
|  39|0x0000000693000000, 0x0000000693000000, 0x0000000693400000|  0%| F|  |TAMS 0x0000000693000000| PB 0x0000000693000000| Untracked |  0
|  40|0x0000000693400000, 0x0000000693400000, 0x0000000693800000|  0%| F|  |TAMS 0x0000000693400000| PB 0x0000000693400000| Untracked |  0
|  41|0x0000000693800000, 0x0000000693800000, 0x0000000693c00000|  0%| F|  |TAMS 0x0000000693800000| PB 0x0000000693800000| Untracked |  0
|  42|0x0000000693c00000, 0x0000000693c00000, 0x0000000694000000|  0%| F|  |TAMS 0x0000000693c00000| PB 0x0000000693c00000| Untracked |  0
|  43|0x0000000694000000, 0x0000000694000000, 0x0000000694400000|  0%| F|  |TAMS 0x0000000694000000| PB 0x0000000694000000| Untracked |  0
|  44|0x0000000694400000, 0x0000000694400000, 0x0000000694800000|  0%| F|  |TAMS 0x0000000694400000| PB 0x0000000694400000| Untracked |  0
|  45|0x0000000694800000, 0x0000000694800000, 0x0000000694c00000|  0%| F|  |TAMS 0x0000000694800000| PB 0x0000000694800000| Untracked |  0
|  46|0x0000000694c00000, 0x0000000694c00000, 0x0000000695000000|  0%| F|  |TAMS 0x0000000694c00000| PB 0x0000000694c00000| Untracked |  0
|  47|0x0000000695000000, 0x0000000695000000, 0x0000000695400000|  0%| F|  |TAMS 0x0000000695000000| PB 0x0000000695000000| Untracked |  0
|  48|0x0000000695400000, 0x0000000695400000, 0x0000000695800000|  0%| F|  |TAMS 0x0000000695400000| PB 0x0000000695400000| Untracked |  0
|  49|0x0000000695800000, 0x0000000695800000, 0x0000000695c00000|  0%| F|  |TAMS 0x0000000695800000| PB 0x0000000695800000| Untracked |  0
|  50|0x0000000695c00000, 0x0000000695c00000, 0x0000000696000000|  0%| F|  |TAMS 0x0000000695c00000| PB 0x0000000695c00000| Untracked |  0
|  51|0x0000000696000000, 0x0000000696000000, 0x0000000696400000|  0%| F|  |TAMS 0x0000000696000000| PB 0x0000000696000000| Untracked |  0
|  52|0x0000000696400000, 0x0000000696400000, 0x0000000696800000|  0%| F|  |TAMS 0x0000000696400000| PB 0x0000000696400000| Untracked |  0
|  53|0x0000000696800000, 0x0000000696800000, 0x0000000696c00000|  0%| F|  |TAMS 0x0000000696800000| PB 0x0000000696800000| Untracked |  0
|  54|0x0000000696c00000, 0x0000000696c00000, 0x0000000697000000|  0%| F|  |TAMS 0x0000000696c00000| PB 0x0000000696c00000| Untracked |  0
|  55|0x0000000697000000, 0x0000000697000000, 0x0000000697400000|  0%| F|  |TAMS 0x0000000697000000| PB 0x0000000697000000| Untracked |  0
|  56|0x0000000697400000, 0x0000000697400000, 0x0000000697800000|  0%| F|  |TAMS 0x0000000697400000| PB 0x0000000697400000| Untracked |  0
|  57|0x0000000697800000, 0x0000000697800000, 0x0000000697c00000|  0%| F|  |TAMS 0x0000000697800000| PB 0x0000000697800000| Untracked |  0
|  58|0x0000000697c00000, 0x0000000697c00000, 0x0000000698000000|  0%| F|  |TAMS 0x0000000697c00000| PB 0x0000000697c00000| Untracked |  0
|  59|0x0000000698000000, 0x0000000698000000, 0x0000000698400000|  0%| F|  |TAMS 0x0000000698000000| PB 0x0000000698000000| Untracked |  0
|  60|0x0000000698400000, 0x0000000698400000, 0x0000000698800000|  0%| F|  |TAMS 0x0000000698400000| PB 0x0000000698400000| Untracked |  0
|  61|0x0000000698800000, 0x0000000698800000, 0x0000000698c00000|  0%| F|  |TAMS 0x0000000698800000| PB 0x0000000698800000| Untracked |  0
|  62|0x0000000698c00000, 0x0000000698c00000, 0x0000000699000000|  0%| F|  |TAMS 0x0000000698c00000| PB 0x0000000698c00000| Untracked |  0
|  63|0x0000000699000000, 0x0000000699000000, 0x0000000699400000|  0%| F|  |TAMS 0x0000000699000000| PB 0x0000000699000000| Untracked |  0
|  64|0x0000000699400000, 0x0000000699400000, 0x0000000699800000|  0%| F|  |TAMS 0x0000000699400000| PB 0x0000000699400000| Untracked |  0
|  65|0x0000000699800000, 0x0000000699800000, 0x0000000699c00000|  0%| F|  |TAMS 0x0000000699800000| PB 0x0000000699800000| Untracked |  0
|  66|0x0000000699c00000, 0x0000000699c00000, 0x000000069a000000|  0%| F|  |TAMS 0x0000000699c00000| PB 0x0000000699c00000| Untracked |  0
|  67|0x000000069a000000, 0x000000069a000000, 0x000000069a400000|  0%| F|  |TAMS 0x000000069a000000| PB 0x000000069a000000| Untracked |  0
|  68|0x000000069a400000, 0x000000069a400000, 0x000000069a800000|  0%| F|  |TAMS 0x000000069a400000| PB 0x000000069a400000| Untracked |  0
|  69|0x000000069a800000, 0x000000069a800000, 0x000000069ac00000|  0%| F|  |TAMS 0x000000069a800000| PB 0x000000069a800000| Untracked |  0
|  70|0x000000069ac00000, 0x000000069ac00000, 0x000000069b000000|  0%| F|  |TAMS 0x000000069ac00000| PB 0x000000069ac00000| Untracked |  0
|  71|0x000000069b000000, 0x000000069b000000, 0x000000069b400000|  0%| F|  |TAMS 0x000000069b000000| PB 0x000000069b000000| Untracked |  0
|  72|0x000000069b400000, 0x000000069b400000, 0x000000069b800000|  0%| F|  |TAMS 0x000000069b400000| PB 0x000000069b400000| Untracked |  0
|  73|0x000000069b800000, 0x000000069b800000, 0x000000069bc00000|  0%| F|  |TAMS 0x000000069b800000| PB 0x000000069b800000| Untracked |  0
|  74|0x000000069bc00000, 0x000000069bc00000, 0x000000069c000000|  0%| F|  |TAMS 0x000000069bc00000| PB 0x000000069bc00000| Untracked |  0
|  75|0x000000069c000000, 0x000000069c000000, 0x000000069c400000|  0%| F|  |TAMS 0x000000069c000000| PB 0x000000069c000000| Untracked |  0
|  76|0x000000069c400000, 0x000000069c400000, 0x000000069c800000|  0%| F|  |TAMS 0x000000069c400000| PB 0x000000069c400000| Untracked |  0
|  77|0x000000069c800000, 0x000000069c800000, 0x000000069cc00000|  0%| F|  |TAMS 0x000000069c800000| PB 0x000000069c800000| Untracked |  0
|  78|0x000000069cc00000, 0x000000069cc00000, 0x000000069d000000|  0%| F|  |TAMS 0x000000069cc00000| PB 0x000000069cc00000| Untracked |  0
|  79|0x000000069d000000, 0x000000069d000000, 0x000000069d400000|  0%| F|  |TAMS 0x000000069d000000| PB 0x000000069d000000| Untracked |  0
|  80|0x000000069d400000, 0x000000069d400000, 0x000000069d800000|  0%| F|  |TAMS 0x000000069d400000| PB 0x000000069d400000| Untracked |  0
|  81|0x000000069d800000, 0x000000069d800000, 0x000000069dc00000|  0%| F|  |TAMS 0x000000069d800000| PB 0x000000069d800000| Untracked |  0
|  82|0x000000069dc00000, 0x000000069dc00000, 0x000000069e000000|  0%| F|  |TAMS 0x000000069dc00000| PB 0x000000069dc00000| Untracked |  0
|  83|0x000000069e000000, 0x000000069e000000, 0x000000069e400000|  0%| F|  |TAMS 0x000000069e000000| PB 0x000000069e000000| Untracked |  0
|  84|0x000000069e400000, 0x000000069e400000, 0x000000069e800000|  0%| F|  |TAMS 0x000000069e400000| PB 0x000000069e400000| Untracked |  0
|  85|0x000000069e800000, 0x000000069e800000, 0x000000069ec00000|  0%| F|  |TAMS 0x000000069e800000| PB 0x000000069e800000| Untracked |  0
|  86|0x000000069ec00000, 0x000000069f000000, 0x000000069f000000|100%| E|  |TAMS 0x000000069ec00000| PB 0x000000069ec00000| Complete |  0
|  87|0x000000069f000000, 0x000000069f400000, 0x000000069f400000|100%| E|CS|TAMS 0x000000069f000000| PB 0x000000069f000000| Complete |  0
|  88|0x000000069f400000, 0x000000069f800000, 0x000000069f800000|100%| E|CS|TAMS 0x000000069f400000| PB 0x000000069f400000| Complete |  0
|  89|0x000000069f800000, 0x000000069fc00000, 0x000000069fc00000|100%| E|CS|TAMS 0x000000069f800000| PB 0x000000069f800000| Complete |  0
|  90|0x000000069fc00000, 0x00000006a0000000, 0x00000006a0000000|100%| E|CS|TAMS 0x000000069fc00000| PB 0x000000069fc00000| Complete |  0
|  91|0x00000006a0000000, 0x00000006a0400000, 0x00000006a0400000|100%| E|CS|TAMS 0x00000006a0000000| PB 0x00000006a0000000| Complete |  0
|  92|0x00000006a0400000, 0x00000006a0800000, 0x00000006a0800000|100%| E|CS|TAMS 0x00000006a0400000| PB 0x00000006a0400000| Complete |  0
|  93|0x00000006a0800000, 0x00000006a0c00000, 0x00000006a0c00000|100%| E|CS|TAMS 0x00000006a0800000| PB 0x00000006a0800000| Complete |  0
|1498|0x00000007ffc00000, 0x00000007ffd086a8, 0x0000000800000000| 25%| O|  |TAMS 0x00000007ffc00000| PB 0x00000007ffc00000| Untracked |  0

Card table byte_map: [0x0000727b7f494000,0x0000727b8004a000] _byte_map_base: 0x0000727b7c04a000

Marking Bits: (CMBitMap*) 0x0000727b980b0050
 Bits: [0x0000727b796e4000, 0x0000727b7f494000)

Polling page: 0x0000727b9e668000

Metaspace:

Usage:
  Non-class:      9,09 MB used.
      Class:    571,77 KB used.
       Both:      9,64 MB used.

Virtual space:
  Non-class space:       64,00 MB reserved,       9,19 MB ( 14%) committed,  1 nodes.
      Class space:        1,00 GB reserved,     640,00 KB ( <1%) committed,  1 nodes.
             Both:        1,06 GB reserved,       9,81 MB ( <1%) committed. 

Chunk freelists:
   Non-Class:  5,95 MB
       Class:  15,38 MB
        Both:  21,33 MB

MaxMetaspaceSize: unlimited
CompressedClassSpaceSize: 1,00 GB
Initial GC threshold: 21,00 MB
Current GC threshold: 21,00 MB
CDS: on
 - commit_granule_bytes: 65536.
 - commit_granule_words: 8192.
 - virtual_space_node_default_size: 8388608.
 - enlarge_chunks_in_place: 1.
 - use_allocation_guard: 0.


Internal statistics:

num_allocs_failed_limit: 0.
num_arena_births: 154.
num_arena_deaths: 0.
num_vsnodes_births: 2.
num_vsnodes_deaths: 0.
num_space_committed: 156.
num_space_uncommitted: 0.
num_chunks_returned_to_freelist: 0.
num_chunks_taken_from_freelist: 424.
num_chunk_merges: 0.
num_chunk_splits: 307.
num_chunks_enlarged: 228.
num_inconsistent_stats: 0.

CodeHeap 'non-profiled nmethods': size=120032Kb used=638Kb max_used=638Kb free=119393Kb
 bounds [0x0000727b886c8000, 0x0000727b88938000, 0x0000727b8fc00000]
CodeHeap 'profiled nmethods': size=120028Kb used=3353Kb max_used=3353Kb free=116674Kb
 bounds [0x0000727b80c00000, 0x0000727b80f50000, 0x0000727b88137000]
CodeHeap 'non-nmethods': size=5700Kb used=2239Kb max_used=2270Kb free=3460Kb
 bounds [0x0000727b88137000, 0x0000727b883a7000, 0x0000727b886c8000]
 total_blobs=3095 nmethods=1862 adapters=1139
 compilation: enabled
              stopped_count=0, restarted_count=0
 full_count=0

Compilation events (20 events):
Event: 2,383 Thread 0x0000727b98166760 nmethod 1852 0x0000727b80f3fe10 code [0x0000727b80f3ffc0, 0x0000727b80f40250]
Event: 2,434 Thread 0x0000727b98165050 1853       4       java.util.ArrayList::grow (60 bytes)
Event: 2,438 Thread 0x0000727b98165050 nmethod 1853 0x0000727b88765c10 code [0x0000727b88765dc0, 0x0000727b88766488]
Event: 2,497 Thread 0x0000727b98165050 1854       4       org.lwjgl.system.MemoryUtil::memASCII (11 bytes)
Event: 2,501 Thread 0x0000727b98165050 nmethod 1854 0x0000727b88766690 code [0x0000727b88766820, 0x0000727b88766ab8]
Event: 2,541 Thread 0x0000727b98165050 1855       4       org.lwjgl.system.StructBuffer::get (21 bytes)
Event: 2,543 Thread 0x0000727b98165050 nmethod 1855 0x0000727b88766d10 code [0x0000727b88766ea0, 0x0000727b88767038]
Event: 2,594 Thread 0x0000727b98166760 1856       3       java.io.File::getParentFile (41 bytes)
Event: 2,594 Thread 0x0000727b98166760 nmethod 1856 0x0000727b80f40390 code [0x0000727b80f40560, 0x0000727b80f40950]
Event: 2,594 Thread 0x0000727b98166760 1857   !   3       org.lwjgl.assimp.Assimp::aiImportFile (52 bytes)
Event: 2,596 Thread 0x0000727b98166760 nmethod 1857 0x0000727b80f40a90 code [0x0000727b80f40dc0, 0x0000727b80f422a8]
Event: 2,596 Thread 0x0000727b98166760 1858       3       org.lwjgl.assimp.AIMesh::create (20 bytes)
Event: 2,596 Thread 0x0000727b98166760 nmethod 1858 0x0000727b80f42b90 code [0x0000727b80f42d40, 0x0000727b80f43060]
Event: 2,596 Thread 0x0000727b98166760 1859       3       net.minecraftrecreation.render.scene.objects.ModelLoader::processMesh (52 bytes)
Event: 2,596 Thread 0x0000727b98166760 nmethod 1859 0x0000727b80f43210 code [0x0000727b80f43400, 0x0000727b80f437a0]
Event: 2,646 Thread 0x0000727b98165050 1860       4       org.lwjgl.system.MemoryStack::ncalloc (25 bytes)
Event: 2,646 Thread 0x0000727b98166760 1861       3       java.lang.ref.ReferenceQueue::poll0 (65 bytes)
Event: 2,646 Thread 0x0000727b98166760 nmethod 1861 0x0000727b80f43990 code [0x0000727b80f43b60, 0x0000727b80f44050]
Event: 2,646 Thread 0x0000727b98166760 1862       3       java.lang.Class::descriptorString (170 bytes)
Event: 2,647 Thread 0x0000727b98166760 nmethod 1862 0x0000727b80f44190 code [0x0000727b80f44600, 0x0000727b80f45d38]

GC Heap History (10 events):
Event: 0,871 GC heap before
{Heap before GC invocations=0 (full 0):
 garbage-first heap   total reserved 6139904K, committed 389120K, used 13345K [0x0000000689400000, 0x0000000800000000)
  region size 4096K, 4 young (16384K), 0 survivors (0K)
 Metaspace       used 7725K, committed 7872K, reserved 1114112K
  class space    used 442K, committed 512K, reserved 1048576K
}
Event: 0,877 GC heap after
{Heap after GC invocations=1 (full 0):
 garbage-first heap   total reserved 6139904K, committed 389120K, used 3661K [0x0000000689400000, 0x0000000800000000)
  region size 4096K, 1 young (4096K), 1 survivors (4096K)
 Metaspace       used 7725K, committed 7872K, reserved 1114112K
  class space    used 442K, committed 512K, reserved 1048576K
}
Event: 1,553 GC heap before
{Heap before GC invocations=1 (full 0):
 garbage-first heap   total reserved 6139904K, committed 389120K, used 15949K [0x0000000689400000, 0x0000000800000000)
  region size 4096K, 5 young (20480K), 1 survivors (4096K)
 Metaspace       used 9692K, committed 9920K, reserved 1114112K
  class space    used 569K, committed 640K, reserved 1048576K
}
Event: 1,558 GC heap after
{Heap after GC invocations=2 (full 0):
 garbage-first heap   total reserved 6139904K, committed 389120K, used 4834K [0x0000000689400000, 0x0000000800000000)
  region size 4096K, 1 young (4096K), 1 survivors (4096K)
 Metaspace       used 9692K, committed 9920K, reserved 1114112K
  class space    used 569K, committed 640K, reserved 1048576K
}
Event: 1,760 GC heap before
{Heap before GC invocations=2 (full 0):
 garbage-first heap   total reserved 6139904K, committed 389120K, used 45794K [0x0000000689400000, 0x0000000800000000)
  region size 4096K, 11 young (45056K), 1 survivors (4096K)
 Metaspace       used 9746K, committed 9920K, reserved 1114112K
  class space    used 569K, committed 640K, reserved 1048576K
}
Event: 1,762 GC heap after
{Heap after GC invocations=3 (full 0):
 garbage-first heap   total reserved 6139904K, committed 389120K, used 4684K [0x0000000689400000, 0x0000000800000000)
  region size 4096K, 1 young (4096K), 1 survivors (4096K)
 Metaspace       used 9746K, committed 9920K, reserved 1114112K
  class space    used 569K, committed 640K, reserved 1048576K
}
Event: 2,300 GC heap before
{Heap before GC invocations=3 (full 0):
 garbage-first heap   total reserved 6139904K, committed 389120K, used 229964K [0x0000000689400000, 0x0000000800000000)
  region size 4096K, 56 young (229376K), 1 survivors (4096K)
 Metaspace       used 9842K, committed 10048K, reserved 1114112K
  class space    used 569K, committed 640K, reserved 1048576K
}
Event: 2,301 GC heap after
{Heap after GC invocations=4 (full 0):
 garbage-first heap   total reserved 6139904K, committed 389120K, used 4769K [0x0000000689400000, 0x0000000800000000)
  region size 4096K, 1 young (4096K), 1 survivors (4096K)
 Metaspace       used 9842K, committed 10048K, reserved 1114112K
  class space    used 569K, committed 640K, reserved 1048576K
}
Event: 2,604 GC heap before
{Heap before GC invocations=4 (full 0):
 garbage-first heap   total reserved 6139904K, committed 389120K, used 230049K [0x0000000689400000, 0x0000000800000000)
  region size 4096K, 56 young (229376K), 1 survivors (4096K)
 Metaspace       used 9862K, committed 10048K, reserved 1114112K
  class space    used 569K, committed 640K, reserved 1048576K
}
Event: 2,606 GC heap after
{Heap after GC invocations=5 (full 0):
 garbage-first heap   total reserved 6139904K, committed 389120K, used 4774K [0x0000000689400000, 0x0000000800000000)
  region size 4096K, 1 young (4096K), 1 survivors (4096K)
 Metaspace       used 9862K, committed 10048K, reserved 1114112K
  class space    used 569K, committed 640K, reserved 1048576K
}

Dll operation events (14 events):
Event: 0,002 Loaded shared library /home/denis0001/.jdks/openjdk-22/lib/libjava.so
Event: 0,034 Loaded shared library /home/denis0001/.jdks/openjdk-22/lib/libjsvml.so
Event: 0,074 Loaded shared library /home/denis0001/.jdks/openjdk-22/lib/libzip.so
Event: 0,077 Loaded shared library /home/denis0001/.jdks/openjdk-22/lib/libinstrument.so
Event: 0,079 Loaded shared library /home/denis0001/.jdks/openjdk-22/lib/libnio.so
Event: 0,081 Loaded shared library /home/denis0001/.jdks/openjdk-22/lib/libzip.so
Event: 0,099 Loaded shared library /home/denis0001/.jdks/openjdk-22/lib/libnet.so
Event: 0,102 Loaded shared library /home/denis0001/.jdks/openjdk-22/lib/libextnet.so
Event: 0,135 Loaded shared library /home/denis0001/.jdks/openjdk-22/lib/libjimage.so
Event: 0,148 Loaded shared library /tmp/lwjgldenis0001/3.1.1-build-16/liblwjgl.so
Event: 0,363 Loaded shared library /home/denis0001/.jdks/openjdk-22/lib/libverify.so
Event: 0,373 Loaded shared library /tmp/lwjgldenis0001/3.1.1-build-16/liblwjgl_opengl.so
Event: 0,806 Loaded shared library /tmp/imgui-java-natives/1.86.11/libimgui-java64.so
Event: 0,906 Loaded shared library /tmp/lwjgldenis0001/3.1.1-build-16/liblwjgl_stb.so

Deoptimization events (20 events):
Event: 1,524 Thread 0x0000727b9802b190 DEOPT PACKING pc=0x0000727b88741b40 sp=0x0000727b9e1fe1c0
Event: 1,524 Thread 0x0000727b9802b190 DEOPT UNPACKING pc=0x0000727b8818af99 sp=0x0000727b9e1fe158 mode 2
Event: 1,524 Thread 0x0000727b9802b190 Uncommon trap: trap_request=0xffffffde fr.pc=0x0000727b88741b40 relative=0x0000000000000120
Event: 1,524 Thread 0x0000727b9802b190 Uncommon trap: reason=class_check action=maybe_recompile pc=0x0000727b88741b40 method=jdk.internal.misc.Unsafe.allocateUninitializedArray(Ljava/lang/Class;I)Ljava/lang/Object; @ 51 c2
Event: 1,524 Thread 0x0000727b9802b190 DEOPT PACKING pc=0x0000727b88741b40 sp=0x0000727b9e1fe300
Event: 1,524 Thread 0x0000727b9802b190 DEOPT UNPACKING pc=0x0000727b8818af99 sp=0x0000727b9e1fe298 mode 2
Event: 1,524 Thread 0x0000727b9802b190 Uncommon trap: trap_request=0xffffffde fr.pc=0x0000727b88741b40 relative=0x0000000000000120
Event: 1,524 Thread 0x0000727b9802b190 Uncommon trap: reason=class_check action=maybe_recompile pc=0x0000727b88741b40 method=jdk.internal.misc.Unsafe.allocateUninitializedArray(Ljava/lang/Class;I)Ljava/lang/Object; @ 51 c2
Event: 1,524 Thread 0x0000727b9802b190 DEOPT PACKING pc=0x0000727b88741b40 sp=0x0000727b9e1fe300
Event: 1,524 Thread 0x0000727b9802b190 DEOPT UNPACKING pc=0x0000727b8818af99 sp=0x0000727b9e1fe298 mode 2
Event: 1,524 Thread 0x0000727b9802b190 Uncommon trap: trap_request=0xffffffde fr.pc=0x0000727b88741b40 relative=0x0000000000000120
Event: 1,524 Thread 0x0000727b9802b190 Uncommon trap: reason=class_check action=maybe_recompile pc=0x0000727b88741b40 method=jdk.internal.misc.Unsafe.allocateUninitializedArray(Ljava/lang/Class;I)Ljava/lang/Object; @ 51 c2
Event: 1,524 Thread 0x0000727b9802b190 DEOPT PACKING pc=0x0000727b88741b40 sp=0x0000727b9e1fe300
Event: 1,524 Thread 0x0000727b9802b190 DEOPT UNPACKING pc=0x0000727b8818af99 sp=0x0000727b9e1fe298 mode 2
Event: 1,867 Thread 0x0000727b9802b190 DEOPT PACKING pc=0x0000727b80ecbf92 sp=0x0000727b9e1fe440
Event: 1,867 Thread 0x0000727b9802b190 DEOPT UNPACKING pc=0x0000727b8818b72f sp=0x0000727b9e1fd9c8 mode 0
Event: 2,646 Thread 0x0000727b9802b190 Uncommon trap: trap_request=0xffffff45 fr.pc=0x0000727b8870a5bc relative=0x000000000000009c
Event: 2,646 Thread 0x0000727b9802b190 Uncommon trap: reason=unstable_if action=reinterpret pc=0x0000727b8870a5bc method=java.lang.ref.ReferenceQueue.headIsNull()Z @ 4 c2
Event: 2,646 Thread 0x0000727b9802b190 DEOPT PACKING pc=0x0000727b8870a5bc sp=0x0000727b9e1fde00
Event: 2,646 Thread 0x0000727b9802b190 DEOPT UNPACKING pc=0x0000727b8818af99 sp=0x0000727b9e1fdce0 mode 2

Classes loaded (20 events):
Event: 1,178 Loading class java/io/ObjectStreamClass$3
Event: 1,178 Loading class java/io/ObjectStreamClass$3 done
Event: 1,178 Loading class java/io/ObjectStreamClass$4
Event: 1,178 Loading class java/io/ObjectStreamClass$4 done
Event: 1,178 Loading class java/io/ObjectStreamClass$5
Event: 1,179 Loading class java/io/ObjectStreamClass$5 done
Event: 1,195 Loading class java/lang/invoke/MethodHandle$1
Event: 1,195 Loading class java/lang/invoke/MethodHandle$1 done
Event: 1,363 Loading class java/util/stream/ReferencePipeline$4
Event: 1,363 Loading class java/util/stream/ReferencePipeline$4 done
Event: 1,363 Loading class java/util/stream/Nodes$IntFixedNodeBuilder
Event: 1,363 Loading class java/util/stream/Node$Builder$OfInt
Event: 1,364 Loading class java/util/stream/Node$Builder$OfInt done
Event: 1,364 Loading class java/util/stream/Nodes$IntArrayNode
Event: 1,364 Loading class java/util/stream/Nodes$IntArrayNode done
Event: 1,364 Loading class java/util/stream/Nodes$IntFixedNodeBuilder done
Event: 1,364 Loading class java/util/stream/ReferencePipeline$4$1
Event: 1,364 Loading class java/util/stream/ReferencePipeline$4$1 done
Event: 1,364 Loading class java/util/regex/Pattern$SliceS
Event: 1,364 Loading class java/util/regex/Pattern$SliceS done

Classes unloaded (0 events):
No events

Classes redefined (0 events):
No events

Internal exceptions (20 events):
Event: 0,096 Thread 0x0000727b9802b190 Exception <a 'java/lang/NoSuchMethodError'{0x00000006a0a555f8}: 'java.lang.Object java.lang.invoke.Invokers$Holder.invokeExact_MT(java.lang.Object, java.lang.Object, java.lang.Object, java.lang.Object, java.lang.Object)'> (0x00000006a0a555f8) 
thrown [open/src/hotspot/share/interpreter/linkResolver.cpp, line 773]
Event: 0,103 Thread 0x0000727b982cb670 Exception <a 'java/lang/NoSuchMethodError'{0x00000006a0a97d30}: 'void java.lang.invoke.DirectMethodHandle$Holder.invokeStatic(java.lang.Object, java.lang.Object)'> (0x00000006a0a97d30) 
thrown [open/src/hotspot/share/interpreter/linkResolver.cpp, line 773]
Event: 0,351 Thread 0x0000727b9802b190 Exception <a 'java/lang/NoSuchMethodError'{0x00000006a05322d0}: 'void java.lang.invoke.DirectMethodHandle$Holder.invokeStatic(java.lang.Object, int, long)'> (0x00000006a05322d0) 
thrown [open/src/hotspot/share/interpreter/linkResolver.cpp, line 773]
Event: 0,383 Thread 0x0000727b9802b190 Exception <a 'sun/nio/fs/UnixException'{0x00000006a05a6538}> (0x00000006a05a6538) 
thrown [open/src/hotspot/share/prims/jni.cpp, line 520]
Event: 0,383 Thread 0x0000727b9802b190 Exception <a 'sun/nio/fs/UnixException'{0x00000006a05a6f68}> (0x00000006a05a6f68) 
thrown [open/src/hotspot/share/prims/jni.cpp, line 520]
Event: 0,383 Thread 0x0000727b9802b190 Exception <a 'sun/nio/fs/UnixException'{0x00000006a05a73c8}> (0x00000006a05a73c8) 
thrown [open/src/hotspot/share/prims/jni.cpp, line 520]
Event: 0,383 Thread 0x0000727b9802b190 Exception <a 'sun/nio/fs/UnixException'{0x00000006a05a7818}> (0x00000006a05a7818) 
thrown [open/src/hotspot/share/prims/jni.cpp, line 520]
Event: 0,383 Thread 0x0000727b9802b190 Exception <a 'sun/nio/fs/UnixException'{0x00000006a05a7c28}> (0x00000006a05a7c28) 
thrown [open/src/hotspot/share/prims/jni.cpp, line 520]
Event: 0,383 Thread 0x0000727b9802b190 Exception <a 'sun/nio/fs/UnixException'{0x00000006a05a8070}> (0x00000006a05a8070) 
thrown [open/src/hotspot/share/prims/jni.cpp, line 520]
Event: 0,673 Thread 0x0000727b9802b190 Exception <a 'java/lang/NoSuchMethodError'{0x00000006a0324ff0}: 'long java.lang.invoke.DelegatingMethodHandle$Holder.reinvoke_L(java.lang.Object, java.lang.Object)'> (0x00000006a0324ff0) 
thrown [open/src/hotspot/share/interpreter/linkResolver.cpp, line 773]
Event: 0,673 Thread 0x0000727b9802b190 Exception <a 'java/lang/NoSuchMethodError'{0x00000006a032b438}: 'long java.lang.invoke.Invokers$Holder.invokeExact_MT(java.lang.Object, java.lang.Object, java.lang.Object)'> (0x00000006a032b438) 
thrown [open/src/hotspot/share/interpreter/linkResolver.cpp, line 773]
Event: 0,756 Thread 0x0000727b9802b190 Exception <a 'java/lang/NoSuchMethodError'{0x000000069fd0e280}: 'java.lang.Object java.lang.invoke.DirectMethodHandle$Holder.invokeStatic(java.lang.Object, java.lang.Object, int)'> (0x000000069fd0e280) 
thrown [open/src/hotspot/share/interpreter/linkResolver.cpp, line 773]
Event: 0,758 Thread 0x0000727b9802b190 Exception <a 'java/lang/NoSuchMethodError'{0x000000069fd18b68}: 'void java.lang.invoke.DirectMethodHandle$Holder.invokeSpecial(java.lang.Object, java.lang.Object, java.lang.Object)'> (0x000000069fd18b68) 
thrown [open/src/hotspot/share/interpreter/linkResolver.cpp, line 773]
Event: 0,759 Thread 0x0000727b9802b190 Exception <a 'java/lang/NoSuchMethodError'{0x000000069fd1e748}: 'void java.lang.invoke.DirectMethodHandle$Holder.invokeStatic(java.lang.Object, int)'> (0x000000069fd1e748) 
thrown [open/src/hotspot/share/interpreter/linkResolver.cpp, line 773]
Event: 0,818 Thread 0x0000727b9802b190 Exception <a 'java/lang/NoSuchMethodError'{0x000000069fdecc80}: 'void java.lang.invoke.DirectMethodHandle$Holder.invokeStatic(java.lang.Object, java.lang.Object, long, int)'> (0x000000069fdecc80) 
thrown [open/src/hotspot/share/interpreter/linkResolver.cpp, line 773]
Event: 1,150 Thread 0x0000727b00000f50 Exception <a 'java/lang/NoSuchMethodError'{0x00000006a0b58790}: 'java.lang.Object java.lang.invoke.Invokers$Holder.invokeExact_MT(java.lang.Object, java.lang.Object, java.lang.Object, java.lang.Object, java.lang.Object, java.lang.Object)'> (0x00000006a0b58790) 
thrown [open/src/hotspot/share/interpreter/linkResolver.cpp, line 773]
Event: 1,158 Thread 0x0000727b9802b190 Exception <a 'java/lang/NoSuchMethodError'{0x00000006a0b01828}: 'long java.lang.invoke.DirectMethodHandle$Holder.invokeSpecial(java.lang.Object, java.lang.Object)'> (0x00000006a0b01828) 
thrown [open/src/hotspot/share/interpreter/linkResolver.cpp, line 773]
Event: 1,158 Thread 0x0000727b9802b190 Exception <a 'java/lang/NoSuchMethodError'{0x00000006a0b04c50}: 'long java.lang.invoke.Invokers$Holder.invokeExact_MT(java.lang.Object, java.lang.Object)'> (0x00000006a0b04c50) 
thrown [open/src/hotspot/share/interpreter/linkResolver.cpp, line 773]
Event: 1,178 Thread 0x0000727b9802b190 Exception <a 'java/lang/NoSuchMethodError'{0x00000006a0bb1bc8}: static Lnet/minecraftrecreation/world/block/Stone;.<clinit>()V> (0x00000006a0bb1bc8) 
thrown [open/src/hotspot/share/prims/jni.cpp, line 1111]
Event: 1,191 Thread 0x0000727b9802b190 Exception <a 'java/lang/NoSuchMethodError'{0x00000006a0bc1fe0}: static Lnet/minecraftrecreation/world/block/GrassBlock;.<clinit>()V> (0x00000006a0bc1fe0) 
thrown [open/src/hotspot/share/prims/jni.cpp, line 1111]

ZGC Phase Switch (0 events):
No events

VM Operations (20 events):
Event: 0,064 Executing VM operation: HandshakeAllThreads (Deoptimize)
Event: 0,064 Executing VM operation: HandshakeAllThreads (Deoptimize) done
Event: 0,105 Executing VM operation: HandshakeAllThreads (Deoptimize)
Event: 0,105 Executing VM operation: HandshakeAllThreads (Deoptimize) done
Event: 0,140 Executing VM operation: HandshakeAllThreads (Deoptimize)
Event: 0,140 Executing VM operation: HandshakeAllThreads (Deoptimize) done
Event: 0,838 Executing VM operation: HandshakeAllThreads (Deoptimize)
Event: 0,838 Executing VM operation: HandshakeAllThreads (Deoptimize) done
Event: 0,871 Executing VM operation: G1CollectForAllocation (G1 Evacuation Pause)
Event: 0,877 Executing VM operation: G1CollectForAllocation (G1 Evacuation Pause) done
Event: 1,156 Executing VM operation: HandshakeAllThreads (Deoptimize)
Event: 1,156 Executing VM operation: HandshakeAllThreads (Deoptimize) done
Event: 1,553 Executing VM operation: G1CollectForAllocation (G1 Evacuation Pause)
Event: 1,558 Executing VM operation: G1CollectForAllocation (G1 Evacuation Pause) done
Event: 1,760 Executing VM operation: G1CollectForAllocation (G1 Evacuation Pause)
Event: 1,762 Executing VM operation: G1CollectForAllocation (G1 Evacuation Pause) done
Event: 2,299 Executing VM operation: G1CollectForAllocation (G1 Evacuation Pause)
Event: 2,301 Executing VM operation: G1CollectForAllocation (G1 Evacuation Pause) done
Event: 2,604 Executing VM operation: G1CollectForAllocation (G1 Evacuation Pause)
Event: 2,606 Executing VM operation: G1CollectForAllocation (G1 Evacuation Pause) done

Events (20 events):
Event: 0,031 Thread 0x0000727b98163530 Thread added: 0x0000727b98163530
Event: 0,031 Protecting memory [0x0000727b78600000,0x0000727b78604000] with protection modes 0
Event: 0,033 Thread 0x0000727b98165050 Thread added: 0x0000727b98165050
Event: 0,033 Protecting memory [0x0000727b78500000,0x0000727b78504000] with protection modes 0
Event: 0,033 Thread 0x0000727b98166760 Thread added: 0x0000727b98166760
Event: 0,033 Protecting memory [0x0000727b78400000,0x0000727b78404000] with protection modes 0
Event: 0,057 Thread 0x0000727b981815a0 Thread added: 0x0000727b981815a0
Event: 0,058 Protecting memory [0x0000727b78230000,0x0000727b78234000] with protection modes 0
Event: 0,098 Thread 0x0000727b982cb670 Thread added: 0x0000727b982cb670
Event: 0,098 Protecting memory [0x0000727b78130000,0x0000727b78134000] with protection modes 0
Event: 0,098 Thread 0x0000727b982cdbc0 Thread added: 0x0000727b982cdbc0
Event: 0,100 Protecting memory [0x0000727b78030000,0x0000727b78034000] with protection modes 0
Event: 0,387 Thread 0x0000727af013e540 Thread added: 0x0000727af013e540
Event: 0,387 Protecting memory [0x0000727b5bb00000,0x0000727b5bb04000] with protection modes 0
Event: 1,041 Thread 0x0000727b00000f50 Thread added: 0x0000727b00000f50
Event: 1,041 Protecting memory [0x0000727b5b100000,0x0000727b5b104000] with protection modes 0
Event: 1,043 Thread 0x0000727af013e540 Thread exited: 0x0000727af013e540
Event: 1,468 Thread 0x0000727af01ce8f0 Thread added: 0x0000727af01ce8f0
Event: 1,468 Protecting memory [0x0000727b5bb00000,0x0000727b5bb04000] with protection modes 0
Event: 1,985 Thread 0x0000727af01ce8f0 Thread exited: 0x0000727af01ce8f0


Dynamic libraries:
40e52000-40f01000 rw-p 00000000 00:00 0 
41e9d000-41e9f000 r-xs 00000000 00:01 5399                               /memfd:/.glXXXXXX (deleted)
689400000-6a0c00000 rw-p 00000000 00:00 0 
6a0c00000-7ffc00000 ---p 00000000 00:00 0 
7ffc00000-7ffd09000 rw-p 00cb3000 08:03 3539186                          /home/denis0001/.jdks/openjdk-22/lib/server/classes.jsa
7ffd09000-800000000 rw-p 00000000 00:00 0 
5f8a01621000-5f8a01622000 r-xp 00000000 08:03 3443829                    /home/denis0001/.jdks/openjdk-22/bin/java
5f8a01623000-5f8a01624000 r--p 00001000 08:03 3443829                    /home/denis0001/.jdks/openjdk-22/bin/java
5f8a01624000-5f8a01625000 rw-p 00002000 08:03 3443829                    /home/denis0001/.jdks/openjdk-22/bin/java
5f8a02159000-5f8a021a1000 rw-p 00000000 00:00 0                          [heap]
727ac4000000-727ac4021000 rw-p 00000000 00:00 0 
727ac4021000-727ac8000000 ---p 00000000 00:00 0 
727acc000000-727acc021000 rw-p 00000000 00:00 0 
727acc021000-727ad0000000 ---p 00000000 00:00 0 
727ad0000000-727ad0021000 rw-p 00000000 00:00 0 
727ad0021000-727ad4000000 ---p 00000000 00:00 0 
727ad4000000-727ad4169000 rw-p 00000000 00:00 0 
727ad4169000-727ad8000000 ---p 00000000 00:00 0 
727ad8000000-727ad8021000 rw-p 00000000 00:00 0 
727ad8021000-727adc000000 ---p 00000000 00:00 0 
727adc000000-727adc5e4000 rw-p 00000000 00:00 0 
727adc5e4000-727ae0000000 ---p 00000000 00:00 0 
727ae2800000-727ae483a000 r-xp 00000000 08:03 28068                      /usr/lib/x86_64-linux-gnu/libnvidia-glvkspirv.so.535.171.04
727ae483a000-727ae4a3a000 ---p 0203a000 08:03 28068                      /usr/lib/x86_64-linux-gnu/libnvidia-glvkspirv.so.535.171.04
727ae4a3a000-727ae5056000 r--p 0203a000 08:03 28068                      /usr/lib/x86_64-linux-gnu/libnvidia-glvkspirv.so.535.171.04
727ae5056000-727ae50e5000 rw-p 02656000 08:03 28068                      /usr/lib/x86_64-linux-gnu/libnvidia-glvkspirv.so.535.171.04
727ae50e5000-727ae5138000 rw-p 00000000 00:00 0 
727ae5200000-727ae54d8000 r-xp 00000000 08:03 28065                      /usr/lib/x86_64-linux-gnu/libnvidia-glcore.so.535.171.04
727ae54d8000-727ae54f9000 rwxp 002d8000 08:03 28065                      /usr/lib/x86_64-linux-gnu/libnvidia-glcore.so.535.171.04
727ae54f9000-727ae7b97000 r-xp 002f9000 08:03 28065                      /usr/lib/x86_64-linux-gnu/libnvidia-glcore.so.535.171.04
727ae7b97000-727ae7b98000 ---p 02997000 08:03 28065                      /usr/lib/x86_64-linux-gnu/libnvidia-glcore.so.535.171.04
727ae7b98000-727ae7d6b000 r--p 02997000 08:03 28065                      /usr/lib/x86_64-linux-gnu/libnvidia-glcore.so.535.171.04
727ae7d6b000-727ae7dd4000 rw-p 02b6a000 08:03 28065                      /usr/lib/x86_64-linux-gnu/libnvidia-glcore.so.535.171.04
727ae7dd4000-727ae7e11000 rw-p 00000000 00:00 0 
727ae8000000-727ae8021000 rw-p 00000000 00:00 0 
727ae8021000-727aec000000 ---p 00000000 00:00 0 
727aec000000-727aec021000 rw-p 00000000 00:00 0 
727aec021000-727af0000000 ---p 00000000 00:00 0 
727af0000000-727af03c7000 rw-p 00000000 00:00 0 
727af03c7000-727af4000000 ---p 00000000 00:00 0 
727af4000000-727af4021000 rw-p 00000000 00:00 0 
727af4021000-727af8000000 ---p 00000000 00:00 0 
727af8000000-727af8021000 rw-p 00000000 00:00 0 
727af8021000-727afc000000 ---p 00000000 00:00 0 
727afc000000-727afc411000 rw-p 00000000 00:00 0 
727afc411000-727b00000000 ---p 00000000 00:00 0 
727b00000000-727b00021000 rw-p 00000000 00:00 0 
727b00021000-727b04000000 ---p 00000000 00:00 0 
727b04000000-727b04021000 rw-p 00000000 00:00 0 
727b04021000-727b08000000 ---p 00000000 00:00 0 
727b08000000-727b08021000 rw-p 00000000 00:00 0 
727b08021000-727b0c000000 ---p 00000000 00:00 0 
727b0c000000-727b0c021000 rw-p 00000000 00:00 0 
727b0c021000-727b10000000 ---p 00000000 00:00 0 
727b10000000-727b10021000 rw-p 00000000 00:00 0 
727b10021000-727b14000000 ---p 00000000 00:00 0 
727b14800000-727b14ec1000 r-xp 00000000 08:03 437560                     /tmp/lwjgldenis0001/3.1.1-build-16/libassimp.so
727b14ec1000-727b150c0000 ---p 006c1000 08:03 437560                     /tmp/lwjgldenis0001/3.1.1-build-16/libassimp.so
727b150c0000-727b15187000 r--p 006c0000 08:03 437560                     /tmp/lwjgldenis0001/3.1.1-build-16/libassimp.so
727b15187000-727b1518a000 rw-p 00787000 08:03 437560                     /tmp/lwjgldenis0001/3.1.1-build-16/libassimp.so
727b1518a000-727b1518f000 rw-p 00000000 00:00 0 
727b15200000-727b15295000 r--p 00000000 08:03 432614                     /tmp/imgui-java-natives/1.86.11/libimgui-java64.so
727b15295000-727b15676000 r-xp 00095000 08:03 432614                     /tmp/imgui-java-natives/1.86.11/libimgui-java64.so
727b15676000-727b15702000 r--p 00476000 08:03 432614                     /tmp/imgui-java-natives/1.86.11/libimgui-java64.so
727b15702000-727b15703000 ---p 00502000 08:03 432614                     /tmp/imgui-java-natives/1.86.11/libimgui-java64.so
727b15703000-727b15708000 r--p 00502000 08:03 432614                     /tmp/imgui-java-natives/1.86.11/libimgui-java64.so
727b15708000-727b15714000 rw-p 00507000 08:03 432614                     /tmp/imgui-java-natives/1.86.11/libimgui-java64.so
727b15714000-727b15f44000 rw-p 00000000 00:00 0 
727b16000000-727b16320000 rw-p 00000000 00:00 0 
727b16320000-727b16400000 ---p 00000000 00:00 0 
727b16400000-727b16a10000 rw-p 00000000 00:00 0 
727b16a10000-727b1a000000 ---p 00000000 00:00 0 
727b1a000000-727b1ac74000 rw-p 00001000 08:03 3539186                    /home/denis0001/.jdks/openjdk-22/lib/server/classes.jsa
727b1ac74000-727b1b000000 ---p 00000000 00:00 0 
727b1b000000-727b1b030000 rw-p 00000000 00:00 0 
727b1b030000-727b1b070000 rw-p 00000000 00:00 0 
727b1b070000-727b1b0a0000 rw-p 00000000 00:00 0 
727b1b0a0000-727b5b000000 ---p 00000000 00:00 0 
727b5b100000-727b5b104000 ---p 00000000 00:00 0 
727b5b104000-727b5b200000 rw-p 00000000 00:00 0 
727b5b200000-727b5b259000 r-xp 00000000 08:03 432787                     /tmp/lwjgldenis0001/3.1.1-build-16/liblwjgl_stb.so
727b5b259000-727b5b459000 ---p 00059000 08:03 432787                     /tmp/lwjgldenis0001/3.1.1-build-16/liblwjgl_stb.so
727b5b459000-727b5b45a000 r--p 00059000 08:03 432787                     /tmp/lwjgldenis0001/3.1.1-build-16/liblwjgl_stb.so
727b5b45a000-727b5b45b000 rw-p 0005a000 08:03 432787                     /tmp/lwjgldenis0001/3.1.1-build-16/liblwjgl_stb.so
727b5b45b000-727b5b45c000 rw-p 00000000 00:00 0 
727b5b4fd000-727b5b4fe000 ---p 00000000 00:00 0 
727b5b4fe000-727b5b5fe000 rw-p 00000000 00:00 0 
727b5b5fe000-727b5b5ff000 ---p 00000000 00:00 0 
727b5b5ff000-727b5b6ff000 rw-p 00000000 00:00 0 
727b5b6ff000-727b5b700000 ---p 00000000 00:00 0 
727b5b700000-727b5b800000 rw-p 00000000 00:00 0 
727b5b800000-727b5b89a000 r--p 00000000 08:03 30076                      /usr/lib/x86_64-linux-gnu/libstdc++.so.6.0.30
727b5b89a000-727b5b9ab000 r-xp 0009a000 08:03 30076                      /usr/lib/x86_64-linux-gnu/libstdc++.so.6.0.30
727b5b9ab000-727b5ba1a000 r--p 001ab000 08:03 30076                      /usr/lib/x86_64-linux-gnu/libstdc++.so.6.0.30
727b5ba1a000-727b5ba1b000 ---p 0021a000 08:03 30076                      /usr/lib/x86_64-linux-gnu/libstdc++.so.6.0.30
727b5ba1b000-727b5ba26000 r--p 0021a000 08:03 30076                      /usr/lib/x86_64-linux-gnu/libstdc++.so.6.0.30
727b5ba26000-727b5ba29000 rw-p 00225000 08:03 30076                      /usr/lib/x86_64-linux-gnu/libstdc++.so.6.0.30
727b5ba29000-727b5ba2c000 rw-p 00000000 00:00 0 
727b5bb00000-727b5bb04000 ---p 00000000 00:00 0 
727b5bb04000-727b5bc00000 rw-p 00000000 00:00 0 
727b5bc00000-727b5bc69000 r-xp 00000000 08:03 432778                     /tmp/lwjgldenis0001/3.1.1-build-16/liblwjgl_opengl.so
727b5bc69000-727b5be68000 ---p 00069000 08:03 432778                     /tmp/lwjgldenis0001/3.1.1-build-16/liblwjgl_opengl.so
727b5be68000-727b5be69000 r--p 00068000 08:03 432778                     /tmp/lwjgldenis0001/3.1.1-build-16/liblwjgl_opengl.so
727b5be69000-727b5be6a000 rw-p 00069000 08:03 432778                     /tmp/lwjgldenis0001/3.1.1-build-16/liblwjgl_opengl.so
727b5be80000-727b5bf00000 rw-s 00000000 00:05 879                        /dev/nvidiactl
727b5bf00000-727b5c000000 rw-s 00000000 00:05 879                        /dev/nvidiactl
727b5c000000-727b5c021000 rw-p 00000000 00:00 0 
727b5c021000-727b60000000 ---p 00000000 00:00 0 
727b60000000-727b60021000 rw-p 00000000 00:00 0 
727b60021000-727b64000000 ---p 00000000 00:00 0 
727b64000000-727b64021000 rw-p 00000000 00:00 0 
727b64021000-727b68000000 ---p 00000000 00:00 0 
727b68019000-727b68099000 rw-s 00000000 00:05 879                        /dev/nvidiactl
727b68099000-727b680d9000 rw-s 00000000 00:05 879                        /dev/nvidiactl
727b680d9000-727b6831e000 rw-s 00000000 00:01 1025                       /memfd:/.nvidia_drv.XXXXXX (deleted)
727b6831e000-727b68bff000 rw-p 00000000 00:00 0 
727b68bff000-727b68c00000 ---p 00000000 00:00 0 
727b68c00000-727b69400000 rw-p 00000000 00:00 0 
727b69400000-727b69475000 r-xp 00000000 08:03 28067                      /usr/lib/x86_64-linux-gnu/libnvidia-glsi.so.535.171.04
727b69475000-727b69675000 ---p 00075000 08:03 28067                      /usr/lib/x86_64-linux-gnu/libnvidia-glsi.so.535.171.04
727b69675000-727b6969f000 r--p 00075000 08:03 28067                      /usr/lib/x86_64-linux-gnu/libnvidia-glsi.so.535.171.04
727b6969f000-727b696a0000 rw-p 0009f000 08:03 28067                      /usr/lib/x86_64-linux-gnu/libnvidia-glsi.so.535.171.04
727b696a0000-727b696a8000 rw-p 00000000 00:00 0 
727b696d9000-727b6972a000 r--p 00000000 08:03 2504                       /usr/lib/x86_64-linux-gnu/libGLX_nvidia.so.535.171.04
727b6972a000-727b69784000 r-xp 00051000 08:03 2504                       /usr/lib/x86_64-linux-gnu/libGLX_nvidia.so.535.171.04
727b69784000-727b697b9000 rwxp 000ab000 08:03 2504                       /usr/lib/x86_64-linux-gnu/libGLX_nvidia.so.535.171.04
727b697b9000-727b697ba000 r-xp 000e0000 08:03 2504                       /usr/lib/x86_64-linux-gnu/libGLX_nvidia.so.535.171.04
727b697ba000-727b697d9000 r--p 000e1000 08:03 2504                       /usr/lib/x86_64-linux-gnu/libGLX_nvidia.so.535.171.04
727b697d9000-727b697f9000 r--p 000ff000 08:03 2504                       /usr/lib/x86_64-linux-gnu/libGLX_nvidia.so.535.171.04
727b697f9000-727b697fe000 rw-p 0011f000 08:03 2504                       /usr/lib/x86_64-linux-gnu/libGLX_nvidia.so.535.171.04
727b697fe000-727b69800000 rw-p 00000000 00:00 0 
727b69800000-727b6981e000 r-xp 00000000 08:03 432767                     /tmp/lwjgldenis0001/3.1.1-build-16/libglfw.so
727b6981e000-727b69a1d000 ---p 0001e000 08:03 432767                     /tmp/lwjgldenis0001/3.1.1-build-16/libglfw.so
727b69a1d000-727b69a1e000 r--p 0001d000 08:03 432767                     /tmp/lwjgldenis0001/3.1.1-build-16/libglfw.so
727b69a1e000-727b69a1f000 rw-p 0001e000 08:03 432767                     /tmp/lwjgldenis0001/3.1.1-build-16/libglfw.so
727b69a1f000-727b69a20000 rw-p 00000000 00:00 0 
727b69a41000-727b69a61000 rw-s 00000000 00:05 879                        /dev/nvidiactl
727b69a61000-727b69aa1000 rw-s 00000000 00:05 879                        /dev/nvidiactl
727b69aa1000-727b69ac1000 rw-s 00000000 00:05 879                        /dev/nvidiactl
727b69ac1000-727b69b01000 r--p 00000000 08:03 28690                      /usr/lib/x86_64-linux-gnu/libGLdispatch.so.0.0.0
727b69b01000-727b69b04000 r-xp 00040000 08:03 28690                      /usr/lib/x86_64-linux-gnu/libGLdispatch.so.0.0.0
727b69b04000-727b69b3f000 r-xp 00043000 08:03 28690                      /usr/lib/x86_64-linux-gnu/libGLdispatch.so.0.0.0
727b69b3f000-727b69b40000 r-xp 0007e000 08:03 28690                      /usr/lib/x86_64-linux-gnu/libGLdispatch.so.0.0.0
727b69b40000-727b69b53000 r--p 0007f000 08:03 28690                      /usr/lib/x86_64-linux-gnu/libGLdispatch.so.0.0.0
727b69b53000-727b69b54000 ---p 00092000 08:03 28690                      /usr/lib/x86_64-linux-gnu/libGLdispatch.so.0.0.0
727b69b54000-727b69b70000 r--p 00092000 08:03 28690                      /usr/lib/x86_64-linux-gnu/libGLdispatch.so.0.0.0
727b69b70000-727b69b71000 rw-p 000ae000 08:03 28690                      /usr/lib/x86_64-linux-gnu/libGLdispatch.so.0.0.0
727b69b71000-727b69b79000 rw-p 00000000 00:00 0 
727b69b79000-727b69bbc000 r--p 00000000 08:03 28679                      /usr/lib/x86_64-linux-gnu/libGL.so.1.7.0
727b69bbc000-727b69bbf000 r-xp 00043000 08:03 28679                      /usr/lib/x86_64-linux-gnu/libGL.so.1.7.0
727b69bbf000-727b69bda000 r-xp 00046000 08:03 28679                      /usr/lib/x86_64-linux-gnu/libGL.so.1.7.0
727b69bda000-727b69bdb000 r-xp 00061000 08:03 28679                      /usr/lib/x86_64-linux-gnu/libGL.so.1.7.0
727b69bdb000-727b69bf0000 r--p 00062000 08:03 28679                      /usr/lib/x86_64-linux-gnu/libGL.so.1.7.0
727b69bf0000-727b69bfe000 r--p 00076000 08:03 28679                      /usr/lib/x86_64-linux-gnu/libGL.so.1.7.0
727b69bfe000-727b69bff000 rw-p 00084000 08:03 28679                      /usr/lib/x86_64-linux-gnu/libGL.so.1.7.0
727b69bff000-727b69c00000 rw-p 00000000 00:00 0 
727b69c00000-727b69c4b000 r-xp 00000000 08:03 432766                     /tmp/lwjgldenis0001/3.1.1-build-16/liblwjgl.so
727b69c4b000-727b69e4b000 ---p 0004b000 08:03 432766                     /tmp/lwjgldenis0001/3.1.1-build-16/liblwjgl.so
727b69e4b000-727b69e4c000 r--p 0004b000 08:03 432766                     /tmp/lwjgldenis0001/3.1.1-build-16/liblwjgl.so
727b69e4c000-727b69e4d000 rw-p 0004c000 08:03 432766                     /tmp/lwjgldenis0001/3.1.1-build-16/liblwjgl.so
727b69e5a000-727b69e67000 r-xp 00000000 08:03 3444079                    /home/denis0001/.jdks/openjdk-22/lib/libverify.so
727b69e67000-727b69e69000 r--p 0000c000 08:03 3444079                    /home/denis0001/.jdks/openjdk-22/lib/libverify.so
727b69e69000-727b69e6a000 rw-p 0000e000 08:03 3444079                    /home/denis0001/.jdks/openjdk-22/lib/libverify.so
727b69e6a000-727b69eaa000 rw-s 00000000 00:05 879                        /dev/nvidiactl
727b69eaa000-727b69eaf000 r--p 00000000 08:03 29160                      /usr/lib/x86_64-linux-gnu/libdrm.so.2.4.0
727b69eaf000-727b69eba000 r-xp 00005000 08:03 29160                      /usr/lib/x86_64-linux-gnu/libdrm.so.2.4.0
727b69eba000-727b69ebe000 r--p 00010000 08:03 29160                      /usr/lib/x86_64-linux-gnu/libdrm.so.2.4.0
727b69ebe000-727b69ebf000 r--p 00013000 08:03 29160                      /usr/lib/x86_64-linux-gnu/libdrm.so.2.4.0
727b69ebf000-727b69ec0000 rw-p 00014000 08:03 29160                      /usr/lib/x86_64-linux-gnu/libdrm.so.2.4.0
727b69ec0000-727b69ed9000 r--p 00000000 08:03 28711                      /usr/lib/x86_64-linux-gnu/libX11.so.6.4.0
727b69ed9000-727b69f65000 r-xp 00019000 08:03 28711                      /usr/lib/x86_64-linux-gnu/libX11.so.6.4.0
727b69f65000-727b69ffa000 r--p 000a5000 08:03 28711                      /usr/lib/x86_64-linux-gnu/libX11.so.6.4.0
727b69ffa000-727b69ffb000 ---p 0013a000 08:03 28711                      /usr/lib/x86_64-linux-gnu/libX11.so.6.4.0
727b69ffb000-727b69ffc000 r--p 0013a000 08:03 28711                      /usr/lib/x86_64-linux-gnu/libX11.so.6.4.0
727b69ffc000-727b6a000000 rw-p 0013b000 08:03 28711                      /usr/lib/x86_64-linux-gnu/libX11.so.6.4.0
727b6a000000-727b6c000000 rw-p 00000000 00:00 0 
727b6c000000-727b6c021000 rw-p 00000000 00:00 0 
727b6c021000-727b70000000 ---p 00000000 00:00 0 
727b70000000-727b70021000 rw-p 00000000 00:00 0 
727b70021000-727b74000000 ---p 00000000 00:00 0 
727b74000000-727b74021000 rw-p 00000000 00:00 0 
727b74021000-727b78000000 ---p 00000000 00:00 0 
727b78000000-727b78013000 rw-s 00000000 00:05 879                        /dev/nvidiactl
727b78013000-727b7801e000 r--p 00000000 08:03 30268                      /usr/lib/x86_64-linux-gnu/libxcb-glx.so.0.0.0
727b7801e000-727b78027000 r-xp 0000b000 08:03 30268                      /usr/lib/x86_64-linux-gnu/libxcb-glx.so.0.0.0
727b78027000-727b7802c000 r--p 00014000 08:03 30268                      /usr/lib/x86_64-linux-gnu/libxcb-glx.so.0.0.0
727b7802c000-727b7802d000 ---p 00019000 08:03 30268                      /usr/lib/x86_64-linux-gnu/libxcb-glx.so.0.0.0
727b7802d000-727b7802f000 r--p 00019000 08:03 30268                      /usr/lib/x86_64-linux-gnu/libxcb-glx.so.0.0.0
727b7802f000-727b78030000 rw-p 0001b000 08:03 30268                      /usr/lib/x86_64-linux-gnu/libxcb-glx.so.0.0.0
727b78030000-727b78034000 ---p 00000000 00:00 0 
727b78034000-727b78130000 rw-p 00000000 00:00 0 
727b78130000-727b78134000 ---p 00000000 00:00 0 
727b78134000-727b78230000 rw-p 00000000 00:00 0 
727b78230000-727b78234000 ---p 00000000 00:00 0 
727b78234000-727b78330000 rw-p 00000000 00:00 0 
727b78330000-727b783fe000 r-xp 00000000 08:03 3444063                    /home/denis0001/.jdks/openjdk-22/lib/libjsvml.so
727b783fe000-727b783ff000 r--p 000cd000 08:03 3444063                    /home/denis0001/.jdks/openjdk-22/lib/libjsvml.so
727b783ff000-727b78400000 rw-p 000ce000 08:03 3444063                    /home/denis0001/.jdks/openjdk-22/lib/libjsvml.so
727b78400000-727b78404000 ---p 00000000 00:00 0 
727b78404000-727b78500000 rw-p 00000000 00:00 0 
727b78500000-727b78504000 ---p 00000000 00:00 0 
727b78504000-727b78600000 rw-p 00000000 00:00 0 
727b78600000-727b78604000 ---p 00000000 00:00 0 
727b78604000-727b78700000 rw-p 00000000 00:00 0 
727b78700000-727b78704000 ---p 00000000 00:00 0 
727b78704000-727b78800000 rw-p 00000000 00:00 0 
727b78800000-727b78804000 ---p 00000000 00:00 0 
727b78804000-727b78900000 rw-p 00000000 00:00 0 
727b78900000-727b78904000 ---p 00000000 00:00 0 
727b78904000-727b78a00000 rw-p 00000000 00:00 0 
727b78a00000-727b78f75000 r--p 00000000 08:03 1571                       /usr/lib/locale/locale-archive
727b78f7f000-727b78f85000 rwxp 00000000 00:00 0 
727b78f85000-727b78f88000 r--p 00000000 08:03 28685                      /usr/lib/x86_64-linux-gnu/libGLX.so.0.0.0
727b78f88000-727b78fa3000 r-xp 00003000 08:03 28685                      /usr/lib/x86_64-linux-gnu/libGLX.so.0.0.0
727b78fa3000-727b78fa6000 r--p 0001e000 08:03 28685                      /usr/lib/x86_64-linux-gnu/libGLX.so.0.0.0
727b78fa6000-727b78fa7000 ---p 00021000 08:03 28685                      /usr/lib/x86_64-linux-gnu/libGLX.so.0.0.0
727b78fa7000-727b78fa8000 r--p 00021000 08:03 28685                      /usr/lib/x86_64-linux-gnu/libGLX.so.0.0.0
727b78fa8000-727b78fa9000 rw-p 00022000 08:03 28685                      /usr/lib/x86_64-linux-gnu/libGLX.so.0.0.0
727b78fa9000-727b78fb9000 rw-p 00000000 00:00 0 
727b78fb9000-727b78fd9000 rw-s 00000000 00:05 879                        /dev/nvidiactl
727b78fd9000-727b78fda000 r--p 00000000 08:03 28709                      /usr/lib/x86_64-linux-gnu/libX11-xcb.so.1.0.0
727b78fda000-727b78fdb000 r-xp 00001000 08:03 28709                      /usr/lib/x86_64-linux-gnu/libX11-xcb.so.1.0.0
727b78fdb000-727b78fdc000 r--p 00002000 08:03 28709                      /usr/lib/x86_64-linux-gnu/libX11-xcb.so.1.0.0
727b78fdc000-727b78fdd000 r--p 00002000 08:03 28709                      /usr/lib/x86_64-linux-gnu/libX11-xcb.so.1.0.0
727b78fdd000-727b78fde000 rw-p 00003000 08:03 28709                      /usr/lib/x86_64-linux-gnu/libX11-xcb.so.1.0.0
727b78fde000-727b78fe0000 r--p 00000000 08:03 29660                      /usr/lib/x86_64-linux-gnu/libmd.so.0.0.5
727b78fe0000-727b78fe7000 r-xp 00002000 08:03 29660                      /usr/lib/x86_64-linux-gnu/libmd.so.0.0.5
727b78fe7000-727b78fe9000 r--p 00009000 08:03 29660                      /usr/lib/x86_64-linux-gnu/libmd.so.0.0.5
727b78fe9000-727b78fea000 r--p 0000a000 08:03 29660                      /usr/lib/x86_64-linux-gnu/libmd.so.0.0.5
727b78fea000-727b78feb000 rw-p 0000b000 08:03 29660                      /usr/lib/x86_64-linux-gnu/libmd.so.0.0.5
727b78feb000-727b78fef000 r--p 00000000 08:03 29007                      /usr/lib/x86_64-linux-gnu/libbsd.so.0.11.5
727b78fef000-727b78ffc000 r-xp 00004000 08:03 29007                      /usr/lib/x86_64-linux-gnu/libbsd.so.0.11.5
727b78ffc000-727b78fff000 r--p 00011000 08:03 29007                      /usr/lib/x86_64-linux-gnu/libbsd.so.0.11.5
727b78fff000-727b79000000 ---p 00014000 08:03 29007                      /usr/lib/x86_64-linux-gnu/libbsd.so.0.11.5
727b79000000-727b79001000 r--p 00014000 08:03 29007                      /usr/lib/x86_64-linux-gnu/libbsd.so.0.11.5
727b79001000-727b79002000 rw-p 00015000 08:03 29007                      /usr/lib/x86_64-linux-gnu/libbsd.so.0.11.5
727b79002000-727b79003000 rw-p 00000000 00:00 0 
727b79003000-727b79007000 ---p 00000000 00:00 0 
727b79007000-727b79103000 rw-p 00000000 00:00 0 
727b79103000-727b79104000 ---p 00000000 00:00 0 
727b79104000-727b79204000 rw-p 00000000 00:00 0 
727b79204000-727b79205000 ---p 00000000 00:00 0 
727b79205000-727b793e1000 rw-p 00000000 00:00 0 
727b793e1000-727b793e2000 ---p 00000000 00:00 0 
727b793e2000-727b794e2000 rw-p 00000000 00:00 0 
727b794e2000-727b794e3000 ---p 00000000 00:00 0 
727b794e3000-727b79cc4000 rw-p 00000000 00:00 0 
727b79cc4000-727b7f484000 ---p 00000000 00:00 0 
727b7f484000-727b7f550000 rw-p 00000000 00:00 0 
727b7f550000-727b80048000 ---p 00000000 00:00 0 
727b80048000-727b80106000 rw-p 00000000 00:00 0 
727b80106000-727b80bfe000 ---p 00000000 00:00 0 
727b80bfe000-727b80c00000 rw-p 00000000 00:00 0 
727b80c00000-727b80f50000 rwxp 00000000 00:00 0 
727b80f50000-727b88137000 ---p 00000000 00:00 0 
727b88137000-727b883a7000 rwxp 00000000 00:00 0 
727b883a7000-727b886c8000 ---p 00000000 00:00 0 
727b886c8000-727b88938000 rwxp 00000000 00:00 0 
727b88938000-727b8fc00000 ---p 00000000 00:00 0 
727b8fc00000-727b97fb6000 r--s 00000000 08:03 3444081                    /home/denis0001/.jdks/openjdk-22/lib/modules
727b97fb6000-727b97fb9000 rw-s 00000000 00:05 879                        /dev/nvidiactl
727b97fb9000-727b97fbb000 r--p 00000000 08:03 28726                      /usr/lib/x86_64-linux-gnu/libXdmcp.so.6.0.0
727b97fbb000-727b97fbd000 r-xp 00002000 08:03 28726                      /usr/lib/x86_64-linux-gnu/libXdmcp.so.6.0.0
727b97fbd000-727b97fbf000 r--p 00004000 08:03 28726                      /usr/lib/x86_64-linux-gnu/libXdmcp.so.6.0.0
727b97fbf000-727b97fc0000 r--p 00005000 08:03 28726                      /usr/lib/x86_64-linux-gnu/libXdmcp.so.6.0.0
727b97fc0000-727b97fc1000 rw-p 00006000 08:03 28726                      /usr/lib/x86_64-linux-gnu/libXdmcp.so.6.0.0
727b97fc1000-727b97fc5000 r--p 00000000 08:03 28728                      /usr/lib/x86_64-linux-gnu/libXext.so.6.4.0
727b97fc5000-727b97fd0000 r-xp 00004000 08:03 28728                      /usr/lib/x86_64-linux-gnu/libXext.so.6.4.0
727b97fd0000-727b97fd4000 r--p 0000f000 08:03 28728                      /usr/lib/x86_64-linux-gnu/libXext.so.6.4.0
727b97fd4000-727b97fd5000 r--p 00012000 08:03 28728                      /usr/lib/x86_64-linux-gnu/libXext.so.6.4.0
727b97fd5000-727b97fd6000 rw-p 00013000 08:03 28728                      /usr/lib/x86_64-linux-gnu/libXext.so.6.4.0
727b97fd6000-727b97fe1000 r--p 00000000 08:03 30300                      /usr/lib/x86_64-linux-gnu/libxcb.so.1.1.0
727b97fe1000-727b97ff5000 r-xp 0000b000 08:03 30300                      /usr/lib/x86_64-linux-gnu/libxcb.so.1.1.0
727b97ff5000-727b97ffe000 r--p 0001f000 08:03 30300                      /usr/lib/x86_64-linux-gnu/libxcb.so.1.1.0
727b97ffe000-727b97fff000 r--p 00027000 08:03 30300                      /usr/lib/x86_64-linux-gnu/libxcb.so.1.1.0
727b97fff000-727b98000000 rw-p 00028000 08:03 30300                      /usr/lib/x86_64-linux-gnu/libxcb.so.1.1.0
727b98000000-727b9b718000 rw-p 00000000 00:00 0 
727b9b718000-727b9c000000 ---p 00000000 00:00 0 
727b9c000000-727b9c001000 rwxp 00000000 00:00 0 
727b9c001000-727b9c002000 r--p 00000000 08:03 28715                      /usr/lib/x86_64-linux-gnu/libXau.so.6.0.0
727b9c002000-727b9c004000 r-xp 00001000 08:03 28715                      /usr/lib/x86_64-linux-gnu/libXau.so.6.0.0
727b9c004000-727b9c005000 r--p 00003000 08:03 28715                      /usr/lib/x86_64-linux-gnu/libXau.so.6.0.0
727b9c005000-727b9c006000 r--p 00003000 08:03 28715                      /usr/lib/x86_64-linux-gnu/libXau.so.6.0.0
727b9c006000-727b9c007000 rw-p 00004000 08:03 28715                      /usr/lib/x86_64-linux-gnu/libXau.so.6.0.0
727b9c007000-727b9c009000 r--p 00000000 08:03 28748                      /usr/lib/x86_64-linux-gnu/libXrender.so.1.3.0
727b9c009000-727b9c010000 r-xp 00002000 08:03 28748                      /usr/lib/x86_64-linux-gnu/libXrender.so.1.3.0
727b9c010000-727b9c012000 r--p 00009000 08:03 28748                      /usr/lib/x86_64-linux-gnu/libXrender.so.1.3.0
727b9c012000-727b9c013000 r--p 0000a000 08:03 28748                      /usr/lib/x86_64-linux-gnu/libXrender.so.1.3.0
727b9c013000-727b9c014000 rw-p 0000b000 08:03 28748                      /usr/lib/x86_64-linux-gnu/libXrender.so.1.3.0
727b9c014000-727b9c016000 r--p 00000000 08:03 28722                      /usr/lib/x86_64-linux-gnu/libXcursor.so.1.0.2
727b9c016000-727b9c01c000 r-xp 00002000 08:03 28722                      /usr/lib/x86_64-linux-gnu/libXcursor.so.1.0.2
727b9c01c000-727b9c01e000 r--p 00008000 08:03 28722                      /usr/lib/x86_64-linux-gnu/libXcursor.so.1.0.2
727b9c01e000-727b9c01f000 r--p 00009000 08:03 28722                      /usr/lib/x86_64-linux-gnu/libXcursor.so.1.0.2
727b9c01f000-727b9c020000 rw-p 0000a000 08:03 28722                      /usr/lib/x86_64-linux-gnu/libXcursor.so.1.0.2
727b9c020000-727b9c323000 rw-p 00000000 00:00 0 
727b9c323000-727b9c324000 ---p 00000000 00:00 0 
727b9c324000-727b9c424000 rw-p 00000000 00:00 0 
727b9c424000-727b9c425000 ---p 00000000 00:00 0 
727b9c425000-727b9c525000 rw-p 00000000 00:00 0 
727b9c525000-727b9c526000 ---p 00000000 00:00 0 
727b9c526000-727b9ca2f000 rw-p 00000000 00:00 0 
727b9ca2f000-727b9cb15000 ---p 00000000 00:00 0 
727b9cb15000-727b9cb1c000 rw-p 00000000 00:00 0 
727b9cb1c000-727b9cc00000 ---p 00000000 00:00 0 
727b9cc00000-727b9df40000 r-xp 00000000 08:03 3539189                    /home/denis0001/.jdks/openjdk-22/lib/server/libjvm.so
727b9df40000-727b9e00d000 r--p 0133f000 08:03 3539189                    /home/denis0001/.jdks/openjdk-22/lib/server/libjvm.so
727b9e00d000-727b9e03b000 rw-p 0140c000 08:03 3539189                    /home/denis0001/.jdks/openjdk-22/lib/server/libjvm.so
727b9e03b000-727b9e0b1000 rw-p 00000000 00:00 0 
727b9e0b1000-727b9e0b3000 rw-s 00000000 00:01 5399                       /memfd:/.glXXXXXX (deleted)
727b9e0b3000-727b9e0b5000 r--p 00000000 08:03 28730                      /usr/lib/x86_64-linux-gnu/libXfixes.so.3.1.0
727b9e0b5000-727b9e0b8000 r-xp 00002000 08:03 28730                      /usr/lib/x86_64-linux-gnu/libXfixes.so.3.1.0
727b9e0b8000-727b9e0b9000 r--p 00005000 08:03 28730                      /usr/lib/x86_64-linux-gnu/libXfixes.so.3.1.0
727b9e0b9000-727b9e0ba000 r--p 00006000 08:03 28730                      /usr/lib/x86_64-linux-gnu/libXfixes.so.3.1.0
727b9e0ba000-727b9e0bb000 rw-p 00007000 08:03 28730                      /usr/lib/x86_64-linux-gnu/libXfixes.so.3.1.0
727b9e0bb000-727b9e0bc000 r--p 00000000 08:03 28738                      /usr/lib/x86_64-linux-gnu/libXinerama.so.1.0.0
727b9e0bc000-727b9e0bd000 r-xp 00001000 08:03 28738                      /usr/lib/x86_64-linux-gnu/libXinerama.so.1.0.0
727b9e0bd000-727b9e0be000 r--p 00002000 08:03 28738                      /usr/lib/x86_64-linux-gnu/libXinerama.so.1.0.0
727b9e0be000-727b9e0bf000 r--p 00003000 08:03 28738                      /usr/lib/x86_64-linux-gnu/libXinerama.so.1.0.0
727b9e0bf000-727b9e0c0000 rw-p 00004000 08:03 28738                      /usr/lib/x86_64-linux-gnu/libXinerama.so.1.0.0
727b9e0c0000-727b9e0c3000 r--p 00000000 08:03 29303                      /usr/lib/x86_64-linux-gnu/libgcc_s.so.1
727b9e0c3000-727b9e0da000 r-xp 00003000 08:03 29303                      /usr/lib/x86_64-linux-gnu/libgcc_s.so.1
727b9e0da000-727b9e0de000 r--p 0001a000 08:03 29303                      /usr/lib/x86_64-linux-gnu/libgcc_s.so.1
727b9e0de000-727b9e0df000 r--p 0001d000 08:03 29303                      /usr/lib/x86_64-linux-gnu/libgcc_s.so.1
727b9e0df000-727b9e0e0000 rw-p 0001e000 08:03 29303                      /usr/lib/x86_64-linux-gnu/libgcc_s.so.1
727b9e0e0000-727b9e0e1000 rwxp 00000000 00:00 0 
727b9e0e1000-727b9e0e5000 rw-s 00000000 00:05 879                        /dev/nvidiactl
727b9e0e5000-727b9e0e6000 rw-s 00000000 00:05 880                        /dev/nvidia0
727b9e0e6000-727b9e0e8000 rw-s 00000000 00:05 879                        /dev/nvidiactl
727b9e0e8000-727b9e0ec000 rw-s 00000000 00:05 879                        /dev/nvidiactl
727b9e0ec000-727b9e0ed000 rw-s 00000000 00:05 880                        /dev/nvidia0
727b9e0ed000-727b9e0ee000 rw-s 00000000 00:05 880                        /dev/nvidia0
727b9e0ee000-727b9e0ef000 rw-s 00000000 00:05 880                        /dev/nvidia0
727b9e0ef000-727b9e0f0000 rw-s 00000000 00:05 879                        /dev/nvidiactl
727b9e0f0000-727b9e0f1000 rw-s 00000000 00:05 879                        /dev/nvidiactl
727b9e0f1000-727b9e0f2000 rw-s 00000000 00:05 879                        /dev/nvidiactl
727b9e0f2000-727b9e0f3000 rw-s 00044000 00:01 1025                       /memfd:/.nvidia_drv.XXXXXX (deleted)
727b9e0f3000-727b9e0f4000 r--p 00000000 08:03 28071                      /usr/lib/x86_64-linux-gnu/libnvidia-tls.so.535.171.04
727b9e0f4000-727b9e0f6000 r-xp 00001000 08:03 28071                      /usr/lib/x86_64-linux-gnu/libnvidia-tls.so.535.171.04
727b9e0f6000-727b9e0f7000 r--p 00003000 08:03 28071                      /usr/lib/x86_64-linux-gnu/libnvidia-tls.so.535.171.04
727b9e0f7000-727b9e0f8000 r--p 00003000 08:03 28071                      /usr/lib/x86_64-linux-gnu/libnvidia-tls.so.535.171.04
727b9e0f8000-727b9e0f9000 rw-p 00004000 08:03 28071                      /usr/lib/x86_64-linux-gnu/libnvidia-tls.so.535.171.04
727b9e0f9000-727b9e100000 r--s 00000000 08:03 10036                      /usr/lib/x86_64-linux-gnu/gconv/gconv-modules.cache
727b9e100000-727b9e104000 ---p 00000000 00:00 0 
727b9e104000-727b9e200000 rw-p 00000000 00:00 0 
727b9e200000-727b9e228000 r--p 00000000 08:03 2080                       /usr/lib/x86_64-linux-gnu/libc.so.6
727b9e228000-727b9e3bd000 r-xp 00028000 08:03 2080                       /usr/lib/x86_64-linux-gnu/libc.so.6
727b9e3bd000-727b9e415000 r--p 001bd000 08:03 2080                       /usr/lib/x86_64-linux-gnu/libc.so.6
727b9e415000-727b9e416000 ---p 00215000 08:03 2080                       /usr/lib/x86_64-linux-gnu/libc.so.6
727b9e416000-727b9e41a000 r--p 00215000 08:03 2080                       /usr/lib/x86_64-linux-gnu/libc.so.6
727b9e41a000-727b9e41c000 rw-p 00219000 08:03 2080                       /usr/lib/x86_64-linux-gnu/libc.so.6
727b9e41c000-727b9e429000 rw-p 00000000 00:00 0 
727b9e429000-727b9e42a000 r-xp 00000000 00:00 0 
727b9e42a000-727b9e42c000 r--p 00000000 08:03 28746                      /usr/lib/x86_64-linux-gnu/libXrandr.so.2.2.0
727b9e42c000-727b9e433000 r-xp 00002000 08:03 28746                      /usr/lib/x86_64-linux-gnu/libXrandr.so.2.2.0
727b9e433000-727b9e435000 r--p 00009000 08:03 28746                      /usr/lib/x86_64-linux-gnu/libXrandr.so.2.2.0
727b9e435000-727b9e436000 r--p 0000a000 08:03 28746                      /usr/lib/x86_64-linux-gnu/libXrandr.so.2.2.0
727b9e436000-727b9e437000 rw-p 0000b000 08:03 28746                      /usr/lib/x86_64-linux-gnu/libXrandr.so.2.2.0
727b9e437000-727b9e439000 r-xp 00000000 08:03 3444048                    /home/denis0001/.jdks/openjdk-22/lib/libextnet.so
727b9e439000-727b9e43a000 r--p 00001000 08:03 3444048                    /home/denis0001/.jdks/openjdk-22/lib/libextnet.so
727b9e43a000-727b9e43b000 rw-p 00002000 08:03 3444048                    /home/denis0001/.jdks/openjdk-22/lib/libextnet.so
727b9e43b000-727b9e446000 r-xp 00000000 08:03 3444070                    /home/denis0001/.jdks/openjdk-22/lib/libnet.so
727b9e446000-727b9e447000 ---p 0000b000 08:03 3444070                    /home/denis0001/.jdks/openjdk-22/lib/libnet.so
727b9e447000-727b9e448000 r--p 0000b000 08:03 3444070                    /home/denis0001/.jdks/openjdk-22/lib/libnet.so
727b9e448000-727b9e449000 rw-p 0000c000 08:03 3444070                    /home/denis0001/.jdks/openjdk-22/lib/libnet.so
727b9e449000-727b9e45c000 r-xp 00000000 08:03 3444071                    /home/denis0001/.jdks/openjdk-22/lib/libnio.so
727b9e45c000-727b9e45d000 ---p 00013000 08:03 3444071                    /home/denis0001/.jdks/openjdk-22/lib/libnio.so
727b9e45d000-727b9e45e000 r--p 00013000 08:03 3444071                    /home/denis0001/.jdks/openjdk-22/lib/libnio.so
727b9e45e000-727b9e45f000 rw-p 00014000 08:03 3444071                    /home/denis0001/.jdks/openjdk-22/lib/libnio.so
727b9e45f000-727b9e4d7000 rw-p 00000000 00:00 0 
727b9e4d7000-727b9e4de000 ---p 00000000 00:00 0 
727b9e4de000-727b9e4fe000 r-xp 00000000 08:03 3444055                    /home/denis0001/.jdks/openjdk-22/lib/libjava.so
727b9e4fe000-727b9e4ff000 ---p 00020000 08:03 3444055                    /home/denis0001/.jdks/openjdk-22/lib/libjava.so
727b9e4ff000-727b9e500000 r--p 00020000 08:03 3444055                    /home/denis0001/.jdks/openjdk-22/lib/libjava.so
727b9e500000-727b9e501000 rw-p 00021000 08:03 3444055                    /home/denis0001/.jdks/openjdk-22/lib/libjava.so
727b9e501000-727b9e502000 rw-p 00000000 00:00 0 
727b9e502000-727b9e520000 r-xp 00000000 08:03 3444059                    /home/denis0001/.jdks/openjdk-22/lib/libjimage.so
727b9e520000-727b9e522000 r--p 0001d000 08:03 3444059                    /home/denis0001/.jdks/openjdk-22/lib/libjimage.so
727b9e522000-727b9e523000 rw-p 0001f000 08:03 3444059                    /home/denis0001/.jdks/openjdk-22/lib/libjimage.so
727b9e523000-727b9e531000 r--p 00000000 08:03 2355                       /usr/lib/x86_64-linux-gnu/libm.so.6
727b9e531000-727b9e5ad000 r-xp 0000e000 08:03 2355                       /usr/lib/x86_64-linux-gnu/libm.so.6
727b9e5ad000-727b9e608000 r--p 0008a000 08:03 2355                       /usr/lib/x86_64-linux-gnu/libm.so.6
727b9e608000-727b9e609000 r--p 000e4000 08:03 2355                       /usr/lib/x86_64-linux-gnu/libm.so.6
727b9e609000-727b9e60a000 rw-p 000e5000 08:03 2355                       /usr/lib/x86_64-linux-gnu/libm.so.6
727b9e60a000-727b9e60b000 r--p 00000000 08:03 3647                       /usr/lib/x86_64-linux-gnu/librt.so.1
727b9e60b000-727b9e60c000 r-xp 00001000 08:03 3647                       /usr/lib/x86_64-linux-gnu/librt.so.1
727b9e60c000-727b9e60d000 r--p 00002000 08:03 3647                       /usr/lib/x86_64-linux-gnu/librt.so.1
727b9e60d000-727b9e60e000 r--p 00002000 08:03 3647                       /usr/lib/x86_64-linux-gnu/librt.so.1
727b9e60e000-727b9e60f000 rw-p 00003000 08:03 3647                       /usr/lib/x86_64-linux-gnu/librt.so.1
727b9e60f000-727b9e613000 rw-p 00000000 00:00 0 
727b9e613000-727b9e614000 r--p 00000000 08:03 2111                       /usr/lib/x86_64-linux-gnu/libdl.so.2
727b9e614000-727b9e615000 r-xp 00001000 08:03 2111                       /usr/lib/x86_64-linux-gnu/libdl.so.2
727b9e615000-727b9e616000 r--p 00002000 08:03 2111                       /usr/lib/x86_64-linux-gnu/libdl.so.2
727b9e616000-727b9e617000 r--p 00002000 08:03 2111                       /usr/lib/x86_64-linux-gnu/libdl.so.2
727b9e617000-727b9e618000 rw-p 00003000 08:03 2111                       /usr/lib/x86_64-linux-gnu/libdl.so.2
727b9e618000-727b9e619000 r--p 00000000 08:03 3644                       /usr/lib/x86_64-linux-gnu/libpthread.so.0
727b9e619000-727b9e61a000 r-xp 00001000 08:03 3644                       /usr/lib/x86_64-linux-gnu/libpthread.so.0
727b9e61a000-727b9e61b000 r--p 00002000 08:03 3644                       /usr/lib/x86_64-linux-gnu/libpthread.so.0
727b9e61b000-727b9e61c000 r--p 00002000 08:03 3644                       /usr/lib/x86_64-linux-gnu/libpthread.so.0
727b9e61c000-727b9e61d000 rw-p 00003000 08:03 3644                       /usr/lib/x86_64-linux-gnu/libpthread.so.0
727b9e61d000-727b9e62c000 r-xp 00000000 08:03 3444060                    /home/denis0001/.jdks/openjdk-22/lib/libjli.so
727b9e62c000-727b9e62d000 r--p 0000e000 08:03 3444060                    /home/denis0001/.jdks/openjdk-22/lib/libjli.so
727b9e62d000-727b9e62e000 rw-p 0000f000 08:03 3444060                    /home/denis0001/.jdks/openjdk-22/lib/libjli.so
727b9e62e000-727b9e630000 r--p 00000000 08:03 30336                      /usr/lib/x86_64-linux-gnu/libz.so.1.2.11
727b9e630000-727b9e641000 r-xp 00002000 08:03 30336                      /usr/lib/x86_64-linux-gnu/libz.so.1.2.11
727b9e641000-727b9e647000 r--p 00013000 08:03 30336                      /usr/lib/x86_64-linux-gnu/libz.so.1.2.11
727b9e647000-727b9e648000 ---p 00019000 08:03 30336                      /usr/lib/x86_64-linux-gnu/libz.so.1.2.11
727b9e648000-727b9e649000 r--p 00019000 08:03 30336                      /usr/lib/x86_64-linux-gnu/libz.so.1.2.11
727b9e649000-727b9e64a000 rw-p 0001a000 08:03 30336                      /usr/lib/x86_64-linux-gnu/libz.so.1.2.11
727b9e64a000-727b9e651000 r-xp 00000000 08:03 3444080                    /home/denis0001/.jdks/openjdk-22/lib/libzip.so
727b9e651000-727b9e652000 ---p 00007000 08:03 3444080                    /home/denis0001/.jdks/openjdk-22/lib/libzip.so
727b9e652000-727b9e653000 r--p 00007000 08:03 3444080                    /home/denis0001/.jdks/openjdk-22/lib/libzip.so
727b9e653000-727b9e654000 rw-p 00008000 08:03 3444080                    /home/denis0001/.jdks/openjdk-22/lib/libzip.so
727b9e654000-727b9e65c000 rw-s 00000000 08:03 437570                     /tmp/hsperfdata_denis0001/60600
727b9e65c000-727b9e666000 r-xp 00000000 08:03 3444050                    /home/denis0001/.jdks/openjdk-22/lib/libinstrument.so
727b9e666000-727b9e667000 r--p 00009000 08:03 3444050                    /home/denis0001/.jdks/openjdk-22/lib/libinstrument.so
727b9e667000-727b9e668000 rw-p 0000a000 08:03 3444050                    /home/denis0001/.jdks/openjdk-22/lib/libinstrument.so
727b9e668000-727b9e669000 ---p 00000000 00:00 0 
727b9e669000-727b9e66a000 r--p 00000000 00:00 0 
727b9e66a000-727b9e66c000 rw-p 00000000 00:00 0 
727b9e66c000-727b9e66e000 r--p 00000000 08:03 1838                       /usr/lib/x86_64-linux-gnu/ld-linux-x86-64.so.2
727b9e66e000-727b9e698000 r-xp 00002000 08:03 1838                       /usr/lib/x86_64-linux-gnu/ld-linux-x86-64.so.2
727b9e698000-727b9e6a3000 r--p 0002c000 08:03 1838                       /usr/lib/x86_64-linux-gnu/ld-linux-x86-64.so.2
727b9e6a3000-727b9e6a4000 ---p 00000000 00:00 0 
727b9e6a4000-727b9e6a6000 r--p 00037000 08:03 1838                       /usr/lib/x86_64-linux-gnu/ld-linux-x86-64.so.2
727b9e6a6000-727b9e6a8000 rw-p 00039000 08:03 1838                       /usr/lib/x86_64-linux-gnu/ld-linux-x86-64.so.2
7ffced02c000-7ffced04e000 rw-p 00000000 00:00 0                          [stack]
7ffced072000-7ffced076000 r--p 00000000 00:00 0                          [vvar]
7ffced076000-7ffced078000 r-xp 00000000 00:00 0                          [vdso]
ffffffffff600000-ffffffffff601000 --xp 00000000 00:00 0                  [vsyscall]
Total number of mappings: 429


VM Arguments:
jvm_args: -javaagent:/snap/intellij-idea-community/502/lib/idea_rt.jar=39627:/snap/intellij-idea-community/502/bin -Dfile.encoding=UTF-8 -Dsun.stdout.encoding=UTF-8 -Dsun.stderr.encoding=UTF-8 
java_command: net.minecraftrecreation.client.Main --name test
java_class_path (initial): /home/denis0001/IdeaProjects/MinecraftRecreation/target/classes:/home/denis0001/.m2/repository/org/lwjgl/lwjgl/3.1.1/lwjgl-3.1.1.jar:/home/denis0001/.m2/repository/org/lwjgl/lwjgl-bgfx/3.1.1/lwjgl-bgfx-3.1.1.jar:/home/denis0001/.m2/repository/org/lwjgl/lwjgl-glfw/3.1.1/lwjgl-glfw-3.1.1.jar:/home/denis0001/.m2/repository/org/lwjgl/lwjgl-nanovg/3.1.1/lwjgl-nanovg-3.1.1.jar:/home/denis0001/.m2/repository/org/lwjgl/lwjgl-nuklear/3.1.1/lwjgl-nuklear-3.1.1.jar:/home/denis0001/.m2/repository/org/lwjgl/lwjgl-openal/3.1.1/lwjgl-openal-3.1.1.jar:/home/denis0001/.m2/repository/org/lwjgl/lwjgl-opengl/3.1.1/lwjgl-opengl-3.1.1.jar:/home/denis0001/.m2/repository/org/lwjgl/lwjgl-par/3.1.1/lwjgl-par-3.1.1.jar:/home/denis0001/.m2/repository/org/lwjgl/lwjgl-stb/3.1.1/lwjgl-stb-3.1.1.jar:/home/denis0001/.m2/repository/org/lwjgl/lwjgl-vulkan/3.1.1/lwjgl-vulkan-3.1.1.jar:/home/denis0001/.m2/repository/org/lwjgl/lwjgl/3.1.1/lwjgl-3.1.1-natives-linux.jar:/home/denis0001/.m2/repository/org/lwjgl/lwjgl-bgfx/3.1.1/lwjgl-bgfx-3.1.1-natives-linux.jar:/home/denis0001/.m2/repository/org/lwjgl/lwjgl-glfw/3.1.1/lwjgl-glfw-3.1.1-natives-linux.jar:/home/denis0001/.m2/repository/org/lwjgl/lwjgl-nanovg/3.1.1/lwjgl-nanovg-3.1.1-natives-linux.jar:/home/denis0001/.m2/repository/org/lwjgl/lwjgl-nuklear/3.1.1/lwjgl-nuklear-3.1.1-natives-linux.jar:/home/denis0001/.m2/repository/org/lwjgl/lwjgl-openal/3.1.1/lwjgl-openal-3.1.1-natives-linux.jar:/home/denis0001/.m2/repository/org/lwjgl/lwjgl-par/3.1.1/lwjgl-par-3.1.1-natives-linux.jar:/home/denis0001/.m2/repository/org/lwjgl/lwjgl-stb/3.1.1/lwjgl-stb-3.1.1-natives-linux.jar:/home/denis0001/.m2/repository/org/jetbrains/annotations/24.0.0/annotations-24.0.0.jar:/home/denis0001/.m2/repository/commons-io/commons-io/2.16.1/commons-io-2.16.1.jar:/home/denis0001/.m2/repository/org/joml/joml/1.10.5/joml-1.10.5.jar:/home/denis0001/IdeaProjects/MinecraftRecreation/libs/util-1.0.jar:/home/denis0001/IdeaProjects/MinecraftRecreation/libs/logging-1.0.jar:/home/denis0001/.m2/repository/io/github/spair/imgui-java-binding/1.86.11/imgui-java-binding-1.86.11.jar:/home/denis0001/.m2/repository/io/github/spair/imgui-java-natives-linux/1.86.11/imgui-java-natives-linux-1.86.11.jar:/home/denis0001/.m2/repository/org/lwjgl/lwjgl-assimp/3.1.1/lwjgl-assimp-3.1.1.jar:/home/denis0001/.m2/repository/org/lwjgl/lwjgl-assimp/3.1.1/lwjgl-assimp-3.1.1-natives-linux.jar:/home/denis0001/IdeaProjects/MinecraftRecreation/libs/lwjgl-opengl-3.1.1-natives-linux.jar
Launcher Type: SUN_STANDARD

[Global flags]
     intx CICompilerCount                          = 3                                         {product} {ergonomic}
     uint ConcGCThreads                            = 1                                         {product} {ergonomic}
     uint G1ConcRefinementThreads                  = 4                                         {product} {ergonomic}
   size_t G1HeapRegionSize                         = 4194304                                   {product} {ergonomic}
   size_t InitialHeapSize                          = 394264576                                 {product} {ergonomic}
   size_t MarkStackSize                            = 4194304                                   {product} {ergonomic}
   size_t MaxHeapSize                              = 6287261696                                {product} {ergonomic}
   size_t MaxNewSize                               = 3770679296                                {product} {ergonomic}
   size_t MinHeapDeltaBytes                        = 4194304                                   {product} {ergonomic}
   size_t MinHeapSize                              = 8388608                                   {product} {ergonomic}
    uintx NonNMethodCodeHeapSize                   = 5832780                                {pd product} {ergonomic}
    uintx NonProfiledCodeHeapSize                  = 122912730                              {pd product} {ergonomic}
    uintx ProfiledCodeHeapSize                     = 122912730                              {pd product} {ergonomic}
    uintx ReservedCodeCacheSize                    = 251658240                              {pd product} {ergonomic}
     bool SegmentedCodeCache                       = true                                      {product} {ergonomic}
   size_t SoftMaxHeapSize                          = 6287261696                             {manageable} {ergonomic}
     bool UseCompressedOops                        = true                           {product lp64_product} {ergonomic}
     bool UseG1GC                                  = true                                      {product} {ergonomic}

Logging:
Log output configuration:
 #0: stdout all=warning uptime,level,tags foldmultilines=false
 #1: stderr all=off uptime,level,tags foldmultilines=false

Environment Variables:
PATH=/usr/local/sbin:/usr/local/bin:/usr/sbin:/usr/bin:/sbin:/bin:/usr/games:/usr/local/games:/snap/bin
SHELL=/bin/bash
DISPLAY=:0
LANG=ru_RU.UTF-8

Active Locale:
LC_ALL=ru_RU.UTF-8
LC_COLLATE=ru_RU.UTF-8
LC_CTYPE=ru_RU.UTF-8
LC_MESSAGES=ru_RU.UTF-8
LC_MONETARY=ru_RU.UTF-8
LC_NUMERIC=ru_RU.UTF-8
LC_TIME=ru_RU.UTF-8

Signal Handlers:
   SIGSEGV: crash_handler in libjvm.so, mask=11100100010111111101111111111110, flags=SA_RESTART|SA_SIGINFO, unblocked
    SIGBUS: crash_handler in libjvm.so, mask=11100100010111111101111111111110, flags=SA_RESTART|SA_SIGINFO, unblocked
    SIGFPE: crash_handler in libjvm.so, mask=11100100010111111101111111111110, flags=SA_RESTART|SA_SIGINFO, unblocked
   SIGPIPE: javaSignalHandler in libjvm.so, mask=11100100010111111101111111111110, flags=SA_RESTART|SA_SIGINFO, blocked
   SIGXFSZ: javaSignalHandler in libjvm.so, mask=11100100010111111101111111111110, flags=SA_RESTART|SA_SIGINFO, blocked
    SIGILL: crash_handler in libjvm.so, mask=11100100010111111101111111111110, flags=SA_RESTART|SA_SIGINFO, unblocked
   SIGUSR2: SR_handler in libjvm.so, mask=00100000000000000000000000000000, flags=SA_RESTART|SA_SIGINFO, blocked
    SIGHUP: UserHandler in libjvm.so, mask=11100100010111111101111111111110, flags=SA_RESTART|SA_SIGINFO, blocked
    SIGINT: UserHandler in libjvm.so, mask=11100100010111111101111111111110, flags=SA_RESTART|SA_SIGINFO, blocked
   SIGTERM: UserHandler in libjvm.so, mask=11100100010111111101111111111110, flags=SA_RESTART|SA_SIGINFO, blocked
   SIGQUIT: UserHandler in libjvm.so, mask=11100100010111111101111111111110, flags=SA_RESTART|SA_SIGINFO, blocked
   SIGTRAP: crash_handler in libjvm.so, mask=11100100010111111101111111111110, flags=SA_RESTART|SA_SIGINFO, unblocked


Periodic native trim disabled

---------------  S Y S T E M  ---------------

OS:
DISTRIB_ID=Ubuntu
DISTRIB_RELEASE=22.04
DISTRIB_CODENAME=jammy
DISTRIB_DESCRIPTION="Ubuntu 22.04.4 LTS"
uname: Linux 6.5.0-35-generic #35~22.04.1-Ubuntu SMP PREEMPT_DYNAMIC Tue May  7 09:00:52 UTC 2 x86_64
OS uptime: 0 days 12:36 hours
libc: glibc 2.35 NPTL 2.35 
rlimit (soft/hard): STACK 8192k/infinity , CORE 0k/infinity , NPROC 95417/95417 , NOFILE 1048576/1048576 , AS infinity/infinity , CPU infinity/infinity , DATA infinity/infinity , FSIZE infinity/infinity , MEMLOCK 3069496k/3069496k
load average: 1,11 0,54 0,55

/proc/meminfo:
MemTotal:       24555984 kB
MemFree:         7567492 kB
MemAvailable:   15515668 kB
Buffers:          975516 kB
Cached:          7172712 kB
SwapCached:            0 kB
Active:         10553096 kB
Inactive:        5293432 kB
Active(anon):    7937924 kB
Inactive(anon):        0 kB
Active(file):    2615172 kB
Inactive(file):  5293432 kB
Unevictable:          32 kB
Mlocked:              32 kB
SwapTotal:       2097148 kB
SwapFree:        2097148 kB
Zswap:                 0 kB
Zswapped:              0 kB
Dirty:             13536 kB
Writeback:             0 kB
AnonPages:       7698392 kB
Mapped:          1964944 kB
Shmem:            240664 kB
KReclaimable:     439248 kB
Slab:             679932 kB
SReclaimable:     439248 kB
SUnreclaim:       240684 kB
KernelStack:       21568 kB
PageTables:        75512 kB
SecPageTables:         0 kB
NFS_Unstable:          0 kB
Bounce:                0 kB
WritebackTmp:          0 kB
CommitLimit:    14375140 kB
Committed_AS:   18763320 kB
VmallocTotal:   34359738367 kB
VmallocUsed:      110728 kB
VmallocChunk:          0 kB
Percpu:             2992 kB
HardwareCorrupted:     0 kB
AnonHugePages:         0 kB
ShmemHugePages:        0 kB
ShmemPmdMapped:        0 kB
FileHugePages:         0 kB
FilePmdMapped:         0 kB
Unaccepted:            0 kB
HugePages_Total:       0
HugePages_Free:        0
HugePages_Rsvd:        0
HugePages_Surp:        0
Hugepagesize:       2048 kB
Hugetlb:               0 kB
DirectMap4k:      866452 kB
DirectMap2M:    19011584 kB
DirectMap1G:     5242880 kB

/sys/kernel/mm/transparent_hugepage/enabled: always [madvise] never
/sys/kernel/mm/transparent_hugepage/shmem_enabled: always within_size advise [never] deny force
/sys/kernel/mm/transparent_hugepage/defrag (defrag/compaction efforts parameter): always defer defer+madvise [madvise] never

Process Memory:
Virtual Size: 9597804K (peak: 9653040K)
Resident Set Size: 414768K (peak: 414768K) (anon: 355608K, file: 59160K, shmem: 0K)
Swapped out: 0K
C-Heap outstanding allocations: 62817K, retained: 34682K
glibc malloc tunables: (default)

/proc/sys/kernel/threads-max (system-wide limit on the number of threads): 190835
/proc/sys/vm/max_map_count (maximum number of memory map areas a process may have): 65530
/proc/sys/kernel/pid_max (system-wide limit on number of process identifiers): 4194304

container (cgroup) information:
container_type: cgroupv2
cpu_cpuset_cpus: not supported
cpu_memory_nodes: not supported
active_processor_count: 4
cpu_quota: not supported
cpu_period: not supported
cpu_shares: not supported
memory_limit_in_bytes: unlimited
memory_and_swap_limit_in_bytes: unlimited
memory_soft_limit_in_bytes: unlimited
memory_usage_in_bytes: 5056844 k
memory_max_usage_in_bytes: not supported
memory_swap_current_in_bytes: unlimited
memory_swap_max_limit_in_bytes: unlimited
maximum number of tasks: 28625
current number of tasks: 348

Steal ticks since vm start: 0
Steal ticks percentage since vm start:  0,000

CPU: total 4 (initial active 4) (4 cores per cpu, 1 threads per core) family 6 model 94 stepping 3 microcode 0xf0, cx8, cmov, fxsr, mmx, 3dnowpref, sse, sse2, sse3, ssse3, sse4.1, sse4.2, popcnt, lzcnt, tsc, tscinvbit, avx, avx2, aes, erms, clmul, bmi1, bmi2, adx, fma, vzeroupper, clflush, clflushopt, rdtscp, f16c
CPU Model and flags from /proc/cpuinfo:
model name	: Intel(R) Core(TM) i5-6600 CPU @ 3.30GHz
flags		: fpu vme de pse tsc msr pae mce cx8 apic sep mtrr pge mca cmov pat pse36 clflush dts acpi mmx fxsr sse sse2 ss ht tm pbe syscall nx pdpe1gb rdtscp lm constant_tsc art arch_perfmon pebs bts rep_good nopl xtopology nonstop_tsc cpuid aperfmperf pni pclmulqdq dtes64 monitor ds_cpl vmx smx est tm2 ssse3 sdbg fma cx16 xtpr pdcm pcid sse4_1 sse4_2 x2apic movbe popcnt tsc_deadline_timer aes xsave avx f16c rdrand lahf_lm abm 3dnowprefetch cpuid_fault invpcid_single pti ssbd ibrs ibpb stibp tpr_shadow flexpriority ept vpid ept_ad fsgsbase tsc_adjust bmi1 avx2 smep bmi2 erms invpcid mpx rdseed adx smap clflushopt intel_pt xsaveopt xsavec xgetbv1 xsaves dtherm ida arat pln pts hwp hwp_notify hwp_act_window hwp_epp vnmi md_clear flush_l1d arch_capabilities

Online cpus: 0-3
Offline cpus: 
BIOS frequency limitation: <Not Available>
Frequency switch latency (ns): 0
Available cpu frequencies: <Not Available>
Current governor: powersave
Core performance/turbo boost: <Not Available>

Memory: 4k page, physical 24555984k(15515668k free), swap 2097148k(2097148k free)
Page Sizes: 4k

vm_info: OpenJDK 64-Bit Server VM (22+36-2370) for linux-amd64 JRE (22+36-2370), built on 2024-02-15T22:15:19Z by "mach5one" with gcc 13.2.0

END.
