#
# A fatal error has been detected by the Java Runtime Environment:
#
#  SIGSEGV (0xb) at pc=0x000076d8ae7b1210, pid=60795, tid=60833
#
# JRE version: OpenJDK Runtime Environment (22.0+36) (build 22+36-2370)
# Java VM: OpenJDK 64-Bit Server VM (22+36-2370, mixed mode, sharing, tiered, compressed oops, compressed class ptrs, g1 gc, linux-amd64)
# Problematic frame:
# C  [libnvidia-glcore.so.535.171.04+0x15b1210]
#
# Core dump will be written. Default location: Core dumps may be processed with "/usr/share/apport/apport -p%p -s%s -c%c -d%d -P%P -u%u -g%g -- %E" (or dumping to /home/denis0001/IdeaProjects/MinecraftRecreation/core.60795)
#
# If you would like to submit a bug report, please visit:
#   https://bugreport.java.com/bugreport/crash.jsp
#

---------------  S U M M A R Y ------------

Command Line: -javaagent:/snap/intellij-idea-community/502/lib/idea_rt.jar=42181:/snap/intellij-idea-community/502/bin -Dfile.encoding=UTF-8 -Dsun.stdout.encoding=UTF-8 -Dsun.stderr.encoding=UTF-8 net.minecraftrecreation.client.Main --name test

Host: Intel(R) Core(TM) i5-6600 CPU @ 3.30GHz, 4 cores, 23G, Ubuntu 22.04.4 LTS
Time: Sat Jun  8 23:31:20 2024 MSK elapsed time: 2.559446 seconds (0d 0h 0m 2s)

---------------  T H R E A D  ---------------

Current thread is native thread

Stack: [0x000076d8e1800000,0x000076d8e2000000],  sp=0x000076d8e1ffd0a8,  free space=8180k
Native frames: (J=compiled Java code, j=interpreted, Vv=VM code, C=native code)
C  [libnvidia-glcore.so.535.171.04+0x15b1210]

siginfo: si_signo: 11 (SIGSEGV), si_code: 1 (SEGV_MAPERR), si_addr: 0x0000000000000000

Registers:
RAX=0x000076d8e0c0da98, RBX=0x000076d8e0c0da98, RCX=0x0000000000000010, RDX=0x000076d8e0c0dc18
RSP=0x000076d8e1ffd0a8, RBP=0x000076d92309ea40, RSI=0x0000000000000000, RDI=0x000076d8e0c0da98
R8 =0x0000000000000018, R9 =0x0000000000000024, R10=0x000076d8ae7b11f0, R11=0x000076d8a000e8b4
R12=0x000076d8a0528b08, R13=0x000076d92309ea28, R14=0x0000000000000000, R15=0x0000000000000002
RIP=0x000076d8ae7b1210, EFLAGS=0x0000000000010206, CSGSFS=0x002b000000000033, ERR=0x0000000000000004
  TRAPNO=0x000000000000000e


Top of Stack: (sp=0x000076d8e1ffd0a8)
0x000076d8e1ffd0a8:   000076d8ae88fe94 0000000041a6d000
0x000076d8e1ffd0b8:   0000000000000018 000076d92309ea40
0x000076d8e1ffd0c8:   0000001800000007 00000000042a4c18
0x000076d8e1ffd0d8:   000076d800000000 0000000000000000
0x000076d8e1ffd0e8:   000076d8a00069c0 0000000041a6d000
0x000076d8e1ffd0f8:   0000000000000000 000076d8afde41a0
0x000076d8e1ffd108:   000076d8a052a2b0 0000000000004083
0x000076d8e1ffd118:   10c0000000000000 0604020000000006
0x000076d8e1ffd128:   0000000000000000 0000000041a6d000
0x000076d8e1ffd138:   0000000000000024 0000000000000004
0x000076d8e1ffd148:   000076d8a00069c0 0000000000000000
0x000076d8e1ffd158:   000076d8ae892c93 0000000000000000
0x000076d8e1ffd168:   0000000000001405 000076d900001405
0x000076d8e1ffd178:   000076d95845b800 0000000000001405
0x000076d8e1ffd188:   0000000000000000 000076d8a0528b08
0x000076d8e1ffd198:   0000000000000018 0000000000001405
0x000076d8e1ffd1a8:   0000000000000000 0000000041a6d000
0x000076d8e1ffd1b8:   0000000000000004 0000000000001405
0x000076d8e1ffd1c8:   0000000000000010 0000000000000024
0x000076d8e1ffd1d8:   000076d8ae4f53d6 0000000000000000
0x000076d8e1ffd1e8:   000076d8ae4f511e 00005a9d071e2330
0x000076d8e1ffd1f8:   00005a9dffffffff 00005a9d070a6a90
0x000076d8e1ffd208:   000076d95975282c 000076d8e17fe988
0x000076d8e1ffd218:   000076d8e0f1e040 0000000041a6d000
0x000076d8e1ffd228:   0000000000000024 0000000000001405
0x000076d8e1ffd238:   000076d8ae4e2ff6 0000000000000000
0x000076d8e1ffd248:   0000000000000000 0000000000000000
0x000076d8e1ffd258:   0000000000000000 0000000000000000
0x000076d8e1ffd268:   0000000000000000 0000000000000000
0x000076d8e1ffd278:   0000000000000000 0000000000000000
0x000076d8e1ffd288:   00005a9d06c4fee0 00005a9d06c50400
0x000076d8e1ffd298:   00005a9d07c5aba0 00005a9d07c5b0c0 

Instructions: (pc=0x000076d8ae7b1210)
0x000076d8ae7b1110:   48 89 47 08 48 89 70 20 48 8b 56 10 83 e2 01 48
0x000076d8ae7b1120:   09 d0 48 89 46 10 c3 66 0f 1f 84 00 00 00 00 00
0x000076d8ae7b1130:   48 89 42 20 eb de 66 2e 0f 1f 84 00 00 00 00 00
0x000076d8ae7b1140:   83 e9 01 48 89 f8 48 63 d2 48 8d 4c 8f 04 66 90
0x000076d8ae7b1150:   f3 0f 10 06 48 83 c0 04 48 01 d6 f3 0f 11 40 fc
0x000076d8ae7b1160:   48 39 c8 75 eb c3 66 2e 0f 1f 84 00 00 00 00 00
0x000076d8ae7b1170:   83 e9 01 48 89 f8 48 63 d2 48 8d 4c cf 08 66 90
0x000076d8ae7b1180:   f3 0f 10 06 48 83 c0 08 f3 0f 11 40 f8 f3 0f 10
0x000076d8ae7b1190:   46 04 48 01 d6 f3 0f 11 40 fc 48 39 c8 75 e1 c3
0x000076d8ae7b11a0:   83 e9 01 48 89 f8 48 63 d2 48 8d 4c 49 03 48 8d
0x000076d8ae7b11b0:   0c 8f 66 0f 1f 44 00 00 f3 0f 10 06 48 83 c0 0c
0x000076d8ae7b11c0:   f3 0f 11 40 f4 f3 0f 10 46 04 f3 0f 11 40 f8 f3
0x000076d8ae7b11d0:   0f 10 46 08 48 01 d6 f3 0f 11 40 fc 48 39 c8 75
0x000076d8ae7b11e0:   d7 c3 66 2e 0f 1f 84 00 00 00 00 00 0f 1f 40 00
0x000076d8ae7b11f0:   41 89 c8 48 63 ca 48 89 f8 41 8d 50 ff 48 83 c2
0x000076d8ae7b1200:   01 48 c1 e2 04 48 01 fa 0f 1f 84 00 00 00 00 00
0x000076d8ae7b1210:   f3 0f 10 06 48 83 c0 10 f3 0f 11 40 f0 f3 0f 10
0x000076d8ae7b1220:   46 04 f3 0f 11 40 f4 f3 0f 10 46 08 f3 0f 11 40
0x000076d8ae7b1230:   f8 f3 0f 10 46 0c 48 01 ce f3 0f 11 40 fc 48 39
0x000076d8ae7b1240:   d0 75 cd c3 66 2e 0f 1f 84 00 00 00 00 00 66 90
0x000076d8ae7b1250:   83 e9 01 48 89 f8 48 63 d2 48 8d 4c 8f 04 66 90
0x000076d8ae7b1260:   66 0f ef c0 48 83 c0 04 f2 0f 5a 06 48 01 d6 f3
0x000076d8ae7b1270:   0f 11 40 fc 48 39 c8 75 e7 c3 66 0f 1f 44 00 00
0x000076d8ae7b1280:   83 e9 01 48 89 f8 48 63 d2 48 8d 4c cf 08 66 90
0x000076d8ae7b1290:   66 0f ef c0 48 83 c0 08 f2 0f 5a 06 f3 0f 11 40
0x000076d8ae7b12a0:   f8 66 0f ef c0 f2 0f 5a 46 08 48 01 d6 f3 0f 11
0x000076d8ae7b12b0:   40 fc 48 39 c8 75 d9 c3 0f 1f 84 00 00 00 00 00
0x000076d8ae7b12c0:   83 e9 01 48 89 f8 48 63 d2 48 8d 4c 49 03 48 8d
0x000076d8ae7b12d0:   0c 8f 66 0f 1f 44 00 00 66 0f ef c0 48 83 c0 0c
0x000076d8ae7b12e0:   f2 0f 5a 06 f3 0f 11 40 f4 66 0f ef c0 f2 0f 5a
0x000076d8ae7b12f0:   46 08 f3 0f 11 40 f8 66 0f ef c0 f2 0f 5a 46 10
0x000076d8ae7b1300:   48 01 d6 f3 0f 11 40 fc 48 39 c8 75 cb c3 66 90 



---------------  P R O C E S S  ---------------

VM state: not at safepoint (normal execution)

VM Mutex/Monitor currently owned by a thread: None

Heap address: 0x0000000689400000, size: 5996 MB, Compressed Oops mode: Zero based, Oop shift amount: 3

CDS archive(s) mapped at: [0x000076d8e2000000-0x000076d8e2c74000-0x000076d8e2c74000), size 13058048, SharedBaseAddress: 0x000076d8e2000000, ArchiveRelocationMode: 1.
Compressed class space mapped at: 0x000076d8e3000000-0x000076d923000000, reserved size: 1073741824
Narrow klass base: 0x000076d8e2000000, Narrow klass shift: 0, Narrow klass range: 0x100000000

GC Precious Log:
<Skipped>

Heap:
 garbage-first heap   total reserved 6139904K, committed 389120K, used 37557K [0x0000000689400000, 0x0000000800000000)
  region size 4096K, 9 young (36864K), 1 survivors (4096K)
 Metaspace       used 9873K, committed 10048K, reserved 1114112K
  class space    used 571K, committed 640K, reserved 1048576K

Heap Regions: E=young(eden), S=young(survivor), O=old, HS=humongous(starts), HC=humongous(continues), CS=collection set, F=free, TAMS=top-at-mark-start, PB=parsable bottom
|   0|0x0000000689400000, 0x00000006896615a8, 0x0000000689800000| 59%| O|  |TAMS 0x0000000689400000| PB 0x0000000689400000| Untracked |  0
|   1|0x0000000689800000, 0x0000000689800000, 0x0000000689c00000|  0%| F|  |TAMS 0x0000000689800000| PB 0x0000000689800000| Untracked |  0
|   2|0x0000000689c00000, 0x0000000689c00000, 0x000000068a000000|  0%| F|  |TAMS 0x0000000689c00000| PB 0x0000000689c00000| Untracked |  0
|   3|0x000000068a000000, 0x000000068a000000, 0x000000068a400000|  0%| F|  |TAMS 0x000000068a000000| PB 0x000000068a000000| Untracked |  0
|   4|0x000000068a400000, 0x000000068a400000, 0x000000068a800000|  0%| F|  |TAMS 0x000000068a400000| PB 0x000000068a400000| Untracked |  0
|   5|0x000000068a800000, 0x000000068a800000, 0x000000068ac00000|  0%| F|  |TAMS 0x000000068a800000| PB 0x000000068a800000| Untracked |  0
|   6|0x000000068ac00000, 0x000000068ac00000, 0x000000068b000000|  0%| F|  |TAMS 0x000000068ac00000| PB 0x000000068ac00000| Untracked |  0
|   7|0x000000068b000000, 0x000000068b000000, 0x000000068b400000|  0%| F|  |TAMS 0x000000068b000000| PB 0x000000068b000000| Untracked |  0
|   8|0x000000068b400000, 0x000000068b400000, 0x000000068b800000|  0%| F|  |TAMS 0x000000068b400000| PB 0x000000068b400000| Untracked |  0
|   9|0x000000068b800000, 0x000000068b800000, 0x000000068bc00000|  0%| F|  |TAMS 0x000000068b800000| PB 0x000000068b800000| Untracked |  0
|  10|0x000000068bc00000, 0x000000068bc00000, 0x000000068c000000|  0%| F|  |TAMS 0x000000068bc00000| PB 0x000000068bc00000| Untracked |  0
|  11|0x000000068c000000, 0x000000068c000000, 0x000000068c400000|  0%| F|  |TAMS 0x000000068c000000| PB 0x000000068c000000| Untracked |  0
|  12|0x000000068c400000, 0x000000068c400000, 0x000000068c800000|  0%| F|  |TAMS 0x000000068c400000| PB 0x000000068c400000| Untracked |  0
|  13|0x000000068c800000, 0x000000068c800000, 0x000000068cc00000|  0%| F|  |TAMS 0x000000068c800000| PB 0x000000068c800000| Untracked |  0
|  14|0x000000068cc00000, 0x000000068cc00000, 0x000000068d000000|  0%| F|  |TAMS 0x000000068cc00000| PB 0x000000068cc00000| Untracked |  0
|  15|0x000000068d000000, 0x000000068d000000, 0x000000068d400000|  0%| F|  |TAMS 0x000000068d000000| PB 0x000000068d000000| Untracked |  0
|  16|0x000000068d400000, 0x000000068d400000, 0x000000068d800000|  0%| F|  |TAMS 0x000000068d400000| PB 0x000000068d400000| Untracked |  0
|  17|0x000000068d800000, 0x000000068d800000, 0x000000068dc00000|  0%| F|  |TAMS 0x000000068d800000| PB 0x000000068d800000| Untracked |  0
|  18|0x000000068dc00000, 0x000000068dc00000, 0x000000068e000000|  0%| F|  |TAMS 0x000000068dc00000| PB 0x000000068dc00000| Untracked |  0
|  19|0x000000068e000000, 0x000000068e000000, 0x000000068e400000|  0%| F|  |TAMS 0x000000068e000000| PB 0x000000068e000000| Untracked |  0
|  20|0x000000068e400000, 0x000000068e400000, 0x000000068e800000|  0%| F|  |TAMS 0x000000068e400000| PB 0x000000068e400000| Untracked |  0
|  21|0x000000068e800000, 0x000000068e800000, 0x000000068ec00000|  0%| F|  |TAMS 0x000000068e800000| PB 0x000000068e800000| Untracked |  0
|  22|0x000000068ec00000, 0x000000068ec00000, 0x000000068f000000|  0%| F|  |TAMS 0x000000068ec00000| PB 0x000000068ec00000| Untracked |  0
|  23|0x000000068f000000, 0x000000068f000000, 0x000000068f400000|  0%| F|  |TAMS 0x000000068f000000| PB 0x000000068f000000| Untracked |  0
|  24|0x000000068f400000, 0x000000068f400000, 0x000000068f800000|  0%| F|  |TAMS 0x000000068f400000| PB 0x000000068f400000| Untracked |  0
|  25|0x000000068f800000, 0x000000068f800000, 0x000000068fc00000|  0%| F|  |TAMS 0x000000068f800000| PB 0x000000068f800000| Untracked |  0
|  26|0x000000068fc00000, 0x000000068fc00000, 0x0000000690000000|  0%| F|  |TAMS 0x000000068fc00000| PB 0x000000068fc00000| Untracked |  0
|  27|0x0000000690000000, 0x0000000690000000, 0x0000000690400000|  0%| F|  |TAMS 0x0000000690000000| PB 0x0000000690000000| Untracked |  0
|  28|0x0000000690400000, 0x0000000690400000, 0x0000000690800000|  0%| F|  |TAMS 0x0000000690400000| PB 0x0000000690400000| Untracked |  0
|  29|0x0000000690800000, 0x0000000690800000, 0x0000000690c00000|  0%| F|  |TAMS 0x0000000690800000| PB 0x0000000690800000| Untracked |  0
|  30|0x0000000690c00000, 0x0000000690c00000, 0x0000000691000000|  0%| F|  |TAMS 0x0000000690c00000| PB 0x0000000690c00000| Untracked |  0
|  31|0x0000000691000000, 0x0000000691000000, 0x0000000691400000|  0%| F|  |TAMS 0x0000000691000000| PB 0x0000000691000000| Untracked |  0
|  32|0x0000000691400000, 0x0000000691400000, 0x0000000691800000|  0%| F|  |TAMS 0x0000000691400000| PB 0x0000000691400000| Untracked |  0
|  33|0x0000000691800000, 0x0000000691800000, 0x0000000691c00000|  0%| F|  |TAMS 0x0000000691800000| PB 0x0000000691800000| Untracked |  0
|  34|0x0000000691c00000, 0x0000000691c00000, 0x0000000692000000|  0%| F|  |TAMS 0x0000000691c00000| PB 0x0000000691c00000| Untracked |  0
|  35|0x0000000692000000, 0x0000000692000000, 0x0000000692400000|  0%| F|  |TAMS 0x0000000692000000| PB 0x0000000692000000| Untracked |  0
|  36|0x0000000692400000, 0x0000000692400000, 0x0000000692800000|  0%| F|  |TAMS 0x0000000692400000| PB 0x0000000692400000| Untracked |  0
|  37|0x0000000692800000, 0x0000000692800000, 0x0000000692c00000|  0%| F|  |TAMS 0x0000000692800000| PB 0x0000000692800000| Untracked |  0
|  38|0x0000000692c00000, 0x0000000692d43a48, 0x0000000693000000| 31%| S|CS|TAMS 0x0000000692c00000| PB 0x0000000692c00000| Complete |  0
|  39|0x0000000693000000, 0x0000000693000000, 0x0000000693400000|  0%| F|  |TAMS 0x0000000693000000| PB 0x0000000693000000| Untracked |  0
|  40|0x0000000693400000, 0x0000000693400000, 0x0000000693800000|  0%| F|  |TAMS 0x0000000693400000| PB 0x0000000693400000| Untracked |  0
|  41|0x0000000693800000, 0x0000000693800000, 0x0000000693c00000|  0%| F|  |TAMS 0x0000000693800000| PB 0x0000000693800000| Untracked |  0
|  42|0x0000000693c00000, 0x0000000693c00000, 0x0000000694000000|  0%| F|  |TAMS 0x0000000693c00000| PB 0x0000000693c00000| Untracked |  0
|  43|0x0000000694000000, 0x0000000694000000, 0x0000000694400000|  0%| F|  |TAMS 0x0000000694000000| PB 0x0000000694000000| Untracked |  0
|  44|0x0000000694400000, 0x0000000694400000, 0x0000000694800000|  0%| F|  |TAMS 0x0000000694400000| PB 0x0000000694400000| Untracked |  0
|  45|0x0000000694800000, 0x0000000694800000, 0x0000000694c00000|  0%| F|  |TAMS 0x0000000694800000| PB 0x0000000694800000| Untracked |  0
|  46|0x0000000694c00000, 0x0000000694c00000, 0x0000000695000000|  0%| F|  |TAMS 0x0000000694c00000| PB 0x0000000694c00000| Untracked |  0
|  47|0x0000000695000000, 0x0000000695000000, 0x0000000695400000|  0%| F|  |TAMS 0x0000000695000000| PB 0x0000000695000000| Untracked |  0
|  48|0x0000000695400000, 0x0000000695400000, 0x0000000695800000|  0%| F|  |TAMS 0x0000000695400000| PB 0x0000000695400000| Untracked |  0
|  49|0x0000000695800000, 0x0000000695800000, 0x0000000695c00000|  0%| F|  |TAMS 0x0000000695800000| PB 0x0000000695800000| Untracked |  0
|  50|0x0000000695c00000, 0x0000000695c00000, 0x0000000696000000|  0%| F|  |TAMS 0x0000000695c00000| PB 0x0000000695c00000| Untracked |  0
|  51|0x0000000696000000, 0x0000000696000000, 0x0000000696400000|  0%| F|  |TAMS 0x0000000696000000| PB 0x0000000696000000| Untracked |  0
|  52|0x0000000696400000, 0x0000000696400000, 0x0000000696800000|  0%| F|  |TAMS 0x0000000696400000| PB 0x0000000696400000| Untracked |  0
|  53|0x0000000696800000, 0x0000000696800000, 0x0000000696c00000|  0%| F|  |TAMS 0x0000000696800000| PB 0x0000000696800000| Untracked |  0
|  54|0x0000000696c00000, 0x0000000696c00000, 0x0000000697000000|  0%| F|  |TAMS 0x0000000696c00000| PB 0x0000000696c00000| Untracked |  0
|  55|0x0000000697000000, 0x0000000697000000, 0x0000000697400000|  0%| F|  |TAMS 0x0000000697000000| PB 0x0000000697000000| Untracked |  0
|  56|0x0000000697400000, 0x0000000697400000, 0x0000000697800000|  0%| F|  |TAMS 0x0000000697400000| PB 0x0000000697400000| Untracked |  0
|  57|0x0000000697800000, 0x0000000697800000, 0x0000000697c00000|  0%| F|  |TAMS 0x0000000697800000| PB 0x0000000697800000| Untracked |  0
|  58|0x0000000697c00000, 0x0000000697c00000, 0x0000000698000000|  0%| F|  |TAMS 0x0000000697c00000| PB 0x0000000697c00000| Untracked |  0
|  59|0x0000000698000000, 0x0000000698000000, 0x0000000698400000|  0%| F|  |TAMS 0x0000000698000000| PB 0x0000000698000000| Untracked |  0
|  60|0x0000000698400000, 0x0000000698400000, 0x0000000698800000|  0%| F|  |TAMS 0x0000000698400000| PB 0x0000000698400000| Untracked |  0
|  61|0x0000000698800000, 0x0000000698800000, 0x0000000698c00000|  0%| F|  |TAMS 0x0000000698800000| PB 0x0000000698800000| Untracked |  0
|  62|0x0000000698c00000, 0x0000000698c00000, 0x0000000699000000|  0%| F|  |TAMS 0x0000000698c00000| PB 0x0000000698c00000| Untracked |  0
|  63|0x0000000699000000, 0x0000000699000000, 0x0000000699400000|  0%| F|  |TAMS 0x0000000699000000| PB 0x0000000699000000| Untracked |  0
|  64|0x0000000699400000, 0x0000000699400000, 0x0000000699800000|  0%| F|  |TAMS 0x0000000699400000| PB 0x0000000699400000| Untracked |  0
|  65|0x0000000699800000, 0x0000000699800000, 0x0000000699c00000|  0%| F|  |TAMS 0x0000000699800000| PB 0x0000000699800000| Untracked |  0
|  66|0x0000000699c00000, 0x0000000699c00000, 0x000000069a000000|  0%| F|  |TAMS 0x0000000699c00000| PB 0x0000000699c00000| Untracked |  0
|  67|0x000000069a000000, 0x000000069a000000, 0x000000069a400000|  0%| F|  |TAMS 0x000000069a000000| PB 0x000000069a000000| Untracked |  0
|  68|0x000000069a400000, 0x000000069a400000, 0x000000069a800000|  0%| F|  |TAMS 0x000000069a400000| PB 0x000000069a400000| Untracked |  0
|  69|0x000000069a800000, 0x000000069a800000, 0x000000069ac00000|  0%| F|  |TAMS 0x000000069a800000| PB 0x000000069a800000| Untracked |  0
|  70|0x000000069ac00000, 0x000000069ac00000, 0x000000069b000000|  0%| F|  |TAMS 0x000000069ac00000| PB 0x000000069ac00000| Untracked |  0
|  71|0x000000069b000000, 0x000000069b000000, 0x000000069b400000|  0%| F|  |TAMS 0x000000069b000000| PB 0x000000069b000000| Untracked |  0
|  72|0x000000069b400000, 0x000000069b400000, 0x000000069b800000|  0%| F|  |TAMS 0x000000069b400000| PB 0x000000069b400000| Untracked |  0
|  73|0x000000069b800000, 0x000000069b800000, 0x000000069bc00000|  0%| F|  |TAMS 0x000000069b800000| PB 0x000000069b800000| Untracked |  0
|  74|0x000000069bc00000, 0x000000069bc00000, 0x000000069c000000|  0%| F|  |TAMS 0x000000069bc00000| PB 0x000000069bc00000| Untracked |  0
|  75|0x000000069c000000, 0x000000069c000000, 0x000000069c400000|  0%| F|  |TAMS 0x000000069c000000| PB 0x000000069c000000| Untracked |  0
|  76|0x000000069c400000, 0x000000069c400000, 0x000000069c800000|  0%| F|  |TAMS 0x000000069c400000| PB 0x000000069c400000| Untracked |  0
|  77|0x000000069c800000, 0x000000069c800000, 0x000000069cc00000|  0%| F|  |TAMS 0x000000069c800000| PB 0x000000069c800000| Untracked |  0
|  78|0x000000069cc00000, 0x000000069cc00000, 0x000000069d000000|  0%| F|  |TAMS 0x000000069cc00000| PB 0x000000069cc00000| Untracked |  0
|  79|0x000000069d000000, 0x000000069d000000, 0x000000069d400000|  0%| F|  |TAMS 0x000000069d000000| PB 0x000000069d000000| Untracked |  0
|  80|0x000000069d400000, 0x000000069d400000, 0x000000069d800000|  0%| F|  |TAMS 0x000000069d400000| PB 0x000000069d400000| Untracked |  0
|  81|0x000000069d800000, 0x000000069d800000, 0x000000069dc00000|  0%| F|  |TAMS 0x000000069d800000| PB 0x000000069d800000| Untracked |  0
|  82|0x000000069dc00000, 0x000000069dc00000, 0x000000069e000000|  0%| F|  |TAMS 0x000000069dc00000| PB 0x000000069dc00000| Untracked |  0
|  83|0x000000069e000000, 0x000000069e000000, 0x000000069e400000|  0%| F|  |TAMS 0x000000069e000000| PB 0x000000069e000000| Untracked |  0
|  84|0x000000069e400000, 0x000000069e400000, 0x000000069e800000|  0%| F|  |TAMS 0x000000069e400000| PB 0x000000069e400000| Untracked |  0
|  85|0x000000069e800000, 0x000000069e800000, 0x000000069ec00000|  0%| F|  |TAMS 0x000000069e800000| PB 0x000000069e800000| Untracked |  0
|  86|0x000000069ec00000, 0x000000069f000000, 0x000000069f000000|100%| E|  |TAMS 0x000000069ec00000| PB 0x000000069ec00000| Complete |  0
|  87|0x000000069f000000, 0x000000069f400000, 0x000000069f400000|100%| E|CS|TAMS 0x000000069f000000| PB 0x000000069f000000| Complete |  0
|  88|0x000000069f400000, 0x000000069f800000, 0x000000069f800000|100%| E|CS|TAMS 0x000000069f400000| PB 0x000000069f400000| Complete |  0
|  89|0x000000069f800000, 0x000000069fc00000, 0x000000069fc00000|100%| E|CS|TAMS 0x000000069f800000| PB 0x000000069f800000| Complete |  0
|  90|0x000000069fc00000, 0x00000006a0000000, 0x00000006a0000000|100%| E|CS|TAMS 0x000000069fc00000| PB 0x000000069fc00000| Complete |  0
|  91|0x00000006a0000000, 0x00000006a0400000, 0x00000006a0400000|100%| E|CS|TAMS 0x00000006a0000000| PB 0x00000006a0000000| Complete |  0
|  92|0x00000006a0400000, 0x00000006a0800000, 0x00000006a0800000|100%| E|CS|TAMS 0x00000006a0400000| PB 0x00000006a0400000| Complete |  0
|  93|0x00000006a0800000, 0x00000006a0c00000, 0x00000006a0c00000|100%| E|CS|TAMS 0x00000006a0800000| PB 0x00000006a0800000| Complete |  0
|1498|0x00000007ffc00000, 0x00000007ffd086a8, 0x0000000800000000| 25%| O|  |TAMS 0x00000007ffc00000| PB 0x00000007ffc00000| Untracked |  0

Card table byte_map: [0x000076d95ccba000,0x000076d95d870000] _byte_map_base: 0x000076d959870000

Marking Bits: (CMBitMap*) 0x000076d9580b0050
 Bits: [0x000076d93ae50000, 0x000076d940c00000)

Polling page: 0x000076d96038a000

Metaspace:

Usage:
  Non-class:      9,08 MB used.
      Class:    571,77 KB used.
       Both:      9,64 MB used.

Virtual space:
  Non-class space:       64,00 MB reserved,       9,19 MB ( 14%) committed,  1 nodes.
      Class space:        1,00 GB reserved,     640,00 KB ( <1%) committed,  1 nodes.
             Both:        1,06 GB reserved,       9,81 MB ( <1%) committed. 

Chunk freelists:
   Non-Class:  5,95 MB
       Class:  15,38 MB
        Both:  21,33 MB

MaxMetaspaceSize: unlimited
CompressedClassSpaceSize: 1,00 GB
Initial GC threshold: 21,00 MB
Current GC threshold: 21,00 MB
CDS: on
 - commit_granule_bytes: 65536.
 - commit_granule_words: 8192.
 - virtual_space_node_default_size: 8388608.
 - enlarge_chunks_in_place: 1.
 - use_allocation_guard: 0.


Internal statistics:

num_allocs_failed_limit: 0.
num_arena_births: 154.
num_arena_deaths: 0.
num_vsnodes_births: 2.
num_vsnodes_deaths: 0.
num_space_committed: 156.
num_space_uncommitted: 0.
num_chunks_returned_to_freelist: 0.
num_chunks_taken_from_freelist: 427.
num_chunk_merges: 0.
num_chunk_splits: 307.
num_chunks_enlarged: 227.
num_inconsistent_stats: 0.

CodeHeap 'non-profiled nmethods': size=120032Kb used=632Kb max_used=632Kb free=119399Kb
 bounds [0x000076d9486c8000, 0x000076d948938000, 0x000076d94fc00000]
CodeHeap 'profiled nmethods': size=120028Kb used=3375Kb max_used=3375Kb free=116652Kb
 bounds [0x000076d940c00000, 0x000076d940f50000, 0x000076d948137000]
CodeHeap 'non-nmethods': size=5700Kb used=2241Kb max_used=2276Kb free=3458Kb
 bounds [0x000076d948137000, 0x000076d9483a7000, 0x000076d9486c8000]
 total_blobs=3108 nmethods=1875 adapters=1139
 compilation: enabled
              stopped_count=0, restarted_count=0
 full_count=0

Compilation events (20 events):
Event: 2,469 Thread 0x000076d9581653e0 nmethod 1864 0x000076d948763b90 code [0x000076d948763d20, 0x000076d948763eb8]
Event: 2,483 Thread 0x000076d9581653e0 1865       4       java.lang.ref.Reference::<init> (25 bytes)
Event: 2,484 Thread 0x000076d9581653e0 nmethod 1865 0x000076d948764010 code [0x000076d948764180, 0x000076d948764420]
Event: 2,485 Thread 0x000076d9581653e0 1866       4       org.lwjgl.system.MemoryUtil::memASCII (11 bytes)
Event: 2,490 Thread 0x000076d9581653e0 nmethod 1866 0x000076d948764490 code [0x000076d948764620, 0x000076d9487648b8]
Event: 2,512 Thread 0x000076d958166af0 1867       3       java.io.File::getParentFile (41 bytes)
Event: 2,513 Thread 0x000076d958166af0 nmethod 1867 0x000076d940f45b10 code [0x000076d940f45ce0, 0x000076d940f460d0]
Event: 2,513 Thread 0x000076d958166af0 1868   !   3       org.lwjgl.assimp.Assimp::aiImportFile (52 bytes)
Event: 2,514 Thread 0x000076d958166af0 nmethod 1868 0x000076d940f46210 code [0x000076d940f46540, 0x000076d940f47a28]
Event: 2,514 Thread 0x000076d958166af0 1869       3       org.lwjgl.assimp.AIMesh::create (20 bytes)
Event: 2,514 Thread 0x000076d958166af0 nmethod 1869 0x000076d940f48310 code [0x000076d940f484c0, 0x000076d940f487e0]
Event: 2,514 Thread 0x000076d958166af0 1870       3       net.minecraftrecreation.render.scene.objects.ModelLoader::processMesh (52 bytes)
Event: 2,515 Thread 0x000076d958166af0 nmethod 1870 0x000076d940f48990 code [0x000076d940f48b80, 0x000076d940f48f20]
Event: 2,523 Thread 0x000076d9581653e0 1871       4       jdk.internal.misc.Unsafe::checkNativeAddress (28 bytes)
Event: 2,523 Thread 0x000076d9581653e0 nmethod 1871 0x000076d948764b10 code [0x000076d948764c80, 0x000076d948764d08]
Event: 2,555 Thread 0x000076d9581653e0 1872       4       org.lwjgl.system.MemoryStack::ncalloc (25 bytes)
Event: 2,556 Thread 0x000076d958166af0 1873       3       java.lang.ref.ReferenceQueue::poll0 (65 bytes)
Event: 2,556 Thread 0x000076d958166af0 nmethod 1873 0x000076d940f49110 code [0x000076d940f492e0, 0x000076d940f497d0]
Event: 2,556 Thread 0x000076d958166af0 1874       3       java.lang.Class::descriptorString (170 bytes)
Event: 2,557 Thread 0x000076d958166af0 nmethod 1874 0x000076d940f49910 code [0x000076d940f49d80, 0x000076d940f4b4b8]

GC Heap History (10 events):
Event: 0,910 GC heap before
{Heap before GC invocations=0 (full 0):
 garbage-first heap   total reserved 6139904K, committed 389120K, used 13345K [0x0000000689400000, 0x0000000800000000)
  region size 4096K, 4 young (16384K), 0 survivors (0K)
 Metaspace       used 7739K, committed 7936K, reserved 1114112K
  class space    used 442K, committed 512K, reserved 1048576K
}
Event: 0,914 GC heap after
{Heap after GC invocations=1 (full 0):
 garbage-first heap   total reserved 6139904K, committed 389120K, used 3709K [0x0000000689400000, 0x0000000800000000)
  region size 4096K, 1 young (4096K), 1 survivors (4096K)
 Metaspace       used 7739K, committed 7936K, reserved 1114112K
  class space    used 442K, committed 512K, reserved 1048576K
}
Event: 1,537 GC heap before
{Heap before GC invocations=1 (full 0):
 garbage-first heap   total reserved 6139904K, committed 389120K, used 20093K [0x0000000689400000, 0x0000000800000000)
  region size 4096K, 5 young (20480K), 1 survivors (4096K)
 Metaspace       used 9701K, committed 9920K, reserved 1114112K
  class space    used 569K, committed 640K, reserved 1048576K
}
Event: 1,542 GC heap after
{Heap after GC invocations=2 (full 0):
 garbage-first heap   total reserved 6139904K, committed 389120K, used 4626K [0x0000000689400000, 0x0000000800000000)
  region size 4096K, 1 young (4096K), 1 survivors (4096K)
 Metaspace       used 9701K, committed 9920K, reserved 1114112K
  class space    used 569K, committed 640K, reserved 1048576K
}
Event: 1,735 GC heap before
{Heap before GC invocations=2 (full 0):
 garbage-first heap   total reserved 6139904K, committed 389120K, used 45586K [0x0000000689400000, 0x0000000800000000)
  region size 4096K, 11 young (45056K), 1 survivors (4096K)
 Metaspace       used 9744K, committed 9920K, reserved 1114112K
  class space    used 569K, committed 640K, reserved 1048576K
}
Event: 1,737 GC heap after
{Heap after GC invocations=3 (full 0):
 garbage-first heap   total reserved 6139904K, committed 389120K, used 4618K [0x0000000689400000, 0x0000000800000000)
  region size 4096K, 1 young (4096K), 1 survivors (4096K)
 Metaspace       used 9744K, committed 9920K, reserved 1114112K
  class space    used 569K, committed 640K, reserved 1048576K
}
Event: 2,253 GC heap before
{Heap before GC invocations=3 (full 0):
 garbage-first heap   total reserved 6139904K, committed 389120K, used 229898K [0x0000000689400000, 0x0000000800000000)
  region size 4096K, 56 young (229376K), 1 survivors (4096K)
 Metaspace       used 9839K, committed 10048K, reserved 1114112K
  class space    used 569K, committed 640K, reserved 1048576K
}
Event: 2,255 GC heap after
{Heap after GC invocations=4 (full 0):
 garbage-first heap   total reserved 6139904K, committed 389120K, used 4659K [0x0000000689400000, 0x0000000800000000)
  region size 4096K, 1 young (4096K), 1 survivors (4096K)
 Metaspace       used 9839K, committed 10048K, reserved 1114112K
  class space    used 569K, committed 640K, reserved 1048576K
}
Event: 2,521 GC heap before
{Heap before GC invocations=4 (full 0):
 garbage-first heap   total reserved 6139904K, committed 389120K, used 229939K [0x0000000689400000, 0x0000000800000000)
  region size 4096K, 56 young (229376K), 1 survivors (4096K)
 Metaspace       used 9859K, committed 10048K, reserved 1114112K
  class space    used 569K, committed 640K, reserved 1048576K
}
Event: 2,523 GC heap after
{Heap after GC invocations=5 (full 0):
 garbage-first heap   total reserved 6139904K, committed 389120K, used 4789K [0x0000000689400000, 0x0000000800000000)
  region size 4096K, 1 young (4096K), 1 survivors (4096K)
 Metaspace       used 9859K, committed 10048K, reserved 1114112K
  class space    used 569K, committed 640K, reserved 1048576K
}

Dll operation events (14 events):
Event: 0,008 Loaded shared library /home/denis0001/.jdks/openjdk-22/lib/libjava.so
Event: 0,122 Loaded shared library /home/denis0001/.jdks/openjdk-22/lib/libjsvml.so
Event: 0,174 Loaded shared library /home/denis0001/.jdks/openjdk-22/lib/libzip.so
Event: 0,176 Loaded shared library /home/denis0001/.jdks/openjdk-22/lib/libinstrument.so
Event: 0,177 Loaded shared library /home/denis0001/.jdks/openjdk-22/lib/libnio.so
Event: 0,180 Loaded shared library /home/denis0001/.jdks/openjdk-22/lib/libzip.so
Event: 0,201 Loaded shared library /home/denis0001/.jdks/openjdk-22/lib/libnet.so
Event: 0,208 Loaded shared library /home/denis0001/.jdks/openjdk-22/lib/libextnet.so
Event: 0,239 Loaded shared library /home/denis0001/.jdks/openjdk-22/lib/libjimage.so
Event: 0,250 Loaded shared library /tmp/lwjgldenis0001/3.1.1-build-16/liblwjgl.so
Event: 0,446 Loaded shared library /home/denis0001/.jdks/openjdk-22/lib/libverify.so
Event: 0,457 Loaded shared library /tmp/lwjgldenis0001/3.1.1-build-16/liblwjgl_opengl.so
Event: 0,843 Loaded shared library /tmp/imgui-java-natives/1.86.11/libimgui-java64.so
Event: 0,939 Loaded shared library /tmp/lwjgldenis0001/3.1.1-build-16/liblwjgl_stb.so

Deoptimization events (20 events):
Event: 1,695 Thread 0x000076d95802b190 DEOPT PACKING pc=0x000076d948758414 sp=0x000076d95fffe250
Event: 1,695 Thread 0x000076d95802b190 DEOPT UNPACKING pc=0x000076d94818af99 sp=0x000076d95fffe1e0 mode 2
Event: 1,695 Thread 0x000076d95802b190 Uncommon trap: trap_request=0xffffff66 fr.pc=0x000076d948758414 relative=0x00000000000001f4
Event: 1,695 Thread 0x000076d95802b190 Uncommon trap: reason=speculate_class_check action=maybe_recompile pc=0x000076d948758414 method=org.lwjgl.system.MemoryAccess$MemoryAccessorUnsafe.setup(Ljava/lang/Class;JI)Ljava/nio/Buffer; @ 53 c2
Event: 1,695 Thread 0x000076d95802b190 DEOPT PACKING pc=0x000076d948758414 sp=0x000076d95fffe250
Event: 1,695 Thread 0x000076d95802b190 DEOPT UNPACKING pc=0x000076d94818af99 sp=0x000076d95fffe1e0 mode 2
Event: 1,695 Thread 0x000076d95802b190 Uncommon trap: trap_request=0xffffff66 fr.pc=0x000076d948758414 relative=0x00000000000001f4
Event: 1,695 Thread 0x000076d95802b190 Uncommon trap: reason=speculate_class_check action=maybe_recompile pc=0x000076d948758414 method=org.lwjgl.system.MemoryAccess$MemoryAccessorUnsafe.setup(Ljava/lang/Class;JI)Ljava/nio/Buffer; @ 53 c2
Event: 1,695 Thread 0x000076d95802b190 DEOPT PACKING pc=0x000076d948758414 sp=0x000076d95fffe250
Event: 1,695 Thread 0x000076d95802b190 DEOPT UNPACKING pc=0x000076d94818af99 sp=0x000076d95fffe1e0 mode 2
Event: 1,695 Thread 0x000076d95802b190 Uncommon trap: trap_request=0xffffff66 fr.pc=0x000076d948758414 relative=0x00000000000001f4
Event: 1,695 Thread 0x000076d95802b190 Uncommon trap: reason=speculate_class_check action=maybe_recompile pc=0x000076d948758414 method=org.lwjgl.system.MemoryAccess$MemoryAccessorUnsafe.setup(Ljava/lang/Class;JI)Ljava/nio/Buffer; @ 53 c2
Event: 1,695 Thread 0x000076d95802b190 DEOPT PACKING pc=0x000076d948758414 sp=0x000076d95fffe250
Event: 1,695 Thread 0x000076d95802b190 DEOPT UNPACKING pc=0x000076d94818af99 sp=0x000076d95fffe1e0 mode 2
Event: 1,837 Thread 0x000076d95802b190 DEOPT PACKING pc=0x000076d940ed1692 sp=0x000076d95fffe440
Event: 1,837 Thread 0x000076d95802b190 DEOPT UNPACKING pc=0x000076d94818b72f sp=0x000076d95fffd9c8 mode 0
Event: 2,556 Thread 0x000076d95802b190 Uncommon trap: trap_request=0xffffff45 fr.pc=0x000076d94870a2bc relative=0x000000000000009c
Event: 2,556 Thread 0x000076d95802b190 Uncommon trap: reason=unstable_if action=reinterpret pc=0x000076d94870a2bc method=java.lang.ref.ReferenceQueue.headIsNull()Z @ 4 c2
Event: 2,556 Thread 0x000076d95802b190 DEOPT PACKING pc=0x000076d94870a2bc sp=0x000076d95fffde00
Event: 2,556 Thread 0x000076d95802b190 DEOPT UNPACKING pc=0x000076d94818af99 sp=0x000076d95fffdce0 mode 2

Classes loaded (20 events):
Event: 1,212 Loading class sun/util/resources/TimeZoneNamesBundle done
Event: 1,212 Loading class sun/util/resources/cldr/TimeZoneNames done
Event: 1,212 Loading class sun/util/resources/cldr/TimeZoneNames_en
Event: 1,213 Loading class sun/util/resources/cldr/TimeZoneNames_en done
Event: 1,213 Loading class sun/util/resources/cldr/TimeZoneNames_en_US
Event: 1,213 Loading class sun/util/resources/cldr/TimeZoneNames_en_US done
Event: 1,214 Loading class java/lang/invoke/MethodHandle$1
Event: 1,214 Loading class java/lang/invoke/MethodHandle$1 done
Event: 1,347 Loading class java/util/stream/ReferencePipeline$4
Event: 1,347 Loading class java/util/stream/ReferencePipeline$4 done
Event: 1,347 Loading class java/util/stream/Nodes$IntFixedNodeBuilder
Event: 1,347 Loading class java/util/stream/Node$Builder$OfInt
Event: 1,347 Loading class java/util/stream/Node$Builder$OfInt done
Event: 1,347 Loading class java/util/stream/Nodes$IntArrayNode
Event: 1,347 Loading class java/util/stream/Nodes$IntArrayNode done
Event: 1,347 Loading class java/util/stream/Nodes$IntFixedNodeBuilder done
Event: 1,347 Loading class java/util/stream/ReferencePipeline$4$1
Event: 1,347 Loading class java/util/stream/ReferencePipeline$4$1 done
Event: 1,348 Loading class java/util/regex/Pattern$SliceS
Event: 1,348 Loading class java/util/regex/Pattern$SliceS done

Classes unloaded (0 events):
No events

Classes redefined (0 events):
No events

Internal exceptions (20 events):
Event: 0,197 Thread 0x000076d95802b190 Exception <a 'java/lang/NoSuchMethodError'{0x00000006a0a555f8}: 'java.lang.Object java.lang.invoke.Invokers$Holder.invokeExact_MT(java.lang.Object, java.lang.Object, java.lang.Object, java.lang.Object, java.lang.Object)'> (0x00000006a0a555f8) 
thrown [open/src/hotspot/share/interpreter/linkResolver.cpp, line 773]
Event: 0,209 Thread 0x000076d95828dda0 Exception <a 'java/lang/NoSuchMethodError'{0x00000006a0a97d30}: 'void java.lang.invoke.DirectMethodHandle$Holder.invokeStatic(java.lang.Object, java.lang.Object)'> (0x00000006a0a97d30) 
thrown [open/src/hotspot/share/interpreter/linkResolver.cpp, line 773]
Event: 0,430 Thread 0x000076d95802b190 Exception <a 'java/lang/NoSuchMethodError'{0x00000006a05322d0}: 'void java.lang.invoke.DirectMethodHandle$Holder.invokeStatic(java.lang.Object, int, long)'> (0x00000006a05322d0) 
thrown [open/src/hotspot/share/interpreter/linkResolver.cpp, line 773]
Event: 0,466 Thread 0x000076d95802b190 Exception <a 'sun/nio/fs/UnixException'{0x00000006a05a6538}> (0x00000006a05a6538) 
thrown [open/src/hotspot/share/prims/jni.cpp, line 520]
Event: 0,466 Thread 0x000076d95802b190 Exception <a 'sun/nio/fs/UnixException'{0x00000006a05a6f68}> (0x00000006a05a6f68) 
thrown [open/src/hotspot/share/prims/jni.cpp, line 520]
Event: 0,466 Thread 0x000076d95802b190 Exception <a 'sun/nio/fs/UnixException'{0x00000006a05a73c8}> (0x00000006a05a73c8) 
thrown [open/src/hotspot/share/prims/jni.cpp, line 520]
Event: 0,466 Thread 0x000076d95802b190 Exception <a 'sun/nio/fs/UnixException'{0x00000006a05a7818}> (0x00000006a05a7818) 
thrown [open/src/hotspot/share/prims/jni.cpp, line 520]
Event: 0,466 Thread 0x000076d95802b190 Exception <a 'sun/nio/fs/UnixException'{0x00000006a05a7c28}> (0x00000006a05a7c28) 
thrown [open/src/hotspot/share/prims/jni.cpp, line 520]
Event: 0,466 Thread 0x000076d95802b190 Exception <a 'sun/nio/fs/UnixException'{0x00000006a05a8070}> (0x00000006a05a8070) 
thrown [open/src/hotspot/share/prims/jni.cpp, line 520]
Event: 0,734 Thread 0x000076d95802b190 Exception <a 'java/lang/NoSuchMethodError'{0x00000006a0324ff0}: 'long java.lang.invoke.DelegatingMethodHandle$Holder.reinvoke_L(java.lang.Object, java.lang.Object)'> (0x00000006a0324ff0) 
thrown [open/src/hotspot/share/interpreter/linkResolver.cpp, line 773]
Event: 0,735 Thread 0x000076d95802b190 Exception <a 'java/lang/NoSuchMethodError'{0x00000006a032b438}: 'long java.lang.invoke.Invokers$Holder.invokeExact_MT(java.lang.Object, java.lang.Object, java.lang.Object)'> (0x00000006a032b438) 
thrown [open/src/hotspot/share/interpreter/linkResolver.cpp, line 773]
Event: 0,796 Thread 0x000076d95802b190 Exception <a 'java/lang/NoSuchMethodError'{0x000000069fd0e178}: 'java.lang.Object java.lang.invoke.DirectMethodHandle$Holder.invokeStatic(java.lang.Object, java.lang.Object, int)'> (0x000000069fd0e178) 
thrown [open/src/hotspot/share/interpreter/linkResolver.cpp, line 773]
Event: 0,799 Thread 0x000076d95802b190 Exception <a 'java/lang/NoSuchMethodError'{0x000000069fd18a60}: 'void java.lang.invoke.DirectMethodHandle$Holder.invokeSpecial(java.lang.Object, java.lang.Object, java.lang.Object)'> (0x000000069fd18a60) 
thrown [open/src/hotspot/share/interpreter/linkResolver.cpp, line 773]
Event: 0,799 Thread 0x000076d95802b190 Exception <a 'java/lang/NoSuchMethodError'{0x000000069fd1e640}: 'void java.lang.invoke.DirectMethodHandle$Holder.invokeStatic(java.lang.Object, int)'> (0x000000069fd1e640) 
thrown [open/src/hotspot/share/interpreter/linkResolver.cpp, line 773]
Event: 0,858 Thread 0x000076d95802b190 Exception <a 'java/lang/NoSuchMethodError'{0x000000069fdecb78}: 'void java.lang.invoke.DirectMethodHandle$Holder.invokeStatic(java.lang.Object, java.lang.Object, long, int)'> (0x000000069fdecb78) 
thrown [open/src/hotspot/share/interpreter/linkResolver.cpp, line 773]
Event: 1,189 Thread 0x000076d95802b190 Exception <a 'java/lang/NoSuchMethodError'{0x00000006a0a87520}: 'long java.lang.invoke.DirectMethodHandle$Holder.invokeSpecial(java.lang.Object, java.lang.Object)'> (0x00000006a0a87520) 
thrown [open/src/hotspot/share/interpreter/linkResolver.cpp, line 773]
Event: 1,190 Thread 0x000076d95802b190 Exception <a 'java/lang/NoSuchMethodError'{0x00000006a0a8a948}: 'long java.lang.invoke.Invokers$Holder.invokeExact_MT(java.lang.Object, java.lang.Object)'> (0x00000006a0a8a948) 
thrown [open/src/hotspot/share/interpreter/linkResolver.cpp, line 773]
Event: 1,204 Thread 0x000076d95802b190 Exception <a 'java/lang/NoSuchMethodError'{0x00000006a0b07ab0}: static Lnet/minecraftrecreation/world/block/Stone;.<clinit>()V> (0x00000006a0b07ab0) 
thrown [open/src/hotspot/share/prims/jni.cpp, line 1111]
Event: 1,211 Thread 0x000076d95802b190 Exception <a 'java/lang/NoSuchMethodError'{0x00000006a0b6d4c8}: static Lnet/minecraftrecreation/world/block/GrassBlock;.<clinit>()V> (0x00000006a0b6d4c8) 
thrown [open/src/hotspot/share/prims/jni.cpp, line 1111]
Event: 1,215 Thread 0x000076d8cc000f50 Exception <a 'java/lang/NoSuchMethodError'{0x00000006a0badb70}: 'java.lang.Object java.lang.invoke.Invokers$Holder.invokeExact_MT(java.lang.Object, java.lang.Object, java.lang.Object, java.lang.Object, java.lang.Object, java.lang.Object)'> (0x00000006a0badb70) 
thrown [open/src/hotspot/share/interpreter/linkResolver.cpp, line 773]

ZGC Phase Switch (0 events):
No events

VM Operations (20 events):
Event: 0,150 Executing VM operation: HandshakeAllThreads (Deoptimize)
Event: 0,150 Executing VM operation: HandshakeAllThreads (Deoptimize) done
Event: 0,205 Executing VM operation: HandshakeAllThreads (Deoptimize)
Event: 0,205 Executing VM operation: HandshakeAllThreads (Deoptimize) done
Event: 0,243 Executing VM operation: HandshakeAllThreads (Deoptimize)
Event: 0,243 Executing VM operation: HandshakeAllThreads (Deoptimize) done
Event: 0,877 Executing VM operation: HandshakeAllThreads (Deoptimize)
Event: 0,877 Executing VM operation: HandshakeAllThreads (Deoptimize) done
Event: 0,910 Executing VM operation: G1CollectForAllocation (G1 Evacuation Pause)
Event: 0,914 Executing VM operation: G1CollectForAllocation (G1 Evacuation Pause) done
Event: 1,188 Executing VM operation: HandshakeAllThreads (Deoptimize)
Event: 1,188 Executing VM operation: HandshakeAllThreads (Deoptimize) done
Event: 1,537 Executing VM operation: G1CollectForAllocation (G1 Evacuation Pause)
Event: 1,542 Executing VM operation: G1CollectForAllocation (G1 Evacuation Pause) done
Event: 1,735 Executing VM operation: G1CollectForAllocation (G1 Evacuation Pause)
Event: 1,737 Executing VM operation: G1CollectForAllocation (G1 Evacuation Pause) done
Event: 2,253 Executing VM operation: G1CollectForAllocation (G1 Evacuation Pause)
Event: 2,255 Executing VM operation: G1CollectForAllocation (G1 Evacuation Pause) done
Event: 2,521 Executing VM operation: G1CollectForAllocation (G1 Evacuation Pause)
Event: 2,523 Executing VM operation: G1CollectForAllocation (G1 Evacuation Pause) done

Events (20 events):
Event: 0,112 Thread 0x000076d9581638c0 Thread added: 0x000076d9581638c0
Event: 0,112 Protecting memory [0x000076d938300000,0x000076d938304000] with protection modes 0
Event: 0,117 Thread 0x000076d9581653e0 Thread added: 0x000076d9581653e0
Event: 0,118 Protecting memory [0x000076d938200000,0x000076d938204000] with protection modes 0
Event: 0,118 Thread 0x000076d958166af0 Thread added: 0x000076d958166af0
Event: 0,118 Protecting memory [0x000076d938100000,0x000076d938104000] with protection modes 0
Event: 0,137 Thread 0x000076d958180fd0 Thread added: 0x000076d958180fd0
Event: 0,137 Protecting memory [0x000076d938000000,0x000076d938004000] with protection modes 0
Event: 0,199 Thread 0x000076d95828dda0 Thread added: 0x000076d95828dda0
Event: 0,199 Protecting memory [0x000076d923f00000,0x000076d923f04000] with protection modes 0
Event: 0,199 Thread 0x000076d958290310 Thread added: 0x000076d958290310
Event: 0,202 Protecting memory [0x000076d923e00000,0x000076d923e04000] with protection modes 0
Event: 0,485 Thread 0x000076d8bc107d60 Thread added: 0x000076d8bc107d60
Event: 0,489 Protecting memory [0x000076d8e0ad9000,0x000076d8e0add000] with protection modes 0
Event: 1,105 Thread 0x000076d8cc000f50 Thread added: 0x000076d8cc000f50
Event: 1,105 Protecting memory [0x000076d8e00fe000,0x000076d8e0102000] with protection modes 0
Event: 1,128 Thread 0x000076d8bc107d60 Thread exited: 0x000076d8bc107d60
Event: 1,466 Thread 0x000076d8bc269860 Thread added: 0x000076d8bc269860
Event: 1,466 Protecting memory [0x000076d8e0ad9000,0x000076d8e0add000] with protection modes 0
Event: 1,899 Thread 0x000076d8bc269860 Thread exited: 0x000076d8bc269860


Dynamic libraries:
40244000-40246000 r-xs 00000000 00:01 6399                               /memfd:/.glXXXXXX (deleted)
41a6d000-41b1c000 rw-p 00000000 00:00 0 
689400000-6a0c00000 rw-p 00000000 00:00 0 
6a0c00000-7ffc00000 ---p 00000000 00:00 0 
7ffc00000-7ffd09000 rw-p 00cb3000 08:03 3539186                          /home/denis0001/.jdks/openjdk-22/lib/server/classes.jsa
7ffd09000-800000000 rw-p 00000000 00:00 0 
59d97855f000-59d978560000 r-xp 00000000 08:03 3443829                    /home/denis0001/.jdks/openjdk-22/bin/java
59d978561000-59d978562000 r--p 00001000 08:03 3443829                    /home/denis0001/.jdks/openjdk-22/bin/java
59d978562000-59d978563000 rw-p 00002000 08:03 3443829                    /home/denis0001/.jdks/openjdk-22/bin/java
59d97a2d8000-59d97a320000 rw-p 00000000 00:00 0                          [heap]
76d888000000-76d888021000 rw-p 00000000 00:00 0 
76d888021000-76d88c000000 ---p 00000000 00:00 0 
76d890000000-76d890021000 rw-p 00000000 00:00 0 
76d890021000-76d894000000 ---p 00000000 00:00 0 
76d894000000-76d894021000 rw-p 00000000 00:00 0 
76d894021000-76d898000000 ---p 00000000 00:00 0 
76d898000000-76d8981e5000 rw-p 00000000 00:00 0 
76d8981e5000-76d89c000000 ---p 00000000 00:00 0 
76d89c000000-76d89c021000 rw-p 00000000 00:00 0 
76d89c021000-76d8a0000000 ---p 00000000 00:00 0 
76d8a0000000-76d8a05e3000 rw-p 00000000 00:00 0 
76d8a05e3000-76d8a4000000 ---p 00000000 00:00 0 
76d8a4800000-76d8a4ec1000 r-xp 00000000 08:03 437560                     /tmp/lwjgldenis0001/3.1.1-build-16/libassimp.so
76d8a4ec1000-76d8a50c0000 ---p 006c1000 08:03 437560                     /tmp/lwjgldenis0001/3.1.1-build-16/libassimp.so
76d8a50c0000-76d8a5187000 r--p 006c0000 08:03 437560                     /tmp/lwjgldenis0001/3.1.1-build-16/libassimp.so
76d8a5187000-76d8a518a000 rw-p 00787000 08:03 437560                     /tmp/lwjgldenis0001/3.1.1-build-16/libassimp.so
76d8a518a000-76d8a518f000 rw-p 00000000 00:00 0 
76d8a5200000-76d8a5259000 r-xp 00000000 08:03 432787                     /tmp/lwjgldenis0001/3.1.1-build-16/liblwjgl_stb.so
76d8a5259000-76d8a5459000 ---p 00059000 08:03 432787                     /tmp/lwjgldenis0001/3.1.1-build-16/liblwjgl_stb.so
76d8a5459000-76d8a545a000 r--p 00059000 08:03 432787                     /tmp/lwjgldenis0001/3.1.1-build-16/liblwjgl_stb.so
76d8a545a000-76d8a545b000 rw-p 0005a000 08:03 432787                     /tmp/lwjgldenis0001/3.1.1-build-16/liblwjgl_stb.so
76d8a545b000-76d8a545c000 rw-p 00000000 00:00 0 
76d8a5600000-76d8a763a000 r-xp 00000000 08:03 28068                      /usr/lib/x86_64-linux-gnu/libnvidia-glvkspirv.so.535.171.04
76d8a763a000-76d8a783a000 ---p 0203a000 08:03 28068                      /usr/lib/x86_64-linux-gnu/libnvidia-glvkspirv.so.535.171.04
76d8a783a000-76d8a7e56000 r--p 0203a000 08:03 28068                      /usr/lib/x86_64-linux-gnu/libnvidia-glvkspirv.so.535.171.04
76d8a7e56000-76d8a7ee5000 rw-p 02656000 08:03 28068                      /usr/lib/x86_64-linux-gnu/libnvidia-glvkspirv.so.535.171.04
76d8a7ee5000-76d8a7f38000 rw-p 00000000 00:00 0 
76d8a8000000-76d8a8021000 rw-p 00000000 00:00 0 
76d8a8021000-76d8ac000000 ---p 00000000 00:00 0 
76d8ac400000-76d8ac495000 r--p 00000000 08:03 432614                     /tmp/imgui-java-natives/1.86.11/libimgui-java64.so
76d8ac495000-76d8ac876000 r-xp 00095000 08:03 432614                     /tmp/imgui-java-natives/1.86.11/libimgui-java64.so
76d8ac876000-76d8ac902000 r--p 00476000 08:03 432614                     /tmp/imgui-java-natives/1.86.11/libimgui-java64.so
76d8ac902000-76d8ac903000 ---p 00502000 08:03 432614                     /tmp/imgui-java-natives/1.86.11/libimgui-java64.so
76d8ac903000-76d8ac908000 r--p 00502000 08:03 432614                     /tmp/imgui-java-natives/1.86.11/libimgui-java64.so
76d8ac908000-76d8ac914000 rw-p 00507000 08:03 432614                     /tmp/imgui-java-natives/1.86.11/libimgui-java64.so
76d8ac914000-76d8ad144000 rw-p 00000000 00:00 0 
76d8ad200000-76d8ad4d8000 r-xp 00000000 08:03 28065                      /usr/lib/x86_64-linux-gnu/libnvidia-glcore.so.535.171.04
76d8ad4d8000-76d8ad4f9000 rwxp 002d8000 08:03 28065                      /usr/lib/x86_64-linux-gnu/libnvidia-glcore.so.535.171.04
76d8ad4f9000-76d8afb97000 r-xp 002f9000 08:03 28065                      /usr/lib/x86_64-linux-gnu/libnvidia-glcore.so.535.171.04
76d8afb97000-76d8afb98000 ---p 02997000 08:03 28065                      /usr/lib/x86_64-linux-gnu/libnvidia-glcore.so.535.171.04
76d8afb98000-76d8afd6b000 r--p 02997000 08:03 28065                      /usr/lib/x86_64-linux-gnu/libnvidia-glcore.so.535.171.04
76d8afd6b000-76d8afdd4000 rw-p 02b6a000 08:03 28065                      /usr/lib/x86_64-linux-gnu/libnvidia-glcore.so.535.171.04
76d8afdd4000-76d8afe11000 rw-p 00000000 00:00 0 
76d8b0000000-76d8b0021000 rw-p 00000000 00:00 0 
76d8b0021000-76d8b4000000 ---p 00000000 00:00 0 
76d8b4000000-76d8b4021000 rw-p 00000000 00:00 0 
76d8b4021000-76d8b8000000 ---p 00000000 00:00 0 
76d8b8000000-76d8b8377000 rw-p 00000000 00:00 0 
76d8b8377000-76d8bc000000 ---p 00000000 00:00 0 
76d8bc000000-76d8bc42f000 rw-p 00000000 00:00 0 
76d8bc42f000-76d8c0000000 ---p 00000000 00:00 0 
76d8c0000000-76d8c0021000 rw-p 00000000 00:00 0 
76d8c0021000-76d8c4000000 ---p 00000000 00:00 0 
76d8c4000000-76d8c4021000 rw-p 00000000 00:00 0 
76d8c4021000-76d8c8000000 ---p 00000000 00:00 0 
76d8c8000000-76d8c8021000 rw-p 00000000 00:00 0 
76d8c8021000-76d8cc000000 ---p 00000000 00:00 0 
76d8cc000000-76d8cc021000 rw-p 00000000 00:00 0 
76d8cc021000-76d8d0000000 ---p 00000000 00:00 0 
76d8d0000000-76d8d0021000 rw-p 00000000 00:00 0 
76d8d0021000-76d8d4000000 ---p 00000000 00:00 0 
76d8d4000000-76d8d4021000 rw-p 00000000 00:00 0 
76d8d4021000-76d8d8000000 ---p 00000000 00:00 0 
76d8d8000000-76d8d8320000 rw-p 00000000 00:00 0 
76d8d8320000-76d8d8400000 ---p 00000000 00:00 0 
76d8d8400000-76d8d8a10000 rw-p 00000000 00:00 0 
76d8d8a10000-76d8dc000000 ---p 00000000 00:00 0 
76d8dc000000-76d8dc021000 rw-p 00000000 00:00 0 
76d8dc021000-76d8e0000000 ---p 00000000 00:00 0 
76d8e00fe000-76d8e0102000 ---p 00000000 00:00 0 
76d8e0102000-76d8e01fe000 rw-p 00000000 00:00 0 
76d8e01fe000-76d8e01ff000 ---p 00000000 00:00 0 
76d8e01ff000-76d8e02ff000 rw-p 00000000 00:00 0 
76d8e02ff000-76d8e0300000 ---p 00000000 00:00 0 
76d8e0300000-76d8e0400000 rw-p 00000000 00:00 0 
76d8e0400000-76d8e049a000 r--p 00000000 08:03 30076                      /usr/lib/x86_64-linux-gnu/libstdc++.so.6.0.30
76d8e049a000-76d8e05ab000 r-xp 0009a000 08:03 30076                      /usr/lib/x86_64-linux-gnu/libstdc++.so.6.0.30
76d8e05ab000-76d8e061a000 r--p 001ab000 08:03 30076                      /usr/lib/x86_64-linux-gnu/libstdc++.so.6.0.30
76d8e061a000-76d8e061b000 ---p 0021a000 08:03 30076                      /usr/lib/x86_64-linux-gnu/libstdc++.so.6.0.30
76d8e061b000-76d8e0626000 r--p 0021a000 08:03 30076                      /usr/lib/x86_64-linux-gnu/libstdc++.so.6.0.30
76d8e0626000-76d8e0629000 rw-p 00225000 08:03 30076                      /usr/lib/x86_64-linux-gnu/libstdc++.so.6.0.30
76d8e0629000-76d8e062c000 rw-p 00000000 00:00 0 
76d8e06ff000-76d8e0700000 ---p 00000000 00:00 0 
76d8e0700000-76d8e0800000 rw-p 00000000 00:00 0 
76d8e0800000-76d8e0869000 r-xp 00000000 08:03 432778                     /tmp/lwjgldenis0001/3.1.1-build-16/liblwjgl_opengl.so
76d8e0869000-76d8e0a68000 ---p 00069000 08:03 432778                     /tmp/lwjgldenis0001/3.1.1-build-16/liblwjgl_opengl.so
76d8e0a68000-76d8e0a69000 r--p 00068000 08:03 432778                     /tmp/lwjgldenis0001/3.1.1-build-16/liblwjgl_opengl.so
76d8e0a69000-76d8e0a6a000 rw-p 00069000 08:03 432778                     /tmp/lwjgldenis0001/3.1.1-build-16/liblwjgl_opengl.so
76d8e0ad9000-76d8e0add000 ---p 00000000 00:00 0 
76d8e0add000-76d8e0bd9000 rw-p 00000000 00:00 0 
76d8e0bd9000-76d8e0cd9000 rw-s 00000000 00:05 879                        /dev/nvidiactl
76d8e0cd9000-76d8e0f1e000 rw-s 00000000 00:01 1025                       /memfd:/.nvidia_drv.XXXXXX (deleted)
76d8e0f1e000-76d8e17ff000 rw-p 00000000 00:00 0 
76d8e17ff000-76d8e1800000 ---p 00000000 00:00 0 
76d8e1800000-76d8e2000000 rw-p 00000000 00:00 0 
76d8e2000000-76d8e2c74000 rw-p 00001000 08:03 3539186                    /home/denis0001/.jdks/openjdk-22/lib/server/classes.jsa
76d8e2c74000-76d8e3000000 ---p 00000000 00:00 0 
76d8e3000000-76d8e3030000 rw-p 00000000 00:00 0 
76d8e3030000-76d8e3070000 rw-p 00000000 00:00 0 
76d8e3070000-76d8e30a0000 rw-p 00000000 00:00 0 
76d8e30a0000-76d923000000 ---p 00000000 00:00 0 
76d923040000-76d9230c0000 rw-s 00000000 00:05 879                        /dev/nvidiactl
76d9230c0000-76d923140000 rw-s 00000000 00:05 879                        /dev/nvidiactl
76d923140000-76d923180000 rw-s 00000000 00:05 879                        /dev/nvidiactl
76d923180000-76d9231c0000 rw-s 00000000 00:05 879                        /dev/nvidiactl
76d9231c0000-76d923200000 rw-s 00000000 00:05 879                        /dev/nvidiactl
76d923200000-76d923275000 r-xp 00000000 08:03 28067                      /usr/lib/x86_64-linux-gnu/libnvidia-glsi.so.535.171.04
76d923275000-76d923475000 ---p 00075000 08:03 28067                      /usr/lib/x86_64-linux-gnu/libnvidia-glsi.so.535.171.04
76d923475000-76d92349f000 r--p 00075000 08:03 28067                      /usr/lib/x86_64-linux-gnu/libnvidia-glsi.so.535.171.04
76d92349f000-76d9234a0000 rw-p 0009f000 08:03 28067                      /usr/lib/x86_64-linux-gnu/libnvidia-glsi.so.535.171.04
76d9234a0000-76d9234a8000 rw-p 00000000 00:00 0 
76d9234a9000-76d9234b6000 r-xp 00000000 08:03 3444079                    /home/denis0001/.jdks/openjdk-22/lib/libverify.so
76d9234b6000-76d9234b8000 r--p 0000c000 08:03 3444079                    /home/denis0001/.jdks/openjdk-22/lib/libverify.so
76d9234b8000-76d9234b9000 rw-p 0000e000 08:03 3444079                    /home/denis0001/.jdks/openjdk-22/lib/libverify.so
76d9234b9000-76d9234d9000 rw-s 00000000 00:05 879                        /dev/nvidiactl
76d9234d9000-76d92352a000 r--p 00000000 08:03 2504                       /usr/lib/x86_64-linux-gnu/libGLX_nvidia.so.535.171.04
76d92352a000-76d923584000 r-xp 00051000 08:03 2504                       /usr/lib/x86_64-linux-gnu/libGLX_nvidia.so.535.171.04
76d923584000-76d9235b9000 rwxp 000ab000 08:03 2504                       /usr/lib/x86_64-linux-gnu/libGLX_nvidia.so.535.171.04
76d9235b9000-76d9235ba000 r-xp 000e0000 08:03 2504                       /usr/lib/x86_64-linux-gnu/libGLX_nvidia.so.535.171.04
76d9235ba000-76d9235d9000 r--p 000e1000 08:03 2504                       /usr/lib/x86_64-linux-gnu/libGLX_nvidia.so.535.171.04
76d9235d9000-76d9235f9000 r--p 000ff000 08:03 2504                       /usr/lib/x86_64-linux-gnu/libGLX_nvidia.so.535.171.04
76d9235f9000-76d9235fe000 rw-p 0011f000 08:03 2504                       /usr/lib/x86_64-linux-gnu/libGLX_nvidia.so.535.171.04
76d9235fe000-76d923600000 rw-p 00000000 00:00 0 
76d923600000-76d92361e000 r-xp 00000000 08:03 432767                     /tmp/lwjgldenis0001/3.1.1-build-16/libglfw.so
76d92361e000-76d92381d000 ---p 0001e000 08:03 432767                     /tmp/lwjgldenis0001/3.1.1-build-16/libglfw.so
76d92381d000-76d92381e000 r--p 0001d000 08:03 432767                     /tmp/lwjgldenis0001/3.1.1-build-16/libglfw.so
76d92381e000-76d92381f000 rw-p 0001e000 08:03 432767                     /tmp/lwjgldenis0001/3.1.1-build-16/libglfw.so
76d92381f000-76d923820000 rw-p 00000000 00:00 0 
76d923827000-76d92383a000 rw-s 00000000 00:05 879                        /dev/nvidiactl
76d92383a000-76d92385a000 rw-s 00000000 00:05 879                        /dev/nvidiactl
76d92385a000-76d92385f000 r--p 00000000 08:03 29160                      /usr/lib/x86_64-linux-gnu/libdrm.so.2.4.0
76d92385f000-76d92386a000 r-xp 00005000 08:03 29160                      /usr/lib/x86_64-linux-gnu/libdrm.so.2.4.0
76d92386a000-76d92386e000 r--p 00010000 08:03 29160                      /usr/lib/x86_64-linux-gnu/libdrm.so.2.4.0
76d92386e000-76d92386f000 r--p 00013000 08:03 29160                      /usr/lib/x86_64-linux-gnu/libdrm.so.2.4.0
76d92386f000-76d923870000 rw-p 00014000 08:03 29160                      /usr/lib/x86_64-linux-gnu/libdrm.so.2.4.0
76d923870000-76d92387b000 r--p 00000000 08:03 30268                      /usr/lib/x86_64-linux-gnu/libxcb-glx.so.0.0.0
76d92387b000-76d923884000 r-xp 0000b000 08:03 30268                      /usr/lib/x86_64-linux-gnu/libxcb-glx.so.0.0.0
76d923884000-76d923889000 r--p 00014000 08:03 30268                      /usr/lib/x86_64-linux-gnu/libxcb-glx.so.0.0.0
76d923889000-76d92388a000 ---p 00019000 08:03 30268                      /usr/lib/x86_64-linux-gnu/libxcb-glx.so.0.0.0
76d92388a000-76d92388c000 r--p 00019000 08:03 30268                      /usr/lib/x86_64-linux-gnu/libxcb-glx.so.0.0.0
76d92388c000-76d92388d000 rw-p 0001b000 08:03 30268                      /usr/lib/x86_64-linux-gnu/libxcb-glx.so.0.0.0
76d92388d000-76d923890000 r--p 00000000 08:03 28685                      /usr/lib/x86_64-linux-gnu/libGLX.so.0.0.0
76d923890000-76d9238ab000 r-xp 00003000 08:03 28685                      /usr/lib/x86_64-linux-gnu/libGLX.so.0.0.0
76d9238ab000-76d9238ae000 r--p 0001e000 08:03 28685                      /usr/lib/x86_64-linux-gnu/libGLX.so.0.0.0
76d9238ae000-76d9238af000 ---p 00021000 08:03 28685                      /usr/lib/x86_64-linux-gnu/libGLX.so.0.0.0
76d9238af000-76d9238b0000 r--p 00021000 08:03 28685                      /usr/lib/x86_64-linux-gnu/libGLX.so.0.0.0
76d9238b0000-76d9238b1000 rw-p 00022000 08:03 28685                      /usr/lib/x86_64-linux-gnu/libGLX.so.0.0.0
76d9238b1000-76d9238c1000 rw-p 00000000 00:00 0 
76d9238c1000-76d923901000 r--p 00000000 08:03 28690                      /usr/lib/x86_64-linux-gnu/libGLdispatch.so.0.0.0
76d923901000-76d923904000 r-xp 00040000 08:03 28690                      /usr/lib/x86_64-linux-gnu/libGLdispatch.so.0.0.0
76d923904000-76d92393f000 r-xp 00043000 08:03 28690                      /usr/lib/x86_64-linux-gnu/libGLdispatch.so.0.0.0
76d92393f000-76d923940000 r-xp 0007e000 08:03 28690                      /usr/lib/x86_64-linux-gnu/libGLdispatch.so.0.0.0
76d923940000-76d923953000 r--p 0007f000 08:03 28690                      /usr/lib/x86_64-linux-gnu/libGLdispatch.so.0.0.0
76d923953000-76d923954000 ---p 00092000 08:03 28690                      /usr/lib/x86_64-linux-gnu/libGLdispatch.so.0.0.0
76d923954000-76d923970000 r--p 00092000 08:03 28690                      /usr/lib/x86_64-linux-gnu/libGLdispatch.so.0.0.0
76d923970000-76d923971000 rw-p 000ae000 08:03 28690                      /usr/lib/x86_64-linux-gnu/libGLdispatch.so.0.0.0
76d923971000-76d923979000 rw-p 00000000 00:00 0 
76d923979000-76d9239bc000 r--p 00000000 08:03 28679                      /usr/lib/x86_64-linux-gnu/libGL.so.1.7.0
76d9239bc000-76d9239bf000 r-xp 00043000 08:03 28679                      /usr/lib/x86_64-linux-gnu/libGL.so.1.7.0
76d9239bf000-76d9239da000 r-xp 00046000 08:03 28679                      /usr/lib/x86_64-linux-gnu/libGL.so.1.7.0
76d9239da000-76d9239db000 r-xp 00061000 08:03 28679                      /usr/lib/x86_64-linux-gnu/libGL.so.1.7.0
76d9239db000-76d9239f0000 r--p 00062000 08:03 28679                      /usr/lib/x86_64-linux-gnu/libGL.so.1.7.0
76d9239f0000-76d9239fe000 r--p 00076000 08:03 28679                      /usr/lib/x86_64-linux-gnu/libGL.so.1.7.0
76d9239fe000-76d9239ff000 rw-p 00084000 08:03 28679                      /usr/lib/x86_64-linux-gnu/libGL.so.1.7.0
76d9239ff000-76d923a00000 rw-p 00000000 00:00 0 
76d923a00000-76d923a4b000 r-xp 00000000 08:03 432766                     /tmp/lwjgldenis0001/3.1.1-build-16/liblwjgl.so
76d923a4b000-76d923c4b000 ---p 0004b000 08:03 432766                     /tmp/lwjgldenis0001/3.1.1-build-16/liblwjgl.so
76d923c4b000-76d923c4c000 r--p 0004b000 08:03 432766                     /tmp/lwjgldenis0001/3.1.1-build-16/liblwjgl.so
76d923c4c000-76d923c4d000 rw-p 0004c000 08:03 432766                     /tmp/lwjgldenis0001/3.1.1-build-16/liblwjgl.so
76d923c50000-76d923c54000 rwxp 00000000 00:00 0 
76d923c54000-76d923c74000 rw-s 00000000 00:05 879                        /dev/nvidiactl
76d923c74000-76d923c75000 r--p 00000000 08:03 28709                      /usr/lib/x86_64-linux-gnu/libX11-xcb.so.1.0.0
76d923c75000-76d923c76000 r-xp 00001000 08:03 28709                      /usr/lib/x86_64-linux-gnu/libX11-xcb.so.1.0.0
76d923c76000-76d923c77000 r--p 00002000 08:03 28709                      /usr/lib/x86_64-linux-gnu/libX11-xcb.so.1.0.0
76d923c77000-76d923c78000 r--p 00002000 08:03 28709                      /usr/lib/x86_64-linux-gnu/libX11-xcb.so.1.0.0
76d923c78000-76d923c79000 rw-p 00003000 08:03 28709                      /usr/lib/x86_64-linux-gnu/libX11-xcb.so.1.0.0
76d923c79000-76d923c7b000 r--p 00000000 08:03 29660                      /usr/lib/x86_64-linux-gnu/libmd.so.0.0.5
76d923c7b000-76d923c82000 r-xp 00002000 08:03 29660                      /usr/lib/x86_64-linux-gnu/libmd.so.0.0.5
76d923c82000-76d923c84000 r--p 00009000 08:03 29660                      /usr/lib/x86_64-linux-gnu/libmd.so.0.0.5
76d923c84000-76d923c85000 r--p 0000a000 08:03 29660                      /usr/lib/x86_64-linux-gnu/libmd.so.0.0.5
76d923c85000-76d923c86000 rw-p 0000b000 08:03 29660                      /usr/lib/x86_64-linux-gnu/libmd.so.0.0.5
76d923c86000-76d923c8a000 r--p 00000000 08:03 29007                      /usr/lib/x86_64-linux-gnu/libbsd.so.0.11.5
76d923c8a000-76d923c97000 r-xp 00004000 08:03 29007                      /usr/lib/x86_64-linux-gnu/libbsd.so.0.11.5
76d923c97000-76d923c9a000 r--p 00011000 08:03 29007                      /usr/lib/x86_64-linux-gnu/libbsd.so.0.11.5
76d923c9a000-76d923c9b000 ---p 00014000 08:03 29007                      /usr/lib/x86_64-linux-gnu/libbsd.so.0.11.5
76d923c9b000-76d923c9c000 r--p 00014000 08:03 29007                      /usr/lib/x86_64-linux-gnu/libbsd.so.0.11.5
76d923c9c000-76d923c9d000 rw-p 00015000 08:03 29007                      /usr/lib/x86_64-linux-gnu/libbsd.so.0.11.5
76d923c9d000-76d923c9e000 rw-p 00000000 00:00 0 
76d923c9e000-76d923ca0000 r--p 00000000 08:03 28748                      /usr/lib/x86_64-linux-gnu/libXrender.so.1.3.0
76d923ca0000-76d923ca7000 r-xp 00002000 08:03 28748                      /usr/lib/x86_64-linux-gnu/libXrender.so.1.3.0
76d923ca7000-76d923ca9000 r--p 00009000 08:03 28748                      /usr/lib/x86_64-linux-gnu/libXrender.so.1.3.0
76d923ca9000-76d923caa000 r--p 0000a000 08:03 28748                      /usr/lib/x86_64-linux-gnu/libXrender.so.1.3.0
76d923caa000-76d923cab000 rw-p 0000b000 08:03 28748                      /usr/lib/x86_64-linux-gnu/libXrender.so.1.3.0
76d923cab000-76d923caf000 r--p 00000000 08:03 28728                      /usr/lib/x86_64-linux-gnu/libXext.so.6.4.0
76d923caf000-76d923cba000 r-xp 00004000 08:03 28728                      /usr/lib/x86_64-linux-gnu/libXext.so.6.4.0
76d923cba000-76d923cbe000 r--p 0000f000 08:03 28728                      /usr/lib/x86_64-linux-gnu/libXext.so.6.4.0
76d923cbe000-76d923cbf000 r--p 00012000 08:03 28728                      /usr/lib/x86_64-linux-gnu/libXext.so.6.4.0
76d923cbf000-76d923cc0000 rw-p 00013000 08:03 28728                      /usr/lib/x86_64-linux-gnu/libXext.so.6.4.0
76d923cc0000-76d923cd9000 r--p 00000000 08:03 28711                      /usr/lib/x86_64-linux-gnu/libX11.so.6.4.0
76d923cd9000-76d923d65000 r-xp 00019000 08:03 28711                      /usr/lib/x86_64-linux-gnu/libX11.so.6.4.0
76d923d65000-76d923dfa000 r--p 000a5000 08:03 28711                      /usr/lib/x86_64-linux-gnu/libX11.so.6.4.0
76d923dfa000-76d923dfb000 ---p 0013a000 08:03 28711                      /usr/lib/x86_64-linux-gnu/libX11.so.6.4.0
76d923dfb000-76d923dfc000 r--p 0013a000 08:03 28711                      /usr/lib/x86_64-linux-gnu/libX11.so.6.4.0
76d923dfc000-76d923e00000 rw-p 0013b000 08:03 28711                      /usr/lib/x86_64-linux-gnu/libX11.so.6.4.0
76d923e00000-76d923e04000 ---p 00000000 00:00 0 
76d923e04000-76d923f00000 rw-p 00000000 00:00 0 
76d923f00000-76d923f04000 ---p 00000000 00:00 0 
76d923f04000-76d924000000 rw-p 00000000 00:00 0 
76d924000000-76d924021000 rw-p 00000000 00:00 0 
76d924021000-76d928000000 ---p 00000000 00:00 0 
76d928000000-76d928021000 rw-p 00000000 00:00 0 
76d928021000-76d92c000000 ---p 00000000 00:00 0 
76d92c000000-76d92c021000 rw-p 00000000 00:00 0 
76d92c021000-76d930000000 ---p 00000000 00:00 0 
76d930000000-76d930021000 rw-p 00000000 00:00 0 
76d930021000-76d934000000 ---p 00000000 00:00 0 
76d934000000-76d934021000 rw-p 00000000 00:00 0 
76d934021000-76d938000000 ---p 00000000 00:00 0 
76d938000000-76d938004000 ---p 00000000 00:00 0 
76d938004000-76d938100000 rw-p 00000000 00:00 0 
76d938100000-76d938104000 ---p 00000000 00:00 0 
76d938104000-76d938200000 rw-p 00000000 00:00 0 
76d938200000-76d938204000 ---p 00000000 00:00 0 
76d938204000-76d938300000 rw-p 00000000 00:00 0 
76d938300000-76d938304000 ---p 00000000 00:00 0 
76d938304000-76d938400000 rw-p 00000000 00:00 0 
76d938400000-76d938404000 ---p 00000000 00:00 0 
76d938404000-76d938500000 rw-p 00000000 00:00 0 
76d938500000-76d938504000 ---p 00000000 00:00 0 
76d938504000-76d938600000 rw-p 00000000 00:00 0 
76d938600000-76d938604000 ---p 00000000 00:00 0 
76d938604000-76d938700000 rw-p 00000000 00:00 0 
76d938700000-76d938704000 ---p 00000000 00:00 0 
76d938704000-76d938800000 rw-p 00000000 00:00 0 
76d938800000-76d938d75000 r--p 00000000 08:03 1571                       /usr/lib/locale/locale-archive
76d938d75000-76d938d78000 rw-s 00000000 00:05 879                        /dev/nvidiactl
76d938d78000-76d938d7a000 r--p 00000000 08:03 28726                      /usr/lib/x86_64-linux-gnu/libXdmcp.so.6.0.0
76d938d7a000-76d938d7c000 r-xp 00002000 08:03 28726                      /usr/lib/x86_64-linux-gnu/libXdmcp.so.6.0.0
76d938d7c000-76d938d7e000 r--p 00004000 08:03 28726                      /usr/lib/x86_64-linux-gnu/libXdmcp.so.6.0.0
76d938d7e000-76d938d7f000 r--p 00005000 08:03 28726                      /usr/lib/x86_64-linux-gnu/libXdmcp.so.6.0.0
76d938d7f000-76d938d80000 rw-p 00006000 08:03 28726                      /usr/lib/x86_64-linux-gnu/libXdmcp.so.6.0.0
76d938d80000-76d938e4e000 r-xp 00000000 08:03 3444063                    /home/denis0001/.jdks/openjdk-22/lib/libjsvml.so
76d938e4e000-76d938e4f000 r--p 000cd000 08:03 3444063                    /home/denis0001/.jdks/openjdk-22/lib/libjsvml.so
76d938e4f000-76d938e50000 rw-p 000ce000 08:03 3444063                    /home/denis0001/.jdks/openjdk-22/lib/libjsvml.so
76d938e50000-76d93b430000 rw-p 00000000 00:00 0 
76d93b430000-76d940bf0000 ---p 00000000 00:00 0 
76d940bf0000-76d940c00000 rw-p 00000000 00:00 0 
76d940c00000-76d940f50000 rwxp 00000000 00:00 0 
76d940f50000-76d948137000 ---p 00000000 00:00 0 
76d948137000-76d9483a7000 rwxp 00000000 00:00 0 
76d9483a7000-76d9486c8000 ---p 00000000 00:00 0 
76d9486c8000-76d948938000 rwxp 00000000 00:00 0 
76d948938000-76d94fc00000 ---p 00000000 00:00 0 
76d94fc00000-76d957fb6000 r--s 00000000 08:03 3444081                    /home/denis0001/.jdks/openjdk-22/lib/modules
76d957fb6000-76d957fb7000 rwxp 00000000 00:00 0 
76d957fb7000-76d957fb8000 r--p 00000000 08:03 28715                      /usr/lib/x86_64-linux-gnu/libXau.so.6.0.0
76d957fb8000-76d957fba000 r-xp 00001000 08:03 28715                      /usr/lib/x86_64-linux-gnu/libXau.so.6.0.0
76d957fba000-76d957fbb000 r--p 00003000 08:03 28715                      /usr/lib/x86_64-linux-gnu/libXau.so.6.0.0
76d957fbb000-76d957fbc000 r--p 00003000 08:03 28715                      /usr/lib/x86_64-linux-gnu/libXau.so.6.0.0
76d957fbc000-76d957fbd000 rw-p 00004000 08:03 28715                      /usr/lib/x86_64-linux-gnu/libXau.so.6.0.0
76d957fbd000-76d957fc8000 r--p 00000000 08:03 30300                      /usr/lib/x86_64-linux-gnu/libxcb.so.1.1.0
76d957fc8000-76d957fdc000 r-xp 0000b000 08:03 30300                      /usr/lib/x86_64-linux-gnu/libxcb.so.1.1.0
76d957fdc000-76d957fe5000 r--p 0001f000 08:03 30300                      /usr/lib/x86_64-linux-gnu/libxcb.so.1.1.0
76d957fe5000-76d957fe6000 r--p 00027000 08:03 30300                      /usr/lib/x86_64-linux-gnu/libxcb.so.1.1.0
76d957fe6000-76d957fe7000 rw-p 00028000 08:03 30300                      /usr/lib/x86_64-linux-gnu/libxcb.so.1.1.0
76d957fe7000-76d957fe9000 r--p 00000000 08:03 28722                      /usr/lib/x86_64-linux-gnu/libXcursor.so.1.0.2
76d957fe9000-76d957fef000 r-xp 00002000 08:03 28722                      /usr/lib/x86_64-linux-gnu/libXcursor.so.1.0.2
76d957fef000-76d957ff1000 r--p 00008000 08:03 28722                      /usr/lib/x86_64-linux-gnu/libXcursor.so.1.0.2
76d957ff1000-76d957ff2000 r--p 00009000 08:03 28722                      /usr/lib/x86_64-linux-gnu/libXcursor.so.1.0.2
76d957ff2000-76d957ff3000 rw-p 0000a000 08:03 28722                      /usr/lib/x86_64-linux-gnu/libXcursor.so.1.0.2
76d957ff3000-76d957ff5000 r--p 00000000 08:03 28746                      /usr/lib/x86_64-linux-gnu/libXrandr.so.2.2.0
76d957ff5000-76d957ffc000 r-xp 00002000 08:03 28746                      /usr/lib/x86_64-linux-gnu/libXrandr.so.2.2.0
76d957ffc000-76d957ffe000 r--p 00009000 08:03 28746                      /usr/lib/x86_64-linux-gnu/libXrandr.so.2.2.0
76d957ffe000-76d957fff000 r--p 0000a000 08:03 28746                      /usr/lib/x86_64-linux-gnu/libXrandr.so.2.2.0
76d957fff000-76d958000000 rw-p 0000b000 08:03 28746                      /usr/lib/x86_64-linux-gnu/libXrandr.so.2.2.0
76d958000000-76d95ab43000 rw-p 00000000 00:00 0 
76d95ab43000-76d95c000000 ---p 00000000 00:00 0 
76d95c000000-76d95c002000 rwxp 00000000 00:00 0 
76d95c002000-76d95c004000 r--p 00000000 08:03 28730                      /usr/lib/x86_64-linux-gnu/libXfixes.so.3.1.0
76d95c004000-76d95c007000 r-xp 00002000 08:03 28730                      /usr/lib/x86_64-linux-gnu/libXfixes.so.3.1.0
76d95c007000-76d95c008000 r--p 00005000 08:03 28730                      /usr/lib/x86_64-linux-gnu/libXfixes.so.3.1.0
76d95c008000-76d95c009000 r--p 00006000 08:03 28730                      /usr/lib/x86_64-linux-gnu/libXfixes.so.3.1.0
76d95c009000-76d95c00a000 rw-p 00007000 08:03 28730                      /usr/lib/x86_64-linux-gnu/libXfixes.so.3.1.0
76d95c00a000-76d95c00d000 r--p 00000000 08:03 29303                      /usr/lib/x86_64-linux-gnu/libgcc_s.so.1
76d95c00d000-76d95c024000 r-xp 00003000 08:03 29303                      /usr/lib/x86_64-linux-gnu/libgcc_s.so.1
76d95c024000-76d95c028000 r--p 0001a000 08:03 29303                      /usr/lib/x86_64-linux-gnu/libgcc_s.so.1
76d95c028000-76d95c029000 r--p 0001d000 08:03 29303                      /usr/lib/x86_64-linux-gnu/libgcc_s.so.1
76d95c029000-76d95c02a000 rw-p 0001e000 08:03 29303                      /usr/lib/x86_64-linux-gnu/libgcc_s.so.1
76d95c02a000-76d95c02b000 rwxp 00000000 00:00 0 
76d95c02b000-76d95c02d000 rw-s 00000000 00:01 6399                       /memfd:/.glXXXXXX (deleted)
76d95c02d000-76d95c031000 rw-s 00000000 00:05 879                        /dev/nvidiactl
76d95c031000-76d95c032000 rw-s 00000000 00:05 880                        /dev/nvidia0
76d95c032000-76d95c034000 rw-s 00000000 00:05 879                        /dev/nvidiactl
76d95c034000-76d95c038000 rw-s 00000000 00:05 879                        /dev/nvidiactl
76d95c038000-76d95c039000 rw-s 00000000 00:05 880                        /dev/nvidia0
76d95c039000-76d95c03a000 rw-s 00000000 00:05 880                        /dev/nvidia0
76d95c03a000-76d95c03b000 rw-s 00000000 00:05 880                        /dev/nvidia0
76d95c03b000-76d95c03c000 rw-s 00000000 00:05 879                        /dev/nvidiactl
76d95c03c000-76d95c03d000 rw-s 00000000 00:05 879                        /dev/nvidiactl
76d95c03d000-76d95c03e000 r--p 00000000 08:03 28071                      /usr/lib/x86_64-linux-gnu/libnvidia-tls.so.535.171.04
76d95c03e000-76d95c040000 r-xp 00001000 08:03 28071                      /usr/lib/x86_64-linux-gnu/libnvidia-tls.so.535.171.04
76d95c040000-76d95c041000 r--p 00003000 08:03 28071                      /usr/lib/x86_64-linux-gnu/libnvidia-tls.so.535.171.04
76d95c041000-76d95c042000 r--p 00003000 08:03 28071                      /usr/lib/x86_64-linux-gnu/libnvidia-tls.so.535.171.04
76d95c042000-76d95c043000 rw-p 00004000 08:03 28071                      /usr/lib/x86_64-linux-gnu/libnvidia-tls.so.535.171.04
76d95c043000-76d95c04a000 r--s 00000000 08:03 10036                      /usr/lib/x86_64-linux-gnu/gconv/gconv-modules.cache
76d95c04a000-76d95c05d000 r-xp 00000000 08:03 3444071                    /home/denis0001/.jdks/openjdk-22/lib/libnio.so
76d95c05d000-76d95c05e000 ---p 00013000 08:03 3444071                    /home/denis0001/.jdks/openjdk-22/lib/libnio.so
76d95c05e000-76d95c05f000 r--p 00013000 08:03 3444071                    /home/denis0001/.jdks/openjdk-22/lib/libnio.so
76d95c05f000-76d95c060000 rw-p 00014000 08:03 3444071                    /home/denis0001/.jdks/openjdk-22/lib/libnio.so
76d95c060000-76d95c061000 ---p 00000000 00:00 0 
76d95c061000-76d95c161000 rw-p 00000000 00:00 0 
76d95c161000-76d95c162000 ---p 00000000 00:00 0 
76d95c162000-76d95c37f000 rw-p 00000000 00:00 0 
76d95c37f000-76d95c380000 ---p 00000000 00:00 0 
76d95c380000-76d95c480000 rw-p 00000000 00:00 0 
76d95c480000-76d95c481000 ---p 00000000 00:00 0 
76d95c481000-76d95c985000 rw-p 00000000 00:00 0 
76d95c985000-76d95c986000 ---p 00000000 00:00 0 
76d95c986000-76d95ca86000 rw-p 00000000 00:00 0 
76d95ca86000-76d95ca87000 ---p 00000000 00:00 0 
76d95ca87000-76d95cb87000 rw-p 00000000 00:00 0 
76d95cb87000-76d95cb88000 ---p 00000000 00:00 0 
76d95cb88000-76d95cd76000 rw-p 00000000 00:00 0 
76d95cd76000-76d95d86e000 ---p 00000000 00:00 0 
76d95d86e000-76d95d92c000 rw-p 00000000 00:00 0 
76d95d92c000-76d95e424000 ---p 00000000 00:00 0 
76d95e424000-76d95e82f000 rw-p 00000000 00:00 0 
76d95e82f000-76d95e915000 ---p 00000000 00:00 0 
76d95e915000-76d95e91c000 rw-p 00000000 00:00 0 
76d95e91c000-76d95ea00000 ---p 00000000 00:00 0 
76d95ea00000-76d95fd40000 r-xp 00000000 08:03 3539189                    /home/denis0001/.jdks/openjdk-22/lib/server/libjvm.so
76d95fd40000-76d95fe0d000 r--p 0133f000 08:03 3539189                    /home/denis0001/.jdks/openjdk-22/lib/server/libjvm.so
76d95fe0d000-76d95fe3b000 rw-p 0140c000 08:03 3539189                    /home/denis0001/.jdks/openjdk-22/lib/server/libjvm.so
76d95fe3b000-76d95feb1000 rw-p 00000000 00:00 0 
76d95feb1000-76d95feb2000 rw-s 00000000 00:05 879                        /dev/nvidiactl
76d95feb2000-76d95feb3000 r--p 00000000 08:03 28738                      /usr/lib/x86_64-linux-gnu/libXinerama.so.1.0.0
76d95feb3000-76d95feb4000 r-xp 00001000 08:03 28738                      /usr/lib/x86_64-linux-gnu/libXinerama.so.1.0.0
76d95feb4000-76d95feb5000 r--p 00002000 08:03 28738                      /usr/lib/x86_64-linux-gnu/libXinerama.so.1.0.0
76d95feb5000-76d95feb6000 r--p 00003000 08:03 28738                      /usr/lib/x86_64-linux-gnu/libXinerama.so.1.0.0
76d95feb6000-76d95feb7000 rw-p 00004000 08:03 28738                      /usr/lib/x86_64-linux-gnu/libXinerama.so.1.0.0
76d95feb7000-76d95feb9000 r-xp 00000000 08:03 3444048                    /home/denis0001/.jdks/openjdk-22/lib/libextnet.so
76d95feb9000-76d95feba000 r--p 00001000 08:03 3444048                    /home/denis0001/.jdks/openjdk-22/lib/libextnet.so
76d95feba000-76d95febb000 rw-p 00002000 08:03 3444048                    /home/denis0001/.jdks/openjdk-22/lib/libextnet.so
76d95febb000-76d95fedb000 r-xp 00000000 08:03 3444055                    /home/denis0001/.jdks/openjdk-22/lib/libjava.so
76d95fedb000-76d95fedc000 ---p 00020000 08:03 3444055                    /home/denis0001/.jdks/openjdk-22/lib/libjava.so
76d95fedc000-76d95fedd000 r--p 00020000 08:03 3444055                    /home/denis0001/.jdks/openjdk-22/lib/libjava.so
76d95fedd000-76d95fede000 rw-p 00021000 08:03 3444055                    /home/denis0001/.jdks/openjdk-22/lib/libjava.so
76d95fede000-76d95fedf000 rw-p 00000000 00:00 0 
76d95fedf000-76d95fefd000 r-xp 00000000 08:03 3444059                    /home/denis0001/.jdks/openjdk-22/lib/libjimage.so
76d95fefd000-76d95feff000 r--p 0001d000 08:03 3444059                    /home/denis0001/.jdks/openjdk-22/lib/libjimage.so
76d95feff000-76d95ff00000 rw-p 0001f000 08:03 3444059                    /home/denis0001/.jdks/openjdk-22/lib/libjimage.so
76d95ff00000-76d95ff04000 ---p 00000000 00:00 0 
76d95ff04000-76d960000000 rw-p 00000000 00:00 0 
76d960000000-76d960028000 r--p 00000000 08:03 2080                       /usr/lib/x86_64-linux-gnu/libc.so.6
76d960028000-76d9601bd000 r-xp 00028000 08:03 2080                       /usr/lib/x86_64-linux-gnu/libc.so.6
76d9601bd000-76d960215000 r--p 001bd000 08:03 2080                       /usr/lib/x86_64-linux-gnu/libc.so.6
76d960215000-76d960216000 ---p 00215000 08:03 2080                       /usr/lib/x86_64-linux-gnu/libc.so.6
76d960216000-76d96021a000 r--p 00215000 08:03 2080                       /usr/lib/x86_64-linux-gnu/libc.so.6
76d96021a000-76d96021c000 rw-p 00219000 08:03 2080                       /usr/lib/x86_64-linux-gnu/libc.so.6
76d96021c000-76d960229000 rw-p 00000000 00:00 0 
76d960229000-76d96022a000 rw-s 00044000 00:01 1025                       /memfd:/.nvidia_drv.XXXXXX (deleted)
76d96022a000-76d96022b000 r-xp 00000000 00:00 0 
76d96022b000-76d960236000 r-xp 00000000 08:03 3444070                    /home/denis0001/.jdks/openjdk-22/lib/libnet.so
76d960236000-76d960237000 ---p 0000b000 08:03 3444070                    /home/denis0001/.jdks/openjdk-22/lib/libnet.so
76d960237000-76d960238000 r--p 0000b000 08:03 3444070                    /home/denis0001/.jdks/openjdk-22/lib/libnet.so
76d960238000-76d960239000 rw-p 0000c000 08:03 3444070                    /home/denis0001/.jdks/openjdk-22/lib/libnet.so
76d960239000-76d96023e000 rw-p 00000000 00:00 0 
76d96023e000-76d960245000 ---p 00000000 00:00 0 
76d960245000-76d960253000 r--p 00000000 08:03 2355                       /usr/lib/x86_64-linux-gnu/libm.so.6
76d960253000-76d9602cf000 r-xp 0000e000 08:03 2355                       /usr/lib/x86_64-linux-gnu/libm.so.6
76d9602cf000-76d96032a000 r--p 0008a000 08:03 2355                       /usr/lib/x86_64-linux-gnu/libm.so.6
76d96032a000-76d96032b000 r--p 000e4000 08:03 2355                       /usr/lib/x86_64-linux-gnu/libm.so.6
76d96032b000-76d96032c000 rw-p 000e5000 08:03 2355                       /usr/lib/x86_64-linux-gnu/libm.so.6
76d96032c000-76d96032d000 r--p 00000000 08:03 3647                       /usr/lib/x86_64-linux-gnu/librt.so.1
76d96032d000-76d96032e000 r-xp 00001000 08:03 3647                       /usr/lib/x86_64-linux-gnu/librt.so.1
76d96032e000-76d96032f000 r--p 00002000 08:03 3647                       /usr/lib/x86_64-linux-gnu/librt.so.1
76d96032f000-76d960330000 r--p 00002000 08:03 3647                       /usr/lib/x86_64-linux-gnu/librt.so.1
76d960330000-76d960331000 rw-p 00003000 08:03 3647                       /usr/lib/x86_64-linux-gnu/librt.so.1
76d960331000-76d960335000 rw-p 00000000 00:00 0 
76d960335000-76d960336000 r--p 00000000 08:03 2111                       /usr/lib/x86_64-linux-gnu/libdl.so.2
76d960336000-76d960337000 r-xp 00001000 08:03 2111                       /usr/lib/x86_64-linux-gnu/libdl.so.2
76d960337000-76d960338000 r--p 00002000 08:03 2111                       /usr/lib/x86_64-linux-gnu/libdl.so.2
76d960338000-76d960339000 r--p 00002000 08:03 2111                       /usr/lib/x86_64-linux-gnu/libdl.so.2
76d960339000-76d96033a000 rw-p 00003000 08:03 2111                       /usr/lib/x86_64-linux-gnu/libdl.so.2
76d96033a000-76d96033b000 r--p 00000000 08:03 3644                       /usr/lib/x86_64-linux-gnu/libpthread.so.0
76d96033b000-76d96033c000 r-xp 00001000 08:03 3644                       /usr/lib/x86_64-linux-gnu/libpthread.so.0
76d96033c000-76d96033d000 r--p 00002000 08:03 3644                       /usr/lib/x86_64-linux-gnu/libpthread.so.0
76d96033d000-76d96033e000 r--p 00002000 08:03 3644                       /usr/lib/x86_64-linux-gnu/libpthread.so.0
76d96033e000-76d96033f000 rw-p 00003000 08:03 3644                       /usr/lib/x86_64-linux-gnu/libpthread.so.0
76d96033f000-76d96034e000 r-xp 00000000 08:03 3444060                    /home/denis0001/.jdks/openjdk-22/lib/libjli.so
76d96034e000-76d96034f000 r--p 0000e000 08:03 3444060                    /home/denis0001/.jdks/openjdk-22/lib/libjli.so
76d96034f000-76d960350000 rw-p 0000f000 08:03 3444060                    /home/denis0001/.jdks/openjdk-22/lib/libjli.so
76d960350000-76d960352000 r--p 00000000 08:03 30336                      /usr/lib/x86_64-linux-gnu/libz.so.1.2.11
76d960352000-76d960363000 r-xp 00002000 08:03 30336                      /usr/lib/x86_64-linux-gnu/libz.so.1.2.11
76d960363000-76d960369000 r--p 00013000 08:03 30336                      /usr/lib/x86_64-linux-gnu/libz.so.1.2.11
76d960369000-76d96036a000 ---p 00019000 08:03 30336                      /usr/lib/x86_64-linux-gnu/libz.so.1.2.11
76d96036a000-76d96036b000 r--p 00019000 08:03 30336                      /usr/lib/x86_64-linux-gnu/libz.so.1.2.11
76d96036b000-76d96036c000 rw-p 0001a000 08:03 30336                      /usr/lib/x86_64-linux-gnu/libz.so.1.2.11
76d96036c000-76d960373000 r-xp 00000000 08:03 3444080                    /home/denis0001/.jdks/openjdk-22/lib/libzip.so
76d960373000-76d960374000 ---p 00007000 08:03 3444080                    /home/denis0001/.jdks/openjdk-22/lib/libzip.so
76d960374000-76d960375000 r--p 00007000 08:03 3444080                    /home/denis0001/.jdks/openjdk-22/lib/libzip.so
76d960375000-76d960376000 rw-p 00008000 08:03 3444080                    /home/denis0001/.jdks/openjdk-22/lib/libzip.so
76d960376000-76d96037e000 rw-s 00000000 08:03 437570                     /tmp/hsperfdata_denis0001/60795
76d96037e000-76d960388000 r-xp 00000000 08:03 3444050                    /home/denis0001/.jdks/openjdk-22/lib/libinstrument.so
76d960388000-76d960389000 r--p 00009000 08:03 3444050                    /home/denis0001/.jdks/openjdk-22/lib/libinstrument.so
76d960389000-76d96038a000 rw-p 0000a000 08:03 3444050                    /home/denis0001/.jdks/openjdk-22/lib/libinstrument.so
76d96038a000-76d96038b000 ---p 00000000 00:00 0 
76d96038b000-76d96038c000 r--p 00000000 00:00 0 
76d96038c000-76d96038e000 rw-p 00000000 00:00 0 
76d96038e000-76d960390000 r--p 00000000 08:03 1838                       /usr/lib/x86_64-linux-gnu/ld-linux-x86-64.so.2
76d960390000-76d9603ba000 r-xp 00002000 08:03 1838                       /usr/lib/x86_64-linux-gnu/ld-linux-x86-64.so.2
76d9603ba000-76d9603c5000 r--p 0002c000 08:03 1838                       /usr/lib/x86_64-linux-gnu/ld-linux-x86-64.so.2
76d9603c5000-76d9603c6000 ---p 00000000 00:00 0 
76d9603c6000-76d9603c8000 r--p 00037000 08:03 1838                       /usr/lib/x86_64-linux-gnu/ld-linux-x86-64.so.2
76d9603c8000-76d9603ca000 rw-p 00039000 08:03 1838                       /usr/lib/x86_64-linux-gnu/ld-linux-x86-64.so.2
7ffd9c215000-7ffd9c237000 rw-p 00000000 00:00 0                          [stack]
7ffd9c2d5000-7ffd9c2d9000 r--p 00000000 00:00 0                          [vvar]
7ffd9c2d9000-7ffd9c2db000 r-xp 00000000 00:00 0                          [vdso]
ffffffffff600000-ffffffffff601000 --xp 00000000 00:00 0                  [vsyscall]
Total number of mappings: 429


VM Arguments:
jvm_args: -javaagent:/snap/intellij-idea-community/502/lib/idea_rt.jar=42181:/snap/intellij-idea-community/502/bin -Dfile.encoding=UTF-8 -Dsun.stdout.encoding=UTF-8 -Dsun.stderr.encoding=UTF-8 
java_command: net.minecraftrecreation.client.Main --name test
java_class_path (initial): /home/denis0001/IdeaProjects/MinecraftRecreation/target/classes:/home/denis0001/.m2/repository/org/lwjgl/lwjgl/3.1.1/lwjgl-3.1.1.jar:/home/denis0001/.m2/repository/org/lwjgl/lwjgl-bgfx/3.1.1/lwjgl-bgfx-3.1.1.jar:/home/denis0001/.m2/repository/org/lwjgl/lwjgl-glfw/3.1.1/lwjgl-glfw-3.1.1.jar:/home/denis0001/.m2/repository/org/lwjgl/lwjgl-nanovg/3.1.1/lwjgl-nanovg-3.1.1.jar:/home/denis0001/.m2/repository/org/lwjgl/lwjgl-nuklear/3.1.1/lwjgl-nuklear-3.1.1.jar:/home/denis0001/.m2/repository/org/lwjgl/lwjgl-openal/3.1.1/lwjgl-openal-3.1.1.jar:/home/denis0001/.m2/repository/org/lwjgl/lwjgl-opengl/3.1.1/lwjgl-opengl-3.1.1.jar:/home/denis0001/.m2/repository/org/lwjgl/lwjgl-par/3.1.1/lwjgl-par-3.1.1.jar:/home/denis0001/.m2/repository/org/lwjgl/lwjgl-stb/3.1.1/lwjgl-stb-3.1.1.jar:/home/denis0001/.m2/repository/org/lwjgl/lwjgl-vulkan/3.1.1/lwjgl-vulkan-3.1.1.jar:/home/denis0001/.m2/repository/org/lwjgl/lwjgl/3.1.1/lwjgl-3.1.1-natives-linux.jar:/home/denis0001/.m2/repository/org/lwjgl/lwjgl-bgfx/3.1.1/lwjgl-bgfx-3.1.1-natives-linux.jar:/home/denis0001/.m2/repository/org/lwjgl/lwjgl-glfw/3.1.1/lwjgl-glfw-3.1.1-natives-linux.jar:/home/denis0001/.m2/repository/org/lwjgl/lwjgl-nanovg/3.1.1/lwjgl-nanovg-3.1.1-natives-linux.jar:/home/denis0001/.m2/repository/org/lwjgl/lwjgl-nuklear/3.1.1/lwjgl-nuklear-3.1.1-natives-linux.jar:/home/denis0001/.m2/repository/org/lwjgl/lwjgl-openal/3.1.1/lwjgl-openal-3.1.1-natives-linux.jar:/home/denis0001/.m2/repository/org/lwjgl/lwjgl-par/3.1.1/lwjgl-par-3.1.1-natives-linux.jar:/home/denis0001/.m2/repository/org/lwjgl/lwjgl-stb/3.1.1/lwjgl-stb-3.1.1-natives-linux.jar:/home/denis0001/.m2/repository/org/jetbrains/annotations/24.0.0/annotations-24.0.0.jar:/home/denis0001/.m2/repository/commons-io/commons-io/2.16.1/commons-io-2.16.1.jar:/home/denis0001/.m2/repository/org/joml/joml/1.10.5/joml-1.10.5.jar:/home/denis0001/IdeaProjects/MinecraftRecreation/libs/util-1.0.jar:/home/denis0001/IdeaProjects/MinecraftRecreation/libs/logging-1.0.jar:/home/denis0001/.m2/repository/io/github/spair/imgui-java-binding/1.86.11/imgui-java-binding-1.86.11.jar:/home/denis0001/.m2/repository/io/github/spair/imgui-java-natives-linux/1.86.11/imgui-java-natives-linux-1.86.11.jar:/home/denis0001/.m2/repository/org/lwjgl/lwjgl-assimp/3.1.1/lwjgl-assimp-3.1.1.jar:/home/denis0001/.m2/repository/org/lwjgl/lwjgl-assimp/3.1.1/lwjgl-assimp-3.1.1-natives-linux.jar:/home/denis0001/IdeaProjects/MinecraftRecreation/libs/lwjgl-opengl-3.1.1-natives-linux.jar
Launcher Type: SUN_STANDARD

[Global flags]
     intx CICompilerCount                          = 3                                         {product} {ergonomic}
     uint ConcGCThreads                            = 1                                         {product} {ergonomic}
     uint G1ConcRefinementThreads                  = 4                                         {product} {ergonomic}
   size_t G1HeapRegionSize                         = 4194304                                   {product} {ergonomic}
   size_t InitialHeapSize                          = 394264576                                 {product} {ergonomic}
   size_t MarkStackSize                            = 4194304                                   {product} {ergonomic}
   size_t MaxHeapSize                              = 6287261696                                {product} {ergonomic}
   size_t MaxNewSize                               = 3770679296                                {product} {ergonomic}
   size_t MinHeapDeltaBytes                        = 4194304                                   {product} {ergonomic}
   size_t MinHeapSize                              = 8388608                                   {product} {ergonomic}
    uintx NonNMethodCodeHeapSize                   = 5832780                                {pd product} {ergonomic}
    uintx NonProfiledCodeHeapSize                  = 122912730                              {pd product} {ergonomic}
    uintx ProfiledCodeHeapSize                     = 122912730                              {pd product} {ergonomic}
    uintx ReservedCodeCacheSize                    = 251658240                              {pd product} {ergonomic}
     bool SegmentedCodeCache                       = true                                      {product} {ergonomic}
   size_t SoftMaxHeapSize                          = 6287261696                             {manageable} {ergonomic}
     bool UseCompressedOops                        = true                           {product lp64_product} {ergonomic}
     bool UseG1GC                                  = true                                      {product} {ergonomic}

Logging:
Log output configuration:
 #0: stdout all=warning uptime,level,tags foldmultilines=false
 #1: stderr all=off uptime,level,tags foldmultilines=false

Environment Variables:
PATH=/usr/local/sbin:/usr/local/bin:/usr/sbin:/usr/bin:/sbin:/bin:/usr/games:/usr/local/games:/snap/bin
SHELL=/bin/bash
DISPLAY=:0
LANG=ru_RU.UTF-8

Active Locale:
LC_ALL=ru_RU.UTF-8
LC_COLLATE=ru_RU.UTF-8
LC_CTYPE=ru_RU.UTF-8
LC_MESSAGES=ru_RU.UTF-8
LC_MONETARY=ru_RU.UTF-8
LC_NUMERIC=ru_RU.UTF-8
LC_TIME=ru_RU.UTF-8

Signal Handlers:
   SIGSEGV: crash_handler in libjvm.so, mask=11100100010111111101111111111110, flags=SA_RESTART|SA_SIGINFO, unblocked
    SIGBUS: crash_handler in libjvm.so, mask=11100100010111111101111111111110, flags=SA_RESTART|SA_SIGINFO, unblocked
    SIGFPE: crash_handler in libjvm.so, mask=11100100010111111101111111111110, flags=SA_RESTART|SA_SIGINFO, unblocked
   SIGPIPE: javaSignalHandler in libjvm.so, mask=11100100010111111101111111111110, flags=SA_RESTART|SA_SIGINFO, blocked
   SIGXFSZ: javaSignalHandler in libjvm.so, mask=11100100010111111101111111111110, flags=SA_RESTART|SA_SIGINFO, blocked
    SIGILL: crash_handler in libjvm.so, mask=11100100010111111101111111111110, flags=SA_RESTART|SA_SIGINFO, unblocked
   SIGUSR2: SR_handler in libjvm.so, mask=00100000000000000000000000000000, flags=SA_RESTART|SA_SIGINFO, blocked
    SIGHUP: UserHandler in libjvm.so, mask=11100100010111111101111111111110, flags=SA_RESTART|SA_SIGINFO, blocked
    SIGINT: UserHandler in libjvm.so, mask=11100100010111111101111111111110, flags=SA_RESTART|SA_SIGINFO, blocked
   SIGTERM: UserHandler in libjvm.so, mask=11100100010111111101111111111110, flags=SA_RESTART|SA_SIGINFO, blocked
   SIGQUIT: UserHandler in libjvm.so, mask=11100100010111111101111111111110, flags=SA_RESTART|SA_SIGINFO, blocked
   SIGTRAP: crash_handler in libjvm.so, mask=11100100010111111101111111111110, flags=SA_RESTART|SA_SIGINFO, unblocked


Periodic native trim disabled

---------------  S Y S T E M  ---------------

OS:
DISTRIB_ID=Ubuntu
DISTRIB_RELEASE=22.04
DISTRIB_CODENAME=jammy
DISTRIB_DESCRIPTION="Ubuntu 22.04.4 LTS"
uname: Linux 6.5.0-35-generic #35~22.04.1-Ubuntu SMP PREEMPT_DYNAMIC Tue May  7 09:00:52 UTC 2 x86_64
OS uptime: 0 days 12:36 hours
libc: glibc 2.35 NPTL 2.35 
rlimit (soft/hard): STACK 8192k/infinity , CORE 0k/infinity , NPROC 95417/95417 , NOFILE 1048576/1048576 , AS infinity/infinity , CPU infinity/infinity , DATA infinity/infinity , FSIZE infinity/infinity , MEMLOCK 3069496k/3069496k
load average: 1,12 0,60 0,57

/proc/meminfo:
MemTotal:       24555984 kB
MemFree:         7560996 kB
MemAvailable:   15510148 kB
Buffers:          975744 kB
Cached:          7173472 kB
SwapCached:            0 kB
Active:         10559764 kB
Inactive:        5294156 kB
Active(anon):    7944336 kB
Inactive(anon):        0 kB
Active(file):    2615428 kB
Inactive(file):  5294156 kB
Unevictable:          32 kB
Mlocked:              32 kB
SwapTotal:       2097148 kB
SwapFree:        2097148 kB
Zswap:                 0 kB
Zswapped:              0 kB
Dirty:             20080 kB
Writeback:             0 kB
AnonPages:       7704852 kB
Mapped:          1968056 kB
Shmem:            240672 kB
KReclaimable:     439244 kB
Slab:             681480 kB
SReclaimable:     439244 kB
SUnreclaim:       242236 kB
KernelStack:       21712 kB
PageTables:        76108 kB
SecPageTables:         0 kB
NFS_Unstable:          0 kB
Bounce:                0 kB
WritebackTmp:          0 kB
CommitLimit:    14375140 kB
Committed_AS:   18814580 kB
VmallocTotal:   34359738367 kB
VmallocUsed:      110856 kB
VmallocChunk:          0 kB
Percpu:             2992 kB
HardwareCorrupted:     0 kB
AnonHugePages:         0 kB
ShmemHugePages:        0 kB
ShmemPmdMapped:        0 kB
FileHugePages:         0 kB
FilePmdMapped:         0 kB
Unaccepted:            0 kB
HugePages_Total:       0
HugePages_Free:        0
HugePages_Rsvd:        0
HugePages_Surp:        0
Hugepagesize:       2048 kB
Hugetlb:               0 kB
DirectMap4k:      866452 kB
DirectMap2M:    19011584 kB
DirectMap1G:     5242880 kB

/sys/kernel/mm/transparent_hugepage/enabled: always [madvise] never
/sys/kernel/mm/transparent_hugepage/shmem_enabled: always within_size advise [never] deny force
/sys/kernel/mm/transparent_hugepage/defrag (defrag/compaction efforts parameter): always defer defer+madvise [madvise] never

Process Memory:
Virtual Size: 9597804K (peak: 9653040K)
Resident Set Size: 402828K (peak: 402828K) (anon: 343804K, file: 59024K, shmem: 0K)
Swapped out: 0K
C-Heap outstanding allocations: 62810K, retained: 22861K
glibc malloc tunables: (default)

/proc/sys/kernel/threads-max (system-wide limit on the number of threads): 190835
/proc/sys/vm/max_map_count (maximum number of memory map areas a process may have): 65530
/proc/sys/kernel/pid_max (system-wide limit on number of process identifiers): 4194304

container (cgroup) information:
container_type: cgroupv2
cpu_cpuset_cpus: not supported
cpu_memory_nodes: not supported
active_processor_count: 4
cpu_quota: not supported
cpu_period: not supported
cpu_shares: not supported
memory_limit_in_bytes: unlimited
memory_and_swap_limit_in_bytes: unlimited
memory_soft_limit_in_bytes: unlimited
memory_usage_in_bytes: 5049604 k
memory_max_usage_in_bytes: not supported
memory_swap_current_in_bytes: unlimited
memory_swap_max_limit_in_bytes: unlimited
maximum number of tasks: 28625
current number of tasks: 354

Steal ticks since vm start: 0
Steal ticks percentage since vm start:  0,000

CPU: total 4 (initial active 4) (4 cores per cpu, 1 threads per core) family 6 model 94 stepping 3 microcode 0xf0, cx8, cmov, fxsr, mmx, 3dnowpref, sse, sse2, sse3, ssse3, sse4.1, sse4.2, popcnt, lzcnt, tsc, tscinvbit, avx, avx2, aes, erms, clmul, bmi1, bmi2, adx, fma, vzeroupper, clflush, clflushopt, rdtscp, f16c
CPU Model and flags from /proc/cpuinfo:
model name	: Intel(R) Core(TM) i5-6600 CPU @ 3.30GHz
flags		: fpu vme de pse tsc msr pae mce cx8 apic sep mtrr pge mca cmov pat pse36 clflush dts acpi mmx fxsr sse sse2 ss ht tm pbe syscall nx pdpe1gb rdtscp lm constant_tsc art arch_perfmon pebs bts rep_good nopl xtopology nonstop_tsc cpuid aperfmperf pni pclmulqdq dtes64 monitor ds_cpl vmx smx est tm2 ssse3 sdbg fma cx16 xtpr pdcm pcid sse4_1 sse4_2 x2apic movbe popcnt tsc_deadline_timer aes xsave avx f16c rdrand lahf_lm abm 3dnowprefetch cpuid_fault invpcid_single pti ssbd ibrs ibpb stibp tpr_shadow flexpriority ept vpid ept_ad fsgsbase tsc_adjust bmi1 avx2 smep bmi2 erms invpcid mpx rdseed adx smap clflushopt intel_pt xsaveopt xsavec xgetbv1 xsaves dtherm ida arat pln pts hwp hwp_notify hwp_act_window hwp_epp vnmi md_clear flush_l1d arch_capabilities

Online cpus: 0-3
Offline cpus: 
BIOS frequency limitation: <Not Available>
Frequency switch latency (ns): 0
Available cpu frequencies: <Not Available>
Current governor: powersave
Core performance/turbo boost: <Not Available>

Memory: 4k page, physical 24555984k(15510148k free), swap 2097148k(2097148k free)
Page Sizes: 4k

vm_info: OpenJDK 64-Bit Server VM (22+36-2370) for linux-amd64 JRE (22+36-2370), built on 2024-02-15T22:15:19Z by "mach5one" with gcc 13.2.0

END.
