#
# A fatal error has been detected by the Java Runtime Environment:
#
#  SIGSEGV (0xb) at pc=0x0000719a2a7b1210, pid=7801, tid=7833
#
# JRE version: OpenJDK Runtime Environment (22.0+36) (build 22+36-2370)
# Java VM: OpenJDK 64-Bit Server VM (22+36-2370, mixed mode, sharing, tiered, compressed oops, compressed class ptrs, g1 gc, linux-amd64)
# Problematic frame:
# C  [libnvidia-glcore.so.535.171.04+0x15b1210]
#
# Core dump will be written. Default location: Core dumps may be processed with "/usr/share/apport/apport -p%p -s%s -c%c -d%d -P%P -u%u -g%g -- %E" (or dumping to /home/denis0001/IdeaProjects/MinecraftRecreation/core.7801)
#
# If you would like to submit a bug report, please visit:
#   https://bugreport.java.com/bugreport/crash.jsp
#

---------------  S U M M A R Y ------------

Command Line: -javaagent:/snap/intellij-idea-community/502/lib/idea_rt.jar=40923:/snap/intellij-idea-community/502/bin -Dfile.encoding=UTF-8 -Dsun.stdout.encoding=UTF-8 -Dsun.stderr.encoding=UTF-8 net.minecraftrecreation.client.Main --name test

Host: Intel(R) Core(TM) i5-6600 CPU @ 3.30GHz, 4 cores, 23G, Ubuntu 22.04.4 LTS
Time: Sun Jun  9 16:21:45 2024 MSK elapsed time: 3.518228 seconds (0d 0h 0m 3s)

---------------  T H R E A D  ---------------

Current thread is native thread

Stack: [0x0000719a5ca00000,0x0000719a5d200000],  sp=0x0000719a5d1fd0a8,  free space=8180k
Native frames: (J=compiled Java code, j=interpreted, Vv=VM code, C=native code)
C  [libnvidia-glcore.so.535.171.04+0x15b1210]

siginfo: si_signo: 11 (SIGSEGV), si_code: 1 (SEGV_MAPERR), si_addr: 0x0000000000000000

Registers:
RAX=0x0000719a5c052a98, RBX=0x0000719a5c052a98, RCX=0x0000000000000010, RDX=0x0000719a5c052c18
RSP=0x0000719a5d1fd0a8, RBP=0x0000719a5d57f600, RSI=0x0000000000000000, RDI=0x0000719a5c052a98
R8 =0x0000000000000018, R9 =0x0000000000000024, R10=0x0000719a2a7b11f0, R11=0x0000719a1c00e834
R12=0x0000719a1eab7538, R13=0x0000719a5d57f5e8, R14=0x0000000000000000, R15=0x0000000000000002
RIP=0x0000719a2a7b1210, EFLAGS=0x0000000000010206, CSGSFS=0x002b000000000033, ERR=0x0000000000000004
  TRAPNO=0x000000000000000e


Top of Stack: (sp=0x0000719a5d1fd0a8)
0x0000719a5d1fd0a8:   0000719a2a88fe94 0000000041fdc000
0x0000719a5d1fd0b8:   0000000000000018 0000719a5d57f600
0x0000719a5d1fd0c8:   0000001800000007 00000000042a4c18
0x0000719a5d1fd0d8:   0000719a00000000 0000000000000000
0x0000719a5d1fd0e8:   0000719a1c006940 0000000041fdc000
0x0000719a5d1fd0f8:   0000000000000000 0000719a2bde41a0
0x0000719a5d1fd108:   0000719a1eab1e00 0000000000004083
0x0000719a5d1fd118:   10c0000000000000 0604020000000006
0x0000719a5d1fd128:   0000000000000000 0000000041fdc000
0x0000719a5d1fd138:   0000000000000024 0000000000000004
0x0000719a5d1fd148:   0000719a1c006940 0000000000000000
0x0000719a5d1fd158:   0000719a2a892c93 0000000000000000
0x0000719a5d1fd168:   0000000000001405 0000719a00001405
0x0000719a5d1fd178:   0000719ad4443d90 0000000000001405
0x0000719a5d1fd188:   0000000000000000 0000719a1eab7538
0x0000719a5d1fd198:   0000000000000018 0000000000001405
0x0000719a5d1fd1a8:   0000000000000000 0000000041fdc000
0x0000719a5d1fd1b8:   0000000000000004 0000000000001405
0x0000719a5d1fd1c8:   0000000000000010 0000000000000024
0x0000719a5d1fd1d8:   0000719a2a4f53d6 0000000000000000
0x0000719a5d1fd1e8:   0000719a2a4f511e 00005a491e7c9990
0x0000719a5d1fd1f8:   00005a49ffffffff 00005a491e628060
0x0000719a5d1fd208:   0000719ad56d34d0 0000719a5c9fe988
0x0000719a5d1fd218:   0000719a5c11e040 0000000041fdc000
0x0000719a5d1fd228:   0000000000000024 0000000000001405
0x0000719a5d1fd238:   0000719a2a4e2ff6 0000000000000000
0x0000719a5d1fd248:   0000000000000000 0000000000000000
0x0000719a5d1fd258:   0000000000000000 0000000000000000
0x0000719a5d1fd268:   0000000000000000 0000000000000000
0x0000719a5d1fd278:   0000000000000000 0000000000000000
0x0000719a5d1fd288:   00005a491e586230 00005a491e7cd810
0x0000719a5d1fd298:   00005a491e91a610 00005a491e8fd040 

Instructions: (pc=0x0000719a2a7b1210)
0x0000719a2a7b1110:   48 89 47 08 48 89 70 20 48 8b 56 10 83 e2 01 48
0x0000719a2a7b1120:   09 d0 48 89 46 10 c3 66 0f 1f 84 00 00 00 00 00
0x0000719a2a7b1130:   48 89 42 20 eb de 66 2e 0f 1f 84 00 00 00 00 00
0x0000719a2a7b1140:   83 e9 01 48 89 f8 48 63 d2 48 8d 4c 8f 04 66 90
0x0000719a2a7b1150:   f3 0f 10 06 48 83 c0 04 48 01 d6 f3 0f 11 40 fc
0x0000719a2a7b1160:   48 39 c8 75 eb c3 66 2e 0f 1f 84 00 00 00 00 00
0x0000719a2a7b1170:   83 e9 01 48 89 f8 48 63 d2 48 8d 4c cf 08 66 90
0x0000719a2a7b1180:   f3 0f 10 06 48 83 c0 08 f3 0f 11 40 f8 f3 0f 10
0x0000719a2a7b1190:   46 04 48 01 d6 f3 0f 11 40 fc 48 39 c8 75 e1 c3
0x0000719a2a7b11a0:   83 e9 01 48 89 f8 48 63 d2 48 8d 4c 49 03 48 8d
0x0000719a2a7b11b0:   0c 8f 66 0f 1f 44 00 00 f3 0f 10 06 48 83 c0 0c
0x0000719a2a7b11c0:   f3 0f 11 40 f4 f3 0f 10 46 04 f3 0f 11 40 f8 f3
0x0000719a2a7b11d0:   0f 10 46 08 48 01 d6 f3 0f 11 40 fc 48 39 c8 75
0x0000719a2a7b11e0:   d7 c3 66 2e 0f 1f 84 00 00 00 00 00 0f 1f 40 00
0x0000719a2a7b11f0:   41 89 c8 48 63 ca 48 89 f8 41 8d 50 ff 48 83 c2
0x0000719a2a7b1200:   01 48 c1 e2 04 48 01 fa 0f 1f 84 00 00 00 00 00
0x0000719a2a7b1210:   f3 0f 10 06 48 83 c0 10 f3 0f 11 40 f0 f3 0f 10
0x0000719a2a7b1220:   46 04 f3 0f 11 40 f4 f3 0f 10 46 08 f3 0f 11 40
0x0000719a2a7b1230:   f8 f3 0f 10 46 0c 48 01 ce f3 0f 11 40 fc 48 39
0x0000719a2a7b1240:   d0 75 cd c3 66 2e 0f 1f 84 00 00 00 00 00 66 90
0x0000719a2a7b1250:   83 e9 01 48 89 f8 48 63 d2 48 8d 4c 8f 04 66 90
0x0000719a2a7b1260:   66 0f ef c0 48 83 c0 04 f2 0f 5a 06 48 01 d6 f3
0x0000719a2a7b1270:   0f 11 40 fc 48 39 c8 75 e7 c3 66 0f 1f 44 00 00
0x0000719a2a7b1280:   83 e9 01 48 89 f8 48 63 d2 48 8d 4c cf 08 66 90
0x0000719a2a7b1290:   66 0f ef c0 48 83 c0 08 f2 0f 5a 06 f3 0f 11 40
0x0000719a2a7b12a0:   f8 66 0f ef c0 f2 0f 5a 46 08 48 01 d6 f3 0f 11
0x0000719a2a7b12b0:   40 fc 48 39 c8 75 d9 c3 0f 1f 84 00 00 00 00 00
0x0000719a2a7b12c0:   83 e9 01 48 89 f8 48 63 d2 48 8d 4c 49 03 48 8d
0x0000719a2a7b12d0:   0c 8f 66 0f 1f 44 00 00 66 0f ef c0 48 83 c0 0c
0x0000719a2a7b12e0:   f2 0f 5a 06 f3 0f 11 40 f4 66 0f ef c0 f2 0f 5a
0x0000719a2a7b12f0:   46 08 f3 0f 11 40 f8 66 0f ef c0 f2 0f 5a 46 10
0x0000719a2a7b1300:   48 01 d6 f3 0f 11 40 fc 48 39 c8 75 cb c3 66 90 



---------------  P R O C E S S  ---------------

VM state: not at safepoint (normal execution)

VM Mutex/Monitor currently owned by a thread: None

Heap address: 0x0000000689400000, size: 5996 MB, Compressed Oops mode: Zero based, Oop shift amount: 3

CDS archive(s) mapped at: [0x0000719a5e000000-0x0000719a5ec74000-0x0000719a5ec74000), size 13058048, SharedBaseAddress: 0x0000719a5e000000, ArchiveRelocationMode: 1.
Compressed class space mapped at: 0x0000719a5f000000-0x0000719a9f000000, reserved size: 1073741824
Narrow klass base: 0x0000719a5e000000, Narrow klass shift: 0, Narrow klass range: 0x100000000

GC Precious Log:
<Skipped>

Heap:
 garbage-first heap   total reserved 6139904K, committed 389120K, used 33439K [0x0000000689400000, 0x0000000800000000)
  region size 4096K, 8 young (32768K), 1 survivors (4096K)
 Metaspace       used 9915K, committed 10112K, reserved 1114112K
  class space    used 573K, committed 640K, reserved 1048576K

Heap Regions: E=young(eden), S=young(survivor), O=old, HS=humongous(starts), HC=humongous(continues), CS=collection set, F=free, TAMS=top-at-mark-start, PB=parsable bottom
|   0|0x0000000689400000, 0x00000006896b5880, 0x0000000689800000| 67%| O|  |TAMS 0x0000000689400000| PB 0x0000000689400000| Untracked |  0
|   1|0x0000000689800000, 0x0000000689800000, 0x0000000689c00000|  0%| F|  |TAMS 0x0000000689800000| PB 0x0000000689800000| Untracked |  0
|   2|0x0000000689c00000, 0x0000000689c00000, 0x000000068a000000|  0%| F|  |TAMS 0x0000000689c00000| PB 0x0000000689c00000| Untracked |  0
|   3|0x000000068a000000, 0x000000068a000000, 0x000000068a400000|  0%| F|  |TAMS 0x000000068a000000| PB 0x000000068a000000| Untracked |  0
|   4|0x000000068a400000, 0x000000068a400000, 0x000000068a800000|  0%| F|  |TAMS 0x000000068a400000| PB 0x000000068a400000| Untracked |  0
|   5|0x000000068a800000, 0x000000068a800000, 0x000000068ac00000|  0%| F|  |TAMS 0x000000068a800000| PB 0x000000068a800000| Untracked |  0
|   6|0x000000068ac00000, 0x000000068ac00000, 0x000000068b000000|  0%| F|  |TAMS 0x000000068ac00000| PB 0x000000068ac00000| Untracked |  0
|   7|0x000000068b000000, 0x000000068b000000, 0x000000068b400000|  0%| F|  |TAMS 0x000000068b000000| PB 0x000000068b000000| Untracked |  0
|   8|0x000000068b400000, 0x000000068b400000, 0x000000068b800000|  0%| F|  |TAMS 0x000000068b400000| PB 0x000000068b400000| Untracked |  0
|   9|0x000000068b800000, 0x000000068b800000, 0x000000068bc00000|  0%| F|  |TAMS 0x000000068b800000| PB 0x000000068b800000| Untracked |  0
|  10|0x000000068bc00000, 0x000000068bc00000, 0x000000068c000000|  0%| F|  |TAMS 0x000000068bc00000| PB 0x000000068bc00000| Untracked |  0
|  11|0x000000068c000000, 0x000000068c000000, 0x000000068c400000|  0%| F|  |TAMS 0x000000068c000000| PB 0x000000068c000000| Untracked |  0
|  12|0x000000068c400000, 0x000000068c400000, 0x000000068c800000|  0%| F|  |TAMS 0x000000068c400000| PB 0x000000068c400000| Untracked |  0
|  13|0x000000068c800000, 0x000000068c800000, 0x000000068cc00000|  0%| F|  |TAMS 0x000000068c800000| PB 0x000000068c800000| Untracked |  0
|  14|0x000000068cc00000, 0x000000068cc00000, 0x000000068d000000|  0%| F|  |TAMS 0x000000068cc00000| PB 0x000000068cc00000| Untracked |  0
|  15|0x000000068d000000, 0x000000068d000000, 0x000000068d400000|  0%| F|  |TAMS 0x000000068d000000| PB 0x000000068d000000| Untracked |  0
|  16|0x000000068d400000, 0x000000068d400000, 0x000000068d800000|  0%| F|  |TAMS 0x000000068d400000| PB 0x000000068d400000| Untracked |  0
|  17|0x000000068d800000, 0x000000068d800000, 0x000000068dc00000|  0%| F|  |TAMS 0x000000068d800000| PB 0x000000068d800000| Untracked |  0
|  18|0x000000068dc00000, 0x000000068dc00000, 0x000000068e000000|  0%| F|  |TAMS 0x000000068dc00000| PB 0x000000068dc00000| Untracked |  0
|  19|0x000000068e000000, 0x000000068e000000, 0x000000068e400000|  0%| F|  |TAMS 0x000000068e000000| PB 0x000000068e000000| Untracked |  0
|  20|0x000000068e400000, 0x000000068e400000, 0x000000068e800000|  0%| F|  |TAMS 0x000000068e400000| PB 0x000000068e400000| Untracked |  0
|  21|0x000000068e800000, 0x000000068e800000, 0x000000068ec00000|  0%| F|  |TAMS 0x000000068e800000| PB 0x000000068e800000| Untracked |  0
|  22|0x000000068ec00000, 0x000000068ec00000, 0x000000068f000000|  0%| F|  |TAMS 0x000000068ec00000| PB 0x000000068ec00000| Untracked |  0
|  23|0x000000068f000000, 0x000000068f000000, 0x000000068f400000|  0%| F|  |TAMS 0x000000068f000000| PB 0x000000068f000000| Untracked |  0
|  24|0x000000068f400000, 0x000000068f400000, 0x000000068f800000|  0%| F|  |TAMS 0x000000068f400000| PB 0x000000068f400000| Untracked |  0
|  25|0x000000068f800000, 0x000000068f800000, 0x000000068fc00000|  0%| F|  |TAMS 0x000000068f800000| PB 0x000000068f800000| Untracked |  0
|  26|0x000000068fc00000, 0x000000068fc00000, 0x0000000690000000|  0%| F|  |TAMS 0x000000068fc00000| PB 0x000000068fc00000| Untracked |  0
|  27|0x0000000690000000, 0x0000000690000000, 0x0000000690400000|  0%| F|  |TAMS 0x0000000690000000| PB 0x0000000690000000| Untracked |  0
|  28|0x0000000690400000, 0x0000000690400000, 0x0000000690800000|  0%| F|  |TAMS 0x0000000690400000| PB 0x0000000690400000| Untracked |  0
|  29|0x0000000690800000, 0x0000000690800000, 0x0000000690c00000|  0%| F|  |TAMS 0x0000000690800000| PB 0x0000000690800000| Untracked |  0
|  30|0x0000000690c00000, 0x0000000690c00000, 0x0000000691000000|  0%| F|  |TAMS 0x0000000690c00000| PB 0x0000000690c00000| Untracked |  0
|  31|0x0000000691000000, 0x0000000691000000, 0x0000000691400000|  0%| F|  |TAMS 0x0000000691000000| PB 0x0000000691000000| Untracked |  0
|  32|0x0000000691400000, 0x0000000691400000, 0x0000000691800000|  0%| F|  |TAMS 0x0000000691400000| PB 0x0000000691400000| Untracked |  0
|  33|0x0000000691800000, 0x0000000691800000, 0x0000000691c00000|  0%| F|  |TAMS 0x0000000691800000| PB 0x0000000691800000| Untracked |  0
|  34|0x0000000691c00000, 0x0000000691c00000, 0x0000000692000000|  0%| F|  |TAMS 0x0000000691c00000| PB 0x0000000691c00000| Untracked |  0
|  35|0x0000000692000000, 0x0000000692000000, 0x0000000692400000|  0%| F|  |TAMS 0x0000000692000000| PB 0x0000000692000000| Untracked |  0
|  36|0x0000000692400000, 0x0000000692400000, 0x0000000692800000|  0%| F|  |TAMS 0x0000000692400000| PB 0x0000000692400000| Untracked |  0
|  37|0x0000000692800000, 0x0000000692800000, 0x0000000692c00000|  0%| F|  |TAMS 0x0000000692800000| PB 0x0000000692800000| Untracked |  0
|  38|0x0000000692c00000, 0x0000000692ce9ce0, 0x0000000693000000| 22%| S|CS|TAMS 0x0000000692c00000| PB 0x0000000692c00000| Complete |  0
|  39|0x0000000693000000, 0x0000000693000000, 0x0000000693400000|  0%| F|  |TAMS 0x0000000693000000| PB 0x0000000693000000| Untracked |  0
|  40|0x0000000693400000, 0x0000000693400000, 0x0000000693800000|  0%| F|  |TAMS 0x0000000693400000| PB 0x0000000693400000| Untracked |  0
|  41|0x0000000693800000, 0x0000000693800000, 0x0000000693c00000|  0%| F|  |TAMS 0x0000000693800000| PB 0x0000000693800000| Untracked |  0
|  42|0x0000000693c00000, 0x0000000693c00000, 0x0000000694000000|  0%| F|  |TAMS 0x0000000693c00000| PB 0x0000000693c00000| Untracked |  0
|  43|0x0000000694000000, 0x0000000694000000, 0x0000000694400000|  0%| F|  |TAMS 0x0000000694000000| PB 0x0000000694000000| Untracked |  0
|  44|0x0000000694400000, 0x0000000694400000, 0x0000000694800000|  0%| F|  |TAMS 0x0000000694400000| PB 0x0000000694400000| Untracked |  0
|  45|0x0000000694800000, 0x0000000694800000, 0x0000000694c00000|  0%| F|  |TAMS 0x0000000694800000| PB 0x0000000694800000| Untracked |  0
|  46|0x0000000694c00000, 0x0000000694c00000, 0x0000000695000000|  0%| F|  |TAMS 0x0000000694c00000| PB 0x0000000694c00000| Untracked |  0
|  47|0x0000000695000000, 0x0000000695000000, 0x0000000695400000|  0%| F|  |TAMS 0x0000000695000000| PB 0x0000000695000000| Untracked |  0
|  48|0x0000000695400000, 0x0000000695400000, 0x0000000695800000|  0%| F|  |TAMS 0x0000000695400000| PB 0x0000000695400000| Untracked |  0
|  49|0x0000000695800000, 0x0000000695800000, 0x0000000695c00000|  0%| F|  |TAMS 0x0000000695800000| PB 0x0000000695800000| Untracked |  0
|  50|0x0000000695c00000, 0x0000000695c00000, 0x0000000696000000|  0%| F|  |TAMS 0x0000000695c00000| PB 0x0000000695c00000| Untracked |  0
|  51|0x0000000696000000, 0x0000000696000000, 0x0000000696400000|  0%| F|  |TAMS 0x0000000696000000| PB 0x0000000696000000| Untracked |  0
|  52|0x0000000696400000, 0x0000000696400000, 0x0000000696800000|  0%| F|  |TAMS 0x0000000696400000| PB 0x0000000696400000| Untracked |  0
|  53|0x0000000696800000, 0x0000000696800000, 0x0000000696c00000|  0%| F|  |TAMS 0x0000000696800000| PB 0x0000000696800000| Untracked |  0
|  54|0x0000000696c00000, 0x0000000696c00000, 0x0000000697000000|  0%| F|  |TAMS 0x0000000696c00000| PB 0x0000000696c00000| Untracked |  0
|  55|0x0000000697000000, 0x0000000697000000, 0x0000000697400000|  0%| F|  |TAMS 0x0000000697000000| PB 0x0000000697000000| Untracked |  0
|  56|0x0000000697400000, 0x0000000697400000, 0x0000000697800000|  0%| F|  |TAMS 0x0000000697400000| PB 0x0000000697400000| Untracked |  0
|  57|0x0000000697800000, 0x0000000697800000, 0x0000000697c00000|  0%| F|  |TAMS 0x0000000697800000| PB 0x0000000697800000| Untracked |  0
|  58|0x0000000697c00000, 0x0000000697c00000, 0x0000000698000000|  0%| F|  |TAMS 0x0000000697c00000| PB 0x0000000697c00000| Untracked |  0
|  59|0x0000000698000000, 0x0000000698000000, 0x0000000698400000|  0%| F|  |TAMS 0x0000000698000000| PB 0x0000000698000000| Untracked |  0
|  60|0x0000000698400000, 0x0000000698400000, 0x0000000698800000|  0%| F|  |TAMS 0x0000000698400000| PB 0x0000000698400000| Untracked |  0
|  61|0x0000000698800000, 0x0000000698800000, 0x0000000698c00000|  0%| F|  |TAMS 0x0000000698800000| PB 0x0000000698800000| Untracked |  0
|  62|0x0000000698c00000, 0x0000000698c00000, 0x0000000699000000|  0%| F|  |TAMS 0x0000000698c00000| PB 0x0000000698c00000| Untracked |  0
|  63|0x0000000699000000, 0x0000000699000000, 0x0000000699400000|  0%| F|  |TAMS 0x0000000699000000| PB 0x0000000699000000| Untracked |  0
|  64|0x0000000699400000, 0x0000000699400000, 0x0000000699800000|  0%| F|  |TAMS 0x0000000699400000| PB 0x0000000699400000| Untracked |  0
|  65|0x0000000699800000, 0x0000000699800000, 0x0000000699c00000|  0%| F|  |TAMS 0x0000000699800000| PB 0x0000000699800000| Untracked |  0
|  66|0x0000000699c00000, 0x0000000699c00000, 0x000000069a000000|  0%| F|  |TAMS 0x0000000699c00000| PB 0x0000000699c00000| Untracked |  0
|  67|0x000000069a000000, 0x000000069a000000, 0x000000069a400000|  0%| F|  |TAMS 0x000000069a000000| PB 0x000000069a000000| Untracked |  0
|  68|0x000000069a400000, 0x000000069a400000, 0x000000069a800000|  0%| F|  |TAMS 0x000000069a400000| PB 0x000000069a400000| Untracked |  0
|  69|0x000000069a800000, 0x000000069a800000, 0x000000069ac00000|  0%| F|  |TAMS 0x000000069a800000| PB 0x000000069a800000| Untracked |  0
|  70|0x000000069ac00000, 0x000000069ac00000, 0x000000069b000000|  0%| F|  |TAMS 0x000000069ac00000| PB 0x000000069ac00000| Untracked |  0
|  71|0x000000069b000000, 0x000000069b000000, 0x000000069b400000|  0%| F|  |TAMS 0x000000069b000000| PB 0x000000069b000000| Untracked |  0
|  72|0x000000069b400000, 0x000000069b400000, 0x000000069b800000|  0%| F|  |TAMS 0x000000069b400000| PB 0x000000069b400000| Untracked |  0
|  73|0x000000069b800000, 0x000000069b800000, 0x000000069bc00000|  0%| F|  |TAMS 0x000000069b800000| PB 0x000000069b800000| Untracked |  0
|  74|0x000000069bc00000, 0x000000069bc00000, 0x000000069c000000|  0%| F|  |TAMS 0x000000069bc00000| PB 0x000000069bc00000| Untracked |  0
|  75|0x000000069c000000, 0x000000069c000000, 0x000000069c400000|  0%| F|  |TAMS 0x000000069c000000| PB 0x000000069c000000| Untracked |  0
|  76|0x000000069c400000, 0x000000069c400000, 0x000000069c800000|  0%| F|  |TAMS 0x000000069c400000| PB 0x000000069c400000| Untracked |  0
|  77|0x000000069c800000, 0x000000069c800000, 0x000000069cc00000|  0%| F|  |TAMS 0x000000069c800000| PB 0x000000069c800000| Untracked |  0
|  78|0x000000069cc00000, 0x000000069cc00000, 0x000000069d000000|  0%| F|  |TAMS 0x000000069cc00000| PB 0x000000069cc00000| Untracked |  0
|  79|0x000000069d000000, 0x000000069d000000, 0x000000069d400000|  0%| F|  |TAMS 0x000000069d000000| PB 0x000000069d000000| Untracked |  0
|  80|0x000000069d400000, 0x000000069d400000, 0x000000069d800000|  0%| F|  |TAMS 0x000000069d400000| PB 0x000000069d400000| Untracked |  0
|  81|0x000000069d800000, 0x000000069d800000, 0x000000069dc00000|  0%| F|  |TAMS 0x000000069d800000| PB 0x000000069d800000| Untracked |  0
|  82|0x000000069dc00000, 0x000000069dc00000, 0x000000069e000000|  0%| F|  |TAMS 0x000000069dc00000| PB 0x000000069dc00000| Untracked |  0
|  83|0x000000069e000000, 0x000000069e000000, 0x000000069e400000|  0%| F|  |TAMS 0x000000069e000000| PB 0x000000069e000000| Untracked |  0
|  84|0x000000069e400000, 0x000000069e400000, 0x000000069e800000|  0%| F|  |TAMS 0x000000069e400000| PB 0x000000069e400000| Untracked |  0
|  85|0x000000069e800000, 0x000000069e800000, 0x000000069ec00000|  0%| F|  |TAMS 0x000000069e800000| PB 0x000000069e800000| Untracked |  0
|  86|0x000000069ec00000, 0x000000069ec00000, 0x000000069f000000|  0%| F|  |TAMS 0x000000069ec00000| PB 0x000000069ec00000| Untracked |  0
|  87|0x000000069f000000, 0x000000069f400000, 0x000000069f400000|100%| E|  |TAMS 0x000000069f000000| PB 0x000000069f000000| Complete |  0
|  88|0x000000069f400000, 0x000000069f800000, 0x000000069f800000|100%| E|CS|TAMS 0x000000069f400000| PB 0x000000069f400000| Complete |  0
|  89|0x000000069f800000, 0x000000069fc00000, 0x000000069fc00000|100%| E|CS|TAMS 0x000000069f800000| PB 0x000000069f800000| Complete |  0
|  90|0x000000069fc00000, 0x00000006a0000000, 0x00000006a0000000|100%| E|CS|TAMS 0x000000069fc00000| PB 0x000000069fc00000| Complete |  0
|  91|0x00000006a0000000, 0x00000006a0400000, 0x00000006a0400000|100%| E|CS|TAMS 0x00000006a0000000| PB 0x00000006a0000000| Complete |  0
|  92|0x00000006a0400000, 0x00000006a0800000, 0x00000006a0800000|100%| E|CS|TAMS 0x00000006a0400000| PB 0x00000006a0400000| Complete |  0
|  93|0x00000006a0800000, 0x00000006a0c00000, 0x00000006a0c00000|100%| E|CS|TAMS 0x00000006a0800000| PB 0x00000006a0800000| Complete |  0
|1498|0x00000007ffc00000, 0x00000007ffd086a8, 0x0000000800000000| 25%| O|  |TAMS 0x00000007ffc00000| PB 0x00000007ffc00000| Untracked |  0

Card table byte_map: [0x0000719abc04a000,0x0000719abcc00000] _byte_map_base: 0x0000719ab8c00000

Marking Bits: (CMBitMap*) 0x0000719ad40b0290
 Bits: [0x0000719ab629a000, 0x0000719abc04a000)

Polling page: 0x0000719adb4ca000

Metaspace:

Usage:
  Non-class:      9,12 MB used.
      Class:    573,50 KB used.
       Both:      9,68 MB used.

Virtual space:
  Non-class space:       64,00 MB reserved,       9,25 MB ( 14%) committed,  1 nodes.
      Class space:        1,00 GB reserved,     640,00 KB ( <1%) committed,  1 nodes.
             Both:        1,06 GB reserved,       9,88 MB ( <1%) committed. 

Chunk freelists:
   Non-Class:  5,95 MB
       Class:  15,38 MB
        Both:  21,34 MB

MaxMetaspaceSize: unlimited
CompressedClassSpaceSize: 1,00 GB
Initial GC threshold: 21,00 MB
Current GC threshold: 21,00 MB
CDS: on
 - commit_granule_bytes: 65536.
 - commit_granule_words: 8192.
 - virtual_space_node_default_size: 8388608.
 - enlarge_chunks_in_place: 1.
 - use_allocation_guard: 0.


Internal statistics:

num_allocs_failed_limit: 0.
num_arena_births: 154.
num_arena_deaths: 0.
num_vsnodes_births: 2.
num_vsnodes_deaths: 0.
num_space_committed: 157.
num_space_uncommitted: 0.
num_chunks_returned_to_freelist: 0.
num_chunks_taken_from_freelist: 428.
num_chunk_merges: 0.
num_chunk_splits: 305.
num_chunks_enlarged: 227.
num_inconsistent_stats: 0.

CodeHeap 'non-profiled nmethods': size=120032Kb used=632Kb max_used=632Kb free=119399Kb
 bounds [0x0000719ac46c8000, 0x0000719ac4938000, 0x0000719acbc00000]
CodeHeap 'profiled nmethods': size=120028Kb used=3499Kb max_used=3499Kb free=116528Kb
 bounds [0x0000719abcc00000, 0x0000719abcf70000, 0x0000719ac4137000]
CodeHeap 'non-nmethods': size=5700Kb used=2239Kb max_used=2272Kb free=3460Kb
 bounds [0x0000719ac4137000, 0x0000719ac43a7000, 0x0000719ac46c8000]
 total_blobs=3106 nmethods=1873 adapters=1139
 compilation: enabled
              stopped_count=0, restarted_count=0
 full_count=0

Compilation events (20 events):
Event: 3,416 Thread 0x0000719ad41654c0 1861       4       java.lang.ref.Reference::<init> (25 bytes)
Event: 3,420 Thread 0x0000719ad41654c0 nmethod 1861 0x0000719ac4764a90 code [0x0000719ac4764c00, 0x0000719ac4764ea0]
Event: 3,458 Thread 0x0000719ad4166bd0 1862       3       java.io.File::getParentFile (41 bytes)
Event: 3,458 Thread 0x0000719ad4166bd0 nmethod 1862 0x0000719abcf64410 code [0x0000719abcf645e0, 0x0000719abcf649d0]
Event: 3,458 Thread 0x0000719ad4166bd0 1863   !   3       org.lwjgl.assimp.Assimp::aiImportFile (52 bytes)
Event: 3,460 Thread 0x0000719ad4166bd0 nmethod 1863 0x0000719abcf64b10 code [0x0000719abcf64e40, 0x0000719abcf66328]
Event: 3,460 Thread 0x0000719ad4166bd0 1864       3       org.lwjgl.assimp.AIMesh::create (20 bytes)
Event: 3,460 Thread 0x0000719ad4166bd0 nmethod 1864 0x0000719abcf66c10 code [0x0000719abcf66dc0, 0x0000719abcf670e0]
Event: 3,460 Thread 0x0000719ad4166bd0 1865       3       net.minecraftrecreation.render.scene.objects.ModelLoader::processMesh (52 bytes)
Event: 3,460 Thread 0x0000719ad4166bd0 nmethod 1865 0x0000719abcf67290 code [0x0000719abcf67480, 0x0000719abcf67820]
Event: 3,496 Thread 0x0000719ad41654c0 1866       4       jdk.internal.misc.Unsafe::checkNativeAddress (28 bytes)
Event: 3,496 Thread 0x0000719ad41654c0 nmethod 1866 0x0000719ac4764f10 code [0x0000719ac4765080, 0x0000719ac4765108]
Event: 3,514 Thread 0x0000719ad41654c0 1868       4       java.util.concurrent.ConcurrentHashMap::addCount (280 bytes)
Event: 3,514 Thread 0x0000719ad4166bd0 1867       3       java.lang.ref.ReferenceQueue::poll0 (65 bytes)
Event: 3,515 Thread 0x0000719ad4166bd0 nmethod 1867 0x0000719abcf67a10 code [0x0000719abcf67be0, 0x0000719abcf680d0]
Event: 3,515 Thread 0x0000719ad4166bd0 1869       3       java.lang.Class::descriptorString (170 bytes)
Event: 3,516 Thread 0x0000719ad4166bd0 nmethod 1869 0x0000719abcf68210 code [0x0000719abcf68680, 0x0000719abcf69db8]
Event: 3,516 Thread 0x0000719ad41654c0 nmethod 1868 0x0000719ac4765210 code [0x0000719ac47653c0, 0x0000719ac4765608]
Event: 3,517 Thread 0x0000719ad41654c0 1870       4       org.lwjgl.system.Checks::check (16 bytes)
Event: 3,517 Thread 0x0000719ad41654c0 nmethod 1870 0x0000719ac4765890 code [0x0000719ac4765a00, 0x0000719ac4765a98]

GC Heap History (10 events):
Event: 1,403 GC heap before
{Heap before GC invocations=0 (full 0):
 garbage-first heap   total reserved 6139904K, committed 389120K, used 17441K [0x0000000689400000, 0x0000000800000000)
  region size 4096K, 4 young (16384K), 0 survivors (0K)
 Metaspace       used 7157K, committed 7360K, reserved 1114112K
  class space    used 435K, committed 576K, reserved 1048576K
}
Event: 1,407 GC heap after
{Heap after GC invocations=1 (full 0):
 garbage-first heap   total reserved 6139904K, committed 389120K, used 3921K [0x0000000689400000, 0x0000000800000000)
  region size 4096K, 1 young (4096K), 1 survivors (4096K)
 Metaspace       used 7157K, committed 7360K, reserved 1114112K
  class space    used 435K, committed 576K, reserved 1048576K
}
Event: 2,089 GC heap before
{Heap before GC invocations=1 (full 0):
 garbage-first heap   total reserved 6139904K, committed 389120K, used 20305K [0x0000000689400000, 0x0000000800000000)
  region size 4096K, 5 young (20480K), 1 survivors (4096K)
 Metaspace       used 9742K, committed 9920K, reserved 1114112K
  class space    used 571K, committed 640K, reserved 1048576K
}
Event: 2,094 GC heap after
{Heap after GC invocations=2 (full 0):
 garbage-first heap   total reserved 6139904K, committed 389120K, used 4692K [0x0000000689400000, 0x0000000800000000)
  region size 4096K, 1 young (4096K), 1 survivors (4096K)
 Metaspace       used 9742K, committed 9920K, reserved 1114112K
  class space    used 571K, committed 640K, reserved 1048576K
}
Event: 2,391 GC heap before
{Heap before GC invocations=2 (full 0):
 garbage-first heap   total reserved 6139904K, committed 389120K, used 49748K [0x0000000689400000, 0x0000000800000000)
  region size 4096K, 12 young (49152K), 1 survivors (4096K)
 Metaspace       used 9795K, committed 9984K, reserved 1114112K
  class space    used 571K, committed 640K, reserved 1048576K
}
Event: 2,392 GC heap after
{Heap after GC invocations=3 (full 0):
 garbage-first heap   total reserved 6139904K, committed 389120K, used 4627K [0x0000000689400000, 0x0000000800000000)
  region size 4096K, 1 young (4096K), 1 survivors (4096K)
 Metaspace       used 9795K, committed 9984K, reserved 1114112K
  class space    used 571K, committed 640K, reserved 1048576K
}
Event: 3,089 GC heap before
{Heap before GC invocations=3 (full 0):
 garbage-first heap   total reserved 6139904K, committed 389120K, used 229907K [0x0000000689400000, 0x0000000800000000)
  region size 4096K, 56 young (229376K), 1 survivors (4096K)
 Metaspace       used 9881K, committed 10048K, reserved 1114112K
  class space    used 571K, committed 640K, reserved 1048576K
}
Event: 3,090 GC heap after
{Heap after GC invocations=4 (full 0):
 garbage-first heap   total reserved 6139904K, committed 389120K, used 4712K [0x0000000689400000, 0x0000000800000000)
  region size 4096K, 1 young (4096K), 1 survivors (4096K)
 Metaspace       used 9881K, committed 10048K, reserved 1114112K
  class space    used 571K, committed 640K, reserved 1048576K
}
Event: 3,474 GC heap before
{Heap before GC invocations=4 (full 0):
 garbage-first heap   total reserved 6139904K, committed 389120K, used 229992K [0x0000000689400000, 0x0000000800000000)
  region size 4096K, 56 young (229376K), 1 survivors (4096K)
 Metaspace       used 9902K, committed 10112K, reserved 1114112K
  class space    used 571K, committed 640K, reserved 1048576K
}
Event: 3,475 GC heap after
{Heap after GC invocations=5 (full 0):
 garbage-first heap   total reserved 6139904K, committed 389120K, used 4767K [0x0000000689400000, 0x0000000800000000)
  region size 4096K, 1 young (4096K), 1 survivors (4096K)
 Metaspace       used 9902K, committed 10112K, reserved 1114112K
  class space    used 571K, committed 640K, reserved 1048576K
}

Dll operation events (14 events):
Event: 0,002 Loaded shared library /home/denis0001/.jdks/openjdk-22/lib/libjava.so
Event: 0,039 Loaded shared library /home/denis0001/.jdks/openjdk-22/lib/libjsvml.so
Event: 0,115 Loaded shared library /home/denis0001/.jdks/openjdk-22/lib/libzip.so
Event: 0,129 Loaded shared library /home/denis0001/.jdks/openjdk-22/lib/libinstrument.so
Event: 0,134 Loaded shared library /home/denis0001/.jdks/openjdk-22/lib/libnio.so
Event: 0,138 Loaded shared library /home/denis0001/.jdks/openjdk-22/lib/libzip.so
Event: 0,195 Loaded shared library /home/denis0001/.jdks/openjdk-22/lib/libnet.so
Event: 0,200 Loaded shared library /home/denis0001/.jdks/openjdk-22/lib/libextnet.so
Event: 0,288 Loaded shared library /home/denis0001/.jdks/openjdk-22/lib/libjimage.so
Event: 0,329 Loaded shared library /tmp/lwjgldenis0001/3.1.1-build-16/liblwjgl.so
Event: 0,654 Loaded shared library /home/denis0001/.jdks/openjdk-22/lib/libverify.so
Event: 0,674 Loaded shared library /tmp/lwjgldenis0001/3.1.1-build-16/liblwjgl_opengl.so
Event: 1,342 Loaded shared library /tmp/imgui-java-natives/1.86.11/libimgui-java64.so
Event: 1,468 Loaded shared library /tmp/lwjgldenis0001/3.1.1-build-16/liblwjgl_stb.so

Deoptimization events (20 events):
Event: 2,126 Thread 0x0000719ad402b190 DEOPT PACKING pc=0x0000719ac4743ec0 sp=0x0000719adb1fe300
Event: 2,126 Thread 0x0000719ad402b190 DEOPT UNPACKING pc=0x0000719ac418af99 sp=0x0000719adb1fe298 mode 2
Event: 2,127 Thread 0x0000719ad402b190 Uncommon trap: trap_request=0xffffffde fr.pc=0x0000719ac4743ec0 relative=0x0000000000000120
Event: 2,127 Thread 0x0000719ad402b190 Uncommon trap: reason=class_check action=maybe_recompile pc=0x0000719ac4743ec0 method=jdk.internal.misc.Unsafe.allocateUninitializedArray(Ljava/lang/Class;I)Ljava/lang/Object; @ 51 c2
Event: 2,127 Thread 0x0000719ad402b190 DEOPT PACKING pc=0x0000719ac4743ec0 sp=0x0000719adb1fe300
Event: 2,127 Thread 0x0000719ad402b190 DEOPT UNPACKING pc=0x0000719ac418af99 sp=0x0000719adb1fe298 mode 2
Event: 2,127 Thread 0x0000719ad402b190 Uncommon trap: trap_request=0xffffffde fr.pc=0x0000719ac4743ec0 relative=0x0000000000000120
Event: 2,127 Thread 0x0000719ad402b190 Uncommon trap: reason=class_check action=maybe_recompile pc=0x0000719ac4743ec0 method=jdk.internal.misc.Unsafe.allocateUninitializedArray(Ljava/lang/Class;I)Ljava/lang/Object; @ 51 c2
Event: 2,127 Thread 0x0000719ad402b190 DEOPT PACKING pc=0x0000719ac4743ec0 sp=0x0000719adb1fe300
Event: 2,127 Thread 0x0000719ad402b190 DEOPT UNPACKING pc=0x0000719ac418af99 sp=0x0000719adb1fe298 mode 2
Event: 2,127 Thread 0x0000719ad402b190 Uncommon trap: trap_request=0xffffffde fr.pc=0x0000719ac4743ec0 relative=0x0000000000000120
Event: 2,127 Thread 0x0000719ad402b190 Uncommon trap: reason=class_check action=maybe_recompile pc=0x0000719ac4743ec0 method=jdk.internal.misc.Unsafe.allocateUninitializedArray(Ljava/lang/Class;I)Ljava/lang/Object; @ 51 c2
Event: 2,127 Thread 0x0000719ad402b190 DEOPT PACKING pc=0x0000719ac4743ec0 sp=0x0000719adb1fe300
Event: 2,127 Thread 0x0000719ad402b190 DEOPT UNPACKING pc=0x0000719ac418af99 sp=0x0000719adb1fe298 mode 2
Event: 2,524 Thread 0x0000719ad402b190 DEOPT PACKING pc=0x0000719abcef7f12 sp=0x0000719adb1fe440
Event: 2,524 Thread 0x0000719ad402b190 DEOPT UNPACKING pc=0x0000719ac418b72f sp=0x0000719adb1fd9c8 mode 0
Event: 3,514 Thread 0x0000719ad402b190 Uncommon trap: trap_request=0xffffff45 fr.pc=0x0000719ac47076bc relative=0x000000000000009c
Event: 3,514 Thread 0x0000719ad402b190 Uncommon trap: reason=unstable_if action=reinterpret pc=0x0000719ac47076bc method=java.lang.ref.ReferenceQueue.headIsNull()Z @ 4 c2
Event: 3,514 Thread 0x0000719ad402b190 DEOPT PACKING pc=0x0000719ac47076bc sp=0x0000719adb1fde00
Event: 3,514 Thread 0x0000719ad402b190 DEOPT UNPACKING pc=0x0000719ac418af99 sp=0x0000719adb1fdce0 mode 2

Classes loaded (20 events):
Event: 1,726 Loading class java/io/ObjectStreamClass$3
Event: 1,726 Loading class java/io/ObjectStreamClass$3 done
Event: 1,726 Loading class java/io/ObjectStreamClass$4
Event: 1,726 Loading class java/io/ObjectStreamClass$4 done
Event: 1,726 Loading class java/io/ObjectStreamClass$5
Event: 1,726 Loading class java/io/ObjectStreamClass$5 done
Event: 1,730 Loading class java/lang/invoke/MethodHandle$1
Event: 1,730 Loading class java/lang/invoke/MethodHandle$1 done
Event: 1,845 Loading class java/util/stream/ReferencePipeline$4
Event: 1,845 Loading class java/util/stream/ReferencePipeline$4 done
Event: 1,845 Loading class java/util/stream/Nodes$IntFixedNodeBuilder
Event: 1,845 Loading class java/util/stream/Node$Builder$OfInt
Event: 1,845 Loading class java/util/stream/Node$Builder$OfInt done
Event: 1,845 Loading class java/util/stream/Nodes$IntArrayNode
Event: 1,845 Loading class java/util/stream/Nodes$IntArrayNode done
Event: 1,845 Loading class java/util/stream/Nodes$IntFixedNodeBuilder done
Event: 1,845 Loading class java/util/stream/ReferencePipeline$4$1
Event: 1,845 Loading class java/util/stream/ReferencePipeline$4$1 done
Event: 1,846 Loading class java/util/regex/Pattern$SliceS
Event: 1,846 Loading class java/util/regex/Pattern$SliceS done

Classes unloaded (0 events):
No events

Classes redefined (0 events):
No events

Internal exceptions (20 events):
Event: 0,691 Thread 0x0000719ad402b190 Exception <a 'sun/nio/fs/UnixException'{0x00000006a05a8880}> (0x00000006a05a8880) 
thrown [open/src/hotspot/share/prims/jni.cpp, line 520]
Event: 0,691 Thread 0x0000719ad402b190 Exception <a 'sun/nio/fs/UnixException'{0x00000006a05a8cc8}> (0x00000006a05a8cc8) 
thrown [open/src/hotspot/share/prims/jni.cpp, line 520]
Event: 1,051 Thread 0x0000719ad402b190 Exception <a 'java/lang/NoSuchMethodError'{0x00000006a0326070}: 'long java.lang.invoke.DelegatingMethodHandle$Holder.reinvoke_L(java.lang.Object, java.lang.Object)'> (0x00000006a0326070) 
thrown [open/src/hotspot/share/interpreter/linkResolver.cpp, line 773]
Event: 1,051 Thread 0x0000719ad402b190 Exception <a 'java/lang/NoSuchMethodError'{0x00000006a032c4b8}: 'long java.lang.invoke.Invokers$Holder.invokeExact_MT(java.lang.Object, java.lang.Object, java.lang.Object)'> (0x00000006a032c4b8) 
thrown [open/src/hotspot/share/interpreter/linkResolver.cpp, line 773]
Event: 1,133 Thread 0x0000719ad402b190 Exception <a 'java/lang/NoSuchMethodError'{0x000000069fd0f430}: 'java.lang.Object java.lang.invoke.DirectMethodHandle$Holder.invokeStatic(java.lang.Object, java.lang.Object, int)'> (0x000000069fd0f430) 
thrown [open/src/hotspot/share/interpreter/linkResolver.cpp, line 773]
Event: 1,261 Thread 0x0000719ad402b190 Exception <a 'java/lang/NoSuchMethodError'{0x000000069fd19c88}: 'void java.lang.invoke.DirectMethodHandle$Holder.invokeSpecial(java.lang.Object, java.lang.Object, java.lang.Object)'> (0x000000069fd19c88) 
thrown [open/src/hotspot/share/interpreter/linkResolver.cpp, line 773]
Event: 1,262 Thread 0x0000719ad402b190 Exception <a 'java/lang/NoSuchMethodError'{0x000000069fd1f7b8}: 'void java.lang.invoke.DirectMethodHandle$Holder.invokeStatic(java.lang.Object, int)'> (0x000000069fd1f7b8) 
thrown [open/src/hotspot/share/interpreter/linkResolver.cpp, line 773]
Event: 1,293 Thread 0x0000719ad402b190 Exception <a 'sun/nio/fs/UnixException'{0x000000069fde89c8}> (0x000000069fde89c8) 
thrown [open/src/hotspot/share/prims/jni.cpp, line 520]
Event: 1,294 Thread 0x0000719ad402b190 Exception <a 'sun/nio/fs/UnixException'{0x000000069fde8d98}> (0x000000069fde8d98) 
thrown [open/src/hotspot/share/prims/jni.cpp, line 520]
Event: 1,294 Thread 0x0000719ad402b190 Exception <a 'sun/nio/fs/UnixException'{0x000000069fde9600}> (0x000000069fde9600) 
thrown [open/src/hotspot/share/prims/jni.cpp, line 520]
Event: 1,335 Thread 0x0000719a48000f50 Exception <a 'java/lang/NoSuchMethodError'{0x000000069fe5fd38}: 'java.lang.Object java.lang.invoke.Invokers$Holder.invokeExact_MT(java.lang.Object, java.lang.Object, java.lang.Object, java.lang.Object, java.lang.Object, java.lang.Object)'> (0x000000069fe5fd38) 
thrown [open/src/hotspot/share/interpreter/linkResolver.cpp, line 773]
Event: 1,366 Thread 0x0000719ad402b190 Exception <a 'java/lang/NoSuchMethodError'{0x000000069fee3858}: 'void java.lang.invoke.DirectMethodHandle$Holder.invokeStatic(java.lang.Object, java.lang.Object, long, int)'> (0x000000069fee3858) 
thrown [open/src/hotspot/share/interpreter/linkResolver.cpp, line 773]
Event: 1,465 Thread 0x0000719ad402b190 Exception <a 'sun/nio/fs/UnixException'{0x00000006a0a19798}> (0x00000006a0a19798) 
thrown [open/src/hotspot/share/prims/jni.cpp, line 520]
Event: 1,465 Thread 0x0000719ad402b190 Exception <a 'sun/nio/fs/UnixException'{0x00000006a0a1c900}> (0x00000006a0a1c900) 
thrown [open/src/hotspot/share/prims/jni.cpp, line 520]
Event: 1,716 Thread 0x0000719ad402b190 Exception <a 'java/lang/NoSuchMethodError'{0x00000006a0b765d0}: 'long java.lang.invoke.DirectMethodHandle$Holder.invokeSpecial(java.lang.Object, java.lang.Object)'> (0x00000006a0b765d0) 
thrown [open/src/hotspot/share/interpreter/linkResolver.cpp, line 773]
Event: 1,716 Thread 0x0000719ad402b190 Exception <a 'java/lang/NoSuchMethodError'{0x00000006a0b799f8}: 'long java.lang.invoke.Invokers$Holder.invokeExact_MT(java.lang.Object, java.lang.Object)'> (0x00000006a0b799f8) 
thrown [open/src/hotspot/share/interpreter/linkResolver.cpp, line 773]
Event: 1,726 Thread 0x0000719ad402b190 Exception <a 'java/lang/NoSuchMethodError'{0x00000006a0bb9438}: static Lnet/minecraftrecreation/world/block/Stone;.<clinit>()V> (0x00000006a0bb9438) 
thrown [open/src/hotspot/share/prims/jni.cpp, line 1111]
Event: 1,729 Thread 0x0000719ad402b190 Exception <a 'java/lang/NoSuchMethodError'{0x00000006a0bc9610}: static Lnet/minecraftrecreation/world/block/GrassBlock;.<clinit>()V> (0x00000006a0bc9610) 
thrown [open/src/hotspot/share/prims/jni.cpp, line 1111]
Event: 1,748 Thread 0x0000719ad402b190 Exception <a 'sun/nio/fs/UnixException'{0x00000006a04454a0}> (0x00000006a04454a0) 
thrown [open/src/hotspot/share/prims/jni.cpp, line 520]
Event: 1,749 Thread 0x0000719ad402b190 Exception <a 'sun/nio/fs/UnixException'{0x00000006a0448610}> (0x00000006a0448610) 
thrown [open/src/hotspot/share/prims/jni.cpp, line 520]

ZGC Phase Switch (0 events):
No events

VM Operations (20 events):
Event: 0,219 Executing VM operation: HandshakeAllThreads (Deoptimize)
Event: 0,219 Executing VM operation: HandshakeAllThreads (Deoptimize) done
Event: 0,312 Executing VM operation: HandshakeAllThreads (Deoptimize)
Event: 0,312 Executing VM operation: HandshakeAllThreads (Deoptimize) done
Event: 1,313 Executing VM operation: Cleanup
Event: 1,313 Executing VM operation: Cleanup done
Event: 1,395 Executing VM operation: HandshakeAllThreads (Deoptimize)
Event: 1,395 Executing VM operation: HandshakeAllThreads (Deoptimize) done
Event: 1,403 Executing VM operation: G1CollectForAllocation (G1 Evacuation Pause)
Event: 1,407 Executing VM operation: G1CollectForAllocation (G1 Evacuation Pause) done
Event: 1,715 Executing VM operation: HandshakeAllThreads (Deoptimize)
Event: 1,715 Executing VM operation: HandshakeAllThreads (Deoptimize) done
Event: 2,089 Executing VM operation: G1CollectForAllocation (G1 Evacuation Pause)
Event: 2,094 Executing VM operation: G1CollectForAllocation (G1 Evacuation Pause) done
Event: 2,391 Executing VM operation: G1CollectForAllocation (G1 Evacuation Pause)
Event: 2,392 Executing VM operation: G1CollectForAllocation (G1 Evacuation Pause) done
Event: 3,089 Executing VM operation: G1CollectForAllocation (G1 Evacuation Pause)
Event: 3,090 Executing VM operation: G1CollectForAllocation (G1 Evacuation Pause) done
Event: 3,474 Executing VM operation: G1CollectForAllocation (G1 Evacuation Pause)
Event: 3,475 Executing VM operation: G1CollectForAllocation (G1 Evacuation Pause) done

Events (20 events):
Event: 0,038 Protecting memory [0x0000719a9f400000,0x0000719a9f404000] with protection modes 0
Event: 0,039 Thread 0x0000719ad4166bd0 Thread added: 0x0000719ad4166bd0
Event: 0,043 Protecting memory [0x0000719a9f300000,0x0000719a9f304000] with protection modes 0
Event: 0,075 Thread 0x0000719ad4181320 Thread added: 0x0000719ad4181320
Event: 0,078 Protecting memory [0x0000719a9f130000,0x0000719a9f134000] with protection modes 0
Event: 0,194 Thread 0x0000719ad4286160 Thread added: 0x0000719ad4286160
Event: 0,194 Protecting memory [0x0000719a9f030000,0x0000719a9f034000] with protection modes 0
Event: 0,201 Thread 0x0000719ad42886d0 Thread added: 0x0000719ad42886d0
Event: 0,201 Protecting memory [0x0000719a5df00000,0x0000719a5df04000] with protection modes 0
Event: 0,720 Thread 0x0000719a381ee080 Thread added: 0x0000719a381ee080
Event: 0,722 Protecting memory [0x0000719a2bf00000,0x0000719a2bf04000] with protection modes 0
Event: 0,831 Thread 0x0000719a381ee080 Thread exited: 0x0000719a381ee080
Event: 1,160 Thread 0x0000719a340ae780 Thread added: 0x0000719a340ae780
Event: 1,161 Protecting memory [0x0000719a2bf00000,0x0000719a2bf04000] with protection modes 0
Event: 1,205 Thread 0x0000719a48000f50 Thread added: 0x0000719a48000f50
Event: 1,205 Protecting memory [0x0000719a28ebb000,0x0000719a28ebf000] with protection modes 0
Event: 1,426 Thread 0x0000719a340ae780 Thread exited: 0x0000719a340ae780
Event: 1,975 Thread 0x0000719a383c4f40 Thread added: 0x0000719a383c4f40
Event: 1,975 Protecting memory [0x0000719a2bf00000,0x0000719a2bf04000] with protection modes 0
Event: 2,595 Thread 0x0000719a383c4f40 Thread exited: 0x0000719a383c4f40


Dynamic libraries:
41d69000-41d6b000 r-xs 00000000 00:01 9495                               /memfd:/.glXXXXXX (deleted)
41fdc000-4208b000 rw-p 00000000 00:00 0 
689400000-6a0c00000 rw-p 00000000 00:00 0 
6a0c00000-7ffc00000 ---p 00000000 00:00 0 
7ffc00000-7ffd09000 rw-p 00cb3000 08:03 3539186                          /home/denis0001/.jdks/openjdk-22/lib/server/classes.jsa
7ffd09000-800000000 rw-p 00000000 00:00 0 
60d4bd357000-60d4bd358000 r-xp 00000000 08:03 3443829                    /home/denis0001/.jdks/openjdk-22/bin/java
60d4bd359000-60d4bd35a000 r--p 00001000 08:03 3443829                    /home/denis0001/.jdks/openjdk-22/bin/java
60d4bd35a000-60d4bd35b000 rw-p 00002000 08:03 3443829                    /home/denis0001/.jdks/openjdk-22/bin/java
60d4bdb1e000-60d4bdb66000 rw-p 00000000 00:00 0                          [heap]
719a04000000-719a04021000 rw-p 00000000 00:00 0 
719a04021000-719a08000000 ---p 00000000 00:00 0 
719a08000000-719a08021000 rw-p 00000000 00:00 0 
719a08021000-719a0c000000 ---p 00000000 00:00 0 
719a0c000000-719a0c021000 rw-p 00000000 00:00 0 
719a0c021000-719a10000000 ---p 00000000 00:00 0 
719a12800000-719a12ec1000 r-xp 00000000 08:03 440262                     /tmp/lwjgldenis0001/3.1.1-build-16/libassimp.so
719a12ec1000-719a130c0000 ---p 006c1000 08:03 440262                     /tmp/lwjgldenis0001/3.1.1-build-16/libassimp.so
719a130c0000-719a13187000 r--p 006c0000 08:03 440262                     /tmp/lwjgldenis0001/3.1.1-build-16/libassimp.so
719a13187000-719a1318a000 rw-p 00787000 08:03 440262                     /tmp/lwjgldenis0001/3.1.1-build-16/libassimp.so
719a1318a000-719a1318f000 rw-p 00000000 00:00 0 
719a13200000-719a13295000 r--p 00000000 08:03 440256                     /tmp/imgui-java-natives/1.86.11/libimgui-java64.so
719a13295000-719a13676000 r-xp 00095000 08:03 440256                     /tmp/imgui-java-natives/1.86.11/libimgui-java64.so
719a13676000-719a13702000 r--p 00476000 08:03 440256                     /tmp/imgui-java-natives/1.86.11/libimgui-java64.so
719a13702000-719a13703000 ---p 00502000 08:03 440256                     /tmp/imgui-java-natives/1.86.11/libimgui-java64.so
719a13703000-719a13708000 r--p 00502000 08:03 440256                     /tmp/imgui-java-natives/1.86.11/libimgui-java64.so
719a13708000-719a13714000 rw-p 00507000 08:03 440256                     /tmp/imgui-java-natives/1.86.11/libimgui-java64.so
719a13714000-719a13f44000 rw-p 00000000 00:00 0 
719a14000000-719a1421f000 rw-p 00000000 00:00 0 
719a1421f000-719a18000000 ---p 00000000 00:00 0 
719a18000000-719a18021000 rw-p 00000000 00:00 0 
719a18021000-719a1c000000 ---p 00000000 00:00 0 
719a1c000000-719a1eabe000 rw-p 00000000 00:00 0 
719a1eabe000-719a20000000 ---p 00000000 00:00 0 
719a207f5000-719a21600000 rw-p 00000000 00:00 0 
719a21600000-719a2363a000 r-xp 00000000 08:03 28068                      /usr/lib/x86_64-linux-gnu/libnvidia-glvkspirv.so.535.171.04
719a2363a000-719a2383a000 ---p 0203a000 08:03 28068                      /usr/lib/x86_64-linux-gnu/libnvidia-glvkspirv.so.535.171.04
719a2383a000-719a23e56000 r--p 0203a000 08:03 28068                      /usr/lib/x86_64-linux-gnu/libnvidia-glvkspirv.so.535.171.04
719a23e56000-719a23ee5000 rw-p 02656000 08:03 28068                      /usr/lib/x86_64-linux-gnu/libnvidia-glvkspirv.so.535.171.04
719a23ee5000-719a23f38000 rw-p 00000000 00:00 0 
719a24000000-719a24021000 rw-p 00000000 00:00 0 
719a24021000-719a28000000 ---p 00000000 00:00 0 
719a28200000-719a28259000 r-xp 00000000 08:03 440261                     /tmp/lwjgldenis0001/3.1.1-build-16/liblwjgl_stb.so
719a28259000-719a28459000 ---p 00059000 08:03 440261                     /tmp/lwjgldenis0001/3.1.1-build-16/liblwjgl_stb.so
719a28459000-719a2845a000 r--p 00059000 08:03 440261                     /tmp/lwjgldenis0001/3.1.1-build-16/liblwjgl_stb.so
719a2845a000-719a2845b000 rw-p 0005a000 08:03 440261                     /tmp/lwjgldenis0001/3.1.1-build-16/liblwjgl_stb.so
719a2845b000-719a2845c000 rw-p 00000000 00:00 0 
719a285fe000-719a285ff000 ---p 00000000 00:00 0 
719a285ff000-719a286ff000 rw-p 00000000 00:00 0 
719a286ff000-719a28700000 ---p 00000000 00:00 0 
719a28700000-719a28800000 rw-p 00000000 00:00 0 
719a28800000-719a2889a000 r--p 00000000 08:03 30076                      /usr/lib/x86_64-linux-gnu/libstdc++.so.6.0.30
719a2889a000-719a289ab000 r-xp 0009a000 08:03 30076                      /usr/lib/x86_64-linux-gnu/libstdc++.so.6.0.30
719a289ab000-719a28a1a000 r--p 001ab000 08:03 30076                      /usr/lib/x86_64-linux-gnu/libstdc++.so.6.0.30
719a28a1a000-719a28a1b000 ---p 0021a000 08:03 30076                      /usr/lib/x86_64-linux-gnu/libstdc++.so.6.0.30
719a28a1b000-719a28a26000 r--p 0021a000 08:03 30076                      /usr/lib/x86_64-linux-gnu/libstdc++.so.6.0.30
719a28a26000-719a28a29000 rw-p 00225000 08:03 30076                      /usr/lib/x86_64-linux-gnu/libstdc++.so.6.0.30
719a28a29000-719a28a2c000 rw-p 00000000 00:00 0 
719a28aff000-719a28b00000 ---p 00000000 00:00 0 
719a28b00000-719a28c00000 rw-p 00000000 00:00 0 
719a28c00000-719a28c69000 r-xp 00000000 08:03 437573                     /tmp/lwjgldenis0001/3.1.1-build-16/liblwjgl_opengl.so
719a28c69000-719a28e68000 ---p 00069000 08:03 437573                     /tmp/lwjgldenis0001/3.1.1-build-16/liblwjgl_opengl.so
719a28e68000-719a28e69000 r--p 00068000 08:03 437573                     /tmp/lwjgldenis0001/3.1.1-build-16/liblwjgl_opengl.so
719a28e69000-719a28e6a000 rw-p 00069000 08:03 437573                     /tmp/lwjgldenis0001/3.1.1-build-16/liblwjgl_opengl.so
719a28ebb000-719a28ebf000 ---p 00000000 00:00 0 
719a28ebf000-719a28fbb000 rw-p 00000000 00:00 0 
719a28fbb000-719a29200000 rw-s 00000000 00:01 1025                       /memfd:/.nvidia_drv.XXXXXX (deleted)
719a29200000-719a294d8000 r-xp 00000000 08:03 28065                      /usr/lib/x86_64-linux-gnu/libnvidia-glcore.so.535.171.04
719a294d8000-719a294f9000 rwxp 002d8000 08:03 28065                      /usr/lib/x86_64-linux-gnu/libnvidia-glcore.so.535.171.04
719a294f9000-719a2bb97000 r-xp 002f9000 08:03 28065                      /usr/lib/x86_64-linux-gnu/libnvidia-glcore.so.535.171.04
719a2bb97000-719a2bb98000 ---p 02997000 08:03 28065                      /usr/lib/x86_64-linux-gnu/libnvidia-glcore.so.535.171.04
719a2bb98000-719a2bd6b000 r--p 02997000 08:03 28065                      /usr/lib/x86_64-linux-gnu/libnvidia-glcore.so.535.171.04
719a2bd6b000-719a2bdd4000 rw-p 02b6a000 08:03 28065                      /usr/lib/x86_64-linux-gnu/libnvidia-glcore.so.535.171.04
719a2bdd4000-719a2be11000 rw-p 00000000 00:00 0 
719a2bf00000-719a2bf04000 ---p 00000000 00:00 0 
719a2bf04000-719a2c000000 rw-p 00000000 00:00 0 
719a2c000000-719a2c021000 rw-p 00000000 00:00 0 
719a2c021000-719a30000000 ---p 00000000 00:00 0 
719a30000000-719a30021000 rw-p 00000000 00:00 0 
719a30021000-719a34000000 ---p 00000000 00:00 0 
719a34000000-719a34402000 rw-p 00000000 00:00 0 
719a34402000-719a38000000 ---p 00000000 00:00 0 
719a38000000-719a383dd000 rw-p 00000000 00:00 0 
719a383dd000-719a3c000000 ---p 00000000 00:00 0 
719a3c000000-719a3c021000 rw-p 00000000 00:00 0 
719a3c021000-719a40000000 ---p 00000000 00:00 0 
719a40000000-719a40021000 rw-p 00000000 00:00 0 
719a40021000-719a44000000 ---p 00000000 00:00 0 
719a44000000-719a44021000 rw-p 00000000 00:00 0 
719a44021000-719a48000000 ---p 00000000 00:00 0 
719a48000000-719a48021000 rw-p 00000000 00:00 0 
719a48021000-719a4c000000 ---p 00000000 00:00 0 
719a4c000000-719a4c021000 rw-p 00000000 00:00 0 
719a4c021000-719a50000000 ---p 00000000 00:00 0 
719a50000000-719a50021000 rw-p 00000000 00:00 0 
719a50021000-719a54000000 ---p 00000000 00:00 0 
719a54000000-719a54330000 rw-p 00000000 00:00 0 
719a54330000-719a54400000 ---p 00000000 00:00 0 
719a54400000-719a54a10000 rw-p 00000000 00:00 0 
719a54a10000-719a58000000 ---p 00000000 00:00 0 
719a58000000-719a58021000 rw-p 00000000 00:00 0 
719a58021000-719a5c000000 ---p 00000000 00:00 0 
719a5c01e000-719a5c11e000 rw-s 00000000 00:05 892                        /dev/nvidiactl
719a5c11e000-719a5c9ff000 rw-p 00000000 00:00 0 
719a5c9ff000-719a5ca00000 ---p 00000000 00:00 0 
719a5ca00000-719a5d200000 rw-p 00000000 00:00 0 
719a5d200000-719a5d275000 r-xp 00000000 08:03 28067                      /usr/lib/x86_64-linux-gnu/libnvidia-glsi.so.535.171.04
719a5d275000-719a5d475000 ---p 00075000 08:03 28067                      /usr/lib/x86_64-linux-gnu/libnvidia-glsi.so.535.171.04
719a5d475000-719a5d49f000 r--p 00075000 08:03 28067                      /usr/lib/x86_64-linux-gnu/libnvidia-glsi.so.535.171.04
719a5d49f000-719a5d4a0000 rw-p 0009f000 08:03 28067                      /usr/lib/x86_64-linux-gnu/libnvidia-glsi.so.535.171.04
719a5d4a0000-719a5d4a8000 rw-p 00000000 00:00 0 
719a5d521000-719a5d5a1000 rw-s 00000000 00:05 892                        /dev/nvidiactl
719a5d5a1000-719a5d621000 rw-s 00000000 00:05 892                        /dev/nvidiactl
719a5d621000-719a5d672000 r--p 00000000 08:03 2504                       /usr/lib/x86_64-linux-gnu/libGLX_nvidia.so.535.171.04
719a5d672000-719a5d6cc000 r-xp 00051000 08:03 2504                       /usr/lib/x86_64-linux-gnu/libGLX_nvidia.so.535.171.04
719a5d6cc000-719a5d701000 rwxp 000ab000 08:03 2504                       /usr/lib/x86_64-linux-gnu/libGLX_nvidia.so.535.171.04
719a5d701000-719a5d702000 r-xp 000e0000 08:03 2504                       /usr/lib/x86_64-linux-gnu/libGLX_nvidia.so.535.171.04
719a5d702000-719a5d721000 r--p 000e1000 08:03 2504                       /usr/lib/x86_64-linux-gnu/libGLX_nvidia.so.535.171.04
719a5d721000-719a5d741000 r--p 000ff000 08:03 2504                       /usr/lib/x86_64-linux-gnu/libGLX_nvidia.so.535.171.04
719a5d741000-719a5d746000 rw-p 0011f000 08:03 2504                       /usr/lib/x86_64-linux-gnu/libGLX_nvidia.so.535.171.04
719a5d746000-719a5d748000 rw-p 00000000 00:00 0 
719a5d748000-719a5d788000 r--p 00000000 08:03 28690                      /usr/lib/x86_64-linux-gnu/libGLdispatch.so.0.0.0
719a5d788000-719a5d78b000 r-xp 00040000 08:03 28690                      /usr/lib/x86_64-linux-gnu/libGLdispatch.so.0.0.0
719a5d78b000-719a5d7c6000 r-xp 00043000 08:03 28690                      /usr/lib/x86_64-linux-gnu/libGLdispatch.so.0.0.0
719a5d7c6000-719a5d7c7000 r-xp 0007e000 08:03 28690                      /usr/lib/x86_64-linux-gnu/libGLdispatch.so.0.0.0
719a5d7c7000-719a5d7da000 r--p 0007f000 08:03 28690                      /usr/lib/x86_64-linux-gnu/libGLdispatch.so.0.0.0
719a5d7da000-719a5d7db000 ---p 00092000 08:03 28690                      /usr/lib/x86_64-linux-gnu/libGLdispatch.so.0.0.0
719a5d7db000-719a5d7f7000 r--p 00092000 08:03 28690                      /usr/lib/x86_64-linux-gnu/libGLdispatch.so.0.0.0
719a5d7f7000-719a5d7f8000 rw-p 000ae000 08:03 28690                      /usr/lib/x86_64-linux-gnu/libGLdispatch.so.0.0.0
719a5d7f8000-719a5d800000 rw-p 00000000 00:00 0 
719a5d800000-719a5d81e000 r-xp 00000000 08:03 440260                     /tmp/lwjgldenis0001/3.1.1-build-16/libglfw.so
719a5d81e000-719a5da1d000 ---p 0001e000 08:03 440260                     /tmp/lwjgldenis0001/3.1.1-build-16/libglfw.so
719a5da1d000-719a5da1e000 r--p 0001d000 08:03 440260                     /tmp/lwjgldenis0001/3.1.1-build-16/libglfw.so
719a5da1e000-719a5da1f000 rw-p 0001e000 08:03 440260                     /tmp/lwjgldenis0001/3.1.1-build-16/libglfw.so
719a5da1f000-719a5da20000 rw-p 00000000 00:00 0 
719a5da60000-719a5daa0000 rw-s 00000000 00:05 892                        /dev/nvidiactl
719a5daa0000-719a5dac0000 rw-s 00000000 00:05 892                        /dev/nvidiactl
719a5dac0000-719a5dad9000 r--p 00000000 08:03 28711                      /usr/lib/x86_64-linux-gnu/libX11.so.6.4.0
719a5dad9000-719a5db65000 r-xp 00019000 08:03 28711                      /usr/lib/x86_64-linux-gnu/libX11.so.6.4.0
719a5db65000-719a5dbfa000 r--p 000a5000 08:03 28711                      /usr/lib/x86_64-linux-gnu/libX11.so.6.4.0
719a5dbfa000-719a5dbfb000 ---p 0013a000 08:03 28711                      /usr/lib/x86_64-linux-gnu/libX11.so.6.4.0
719a5dbfb000-719a5dbfc000 r--p 0013a000 08:03 28711                      /usr/lib/x86_64-linux-gnu/libX11.so.6.4.0
719a5dbfc000-719a5dc00000 rw-p 0013b000 08:03 28711                      /usr/lib/x86_64-linux-gnu/libX11.so.6.4.0
719a5dc00000-719a5dc4b000 r-xp 00000000 08:03 440259                     /tmp/lwjgldenis0001/3.1.1-build-16/liblwjgl.so
719a5dc4b000-719a5de4b000 ---p 0004b000 08:03 440259                     /tmp/lwjgldenis0001/3.1.1-build-16/liblwjgl.so
719a5de4b000-719a5de4c000 r--p 0004b000 08:03 440259                     /tmp/lwjgldenis0001/3.1.1-build-16/liblwjgl.so
719a5de4c000-719a5de4d000 rw-p 0004c000 08:03 440259                     /tmp/lwjgldenis0001/3.1.1-build-16/liblwjgl.so
719a5de60000-719a5dea0000 rw-s 00000000 00:05 892                        /dev/nvidiactl
719a5dea0000-719a5dec0000 rw-s 00000000 00:05 892                        /dev/nvidiactl
719a5dec0000-719a5df00000 rw-s 00000000 00:05 892                        /dev/nvidiactl
719a5df00000-719a5df04000 ---p 00000000 00:00 0 
719a5df04000-719a5e000000 rw-p 00000000 00:00 0 
719a5e000000-719a5ec74000 rw-p 00001000 08:03 3539186                    /home/denis0001/.jdks/openjdk-22/lib/server/classes.jsa
719a5ec74000-719a5f000000 ---p 00000000 00:00 0 
719a5f000000-719a5f030000 rw-p 00000000 00:00 0 
719a5f030000-719a5f070000 rw-p 00000000 00:00 0 
719a5f070000-719a5f0a0000 rw-p 00000000 00:00 0 
719a5f0a0000-719a9f000000 ---p 00000000 00:00 0 
719a9f007000-719a9f00a000 rwxp 00000000 00:00 0 
719a9f00a000-719a9f017000 r-xp 00000000 08:03 3444079                    /home/denis0001/.jdks/openjdk-22/lib/libverify.so
719a9f017000-719a9f019000 r--p 0000c000 08:03 3444079                    /home/denis0001/.jdks/openjdk-22/lib/libverify.so
719a9f019000-719a9f01a000 rw-p 0000e000 08:03 3444079                    /home/denis0001/.jdks/openjdk-22/lib/libverify.so
719a9f01a000-719a9f01f000 r--p 00000000 08:03 29160                      /usr/lib/x86_64-linux-gnu/libdrm.so.2.4.0
719a9f01f000-719a9f02a000 r-xp 00005000 08:03 29160                      /usr/lib/x86_64-linux-gnu/libdrm.so.2.4.0
719a9f02a000-719a9f02e000 r--p 00010000 08:03 29160                      /usr/lib/x86_64-linux-gnu/libdrm.so.2.4.0
719a9f02e000-719a9f02f000 r--p 00013000 08:03 29160                      /usr/lib/x86_64-linux-gnu/libdrm.so.2.4.0
719a9f02f000-719a9f030000 rw-p 00014000 08:03 29160                      /usr/lib/x86_64-linux-gnu/libdrm.so.2.4.0
719a9f030000-719a9f034000 ---p 00000000 00:00 0 
719a9f034000-719a9f130000 rw-p 00000000 00:00 0 
719a9f130000-719a9f134000 ---p 00000000 00:00 0 
719a9f134000-719a9f230000 rw-p 00000000 00:00 0 
719a9f230000-719a9f2fe000 r-xp 00000000 08:03 3444063                    /home/denis0001/.jdks/openjdk-22/lib/libjsvml.so
719a9f2fe000-719a9f2ff000 r--p 000cd000 08:03 3444063                    /home/denis0001/.jdks/openjdk-22/lib/libjsvml.so
719a9f2ff000-719a9f300000 rw-p 000ce000 08:03 3444063                    /home/denis0001/.jdks/openjdk-22/lib/libjsvml.so
719a9f300000-719a9f304000 ---p 00000000 00:00 0 
719a9f304000-719a9f400000 rw-p 00000000 00:00 0 
719a9f400000-719a9f404000 ---p 00000000 00:00 0 
719a9f404000-719a9f500000 rw-p 00000000 00:00 0 
719a9f500000-719a9f504000 ---p 00000000 00:00 0 
719a9f504000-719a9f600000 rw-p 00000000 00:00 0 
719a9f600000-719a9f604000 ---p 00000000 00:00 0 
719a9f604000-719a9f700000 rw-p 00000000 00:00 0 
719a9f700000-719a9f704000 ---p 00000000 00:00 0 
719a9f704000-719a9f800000 rw-p 00000000 00:00 0 
719a9f800000-719a9f804000 ---p 00000000 00:00 0 
719a9f804000-719a9f900000 rw-p 00000000 00:00 0 
719a9f900000-719a9f904000 ---p 00000000 00:00 0 
719a9f904000-719a9fa00000 rw-p 00000000 00:00 0 
719a9fa00000-719a9ff75000 r--p 00000000 08:03 1571                       /usr/lib/locale/locale-archive
719a9ff75000-719a9ff76000 rwxp 00000000 00:00 0 
719a9ff76000-719a9ff79000 rw-s 00000000 00:05 892                        /dev/nvidiactl
719a9ff79000-719a9ffbc000 r--p 00000000 08:03 28679                      /usr/lib/x86_64-linux-gnu/libGL.so.1.7.0
719a9ffbc000-719a9ffbf000 r-xp 00043000 08:03 28679                      /usr/lib/x86_64-linux-gnu/libGL.so.1.7.0
719a9ffbf000-719a9ffda000 r-xp 00046000 08:03 28679                      /usr/lib/x86_64-linux-gnu/libGL.so.1.7.0
719a9ffda000-719a9ffdb000 r-xp 00061000 08:03 28679                      /usr/lib/x86_64-linux-gnu/libGL.so.1.7.0
719a9ffdb000-719a9fff0000 r--p 00062000 08:03 28679                      /usr/lib/x86_64-linux-gnu/libGL.so.1.7.0
719a9fff0000-719a9fffe000 r--p 00076000 08:03 28679                      /usr/lib/x86_64-linux-gnu/libGL.so.1.7.0
719a9fffe000-719a9ffff000 rw-p 00084000 08:03 28679                      /usr/lib/x86_64-linux-gnu/libGL.so.1.7.0
719a9ffff000-719aa0000000 rw-p 00000000 00:00 0 
719aa0000000-719aa0021000 rw-p 00000000 00:00 0 
719aa0021000-719aa4000000 ---p 00000000 00:00 0 
719aa4000000-719aa4021000 rw-p 00000000 00:00 0 
719aa4021000-719aa8000000 ---p 00000000 00:00 0 
719aa8000000-719aa8021000 rw-p 00000000 00:00 0 
719aa8021000-719aac000000 ---p 00000000 00:00 0 
719aac000000-719aac021000 rw-p 00000000 00:00 0 
719aac021000-719ab0000000 ---p 00000000 00:00 0 
719ab0000000-719ab0021000 rw-p 00000000 00:00 0 
719ab0021000-719ab4000000 ---p 00000000 00:00 0 
719ab4000000-719ab4001000 rwxp 00000000 00:00 0 
719ab4001000-719ab4014000 rw-s 00000000 00:05 892                        /dev/nvidiactl
719ab4014000-719ab401f000 r--p 00000000 08:03 30268                      /usr/lib/x86_64-linux-gnu/libxcb-glx.so.0.0.0
719ab401f000-719ab4028000 r-xp 0000b000 08:03 30268                      /usr/lib/x86_64-linux-gnu/libxcb-glx.so.0.0.0
719ab4028000-719ab402d000 r--p 00014000 08:03 30268                      /usr/lib/x86_64-linux-gnu/libxcb-glx.so.0.0.0
719ab402d000-719ab402e000 ---p 00019000 08:03 30268                      /usr/lib/x86_64-linux-gnu/libxcb-glx.so.0.0.0
719ab402e000-719ab4030000 r--p 00019000 08:03 30268                      /usr/lib/x86_64-linux-gnu/libxcb-glx.so.0.0.0
719ab4030000-719ab4031000 rw-p 0001b000 08:03 30268                      /usr/lib/x86_64-linux-gnu/libxcb-glx.so.0.0.0
719ab4031000-719ab4034000 r--p 00000000 08:03 28685                      /usr/lib/x86_64-linux-gnu/libGLX.so.0.0.0
719ab4034000-719ab404f000 r-xp 00003000 08:03 28685                      /usr/lib/x86_64-linux-gnu/libGLX.so.0.0.0
719ab404f000-719ab4052000 r--p 0001e000 08:03 28685                      /usr/lib/x86_64-linux-gnu/libGLX.so.0.0.0
719ab4052000-719ab4053000 ---p 00021000 08:03 28685                      /usr/lib/x86_64-linux-gnu/libGLX.so.0.0.0
719ab4053000-719ab4054000 r--p 00021000 08:03 28685                      /usr/lib/x86_64-linux-gnu/libGLX.so.0.0.0
719ab4054000-719ab4055000 rw-p 00022000 08:03 28685                      /usr/lib/x86_64-linux-gnu/libGLX.so.0.0.0
719ab4055000-719ab4065000 rw-p 00000000 00:00 0 
719ab4065000-719ab4066000 rwxp 00000000 00:00 0 
719ab4066000-719ab4086000 rw-s 00000000 00:05 892                        /dev/nvidiactl
719ab4086000-719ab4087000 r--p 00000000 08:03 28709                      /usr/lib/x86_64-linux-gnu/libX11-xcb.so.1.0.0
719ab4087000-719ab4088000 r-xp 00001000 08:03 28709                      /usr/lib/x86_64-linux-gnu/libX11-xcb.so.1.0.0
719ab4088000-719ab4089000 r--p 00002000 08:03 28709                      /usr/lib/x86_64-linux-gnu/libX11-xcb.so.1.0.0
719ab4089000-719ab408a000 r--p 00002000 08:03 28709                      /usr/lib/x86_64-linux-gnu/libX11-xcb.so.1.0.0
719ab408a000-719ab408b000 rw-p 00003000 08:03 28709                      /usr/lib/x86_64-linux-gnu/libX11-xcb.so.1.0.0
719ab408b000-719ab408d000 r--p 00000000 08:03 29660                      /usr/lib/x86_64-linux-gnu/libmd.so.0.0.5
719ab408d000-719ab4094000 r-xp 00002000 08:03 29660                      /usr/lib/x86_64-linux-gnu/libmd.so.0.0.5
719ab4094000-719ab4096000 r--p 00009000 08:03 29660                      /usr/lib/x86_64-linux-gnu/libmd.so.0.0.5
719ab4096000-719ab4097000 r--p 0000a000 08:03 29660                      /usr/lib/x86_64-linux-gnu/libmd.so.0.0.5
719ab4097000-719ab4098000 rw-p 0000b000 08:03 29660                      /usr/lib/x86_64-linux-gnu/libmd.so.0.0.5
719ab4098000-719ab4099000 ---p 00000000 00:00 0 
719ab4099000-719ab4199000 rw-p 00000000 00:00 0 
719ab4199000-719ab419a000 ---p 00000000 00:00 0 
719ab419a000-719ab687a000 rw-p 00000000 00:00 0 
719ab687a000-719abc03a000 ---p 00000000 00:00 0 
719abc03a000-719abc106000 rw-p 00000000 00:00 0 
719abc106000-719abcbfe000 ---p 00000000 00:00 0 
719abcbfe000-719abcc00000 rw-p 00000000 00:00 0 
719abcc00000-719abcf70000 rwxp 00000000 00:00 0 
719abcf70000-719ac4137000 ---p 00000000 00:00 0 
719ac4137000-719ac43a7000 rwxp 00000000 00:00 0 
719ac43a7000-719ac46c8000 ---p 00000000 00:00 0 
719ac46c8000-719ac4938000 rwxp 00000000 00:00 0 
719ac4938000-719acbc00000 ---p 00000000 00:00 0 
719acbc00000-719ad3fb6000 r--s 00000000 08:03 3444081                    /home/denis0001/.jdks/openjdk-22/lib/modules
719ad3fb6000-719ad3fba000 r--p 00000000 08:03 29007                      /usr/lib/x86_64-linux-gnu/libbsd.so.0.11.5
719ad3fba000-719ad3fc7000 r-xp 00004000 08:03 29007                      /usr/lib/x86_64-linux-gnu/libbsd.so.0.11.5
719ad3fc7000-719ad3fca000 r--p 00011000 08:03 29007                      /usr/lib/x86_64-linux-gnu/libbsd.so.0.11.5
719ad3fca000-719ad3fcb000 ---p 00014000 08:03 29007                      /usr/lib/x86_64-linux-gnu/libbsd.so.0.11.5
719ad3fcb000-719ad3fcc000 r--p 00014000 08:03 29007                      /usr/lib/x86_64-linux-gnu/libbsd.so.0.11.5
719ad3fcc000-719ad3fcd000 rw-p 00015000 08:03 29007                      /usr/lib/x86_64-linux-gnu/libbsd.so.0.11.5
719ad3fcd000-719ad3fce000 rw-p 00000000 00:00 0 
719ad3fce000-719ad3fd0000 r--p 00000000 08:03 28726                      /usr/lib/x86_64-linux-gnu/libXdmcp.so.6.0.0
719ad3fd0000-719ad3fd2000 r-xp 00002000 08:03 28726                      /usr/lib/x86_64-linux-gnu/libXdmcp.so.6.0.0
719ad3fd2000-719ad3fd4000 r--p 00004000 08:03 28726                      /usr/lib/x86_64-linux-gnu/libXdmcp.so.6.0.0
719ad3fd4000-719ad3fd5000 r--p 00005000 08:03 28726                      /usr/lib/x86_64-linux-gnu/libXdmcp.so.6.0.0
719ad3fd5000-719ad3fd6000 rw-p 00006000 08:03 28726                      /usr/lib/x86_64-linux-gnu/libXdmcp.so.6.0.0
719ad3fd6000-719ad3fd8000 r--p 00000000 08:03 28730                      /usr/lib/x86_64-linux-gnu/libXfixes.so.3.1.0
719ad3fd8000-719ad3fdb000 r-xp 00002000 08:03 28730                      /usr/lib/x86_64-linux-gnu/libXfixes.so.3.1.0
719ad3fdb000-719ad3fdc000 r--p 00005000 08:03 28730                      /usr/lib/x86_64-linux-gnu/libXfixes.so.3.1.0
719ad3fdc000-719ad3fdd000 r--p 00006000 08:03 28730                      /usr/lib/x86_64-linux-gnu/libXfixes.so.3.1.0
719ad3fdd000-719ad3fde000 rw-p 00007000 08:03 28730                      /usr/lib/x86_64-linux-gnu/libXfixes.so.3.1.0
719ad3fde000-719ad3fe0000 r--p 00000000 08:03 28748                      /usr/lib/x86_64-linux-gnu/libXrender.so.1.3.0
719ad3fe0000-719ad3fe7000 r-xp 00002000 08:03 28748                      /usr/lib/x86_64-linux-gnu/libXrender.so.1.3.0
719ad3fe7000-719ad3fe9000 r--p 00009000 08:03 28748                      /usr/lib/x86_64-linux-gnu/libXrender.so.1.3.0
719ad3fe9000-719ad3fea000 r--p 0000a000 08:03 28748                      /usr/lib/x86_64-linux-gnu/libXrender.so.1.3.0
719ad3fea000-719ad3feb000 rw-p 0000b000 08:03 28748                      /usr/lib/x86_64-linux-gnu/libXrender.so.1.3.0
719ad3feb000-719ad3fef000 r--p 00000000 08:03 28728                      /usr/lib/x86_64-linux-gnu/libXext.so.6.4.0
719ad3fef000-719ad3ffa000 r-xp 00004000 08:03 28728                      /usr/lib/x86_64-linux-gnu/libXext.so.6.4.0
719ad3ffa000-719ad3ffe000 r--p 0000f000 08:03 28728                      /usr/lib/x86_64-linux-gnu/libXext.so.6.4.0
719ad3ffe000-719ad3fff000 r--p 00012000 08:03 28728                      /usr/lib/x86_64-linux-gnu/libXext.so.6.4.0
719ad3fff000-719ad4000000 rw-p 00013000 08:03 28728                      /usr/lib/x86_64-linux-gnu/libXext.so.6.4.0
719ad4000000-719ad6ad7000 rw-p 00000000 00:00 0 
719ad6ad7000-719ad8000000 ---p 00000000 00:00 0 
719ad8000000-719ad8001000 rwxp 00000000 00:00 0 
719ad8001000-719ad8002000 r--p 00000000 08:03 28715                      /usr/lib/x86_64-linux-gnu/libXau.so.6.0.0
719ad8002000-719ad8004000 r-xp 00001000 08:03 28715                      /usr/lib/x86_64-linux-gnu/libXau.so.6.0.0
719ad8004000-719ad8005000 r--p 00003000 08:03 28715                      /usr/lib/x86_64-linux-gnu/libXau.so.6.0.0
719ad8005000-719ad8006000 r--p 00003000 08:03 28715                      /usr/lib/x86_64-linux-gnu/libXau.so.6.0.0
719ad8006000-719ad8007000 rw-p 00004000 08:03 28715                      /usr/lib/x86_64-linux-gnu/libXau.so.6.0.0
719ad8007000-719ad8012000 r--p 00000000 08:03 30300                      /usr/lib/x86_64-linux-gnu/libxcb.so.1.1.0
719ad8012000-719ad8026000 r-xp 0000b000 08:03 30300                      /usr/lib/x86_64-linux-gnu/libxcb.so.1.1.0
719ad8026000-719ad802f000 r--p 0001f000 08:03 30300                      /usr/lib/x86_64-linux-gnu/libxcb.so.1.1.0
719ad802f000-719ad8030000 r--p 00027000 08:03 30300                      /usr/lib/x86_64-linux-gnu/libxcb.so.1.1.0
719ad8030000-719ad8031000 rw-p 00028000 08:03 30300                      /usr/lib/x86_64-linux-gnu/libxcb.so.1.1.0
719ad8031000-719ad8033000 r--p 00000000 08:03 28722                      /usr/lib/x86_64-linux-gnu/libXcursor.so.1.0.2
719ad8033000-719ad8039000 r-xp 00002000 08:03 28722                      /usr/lib/x86_64-linux-gnu/libXcursor.so.1.0.2
719ad8039000-719ad803b000 r--p 00008000 08:03 28722                      /usr/lib/x86_64-linux-gnu/libXcursor.so.1.0.2
719ad803b000-719ad803c000 r--p 00009000 08:03 28722                      /usr/lib/x86_64-linux-gnu/libXcursor.so.1.0.2
719ad803c000-719ad803d000 rw-p 0000a000 08:03 28722                      /usr/lib/x86_64-linux-gnu/libXcursor.so.1.0.2
719ad803d000-719ad803f000 r--p 00000000 08:03 28746                      /usr/lib/x86_64-linux-gnu/libXrandr.so.2.2.0
719ad803f000-719ad8046000 r-xp 00002000 08:03 28746                      /usr/lib/x86_64-linux-gnu/libXrandr.so.2.2.0
719ad8046000-719ad8048000 r--p 00009000 08:03 28746                      /usr/lib/x86_64-linux-gnu/libXrandr.so.2.2.0
719ad8048000-719ad8049000 r--p 0000a000 08:03 28746                      /usr/lib/x86_64-linux-gnu/libXrandr.so.2.2.0
719ad8049000-719ad804a000 rw-p 0000b000 08:03 28746                      /usr/lib/x86_64-linux-gnu/libXrandr.so.2.2.0
719ad804a000-719ad804d000 r--p 00000000 08:03 29303                      /usr/lib/x86_64-linux-gnu/libgcc_s.so.1
719ad804d000-719ad8064000 r-xp 00003000 08:03 29303                      /usr/lib/x86_64-linux-gnu/libgcc_s.so.1
719ad8064000-719ad8068000 r--p 0001a000 08:03 29303                      /usr/lib/x86_64-linux-gnu/libgcc_s.so.1
719ad8068000-719ad8069000 r--p 0001d000 08:03 29303                      /usr/lib/x86_64-linux-gnu/libgcc_s.so.1
719ad8069000-719ad806a000 rw-p 0001e000 08:03 29303                      /usr/lib/x86_64-linux-gnu/libgcc_s.so.1
719ad806a000-719ad806b000 rwxp 00000000 00:00 0 
719ad806b000-719ad806d000 rw-s 00000000 00:01 9495                       /memfd:/.glXXXXXX (deleted)
719ad806d000-719ad8071000 rw-s 00000000 00:05 892                        /dev/nvidiactl
719ad8071000-719ad8072000 rw-s 00000000 00:05 893                        /dev/nvidia0
719ad8072000-719ad8074000 rw-s 00000000 00:05 892                        /dev/nvidiactl
719ad8074000-719ad8078000 rw-s 00000000 00:05 892                        /dev/nvidiactl
719ad8078000-719ad8079000 rw-s 00000000 00:05 893                        /dev/nvidia0
719ad8079000-719ad807a000 rw-s 00000000 00:05 893                        /dev/nvidia0
719ad807a000-719ad807b000 rw-s 00000000 00:05 893                        /dev/nvidia0
719ad807b000-719ad807c000 rw-s 00000000 00:05 892                        /dev/nvidiactl
719ad807c000-719ad807d000 rw-s 00000000 00:05 892                        /dev/nvidiactl
719ad807d000-719ad807e000 rw-s 00000000 00:05 892                        /dev/nvidiactl
719ad807e000-719ad807f000 r--p 00000000 08:03 28071                      /usr/lib/x86_64-linux-gnu/libnvidia-tls.so.535.171.04
719ad807f000-719ad8081000 r-xp 00001000 08:03 28071                      /usr/lib/x86_64-linux-gnu/libnvidia-tls.so.535.171.04
719ad8081000-719ad8082000 r--p 00003000 08:03 28071                      /usr/lib/x86_64-linux-gnu/libnvidia-tls.so.535.171.04
719ad8082000-719ad8083000 r--p 00003000 08:03 28071                      /usr/lib/x86_64-linux-gnu/libnvidia-tls.so.535.171.04
719ad8083000-719ad8084000 rw-p 00004000 08:03 28071                      /usr/lib/x86_64-linux-gnu/libnvidia-tls.so.535.171.04
719ad8084000-719ad808b000 r--s 00000000 08:03 10036                      /usr/lib/x86_64-linux-gnu/gconv/gconv-modules.cache
719ad808b000-719ad8167000 rw-p 00000000 00:00 0 
719ad8167000-719ad8168000 ---p 00000000 00:00 0 
719ad8168000-719ad8268000 rw-p 00000000 00:00 0 
719ad8268000-719ad8269000 ---p 00000000 00:00 0 
719ad8269000-719ad876d000 rw-p 00000000 00:00 0 
719ad876d000-719ad876e000 ---p 00000000 00:00 0 
719ad876e000-719ad886e000 rw-p 00000000 00:00 0 
719ad886e000-719ad886f000 ---p 00000000 00:00 0 
719ad886f000-719ad896f000 rw-p 00000000 00:00 0 
719ad896f000-719ad8970000 ---p 00000000 00:00 0 
719ad8970000-719ad8b2c000 rw-p 00000000 00:00 0 
719ad8b2c000-719ad9624000 ---p 00000000 00:00 0 
719ad9624000-719ad9a2f000 rw-p 00000000 00:00 0 
719ad9a2f000-719ad9b15000 ---p 00000000 00:00 0 
719ad9b15000-719ad9b1c000 rw-p 00000000 00:00 0 
719ad9b1c000-719ad9c00000 ---p 00000000 00:00 0 
719ad9c00000-719adaf40000 r-xp 00000000 08:03 3539189                    /home/denis0001/.jdks/openjdk-22/lib/server/libjvm.so
719adaf40000-719adb00d000 r--p 0133f000 08:03 3539189                    /home/denis0001/.jdks/openjdk-22/lib/server/libjvm.so
719adb00d000-719adb03b000 rw-p 0140c000 08:03 3539189                    /home/denis0001/.jdks/openjdk-22/lib/server/libjvm.so
719adb03b000-719adb0b1000 rw-p 00000000 00:00 0 
719adb0b1000-719adb0bc000 r-xp 00000000 08:03 3444070                    /home/denis0001/.jdks/openjdk-22/lib/libnet.so
719adb0bc000-719adb0bd000 ---p 0000b000 08:03 3444070                    /home/denis0001/.jdks/openjdk-22/lib/libnet.so
719adb0bd000-719adb0be000 r--p 0000b000 08:03 3444070                    /home/denis0001/.jdks/openjdk-22/lib/libnet.so
719adb0be000-719adb0bf000 rw-p 0000c000 08:03 3444070                    /home/denis0001/.jdks/openjdk-22/lib/libnet.so
719adb0bf000-719adb100000 rw-p 00000000 00:00 0 
719adb100000-719adb104000 ---p 00000000 00:00 0 
719adb104000-719adb200000 rw-p 00000000 00:00 0 
719adb200000-719adb228000 r--p 00000000 08:03 2080                       /usr/lib/x86_64-linux-gnu/libc.so.6
719adb228000-719adb3bd000 r-xp 00028000 08:03 2080                       /usr/lib/x86_64-linux-gnu/libc.so.6
719adb3bd000-719adb415000 r--p 001bd000 08:03 2080                       /usr/lib/x86_64-linux-gnu/libc.so.6
719adb415000-719adb416000 ---p 00215000 08:03 2080                       /usr/lib/x86_64-linux-gnu/libc.so.6
719adb416000-719adb41a000 r--p 00215000 08:03 2080                       /usr/lib/x86_64-linux-gnu/libc.so.6
719adb41a000-719adb41c000 rw-p 00219000 08:03 2080                       /usr/lib/x86_64-linux-gnu/libc.so.6
719adb41c000-719adb429000 rw-p 00000000 00:00 0 
719adb429000-719adb42a000 rw-s 00044000 00:01 1025                       /memfd:/.nvidia_drv.XXXXXX (deleted)
719adb42a000-719adb42b000 r-xp 00000000 00:00 0 
719adb42b000-719adb42c000 r--p 00000000 08:03 28738                      /usr/lib/x86_64-linux-gnu/libXinerama.so.1.0.0
719adb42c000-719adb42d000 r-xp 00001000 08:03 28738                      /usr/lib/x86_64-linux-gnu/libXinerama.so.1.0.0
719adb42d000-719adb42e000 r--p 00002000 08:03 28738                      /usr/lib/x86_64-linux-gnu/libXinerama.so.1.0.0
719adb42e000-719adb42f000 r--p 00003000 08:03 28738                      /usr/lib/x86_64-linux-gnu/libXinerama.so.1.0.0
719adb42f000-719adb430000 rw-p 00004000 08:03 28738                      /usr/lib/x86_64-linux-gnu/libXinerama.so.1.0.0
719adb430000-719adb432000 r-xp 00000000 08:03 3444048                    /home/denis0001/.jdks/openjdk-22/lib/libextnet.so
719adb432000-719adb433000 r--p 00001000 08:03 3444048                    /home/denis0001/.jdks/openjdk-22/lib/libextnet.so
719adb433000-719adb434000 rw-p 00002000 08:03 3444048                    /home/denis0001/.jdks/openjdk-22/lib/libextnet.so
719adb434000-719adb447000 r-xp 00000000 08:03 3444071                    /home/denis0001/.jdks/openjdk-22/lib/libnio.so
719adb447000-719adb448000 ---p 00013000 08:03 3444071                    /home/denis0001/.jdks/openjdk-22/lib/libnio.so
719adb448000-719adb449000 r--p 00013000 08:03 3444071                    /home/denis0001/.jdks/openjdk-22/lib/libnio.so
719adb449000-719adb44a000 rw-p 00014000 08:03 3444071                    /home/denis0001/.jdks/openjdk-22/lib/libnio.so
719adb44a000-719adb451000 r-xp 00000000 08:03 3444080                    /home/denis0001/.jdks/openjdk-22/lib/libzip.so
719adb451000-719adb452000 ---p 00007000 08:03 3444080                    /home/denis0001/.jdks/openjdk-22/lib/libzip.so
719adb452000-719adb453000 r--p 00007000 08:03 3444080                    /home/denis0001/.jdks/openjdk-22/lib/libzip.so
719adb453000-719adb454000 rw-p 00008000 08:03 3444080                    /home/denis0001/.jdks/openjdk-22/lib/libzip.so
719adb454000-719adb48b000 rw-p 00000000 00:00 0 
719adb48b000-719adb492000 ---p 00000000 00:00 0 
719adb492000-719adb49a000 rw-s 00000000 08:03 437572                     /tmp/hsperfdata_denis0001/7801
719adb49a000-719adb4ba000 r-xp 00000000 08:03 3444055                    /home/denis0001/.jdks/openjdk-22/lib/libjava.so
719adb4ba000-719adb4bb000 ---p 00020000 08:03 3444055                    /home/denis0001/.jdks/openjdk-22/lib/libjava.so
719adb4bb000-719adb4bc000 r--p 00020000 08:03 3444055                    /home/denis0001/.jdks/openjdk-22/lib/libjava.so
719adb4bc000-719adb4bd000 rw-p 00021000 08:03 3444055                    /home/denis0001/.jdks/openjdk-22/lib/libjava.so
719adb4bd000-719adb4be000 rw-p 00000000 00:00 0 
719adb4be000-719adb4c8000 r-xp 00000000 08:03 3444050                    /home/denis0001/.jdks/openjdk-22/lib/libinstrument.so
719adb4c8000-719adb4c9000 r--p 00009000 08:03 3444050                    /home/denis0001/.jdks/openjdk-22/lib/libinstrument.so
719adb4c9000-719adb4ca000 rw-p 0000a000 08:03 3444050                    /home/denis0001/.jdks/openjdk-22/lib/libinstrument.so
719adb4ca000-719adb4cb000 ---p 00000000 00:00 0 
719adb4cb000-719adb4cc000 r--p 00000000 00:00 0 
719adb4cc000-719adb4da000 r--p 00000000 08:03 2355                       /usr/lib/x86_64-linux-gnu/libm.so.6
719adb4da000-719adb556000 r-xp 0000e000 08:03 2355                       /usr/lib/x86_64-linux-gnu/libm.so.6
719adb556000-719adb5b1000 r--p 0008a000 08:03 2355                       /usr/lib/x86_64-linux-gnu/libm.so.6
719adb5b1000-719adb5b2000 r--p 000e4000 08:03 2355                       /usr/lib/x86_64-linux-gnu/libm.so.6
719adb5b2000-719adb5b3000 rw-p 000e5000 08:03 2355                       /usr/lib/x86_64-linux-gnu/libm.so.6
719adb5b3000-719adb5b4000 r--p 00000000 08:03 3647                       /usr/lib/x86_64-linux-gnu/librt.so.1
719adb5b4000-719adb5b5000 r-xp 00001000 08:03 3647                       /usr/lib/x86_64-linux-gnu/librt.so.1
719adb5b5000-719adb5b6000 r--p 00002000 08:03 3647                       /usr/lib/x86_64-linux-gnu/librt.so.1
719adb5b6000-719adb5b7000 r--p 00002000 08:03 3647                       /usr/lib/x86_64-linux-gnu/librt.so.1
719adb5b7000-719adb5b8000 rw-p 00003000 08:03 3647                       /usr/lib/x86_64-linux-gnu/librt.so.1
719adb5b8000-719adb5bc000 rw-p 00000000 00:00 0 
719adb5bc000-719adb5bd000 r--p 00000000 08:03 2111                       /usr/lib/x86_64-linux-gnu/libdl.so.2
719adb5bd000-719adb5be000 r-xp 00001000 08:03 2111                       /usr/lib/x86_64-linux-gnu/libdl.so.2
719adb5be000-719adb5bf000 r--p 00002000 08:03 2111                       /usr/lib/x86_64-linux-gnu/libdl.so.2
719adb5bf000-719adb5c0000 r--p 00002000 08:03 2111                       /usr/lib/x86_64-linux-gnu/libdl.so.2
719adb5c0000-719adb5c1000 rw-p 00003000 08:03 2111                       /usr/lib/x86_64-linux-gnu/libdl.so.2
719adb5c1000-719adb5c2000 r--p 00000000 08:03 3644                       /usr/lib/x86_64-linux-gnu/libpthread.so.0
719adb5c2000-719adb5c3000 r-xp 00001000 08:03 3644                       /usr/lib/x86_64-linux-gnu/libpthread.so.0
719adb5c3000-719adb5c4000 r--p 00002000 08:03 3644                       /usr/lib/x86_64-linux-gnu/libpthread.so.0
719adb5c4000-719adb5c5000 r--p 00002000 08:03 3644                       /usr/lib/x86_64-linux-gnu/libpthread.so.0
719adb5c5000-719adb5c6000 rw-p 00003000 08:03 3644                       /usr/lib/x86_64-linux-gnu/libpthread.so.0
719adb5c6000-719adb5d5000 r-xp 00000000 08:03 3444060                    /home/denis0001/.jdks/openjdk-22/lib/libjli.so
719adb5d5000-719adb5d6000 r--p 0000e000 08:03 3444060                    /home/denis0001/.jdks/openjdk-22/lib/libjli.so
719adb5d6000-719adb5d7000 rw-p 0000f000 08:03 3444060                    /home/denis0001/.jdks/openjdk-22/lib/libjli.so
719adb5d7000-719adb5d9000 r--p 00000000 08:03 30336                      /usr/lib/x86_64-linux-gnu/libz.so.1.2.11
719adb5d9000-719adb5ea000 r-xp 00002000 08:03 30336                      /usr/lib/x86_64-linux-gnu/libz.so.1.2.11
719adb5ea000-719adb5f0000 r--p 00013000 08:03 30336                      /usr/lib/x86_64-linux-gnu/libz.so.1.2.11
719adb5f0000-719adb5f1000 ---p 00019000 08:03 30336                      /usr/lib/x86_64-linux-gnu/libz.so.1.2.11
719adb5f1000-719adb5f2000 r--p 00019000 08:03 30336                      /usr/lib/x86_64-linux-gnu/libz.so.1.2.11
719adb5f2000-719adb5f3000 rw-p 0001a000 08:03 30336                      /usr/lib/x86_64-linux-gnu/libz.so.1.2.11
719adb5f3000-719adb611000 r-xp 00000000 08:03 3444059                    /home/denis0001/.jdks/openjdk-22/lib/libjimage.so
719adb611000-719adb613000 r--p 0001d000 08:03 3444059                    /home/denis0001/.jdks/openjdk-22/lib/libjimage.so
719adb613000-719adb614000 rw-p 0001f000 08:03 3444059                    /home/denis0001/.jdks/openjdk-22/lib/libjimage.so
719adb614000-719adb616000 rw-p 00000000 00:00 0 
719adb616000-719adb618000 r--p 00000000 08:03 1838                       /usr/lib/x86_64-linux-gnu/ld-linux-x86-64.so.2
719adb618000-719adb642000 r-xp 00002000 08:03 1838                       /usr/lib/x86_64-linux-gnu/ld-linux-x86-64.so.2
719adb642000-719adb64d000 r--p 0002c000 08:03 1838                       /usr/lib/x86_64-linux-gnu/ld-linux-x86-64.so.2
719adb64d000-719adb64e000 ---p 00000000 00:00 0 
719adb64e000-719adb650000 r--p 00037000 08:03 1838                       /usr/lib/x86_64-linux-gnu/ld-linux-x86-64.so.2
719adb650000-719adb652000 rw-p 00039000 08:03 1838                       /usr/lib/x86_64-linux-gnu/ld-linux-x86-64.so.2
7fff44675000-7fff44697000 rw-p 00000000 00:00 0                          [stack]
7fff446d8000-7fff446dc000 r--p 00000000 00:00 0                          [vvar]
7fff446dc000-7fff446de000 r-xp 00000000 00:00 0                          [vdso]
ffffffffff600000-ffffffffff601000 --xp 00000000 00:00 0                  [vsyscall]
Total number of mappings: 433


VM Arguments:
jvm_args: -javaagent:/snap/intellij-idea-community/502/lib/idea_rt.jar=40923:/snap/intellij-idea-community/502/bin -Dfile.encoding=UTF-8 -Dsun.stdout.encoding=UTF-8 -Dsun.stderr.encoding=UTF-8 
java_command: net.minecraftrecreation.client.Main --name test
java_class_path (initial): /home/denis0001/IdeaProjects/MinecraftRecreation/target/classes:/home/denis0001/.m2/repository/org/lwjgl/lwjgl/3.1.1/lwjgl-3.1.1.jar:/home/denis0001/.m2/repository/org/lwjgl/lwjgl-bgfx/3.1.1/lwjgl-bgfx-3.1.1.jar:/home/denis0001/.m2/repository/org/lwjgl/lwjgl-glfw/3.1.1/lwjgl-glfw-3.1.1.jar:/home/denis0001/.m2/repository/org/lwjgl/lwjgl-nanovg/3.1.1/lwjgl-nanovg-3.1.1.jar:/home/denis0001/.m2/repository/org/lwjgl/lwjgl-nuklear/3.1.1/lwjgl-nuklear-3.1.1.jar:/home/denis0001/.m2/repository/org/lwjgl/lwjgl-openal/3.1.1/lwjgl-openal-3.1.1.jar:/home/denis0001/.m2/repository/org/lwjgl/lwjgl-opengl/3.1.1/lwjgl-opengl-3.1.1.jar:/home/denis0001/.m2/repository/org/lwjgl/lwjgl-par/3.1.1/lwjgl-par-3.1.1.jar:/home/denis0001/.m2/repository/org/lwjgl/lwjgl-stb/3.1.1/lwjgl-stb-3.1.1.jar:/home/denis0001/.m2/repository/org/lwjgl/lwjgl-vulkan/3.1.1/lwjgl-vulkan-3.1.1.jar:/home/denis0001/.m2/repository/org/lwjgl/lwjgl/3.1.1/lwjgl-3.1.1-natives-linux.jar:/home/denis0001/.m2/repository/org/lwjgl/lwjgl-bgfx/3.1.1/lwjgl-bgfx-3.1.1-natives-linux.jar:/home/denis0001/.m2/repository/org/lwjgl/lwjgl-glfw/3.1.1/lwjgl-glfw-3.1.1-natives-linux.jar:/home/denis0001/.m2/repository/org/lwjgl/lwjgl-nanovg/3.1.1/lwjgl-nanovg-3.1.1-natives-linux.jar:/home/denis0001/.m2/repository/org/lwjgl/lwjgl-nuklear/3.1.1/lwjgl-nuklear-3.1.1-natives-linux.jar:/home/denis0001/.m2/repository/org/lwjgl/lwjgl-openal/3.1.1/lwjgl-openal-3.1.1-natives-linux.jar:/home/denis0001/.m2/repository/org/lwjgl/lwjgl-par/3.1.1/lwjgl-par-3.1.1-natives-linux.jar:/home/denis0001/.m2/repository/org/lwjgl/lwjgl-stb/3.1.1/lwjgl-stb-3.1.1-natives-linux.jar:/home/denis0001/.m2/repository/org/jetbrains/annotations/24.0.0/annotations-24.0.0.jar:/home/denis0001/.m2/repository/commons-io/commons-io/2.16.1/commons-io-2.16.1.jar:/home/denis0001/.m2/repository/org/joml/joml/1.10.5/joml-1.10.5.jar:/home/denis0001/IdeaProjects/MinecraftRecreation/libs/util-1.0.jar:/home/denis0001/IdeaProjects/MinecraftRecreation/libs/logging-1.0.jar:/home/denis0001/.m2/repository/io/github/spair/imgui-java-binding/1.86.11/imgui-java-binding-1.86.11.jar:/home/denis0001/.m2/repository/io/github/spair/imgui-java-natives-linux/1.86.11/imgui-java-natives-linux-1.86.11.jar:/home/denis0001/.m2/repository/org/lwjgl/lwjgl-assimp/3.1.1/lwjgl-assimp-3.1.1.jar:/home/denis0001/.m2/repository/org/lwjgl/lwjgl-assimp/3.1.1/lwjgl-assimp-3.1.1-natives-linux.jar:/home/denis0001/IdeaProjects/MinecraftRecreation/libs/lwjgl-opengl-3.1.1-natives-linux.jar
Launcher Type: SUN_STANDARD

[Global flags]
     intx CICompilerCount                          = 3                                         {product} {ergonomic}
     uint ConcGCThreads                            = 1                                         {product} {ergonomic}
     uint G1ConcRefinementThreads                  = 4                                         {product} {ergonomic}
   size_t G1HeapRegionSize                         = 4194304                                   {product} {ergonomic}
   size_t InitialHeapSize                          = 394264576                                 {product} {ergonomic}
   size_t MarkStackSize                            = 4194304                                   {product} {ergonomic}
   size_t MaxHeapSize                              = 6287261696                                {product} {ergonomic}
   size_t MaxNewSize                               = 3770679296                                {product} {ergonomic}
   size_t MinHeapDeltaBytes                        = 4194304                                   {product} {ergonomic}
   size_t MinHeapSize                              = 8388608                                   {product} {ergonomic}
    uintx NonNMethodCodeHeapSize                   = 5832780                                {pd product} {ergonomic}
    uintx NonProfiledCodeHeapSize                  = 122912730                              {pd product} {ergonomic}
    uintx ProfiledCodeHeapSize                     = 122912730                              {pd product} {ergonomic}
    uintx ReservedCodeCacheSize                    = 251658240                              {pd product} {ergonomic}
     bool SegmentedCodeCache                       = true                                      {product} {ergonomic}
   size_t SoftMaxHeapSize                          = 6287261696                             {manageable} {ergonomic}
     bool UseCompressedOops                        = true                           {product lp64_product} {ergonomic}
     bool UseG1GC                                  = true                                      {product} {ergonomic}

Logging:
Log output configuration:
 #0: stdout all=warning uptime,level,tags foldmultilines=false
 #1: stderr all=off uptime,level,tags foldmultilines=false

Environment Variables:
PATH=/usr/local/sbin:/usr/local/bin:/usr/sbin:/usr/bin:/sbin:/bin:/usr/games:/usr/local/games:/snap/bin
SHELL=/bin/bash
DISPLAY=:0
LANG=ru_RU.UTF-8

Active Locale:
LC_ALL=ru_RU.UTF-8
LC_COLLATE=ru_RU.UTF-8
LC_CTYPE=ru_RU.UTF-8
LC_MESSAGES=ru_RU.UTF-8
LC_MONETARY=ru_RU.UTF-8
LC_NUMERIC=ru_RU.UTF-8
LC_TIME=ru_RU.UTF-8

Signal Handlers:
   SIGSEGV: crash_handler in libjvm.so, mask=11100100010111111101111111111110, flags=SA_RESTART|SA_SIGINFO, unblocked
    SIGBUS: crash_handler in libjvm.so, mask=11100100010111111101111111111110, flags=SA_RESTART|SA_SIGINFO, unblocked
    SIGFPE: crash_handler in libjvm.so, mask=11100100010111111101111111111110, flags=SA_RESTART|SA_SIGINFO, unblocked
   SIGPIPE: javaSignalHandler in libjvm.so, mask=11100100010111111101111111111110, flags=SA_RESTART|SA_SIGINFO, blocked
   SIGXFSZ: javaSignalHandler in libjvm.so, mask=11100100010111111101111111111110, flags=SA_RESTART|SA_SIGINFO, blocked
    SIGILL: crash_handler in libjvm.so, mask=11100100010111111101111111111110, flags=SA_RESTART|SA_SIGINFO, unblocked
   SIGUSR2: SR_handler in libjvm.so, mask=00100000000000000000000000000000, flags=SA_RESTART|SA_SIGINFO, blocked
    SIGHUP: UserHandler in libjvm.so, mask=11100100010111111101111111111110, flags=SA_RESTART|SA_SIGINFO, blocked
    SIGINT: UserHandler in libjvm.so, mask=11100100010111111101111111111110, flags=SA_RESTART|SA_SIGINFO, blocked
   SIGTERM: UserHandler in libjvm.so, mask=11100100010111111101111111111110, flags=SA_RESTART|SA_SIGINFO, blocked
   SIGQUIT: UserHandler in libjvm.so, mask=11100100010111111101111111111110, flags=SA_RESTART|SA_SIGINFO, blocked
   SIGTRAP: crash_handler in libjvm.so, mask=11100100010111111101111111111110, flags=SA_RESTART|SA_SIGINFO, unblocked


Periodic native trim disabled

---------------  S Y S T E M  ---------------

OS:
DISTRIB_ID=Ubuntu
DISTRIB_RELEASE=22.04
DISTRIB_CODENAME=jammy
DISTRIB_DESCRIPTION="Ubuntu 22.04.4 LTS"
uname: Linux 6.5.0-35-generic #35~22.04.1-Ubuntu SMP PREEMPT_DYNAMIC Tue May  7 09:00:52 UTC 2 x86_64
OS uptime: 0 days 1:16 hours
libc: glibc 2.35 NPTL 2.35 
rlimit (soft/hard): STACK 8192k/infinity , CORE 0k/infinity , NPROC 95400/95400 , NOFILE 1048576/1048576 , AS infinity/infinity , CPU infinity/infinity , DATA infinity/infinity , FSIZE infinity/infinity , MEMLOCK 3069496k/3069496k
load average: 4,20 3,42 2,43

/proc/meminfo:
MemTotal:       24555980 kB
MemFree:         6290032 kB
MemAvailable:   12113500 kB
Buffers:          184024 kB
Cached:          5950600 kB
SwapCached:            0 kB
Active:         13858048 kB
Inactive:        3597072 kB
Active(anon):   11409792 kB
Inactive(anon):        0 kB
Active(file):    2448256 kB
Inactive(file):  3597072 kB
Unevictable:          32 kB
Mlocked:              32 kB
SwapTotal:       2097148 kB
SwapFree:        2097148 kB
Zswap:                 0 kB
Zswapped:              0 kB
Dirty:             15872 kB
Writeback:             0 kB
AnonPages:      11320440 kB
Mapped:          1688976 kB
Shmem:             89412 kB
KReclaimable:     171612 kB
Slab:             378400 kB
SReclaimable:     171612 kB
SUnreclaim:       206788 kB
KernelStack:       17976 kB
PageTables:        58424 kB
SecPageTables:         0 kB
NFS_Unstable:          0 kB
Bounce:                0 kB
WritebackTmp:          0 kB
CommitLimit:    14375136 kB
Committed_AS:   16195752 kB
VmallocTotal:   34359738367 kB
VmallocUsed:      108724 kB
VmallocChunk:          0 kB
Percpu:             3008 kB
HardwareCorrupted:     0 kB
AnonHugePages:         0 kB
ShmemHugePages:        0 kB
ShmemPmdMapped:        0 kB
FileHugePages:         0 kB
FilePmdMapped:         0 kB
Unaccepted:            0 kB
HugePages_Total:       0
HugePages_Free:        0
HugePages_Rsvd:        0
HugePages_Surp:        0
Hugepagesize:       2048 kB
Hugetlb:               0 kB
DirectMap4k:      784532 kB
DirectMap2M:    16996352 kB
DirectMap1G:     7340032 kB

/sys/kernel/mm/transparent_hugepage/enabled: always [madvise] never
/sys/kernel/mm/transparent_hugepage/shmem_enabled: always within_size advise [never] deny force
/sys/kernel/mm/transparent_hugepage/defrag (defrag/compaction efforts parameter): always defer defer+madvise [madvise] never

Process Memory:
Virtual Size: 9612184K (peak: 9628060K)
Resident Set Size: 459292K (peak: 459292K) (anon: 394012K, file: 65280K, shmem: 0K)
Swapped out: 0K
C-Heap outstanding allocations: 115169K, retained: 22674K
glibc malloc tunables: (default)

/proc/sys/kernel/threads-max (system-wide limit on the number of threads): 190800
/proc/sys/vm/max_map_count (maximum number of memory map areas a process may have): 65530
/proc/sys/kernel/pid_max (system-wide limit on number of process identifiers): 4194304

container (cgroup) information:
container_type: cgroupv2
cpu_cpuset_cpus: not supported
cpu_memory_nodes: not supported
active_processor_count: 4
cpu_quota: not supported
cpu_period: not supported
cpu_shares: not supported
memory_limit_in_bytes: unlimited
memory_and_swap_limit_in_bytes: unlimited
memory_soft_limit_in_bytes: unlimited
memory_usage_in_bytes: 4321196 k
memory_max_usage_in_bytes: not supported
memory_swap_current_in_bytes: unlimited
memory_swap_max_limit_in_bytes: unlimited
maximum number of tasks: 28620
current number of tasks: 287

Steal ticks since vm start: 0
Steal ticks percentage since vm start:  0,000

CPU: total 4 (initial active 4) (4 cores per cpu, 1 threads per core) family 6 model 94 stepping 3 microcode 0xf0, cx8, cmov, fxsr, mmx, 3dnowpref, sse, sse2, sse3, ssse3, sse4.1, sse4.2, popcnt, lzcnt, tsc, tscinvbit, avx, avx2, aes, erms, clmul, bmi1, bmi2, adx, fma, vzeroupper, clflush, clflushopt, rdtscp, f16c
CPU Model and flags from /proc/cpuinfo:
model name	: Intel(R) Core(TM) i5-6600 CPU @ 3.30GHz
flags		: fpu vme de pse tsc msr pae mce cx8 apic sep mtrr pge mca cmov pat pse36 clflush dts acpi mmx fxsr sse sse2 ss ht tm pbe syscall nx pdpe1gb rdtscp lm constant_tsc art arch_perfmon pebs bts rep_good nopl xtopology nonstop_tsc cpuid aperfmperf pni pclmulqdq dtes64 monitor ds_cpl vmx smx est tm2 ssse3 sdbg fma cx16 xtpr pdcm pcid sse4_1 sse4_2 x2apic movbe popcnt tsc_deadline_timer aes xsave avx f16c rdrand lahf_lm abm 3dnowprefetch cpuid_fault invpcid_single pti ssbd ibrs ibpb stibp tpr_shadow flexpriority ept vpid ept_ad fsgsbase tsc_adjust bmi1 avx2 smep bmi2 erms invpcid mpx rdseed adx smap clflushopt intel_pt xsaveopt xsavec xgetbv1 xsaves dtherm ida arat pln pts hwp hwp_notify hwp_act_window hwp_epp vnmi md_clear flush_l1d arch_capabilities

Online cpus: 0-3
Offline cpus: 
BIOS frequency limitation: <Not Available>
Frequency switch latency (ns): 0
Available cpu frequencies: <Not Available>
Current governor: powersave
Core performance/turbo boost: <Not Available>

Memory: 4k page, physical 24555980k(12113500k free), swap 2097148k(2097148k free)
Page Sizes: 4k

vm_info: OpenJDK 64-Bit Server VM (22+36-2370) for linux-amd64 JRE (22+36-2370), built on 2024-02-15T22:15:19Z by "mach5one" with gcc 13.2.0

END.
