#
# A fatal error has been detected by the Java Runtime Environment:
#
#  SIGSEGV (0xb) at pc=0x000074e0fa7b1210, pid=53788, tid=53829
#
# JRE version: OpenJDK Runtime Environment (22.0+36) (build 22+36-2370)
# Java VM: OpenJDK 64-Bit Server VM (22+36-2370, mixed mode, sharing, tiered, compressed oops, compressed class ptrs, g1 gc, linux-amd64)
# Problematic frame:
# C  [libnvidia-glcore.so.535.171.04+0x15b1210]
#
# Core dump will be written. Default location: Core dumps may be processed with "/usr/share/apport/apport -p%p -s%s -c%c -d%d -P%P -u%u -g%g -- %E" (or dumping to /home/denis0001/IdeaProjects/MinecraftRecreation/core.53788)
#
# If you would like to submit a bug report, please visit:
#   https://bugreport.java.com/bugreport/crash.jsp
#

---------------  S U M M A R Y ------------

Command Line: -agentlib:jdwp=transport=dt_socket,address=127.0.0.1:36663,suspend=y,server=n -javaagent:/snap/intellij-idea-community/502/plugins/java/lib/rt/debugger-agent.jar -Dfile.encoding=UTF-8 -Dsun.stdout.encoding=UTF-8 -Dsun.stderr.encoding=UTF-8 net.minecraftrecreation.client.Main --name test

Host: Intel(R) Core(TM) i5-6600 CPU @ 3.30GHz, 4 cores, 23G, Ubuntu 22.04.4 LTS
Time: Sat Jun  8 22:14:49 2024 MSK elapsed time: 59.716734 seconds (0d 0h 0m 59s)

---------------  T H R E A D  ---------------

Current thread is native thread

Stack: [0x000074e135000000,0x000074e135800000],  sp=0x000074e1357fd0a8,  free space=8180k
Native frames: (J=compiled Java code, j=interpreted, Vv=VM code, C=native code)
C  [libnvidia-glcore.so.535.171.04+0x15b1210]

siginfo: si_signo: 11 (SIGSEGV), si_code: 1 (SEGV_MAPERR), si_addr: 0x0000000000000000

Registers:
RAX=0x000074e135f34a98, RBX=0x000074e135f34a98, RCX=0x0000000000000010, RDX=0x000074e135f34c18
RSP=0x000074e1357fd0a8, RBP=0x000074e135eb0a40, RSI=0x0000000000000000, RDI=0x000074e135f34a98
R8 =0x0000000000000018, R9 =0x0000000000000024, R10=0x000074e0fa7b11f0, R11=0x000074e0ec00e8b4
R12=0x000074e0ec5940c8, R13=0x000074e135eb0a28, R14=0x0000000000000000, R15=0x0000000000000002
RIP=0x000074e0fa7b1210, EFLAGS=0x0000000000010206, CSGSFS=0x002b000000000033, ERR=0x0000000000000004
  TRAPNO=0x000000000000000e


Top of Stack: (sp=0x000074e1357fd0a8)
0x000074e1357fd0a8:   000074e0fa88fe94 0000000041605000
0x000074e1357fd0b8:   0000000000000018 000074e135eb0a40
0x000074e1357fd0c8:   0000001800000007 00000000042a4c18
0x000074e1357fd0d8:   000074e000000000 0000000000000000
0x000074e1357fd0e8:   000074e0ec0069c0 0000000041605000
0x000074e1357fd0f8:   0000000000000000 000074e0fbde41a0
0x000074e1357fd108:   000074e0ec58e9b0 0000000000004083
0x000074e1357fd118:   10c0000000000000 0604020000000006
0x000074e1357fd128:   0000000000000000 0000000041605000
0x000074e1357fd138:   0000000000000024 0000000000000004
0x000074e1357fd148:   000074e0ec0069c0 0000000000000000
0x000074e1357fd158:   000074e0fa892c93 0000000000000000
0x000074e1357fd168:   0000000000001405 000074e100001405
0x000074e1357fd178:   000074e1ac4eaf80 0000000000001405
0x000074e1357fd188:   0000000000000000 000074e0ec5940c8
0x000074e1357fd198:   0000000000000018 0000000000001405
0x000074e1357fd1a8:   0000000000000000 0000000041605000
0x000074e1357fd1b8:   0000000000000004 0000000000001405
0x000074e1357fd1c8:   0000000000000010 0000000000000024
0x000074e1357fd1d8:   000074e0fa4f53d6 0000000000000000
0x000074e1357fd1e8:   000074e0fa4f511e 00005a9d0612cff0
0x000074e1357fd1f8:   00005a9dffffffff 00005a9d0734d5a0
0x000074e1357fd208:   000074e1acb791b8 000074e134ffe988
0x000074e1357fd218:   000074e13471e040 0000000041605000
0x000074e1357fd228:   0000000000000024 0000000000001405
0x000074e1357fd238:   000074e0fa4e2ff6 0000000000000000
0x000074e1357fd248:   0000000000000000 0000000000000000
0x000074e1357fd258:   0000000000000000 0000000000000000
0x000074e1357fd268:   0000000000000000 0000000000000000
0x000074e1357fd278:   0000000000000000 0000000000000000
0x000074e1357fd288:   00005a9d073a6f30 00005a9d06aeaa70
0x000074e1357fd298:   00005a9d07373360 00005a9d06aec3f0 

Instructions: (pc=0x000074e0fa7b1210)
0x000074e0fa7b1110:   48 89 47 08 48 89 70 20 48 8b 56 10 83 e2 01 48
0x000074e0fa7b1120:   09 d0 48 89 46 10 c3 66 0f 1f 84 00 00 00 00 00
0x000074e0fa7b1130:   48 89 42 20 eb de 66 2e 0f 1f 84 00 00 00 00 00
0x000074e0fa7b1140:   83 e9 01 48 89 f8 48 63 d2 48 8d 4c 8f 04 66 90
0x000074e0fa7b1150:   f3 0f 10 06 48 83 c0 04 48 01 d6 f3 0f 11 40 fc
0x000074e0fa7b1160:   48 39 c8 75 eb c3 66 2e 0f 1f 84 00 00 00 00 00
0x000074e0fa7b1170:   83 e9 01 48 89 f8 48 63 d2 48 8d 4c cf 08 66 90
0x000074e0fa7b1180:   f3 0f 10 06 48 83 c0 08 f3 0f 11 40 f8 f3 0f 10
0x000074e0fa7b1190:   46 04 48 01 d6 f3 0f 11 40 fc 48 39 c8 75 e1 c3
0x000074e0fa7b11a0:   83 e9 01 48 89 f8 48 63 d2 48 8d 4c 49 03 48 8d
0x000074e0fa7b11b0:   0c 8f 66 0f 1f 44 00 00 f3 0f 10 06 48 83 c0 0c
0x000074e0fa7b11c0:   f3 0f 11 40 f4 f3 0f 10 46 04 f3 0f 11 40 f8 f3
0x000074e0fa7b11d0:   0f 10 46 08 48 01 d6 f3 0f 11 40 fc 48 39 c8 75
0x000074e0fa7b11e0:   d7 c3 66 2e 0f 1f 84 00 00 00 00 00 0f 1f 40 00
0x000074e0fa7b11f0:   41 89 c8 48 63 ca 48 89 f8 41 8d 50 ff 48 83 c2
0x000074e0fa7b1200:   01 48 c1 e2 04 48 01 fa 0f 1f 84 00 00 00 00 00
0x000074e0fa7b1210:   f3 0f 10 06 48 83 c0 10 f3 0f 11 40 f0 f3 0f 10
0x000074e0fa7b1220:   46 04 f3 0f 11 40 f4 f3 0f 10 46 08 f3 0f 11 40
0x000074e0fa7b1230:   f8 f3 0f 10 46 0c 48 01 ce f3 0f 11 40 fc 48 39
0x000074e0fa7b1240:   d0 75 cd c3 66 2e 0f 1f 84 00 00 00 00 00 66 90
0x000074e0fa7b1250:   83 e9 01 48 89 f8 48 63 d2 48 8d 4c 8f 04 66 90
0x000074e0fa7b1260:   66 0f ef c0 48 83 c0 04 f2 0f 5a 06 48 01 d6 f3
0x000074e0fa7b1270:   0f 11 40 fc 48 39 c8 75 e7 c3 66 0f 1f 44 00 00
0x000074e0fa7b1280:   83 e9 01 48 89 f8 48 63 d2 48 8d 4c cf 08 66 90
0x000074e0fa7b1290:   66 0f ef c0 48 83 c0 08 f2 0f 5a 06 f3 0f 11 40
0x000074e0fa7b12a0:   f8 66 0f ef c0 f2 0f 5a 46 08 48 01 d6 f3 0f 11
0x000074e0fa7b12b0:   40 fc 48 39 c8 75 d9 c3 0f 1f 84 00 00 00 00 00
0x000074e0fa7b12c0:   83 e9 01 48 89 f8 48 63 d2 48 8d 4c 49 03 48 8d
0x000074e0fa7b12d0:   0c 8f 66 0f 1f 44 00 00 66 0f ef c0 48 83 c0 0c
0x000074e0fa7b12e0:   f2 0f 5a 06 f3 0f 11 40 f4 66 0f ef c0 f2 0f 5a
0x000074e0fa7b12f0:   46 08 f3 0f 11 40 f8 66 0f ef c0 f2 0f 5a 46 10
0x000074e0fa7b1300:   48 01 d6 f3 0f 11 40 fc 48 39 c8 75 cb c3 66 90 



---------------  P R O C E S S  ---------------

VM state: not at safepoint (normal execution)

VM Mutex/Monitor currently owned by a thread: None

Heap address: 0x0000000689400000, size: 5996 MB, Compressed Oops mode: Zero based, Oop shift amount: 3

CDS archive(s) mapped at: [0x000074e136000000-0x000074e136c74000-0x000074e136c74000), size 13058048, SharedBaseAddress: 0x000074e136000000, ArchiveRelocationMode: 1.
Compressed class space mapped at: 0x000074e137000000-0x000074e177000000, reserved size: 1073741824
Narrow klass base: 0x000074e136000000, Narrow klass shift: 0, Narrow klass range: 0x100000000

GC Precious Log:
<Skipped>

Heap:
 garbage-first heap   total reserved 6139904K, committed 389120K, used 19063K [0x0000000689400000, 0x0000000800000000)
  region size 4096K, 5 young (20480K), 1 survivors (4096K)
 Metaspace       used 9667K, committed 9856K, reserved 1114112K
  class space    used 543K, committed 640K, reserved 1048576K

Heap Regions: E=young(eden), S=young(survivor), O=old, HS=humongous(starts), HC=humongous(continues), CS=collection set, F=free, TAMS=top-at-mark-start, PB=parsable bottom
|   0|0x0000000689400000, 0x0000000689601350, 0x0000000689800000| 50%| O|  |TAMS 0x0000000689400000| PB 0x0000000689400000| Untracked |  0
|   1|0x0000000689800000, 0x0000000689800000, 0x0000000689c00000|  0%| F|  |TAMS 0x0000000689800000| PB 0x0000000689800000| Untracked |  0
|   2|0x0000000689c00000, 0x0000000689c00000, 0x000000068a000000|  0%| F|  |TAMS 0x0000000689c00000| PB 0x0000000689c00000| Untracked |  0
|   3|0x000000068a000000, 0x000000068a000000, 0x000000068a400000|  0%| F|  |TAMS 0x000000068a000000| PB 0x000000068a000000| Untracked |  0
|   4|0x000000068a400000, 0x000000068a400000, 0x000000068a800000|  0%| F|  |TAMS 0x000000068a400000| PB 0x000000068a400000| Untracked |  0
|   5|0x000000068a800000, 0x000000068a800000, 0x000000068ac00000|  0%| F|  |TAMS 0x000000068a800000| PB 0x000000068a800000| Untracked |  0
|   6|0x000000068ac00000, 0x000000068ac00000, 0x000000068b000000|  0%| F|  |TAMS 0x000000068ac00000| PB 0x000000068ac00000| Untracked |  0
|   7|0x000000068b000000, 0x000000068b000000, 0x000000068b400000|  0%| F|  |TAMS 0x000000068b000000| PB 0x000000068b000000| Untracked |  0
|   8|0x000000068b400000, 0x000000068b400000, 0x000000068b800000|  0%| F|  |TAMS 0x000000068b400000| PB 0x000000068b400000| Untracked |  0
|   9|0x000000068b800000, 0x000000068b800000, 0x000000068bc00000|  0%| F|  |TAMS 0x000000068b800000| PB 0x000000068b800000| Untracked |  0
|  10|0x000000068bc00000, 0x000000068bc00000, 0x000000068c000000|  0%| F|  |TAMS 0x000000068bc00000| PB 0x000000068bc00000| Untracked |  0
|  11|0x000000068c000000, 0x000000068c000000, 0x000000068c400000|  0%| F|  |TAMS 0x000000068c000000| PB 0x000000068c000000| Untracked |  0
|  12|0x000000068c400000, 0x000000068c400000, 0x000000068c800000|  0%| F|  |TAMS 0x000000068c400000| PB 0x000000068c400000| Untracked |  0
|  13|0x000000068c800000, 0x000000068c800000, 0x000000068cc00000|  0%| F|  |TAMS 0x000000068c800000| PB 0x000000068c800000| Untracked |  0
|  14|0x000000068cc00000, 0x000000068cc00000, 0x000000068d000000|  0%| F|  |TAMS 0x000000068cc00000| PB 0x000000068cc00000| Untracked |  0
|  15|0x000000068d000000, 0x000000068d000000, 0x000000068d400000|  0%| F|  |TAMS 0x000000068d000000| PB 0x000000068d000000| Untracked |  0
|  16|0x000000068d400000, 0x000000068d400000, 0x000000068d800000|  0%| F|  |TAMS 0x000000068d400000| PB 0x000000068d400000| Untracked |  0
|  17|0x000000068d800000, 0x000000068d800000, 0x000000068dc00000|  0%| F|  |TAMS 0x000000068d800000| PB 0x000000068d800000| Untracked |  0
|  18|0x000000068dc00000, 0x000000068dc00000, 0x000000068e000000|  0%| F|  |TAMS 0x000000068dc00000| PB 0x000000068dc00000| Untracked |  0
|  19|0x000000068e000000, 0x000000068e000000, 0x000000068e400000|  0%| F|  |TAMS 0x000000068e000000| PB 0x000000068e000000| Untracked |  0
|  20|0x000000068e400000, 0x000000068e400000, 0x000000068e800000|  0%| F|  |TAMS 0x000000068e400000| PB 0x000000068e400000| Untracked |  0
|  21|0x000000068e800000, 0x000000068e800000, 0x000000068ec00000|  0%| F|  |TAMS 0x000000068e800000| PB 0x000000068e800000| Untracked |  0
|  22|0x000000068ec00000, 0x000000068ec00000, 0x000000068f000000|  0%| F|  |TAMS 0x000000068ec00000| PB 0x000000068ec00000| Untracked |  0
|  23|0x000000068f000000, 0x000000068f000000, 0x000000068f400000|  0%| F|  |TAMS 0x000000068f000000| PB 0x000000068f000000| Untracked |  0
|  24|0x000000068f400000, 0x000000068f400000, 0x000000068f800000|  0%| F|  |TAMS 0x000000068f400000| PB 0x000000068f400000| Untracked |  0
|  25|0x000000068f800000, 0x000000068f800000, 0x000000068fc00000|  0%| F|  |TAMS 0x000000068f800000| PB 0x000000068f800000| Untracked |  0
|  26|0x000000068fc00000, 0x000000068fc00000, 0x0000000690000000|  0%| F|  |TAMS 0x000000068fc00000| PB 0x000000068fc00000| Untracked |  0
|  27|0x0000000690000000, 0x0000000690000000, 0x0000000690400000|  0%| F|  |TAMS 0x0000000690000000| PB 0x0000000690000000| Untracked |  0
|  28|0x0000000690400000, 0x0000000690400000, 0x0000000690800000|  0%| F|  |TAMS 0x0000000690400000| PB 0x0000000690400000| Untracked |  0
|  29|0x0000000690800000, 0x0000000690800000, 0x0000000690c00000|  0%| F|  |TAMS 0x0000000690800000| PB 0x0000000690800000| Untracked |  0
|  30|0x0000000690c00000, 0x0000000690c00000, 0x0000000691000000|  0%| F|  |TAMS 0x0000000690c00000| PB 0x0000000690c00000| Untracked |  0
|  31|0x0000000691000000, 0x0000000691000000, 0x0000000691400000|  0%| F|  |TAMS 0x0000000691000000| PB 0x0000000691000000| Untracked |  0
|  32|0x0000000691400000, 0x0000000691400000, 0x0000000691800000|  0%| F|  |TAMS 0x0000000691400000| PB 0x0000000691400000| Untracked |  0
|  33|0x0000000691800000, 0x0000000691800000, 0x0000000691c00000|  0%| F|  |TAMS 0x0000000691800000| PB 0x0000000691800000| Untracked |  0
|  34|0x0000000691c00000, 0x0000000691c00000, 0x0000000692000000|  0%| F|  |TAMS 0x0000000691c00000| PB 0x0000000691c00000| Untracked |  0
|  35|0x0000000692000000, 0x0000000692000000, 0x0000000692400000|  0%| F|  |TAMS 0x0000000692000000| PB 0x0000000692000000| Untracked |  0
|  36|0x0000000692400000, 0x0000000692400000, 0x0000000692800000|  0%| F|  |TAMS 0x0000000692400000| PB 0x0000000692400000| Untracked |  0
|  37|0x0000000692800000, 0x0000000692800000, 0x0000000692c00000|  0%| F|  |TAMS 0x0000000692800000| PB 0x0000000692800000| Untracked |  0
|  38|0x0000000692c00000, 0x0000000692d94350, 0x0000000693000000| 39%| S|CS|TAMS 0x0000000692c00000| PB 0x0000000692c00000| Complete |  0
|  39|0x0000000693000000, 0x0000000693000000, 0x0000000693400000|  0%| F|  |TAMS 0x0000000693000000| PB 0x0000000693000000| Untracked |  0
|  40|0x0000000693400000, 0x0000000693400000, 0x0000000693800000|  0%| F|  |TAMS 0x0000000693400000| PB 0x0000000693400000| Untracked |  0
|  41|0x0000000693800000, 0x0000000693800000, 0x0000000693c00000|  0%| F|  |TAMS 0x0000000693800000| PB 0x0000000693800000| Untracked |  0
|  42|0x0000000693c00000, 0x0000000693c00000, 0x0000000694000000|  0%| F|  |TAMS 0x0000000693c00000| PB 0x0000000693c00000| Untracked |  0
|  43|0x0000000694000000, 0x0000000694000000, 0x0000000694400000|  0%| F|  |TAMS 0x0000000694000000| PB 0x0000000694000000| Untracked |  0
|  44|0x0000000694400000, 0x0000000694400000, 0x0000000694800000|  0%| F|  |TAMS 0x0000000694400000| PB 0x0000000694400000| Untracked |  0
|  45|0x0000000694800000, 0x0000000694800000, 0x0000000694c00000|  0%| F|  |TAMS 0x0000000694800000| PB 0x0000000694800000| Untracked |  0
|  46|0x0000000694c00000, 0x0000000694c00000, 0x0000000695000000|  0%| F|  |TAMS 0x0000000694c00000| PB 0x0000000694c00000| Untracked |  0
|  47|0x0000000695000000, 0x0000000695000000, 0x0000000695400000|  0%| F|  |TAMS 0x0000000695000000| PB 0x0000000695000000| Untracked |  0
|  48|0x0000000695400000, 0x0000000695400000, 0x0000000695800000|  0%| F|  |TAMS 0x0000000695400000| PB 0x0000000695400000| Untracked |  0
|  49|0x0000000695800000, 0x0000000695800000, 0x0000000695c00000|  0%| F|  |TAMS 0x0000000695800000| PB 0x0000000695800000| Untracked |  0
|  50|0x0000000695c00000, 0x0000000695c00000, 0x0000000696000000|  0%| F|  |TAMS 0x0000000695c00000| PB 0x0000000695c00000| Untracked |  0
|  51|0x0000000696000000, 0x0000000696000000, 0x0000000696400000|  0%| F|  |TAMS 0x0000000696000000| PB 0x0000000696000000| Untracked |  0
|  52|0x0000000696400000, 0x0000000696400000, 0x0000000696800000|  0%| F|  |TAMS 0x0000000696400000| PB 0x0000000696400000| Untracked |  0
|  53|0x0000000696800000, 0x0000000696800000, 0x0000000696c00000|  0%| F|  |TAMS 0x0000000696800000| PB 0x0000000696800000| Untracked |  0
|  54|0x0000000696c00000, 0x0000000696c00000, 0x0000000697000000|  0%| F|  |TAMS 0x0000000696c00000| PB 0x0000000696c00000| Untracked |  0
|  55|0x0000000697000000, 0x0000000697000000, 0x0000000697400000|  0%| F|  |TAMS 0x0000000697000000| PB 0x0000000697000000| Untracked |  0
|  56|0x0000000697400000, 0x0000000697400000, 0x0000000697800000|  0%| F|  |TAMS 0x0000000697400000| PB 0x0000000697400000| Untracked |  0
|  57|0x0000000697800000, 0x0000000697800000, 0x0000000697c00000|  0%| F|  |TAMS 0x0000000697800000| PB 0x0000000697800000| Untracked |  0
|  58|0x0000000697c00000, 0x0000000697c00000, 0x0000000698000000|  0%| F|  |TAMS 0x0000000697c00000| PB 0x0000000697c00000| Untracked |  0
|  59|0x0000000698000000, 0x0000000698000000, 0x0000000698400000|  0%| F|  |TAMS 0x0000000698000000| PB 0x0000000698000000| Untracked |  0
|  60|0x0000000698400000, 0x0000000698400000, 0x0000000698800000|  0%| F|  |TAMS 0x0000000698400000| PB 0x0000000698400000| Untracked |  0
|  61|0x0000000698800000, 0x0000000698800000, 0x0000000698c00000|  0%| F|  |TAMS 0x0000000698800000| PB 0x0000000698800000| Untracked |  0
|  62|0x0000000698c00000, 0x0000000698c00000, 0x0000000699000000|  0%| F|  |TAMS 0x0000000698c00000| PB 0x0000000698c00000| Untracked |  0
|  63|0x0000000699000000, 0x0000000699000000, 0x0000000699400000|  0%| F|  |TAMS 0x0000000699000000| PB 0x0000000699000000| Untracked |  0
|  64|0x0000000699400000, 0x0000000699400000, 0x0000000699800000|  0%| F|  |TAMS 0x0000000699400000| PB 0x0000000699400000| Untracked |  0
|  65|0x0000000699800000, 0x0000000699800000, 0x0000000699c00000|  0%| F|  |TAMS 0x0000000699800000| PB 0x0000000699800000| Untracked |  0
|  66|0x0000000699c00000, 0x0000000699c00000, 0x000000069a000000|  0%| F|  |TAMS 0x0000000699c00000| PB 0x0000000699c00000| Untracked |  0
|  67|0x000000069a000000, 0x000000069a000000, 0x000000069a400000|  0%| F|  |TAMS 0x000000069a000000| PB 0x000000069a000000| Untracked |  0
|  68|0x000000069a400000, 0x000000069a400000, 0x000000069a800000|  0%| F|  |TAMS 0x000000069a400000| PB 0x000000069a400000| Untracked |  0
|  69|0x000000069a800000, 0x000000069a800000, 0x000000069ac00000|  0%| F|  |TAMS 0x000000069a800000| PB 0x000000069a800000| Untracked |  0
|  70|0x000000069ac00000, 0x000000069ac00000, 0x000000069b000000|  0%| F|  |TAMS 0x000000069ac00000| PB 0x000000069ac00000| Untracked |  0
|  71|0x000000069b000000, 0x000000069b000000, 0x000000069b400000|  0%| F|  |TAMS 0x000000069b000000| PB 0x000000069b000000| Untracked |  0
|  72|0x000000069b400000, 0x000000069b400000, 0x000000069b800000|  0%| F|  |TAMS 0x000000069b400000| PB 0x000000069b400000| Untracked |  0
|  73|0x000000069b800000, 0x000000069b800000, 0x000000069bc00000|  0%| F|  |TAMS 0x000000069b800000| PB 0x000000069b800000| Untracked |  0
|  74|0x000000069bc00000, 0x000000069bc00000, 0x000000069c000000|  0%| F|  |TAMS 0x000000069bc00000| PB 0x000000069bc00000| Untracked |  0
|  75|0x000000069c000000, 0x000000069c000000, 0x000000069c400000|  0%| F|  |TAMS 0x000000069c000000| PB 0x000000069c000000| Untracked |  0
|  76|0x000000069c400000, 0x000000069c400000, 0x000000069c800000|  0%| F|  |TAMS 0x000000069c400000| PB 0x000000069c400000| Untracked |  0
|  77|0x000000069c800000, 0x000000069c800000, 0x000000069cc00000|  0%| F|  |TAMS 0x000000069c800000| PB 0x000000069c800000| Untracked |  0
|  78|0x000000069cc00000, 0x000000069cc00000, 0x000000069d000000|  0%| F|  |TAMS 0x000000069cc00000| PB 0x000000069cc00000| Untracked |  0
|  79|0x000000069d000000, 0x000000069d000000, 0x000000069d400000|  0%| F|  |TAMS 0x000000069d000000| PB 0x000000069d000000| Untracked |  0
|  80|0x000000069d400000, 0x000000069d400000, 0x000000069d800000|  0%| F|  |TAMS 0x000000069d400000| PB 0x000000069d400000| Untracked |  0
|  81|0x000000069d800000, 0x000000069d800000, 0x000000069dc00000|  0%| F|  |TAMS 0x000000069d800000| PB 0x000000069d800000| Untracked |  0
|  82|0x000000069dc00000, 0x000000069dc00000, 0x000000069e000000|  0%| F|  |TAMS 0x000000069dc00000| PB 0x000000069dc00000| Untracked |  0
|  83|0x000000069e000000, 0x000000069e000000, 0x000000069e400000|  0%| F|  |TAMS 0x000000069e000000| PB 0x000000069e000000| Untracked |  0
|  84|0x000000069e400000, 0x000000069e400000, 0x000000069e800000|  0%| F|  |TAMS 0x000000069e400000| PB 0x000000069e400000| Untracked |  0
|  85|0x000000069e800000, 0x000000069e800000, 0x000000069ec00000|  0%| F|  |TAMS 0x000000069e800000| PB 0x000000069e800000| Untracked |  0
|  86|0x000000069ec00000, 0x000000069ec00000, 0x000000069f000000|  0%| F|  |TAMS 0x000000069ec00000| PB 0x000000069ec00000| Untracked |  0
|  87|0x000000069f000000, 0x000000069f000000, 0x000000069f400000|  0%| F|  |TAMS 0x000000069f000000| PB 0x000000069f000000| Untracked |  0
|  88|0x000000069f400000, 0x000000069f400000, 0x000000069f800000|  0%| F|  |TAMS 0x000000069f400000| PB 0x000000069f400000| Untracked |  0
|  89|0x000000069f800000, 0x000000069f800000, 0x000000069fc00000|  0%| F|  |TAMS 0x000000069f800000| PB 0x000000069f800000| Untracked |  0
|  90|0x000000069fc00000, 0x000000069fe00000, 0x00000006a0000000| 50%| E|  |TAMS 0x000000069fc00000| PB 0x000000069fc00000| Complete |  0
|  91|0x00000006a0000000, 0x00000006a0400000, 0x00000006a0400000|100%| E|CS|TAMS 0x00000006a0000000| PB 0x00000006a0000000| Complete |  0
|  92|0x00000006a0400000, 0x00000006a0800000, 0x00000006a0800000|100%| E|CS|TAMS 0x00000006a0400000| PB 0x00000006a0400000| Complete |  0
|  93|0x00000006a0800000, 0x00000006a0c00000, 0x00000006a0c00000|100%| E|CS|TAMS 0x00000006a0800000| PB 0x00000006a0800000| Complete |  0
|1498|0x00000007ffc00000, 0x00000007ffd086a8, 0x0000000800000000| 25%| O|  |TAMS 0x00000007ffc00000| PB 0x00000007ffc00000| Untracked |  0

Card table byte_map: [0x000074e1b02ba000,0x000074e1b0e70000] _byte_map_base: 0x000074e1ace70000

Marking Bits: (CMBitMap*) 0x000074e1ac0b3580
 Bits: [0x000074e18ee50000, 0x000074e194c00000)

Polling page: 0x000074e1b405b000

Metaspace:

Usage:
  Non-class:      8,91 MB used.
      Class:    543,27 KB used.
       Both:      9,44 MB used.

Virtual space:
  Non-class space:       64,00 MB reserved,       9,00 MB ( 14%) committed,  1 nodes.
      Class space:        1,00 GB reserved,     640,00 KB ( <1%) committed,  1 nodes.
             Both:        1,06 GB reserved,       9,62 MB ( <1%) committed. 

Chunk freelists:
   Non-Class:  5,88 MB
       Class:  15,39 MB
        Both:  21,26 MB

MaxMetaspaceSize: unlimited
CompressedClassSpaceSize: 1,00 GB
Initial GC threshold: 21,00 MB
Current GC threshold: 21,00 MB
CDS: on
 - commit_granule_bytes: 65536.
 - commit_granule_words: 8192.
 - virtual_space_node_default_size: 8388608.
 - enlarge_chunks_in_place: 1.
 - use_allocation_guard: 0.


Internal statistics:

num_allocs_failed_limit: 0.
num_arena_births: 150.
num_arena_deaths: 0.
num_vsnodes_births: 2.
num_vsnodes_deaths: 0.
num_space_committed: 153.
num_space_uncommitted: 0.
num_chunks_returned_to_freelist: 0.
num_chunks_taken_from_freelist: 421.
num_chunk_merges: 0.
num_chunk_splits: 308.
num_chunks_enlarged: 230.
num_inconsistent_stats: 0.

CodeHeap 'non-profiled nmethods': size=120032Kb used=654Kb max_used=654Kb free=119377Kb
 bounds [0x000074e19c6c8000, 0x000074e19c938000, 0x000074e1a3c00000]
CodeHeap 'profiled nmethods': size=120028Kb used=3423Kb max_used=3423Kb free=116605Kb
 bounds [0x000074e194c00000, 0x000074e194f60000, 0x000074e19c137000]
CodeHeap 'non-nmethods': size=5700Kb used=2288Kb max_used=2315Kb free=3411Kb
 bounds [0x000074e19c137000, 0x000074e19c3a7000, 0x000074e19c6c8000]
 total_blobs=3083 nmethods=1854 adapters=1135
 compilation: enabled
              stopped_count=0, restarted_count=0
 full_count=0

Compilation events (20 events):
Event: 59,516 Thread 0x000074e1ac1677b0 1843       4       java.lang.AbstractStringBuilder::append (77 bytes)
Event: 59,523 Thread 0x000074e1ac1677b0 nmethod 1843 0x000074e19c768b90 code [0x000074e19c768d60, 0x000074e19c7694b0]
Event: 59,566 Thread 0x000074e1ac1677b0 1844       4       org.lwjgl.system.MemoryUtil::memASCII (11 bytes)
Event: 59,571 Thread 0x000074e1ac1677b0 nmethod 1844 0x000074e19c769810 code [0x000074e19c7699a0, 0x000074e19c769d10]
Event: 59,615 Thread 0x000074e1ac1677b0 1845       4       org.lwjgl.system.StructBuffer::get (21 bytes)
Event: 59,616 Thread 0x000074e1ac1677b0 nmethod 1845 0x000074e19c76a090 code [0x000074e19c76a220, 0x000074e19c76a3e0]
Event: 59,664 Thread 0x000074e1ac168ec0 1846   !   3       org.lwjgl.assimp.Assimp::aiImportFile (52 bytes)
Event: 59,666 Thread 0x000074e1ac168ec0 nmethod 1846 0x000074e194f4ff90 code [0x000074e194f502c0, 0x000074e194f517e0]
Event: 59,666 Thread 0x000074e1ac168ec0 1847       3       org.lwjgl.assimp.AIMesh::create (20 bytes)
Event: 59,666 Thread 0x000074e1ac168ec0 nmethod 1847 0x000074e194f52210 code [0x000074e194f523c0, 0x000074e194f526e0]
Event: 59,666 Thread 0x000074e1ac168ec0 1848       3       net.minecraftrecreation.render.scene.objects.ModelLoader::processMesh (52 bytes)
Event: 59,666 Thread 0x000074e1ac168ec0 nmethod 1848 0x000074e194f52810 code [0x000074e194f52a00, 0x000074e194f52dd0]
Event: 59,712 Thread 0x000074e1ac1677b0 1849       4       org.lwjgl.system.MemoryStack::ncalloc (25 bytes)
Event: 59,712 Thread 0x000074e1ac168ec0 1850       3       java.lang.ref.ReferenceQueue::poll0 (65 bytes)
Event: 59,712 Thread 0x000074e1ac168ec0 nmethod 1850 0x000074e194f53010 code [0x000074e194f531e0, 0x000074e194f536d8]
Event: 59,715 Thread 0x000074e1ac168ec0 1852       3       sun.net.www.protocol.jar.Handler::parseURL (173 bytes)
Event: 59,715 Thread 0x000074e1ac168ec0 nmethod 1852 0x000074e194f53810 code [0x000074e194f53aa0, 0x000074e194f544e0]
Event: 59,715 Thread 0x000074e1ac168ec0 1853       3       sun.net.www.protocol.jar.Handler::indexOfBangSlash (52 bytes)
Event: 59,716 Thread 0x000074e1ac168ec0 nmethod 1853 0x000074e194f54990 code [0x000074e194f54c00, 0x000074e194f556a0]
Event: 59,716 Thread 0x000074e1ac168ec0 1854       3       java.net.URLStreamHandler::setURL (159 bytes)

GC Heap History (10 events):
Event: 31,820 GC heap before
{Heap before GC invocations=0 (full 0):
 garbage-first heap   total reserved 6139904K, committed 389120K, used 13345K [0x0000000689400000, 0x0000000800000000)
  region size 4096K, 4 young (16384K), 0 survivors (0K)
 Metaspace       used 5528K, committed 5760K, reserved 1114112K
  class space    used 343K, committed 448K, reserved 1048576K
}
Event: 31,823 GC heap after
{Heap after GC invocations=1 (full 0):
 garbage-first heap   total reserved 6139904K, committed 389120K, used 3422K [0x0000000689400000, 0x0000000800000000)
  region size 4096K, 1 young (4096K), 1 survivors (4096K)
 Metaspace       used 5528K, committed 5760K, reserved 1114112K
  class space    used 343K, committed 448K, reserved 1048576K
}
Event: 58,588 GC heap before
{Heap before GC invocations=1 (full 0):
 garbage-first heap   total reserved 6139904K, committed 389120K, used 19806K [0x0000000689400000, 0x0000000800000000)
  region size 4096K, 6 young (24576K), 1 survivors (4096K)
 Metaspace       used 9452K, committed 9728K, reserved 1114112K
  class space    used 538K, committed 640K, reserved 1048576K
}
Event: 58,591 GC heap after
{Heap after GC invocations=2 (full 0):
 garbage-first heap   total reserved 6139904K, committed 389120K, used 4610K [0x0000000689400000, 0x0000000800000000)
  region size 4096K, 1 young (4096K), 1 survivors (4096K)
 Metaspace       used 9452K, committed 9728K, reserved 1114112K
  class space    used 538K, committed 640K, reserved 1048576K
}
Event: 58,877 GC heap before
{Heap before GC invocations=2 (full 0):
 garbage-first heap   total reserved 6139904K, committed 389120K, used 66050K [0x0000000689400000, 0x0000000800000000)
  region size 4096K, 16 young (65536K), 1 survivors (4096K)
 Metaspace       used 9529K, committed 9728K, reserved 1114112K
  class space    used 538K, committed 640K, reserved 1048576K
}
Event: 58,879 GC heap after
{Heap after GC invocations=3 (full 0):
 garbage-first heap   total reserved 6139904K, committed 389120K, used 4582K [0x0000000689400000, 0x0000000800000000)
  region size 4096K, 1 young (4096K), 1 survivors (4096K)
 Metaspace       used 9529K, committed 9728K, reserved 1114112K
  class space    used 538K, committed 640K, reserved 1048576K
}
Event: 59,397 GC heap before
{Heap before GC invocations=3 (full 0):
 garbage-first heap   total reserved 6139904K, committed 389120K, used 229862K [0x0000000689400000, 0x0000000800000000)
  region size 4096K, 56 young (229376K), 1 survivors (4096K)
 Metaspace       used 9604K, committed 9856K, reserved 1114112K
  class space    used 538K, committed 640K, reserved 1048576K
}
Event: 59,399 GC heap after
{Heap after GC invocations=4 (full 0):
 garbage-first heap   total reserved 6139904K, committed 389120K, used 4693K [0x0000000689400000, 0x0000000800000000)
  region size 4096K, 1 young (4096K), 1 survivors (4096K)
 Metaspace       used 9604K, committed 9856K, reserved 1114112K
  class space    used 538K, committed 640K, reserved 1048576K
}
Event: 59,694 GC heap before
{Heap before GC invocations=4 (full 0):
 garbage-first heap   total reserved 6139904K, committed 389120K, used 229973K [0x0000000689400000, 0x0000000800000000)
  region size 4096K, 56 young (229376K), 1 survivors (4096K)
 Metaspace       used 9628K, committed 9856K, reserved 1114112K
  class space    used 538K, committed 640K, reserved 1048576K
}
Event: 59,695 GC heap after
{Heap after GC invocations=5 (full 0):
 garbage-first heap   total reserved 6139904K, committed 389120K, used 4727K [0x0000000689400000, 0x0000000800000000)
  region size 4096K, 1 young (4096K), 1 survivors (4096K)
 Metaspace       used 9628K, committed 9856K, reserved 1114112K
  class space    used 538K, committed 640K, reserved 1048576K
}

Dll operation events (13 events):
Event: 0,002 Loaded shared library /home/denis0001/.jdks/openjdk-22/lib/libjava.so
Event: 0,002 Loaded shared library /home/denis0001/.jdks/openjdk-22/lib/libzip.so
Event: 0,030 Loaded shared library /home/denis0001/.jdks/openjdk-22/lib/libjsvml.so
Event: 0,094 Loaded shared library /home/denis0001/.jdks/openjdk-22/lib/libinstrument.so
Event: 0,119 Loaded shared library /home/denis0001/.jdks/openjdk-22/lib/libnio.so
Event: 0,128 Loaded shared library /home/denis0001/.jdks/openjdk-22/lib/libzip.so
Event: 0,238 Loaded shared library /home/denis0001/.jdks/openjdk-22/lib/libjimage.so
Event: 0,255 Loaded shared library /home/denis0001/.jdks/openjdk-22/lib/libnet.so
Event: 0,269 Loaded shared library /tmp/lwjgldenis0001/3.1.1-build-16/liblwjgl.so
Event: 14,633 Loaded shared library /home/denis0001/.jdks/openjdk-22/lib/libverify.so
Event: 14,651 Loaded shared library /tmp/lwjgldenis0001/3.1.1-build-16/liblwjgl_opengl.so
Event: 33,797 Loaded shared library /tmp/imgui-java-natives/1.86.11/libimgui-java64.so
Event: 33,897 Loaded shared library /tmp/lwjgldenis0001/3.1.1-build-16/liblwjgl_stb.so

Deoptimization events (20 events):
Event: 58,673 Thread 0x000074e1ac02d040 DEOPT PACKING pc=0x000074e19c7564a8 sp=0x000074e1b3bfe1e0
Event: 58,673 Thread 0x000074e1ac02d040 DEOPT UNPACKING pc=0x000074e19c18af99 sp=0x000074e1b3bfe180 mode 2
Event: 58,673 Thread 0x000074e1ac02d040 Uncommon trap: trap_request=0xffffff66 fr.pc=0x000074e19c7564a8 relative=0x0000000000000208
Event: 58,673 Thread 0x000074e1ac02d040 Uncommon trap: reason=speculate_class_check action=maybe_recompile pc=0x000074e19c7564a8 method=org.lwjgl.system.MemoryAccess$MemoryAccessorUnsafe.setup(Ljava/lang/Class;JI)Ljava/nio/Buffer; @ 53 c2
Event: 58,673 Thread 0x000074e1ac02d040 DEOPT PACKING pc=0x000074e19c7564a8 sp=0x000074e1b3bfe1e0
Event: 58,673 Thread 0x000074e1ac02d040 DEOPT UNPACKING pc=0x000074e19c18af99 sp=0x000074e1b3bfe180 mode 2
Event: 58,673 Thread 0x000074e1ac02d040 Uncommon trap: trap_request=0xffffff66 fr.pc=0x000074e19c7564a8 relative=0x0000000000000208
Event: 58,673 Thread 0x000074e1ac02d040 Uncommon trap: reason=speculate_class_check action=maybe_recompile pc=0x000074e19c7564a8 method=org.lwjgl.system.MemoryAccess$MemoryAccessorUnsafe.setup(Ljava/lang/Class;JI)Ljava/nio/Buffer; @ 53 c2
Event: 58,673 Thread 0x000074e1ac02d040 DEOPT PACKING pc=0x000074e19c7564a8 sp=0x000074e1b3bfe1e0
Event: 58,673 Thread 0x000074e1ac02d040 DEOPT UNPACKING pc=0x000074e19c18af99 sp=0x000074e1b3bfe180 mode 2
Event: 58,673 Thread 0x000074e1ac02d040 Uncommon trap: trap_request=0xffffff66 fr.pc=0x000074e19c7564a8 relative=0x0000000000000208
Event: 58,673 Thread 0x000074e1ac02d040 Uncommon trap: reason=speculate_class_check action=maybe_recompile pc=0x000074e19c7564a8 method=org.lwjgl.system.MemoryAccess$MemoryAccessorUnsafe.setup(Ljava/lang/Class;JI)Ljava/nio/Buffer; @ 53 c2
Event: 58,673 Thread 0x000074e1ac02d040 DEOPT PACKING pc=0x000074e19c7564a8 sp=0x000074e1b3bfe1e0
Event: 58,673 Thread 0x000074e1ac02d040 DEOPT UNPACKING pc=0x000074e19c18af99 sp=0x000074e1b3bfe180 mode 2
Event: 58,904 Thread 0x000074e1ac02d040 DEOPT PACKING pc=0x000074e194ed8a75 sp=0x000074e1b3bfe3f0
Event: 58,904 Thread 0x000074e1ac02d040 DEOPT UNPACKING pc=0x000074e19c18b72f sp=0x000074e1b3bfd9b8 mode 0
Event: 59,715 Thread 0x000074e1ac02d040 Uncommon trap: trap_request=0xffffff45 fr.pc=0x000074e19c7589f8 relative=0x0000000000000158
Event: 59,715 Thread 0x000074e1ac02d040 Uncommon trap: reason=unstable_if action=reinterpret pc=0x000074e19c7589f8 method=java.lang.Class.reflectionData()Ljava/lang/Class$ReflectionData; @ 11 c2
Event: 59,715 Thread 0x000074e1ac02d040 DEOPT PACKING pc=0x000074e19c7589f8 sp=0x000074e1b3bfda90
Event: 59,715 Thread 0x000074e1ac02d040 DEOPT UNPACKING pc=0x000074e19c18af99 sp=0x000074e1b3bfda48 mode 2

Classes loaded (20 events):
Event: 58,406 Loading class net/minecraftrecreation/render/scene/objects/Mesh
Event: 58,406 Loading class net/minecraftrecreation/render/scene/objects/Mesh done
Event: 58,406 Loading class net/minecraftrecreation/render/scene/objects/Model
Event: 58,406 Loading class net/minecraftrecreation/render/scene/objects/Model done
Event: 58,407 Loading class java/util/regex/Pattern$SliceS
Event: 58,407 Loading class java/util/regex/Pattern$SliceS done
Event: 59,713 Loading class net/minecraftrecreation/render/scene/light/SceneLights
Event: 59,713 Loading class net/minecraftrecreation/render/scene/light/SceneLights done
Event: 59,713 Loading class net/minecraftrecreation/render/scene/light/AmbientLight
Event: 59,713 Loading class net/minecraftrecreation/render/scene/light/AmbientLight done
Event: 59,713 Loading class net/minecraftrecreation/render/scene/light/DirectionalLight
Event: 59,713 Loading class net/minecraftrecreation/render/scene/light/DirectionalLight done
Event: 59,714 Loading class net/minecraftrecreation/render/scene/light/PointLight
Event: 59,714 Loading class net/minecraftrecreation/render/scene/light/PointLight done
Event: 59,714 Loading class net/minecraftrecreation/render/scene/light/PointLight$Attenuation
Event: 59,714 Loading class net/minecraftrecreation/render/scene/light/PointLight$Attenuation done
Event: 59,714 Loading class net/minecraftrecreation/render/scene/light/SpotLight
Event: 59,714 Loading class net/minecraftrecreation/render/scene/light/SpotLight done
Event: 59,715 Loading class org/joml/Runtime
Event: 59,715 Loading class org/joml/Runtime done

Classes unloaded (0 events):
No events

Classes redefined (0 events):
No events

Internal exceptions (20 events):
Event: 0,101 Thread 0x000074e1ac02d040 Exception <a 'java/lang/NoSuchMethodError'{0x00000006a0a40818}: 'java.lang.Object java.lang.invoke.Invokers$Holder.invokeExact_MT(java.lang.Object, java.lang.Object, java.lang.Object, java.lang.Object, java.lang.Object)'> (0x00000006a0a40818) 
thrown [open/src/hotspot/share/interpreter/linkResolver.cpp, line 773]
Event: 2,071 Thread 0x000074e1ac02d040 Exception <a 'java/lang/ClassNotFoundException'{0x00000006a07bb780}: com/intellij/rt/debugger/BatchEvaluatorServer> (0x00000006a07bb780) 
thrown [open/src/hotspot/share/classfile/systemDictionary.cpp, line 313]
Event: 14,620 Thread 0x000074e1ac02d040 Exception <a 'java/lang/NoSuchMethodError'{0x00000006a07cda18}: 'void java.lang.invoke.DirectMethodHandle$Holder.invokeStatic(java.lang.Object, int, long)'> (0x00000006a07cda18) 
thrown [open/src/hotspot/share/interpreter/linkResolver.cpp, line 773]
Event: 14,667 Thread 0x000074e1ac02d040 Exception <a 'sun/nio/fs/UnixException'{0x00000006a0053c40}> (0x00000006a0053c40) 
thrown [open/src/hotspot/share/prims/jni.cpp, line 520]
Event: 24,089 Thread 0x000074e1ac02d040 Exception <a 'sun/nio/fs/UnixException'{0x00000006a0058880}> (0x00000006a0058880) 
thrown [open/src/hotspot/share/prims/jni.cpp, line 520]
Event: 27,445 Thread 0x000074e1ac02d040 Exception <a 'sun/nio/fs/UnixException'{0x00000006a00595d8}> (0x00000006a00595d8) 
thrown [open/src/hotspot/share/prims/jni.cpp, line 520]
Event: 28,989 Thread 0x000074e1ac02d040 Exception <a 'sun/nio/fs/UnixException'{0x00000006a005a300}> (0x00000006a005a300) 
thrown [open/src/hotspot/share/prims/jni.cpp, line 520]
Event: 29,906 Thread 0x000074e1ac02d040 Exception <a 'sun/nio/fs/UnixException'{0x00000006a005afe8}> (0x00000006a005afe8) 
thrown [open/src/hotspot/share/prims/jni.cpp, line 520]
Event: 30,732 Thread 0x000074e1ac02d040 Exception <a 'sun/nio/fs/UnixException'{0x00000006a005bcc8}> (0x00000006a005bcc8) 
thrown [open/src/hotspot/share/prims/jni.cpp, line 520]
Event: 31,805 Thread 0x000074e1ac02d040 Exception <a 'java/lang/NoSuchMethodError'{0x000000069ffac240}: 'long java.lang.invoke.DelegatingMethodHandle$Holder.reinvoke_L(java.lang.Object, java.lang.Object)'> (0x000000069ffac240) 
thrown [open/src/hotspot/share/interpreter/linkResolver.cpp, line 773]
Event: 31,806 Thread 0x000074e1ac02d040 Exception <a 'java/lang/NoSuchMethodError'{0x000000069ffb2688}: 'long java.lang.invoke.Invokers$Holder.invokeExact_MT(java.lang.Object, java.lang.Object, java.lang.Object)'> (0x000000069ffb2688) 
thrown [open/src/hotspot/share/interpreter/linkResolver.cpp, line 773]
Event: 31,868 Thread 0x000074e1ac02d040 Exception <a 'java/lang/NoSuchMethodError'{0x00000006a09bc1e0}: 'java.lang.Object java.lang.invoke.DirectMethodHandle$Holder.invokeStatic(java.lang.Object, java.lang.Object, int)'> (0x00000006a09bc1e0) 
thrown [open/src/hotspot/share/interpreter/linkResolver.cpp, line 773]
Event: 31,871 Thread 0x000074e1ac02d040 Exception <a 'java/lang/NoSuchMethodError'{0x00000006a09c76d8}: 'void java.lang.invoke.DirectMethodHandle$Holder.invokeSpecial(java.lang.Object, java.lang.Object, java.lang.Object)'> (0x00000006a09c76d8) 
thrown [open/src/hotspot/share/interpreter/linkResolver.cpp, line 773]
Event: 31,872 Thread 0x000074e1ac02d040 Exception <a 'java/lang/NoSuchMethodError'{0x00000006a09cd3d0}: 'void java.lang.invoke.DirectMethodHandle$Holder.invokeStatic(java.lang.Object, int)'> (0x00000006a09cd3d0) 
thrown [open/src/hotspot/share/interpreter/linkResolver.cpp, line 773]
Event: 33,816 Thread 0x000074e1ac02d040 Exception <a 'java/lang/NoSuchMethodError'{0x00000006a0ae3cf8}: 'void java.lang.invoke.DirectMethodHandle$Holder.invokeStatic(java.lang.Object, java.lang.Object, long, int)'> (0x00000006a0ae3cf8) 
thrown [open/src/hotspot/share/interpreter/linkResolver.cpp, line 773]
Event: 34,150 Thread 0x000074e1ac02d040 Exception <a 'java/lang/NoSuchMethodError'{0x00000006a01222d0}: 'long java.lang.invoke.DirectMethodHandle$Holder.invokeSpecial(java.lang.Object, java.lang.Object)'> (0x00000006a01222d0) 
thrown [open/src/hotspot/share/interpreter/linkResolver.cpp, line 773]
Event: 34,151 Thread 0x000074e1ac02d040 Exception <a 'java/lang/NoSuchMethodError'{0x00000006a01256e8}: 'long java.lang.invoke.Invokers$Holder.invokeExact_MT(java.lang.Object, java.lang.Object)'> (0x00000006a01256e8) 
thrown [open/src/hotspot/share/interpreter/linkResolver.cpp, line 773]
Event: 55,515 Thread 0x000074e1ac02d040 Exception <a 'java/lang/NoSuchMethodError'{0x00000006a017d190}: static Lnet/minecraftrecreation/world/block/Stone;.<clinit>()V> (0x00000006a017d190) 
thrown [open/src/hotspot/share/prims/jni.cpp, line 1111]
Event: 58,271 Thread 0x000074e1ac02d040 Exception <a 'java/lang/NoSuchMethodError'{0x00000006a018ed30}: static Lnet/minecraftrecreation/world/block/GrassBlock;.<clinit>()V> (0x00000006a018ed30) 
thrown [open/src/hotspot/share/prims/jni.cpp, line 1111]
Event: 59,715 Thread 0x000074e1ac02d040 Implicit null exception at 0x000074e19c7588e9 to 0x000074e19c7589e4

ZGC Phase Switch (0 events):
No events

VM Operations (20 events):
Event: 57,403 Executing VM operation: get/set locals
Event: 57,403 Executing VM operation: get/set locals done
Event: 57,689 Executing VM operation: get/set locals
Event: 57,689 Executing VM operation: get/set locals done
Event: 57,690 Executing VM operation: get/set locals
Event: 57,690 Executing VM operation: get/set locals done
Event: 57,690 Executing VM operation: get/set locals
Event: 57,690 Executing VM operation: get/set locals done
Event: 57,690 Executing VM operation: get/set locals
Event: 57,690 Executing VM operation: get/set locals done
Event: 57,691 Executing VM operation: get/set locals
Event: 57,691 Executing VM operation: get/set locals done
Event: 58,588 Executing VM operation: G1CollectForAllocation (G1 Evacuation Pause)
Event: 58,591 Executing VM operation: G1CollectForAllocation (G1 Evacuation Pause) done
Event: 58,877 Executing VM operation: G1CollectForAllocation (G1 Evacuation Pause)
Event: 58,879 Executing VM operation: G1CollectForAllocation (G1 Evacuation Pause) done
Event: 59,397 Executing VM operation: G1CollectForAllocation (G1 Evacuation Pause)
Event: 59,399 Executing VM operation: G1CollectForAllocation (G1 Evacuation Pause) done
Event: 59,694 Executing VM operation: G1CollectForAllocation (G1 Evacuation Pause)
Event: 59,695 Executing VM operation: G1CollectForAllocation (G1 Evacuation Pause) done

Events (20 events):
Event: 0,029 Protecting memory [0x000074e177e00000,0x000074e177e04000] with protection modes 0
Event: 0,046 Thread 0x000074e1ac1bb6a0 Thread added: 0x000074e1ac1bb6a0
Event: 0,051 Protecting memory [0x000074e177c30000,0x000074e177c34000] with protection modes 0
Event: 0,074 Thread 0x000074e1ac228880 Thread added: 0x000074e1ac228880
Event: 0,074 Protecting memory [0x000074e177b30000,0x000074e177b34000] with protection modes 0
Event: 0,074 Thread 0x000074e1ac23c780 Thread added: 0x000074e1ac23c780
Event: 0,074 Protecting memory [0x000074e177a30000,0x000074e177a34000] with protection modes 0
Event: 0,075 Thread 0x000074e108001080 Thread added: 0x000074e108001080
Event: 0,075 Protecting memory [0x000074e177930000,0x000074e177934000] with protection modes 0
Event: 0,111 Thread 0x000074e1ac254410 Thread added: 0x000074e1ac254410
Event: 0,124 Protecting memory [0x000074e177830000,0x000074e177834000] with protection modes 0
Event: 31,810 Thread 0x000074e110343ba0 Thread added: 0x000074e110343ba0
Event: 31,810 Protecting memory [0x000074e135b00000,0x000074e135b04000] with protection modes 0
Event: 33,751 Thread 0x000074e110343ba0 Thread exited: 0x000074e110343ba0
Event: 33,931 Thread 0x000074e10c03d0a0 Thread added: 0x000074e10c03d0a0
Event: 33,931 Protecting memory [0x000074e135b00000,0x000074e135b04000] with protection modes 0
Event: 39,150 Thread 0x000074e10c03d0a0 Thread exited: 0x000074e10c03d0a0
Event: 58,501 Thread 0x000074e11008a380 Thread added: 0x000074e11008a380
Event: 58,501 Protecting memory [0x000074e135b00000,0x000074e135b04000] with protection modes 0
Event: 59,160 Thread 0x000074e11008a380 Thread exited: 0x000074e11008a380


Dynamic libraries:
4013f000-40141000 r-xs 00000000 00:01 4311                               /memfd:/.glXXXXXX (deleted)
41605000-416b4000 rw-p 00000000 00:00 0 
689400000-6a0c00000 rw-p 00000000 00:00 0 
6a0c00000-7ffc00000 ---p 00000000 00:00 0 
7ffc00000-7ffd09000 rw-p 00cb3000 08:03 3539186                          /home/denis0001/.jdks/openjdk-22/lib/server/classes.jsa
7ffd09000-800000000 rw-p 00000000 00:00 0 
5fa0cfc8e000-5fa0cfc8f000 r-xp 00000000 08:03 3443829                    /home/denis0001/.jdks/openjdk-22/bin/java
5fa0cfc90000-5fa0cfc91000 r--p 00001000 08:03 3443829                    /home/denis0001/.jdks/openjdk-22/bin/java
5fa0cfc91000-5fa0cfc92000 rw-p 00002000 08:03 3443829                    /home/denis0001/.jdks/openjdk-22/bin/java
5fa0d1aaf000-5fa0d1af7000 rw-p 00000000 00:00 0                          [heap]
74e0dc000000-74e0dc021000 rw-p 00000000 00:00 0 
74e0dc021000-74e0e0000000 ---p 00000000 00:00 0 
74e0e0000000-74e0e0021000 rw-p 00000000 00:00 0 
74e0e0021000-74e0e4000000 ---p 00000000 00:00 0 
74e0e4000000-74e0e41f7000 rw-p 00000000 00:00 0 
74e0e41f7000-74e0e8000000 ---p 00000000 00:00 0 
74e0e8000000-74e0e8021000 rw-p 00000000 00:00 0 
74e0e8021000-74e0ec000000 ---p 00000000 00:00 0 
74e0ec000000-74e0ec5e2000 rw-p 00000000 00:00 0 
74e0ec5e2000-74e0f0000000 ---p 00000000 00:00 0 
74e0f0400000-74e0f0ac1000 r-xp 00000000 08:03 437560                     /tmp/lwjgldenis0001/3.1.1-build-16/libassimp.so
74e0f0ac1000-74e0f0cc0000 ---p 006c1000 08:03 437560                     /tmp/lwjgldenis0001/3.1.1-build-16/libassimp.so
74e0f0cc0000-74e0f0d87000 r--p 006c0000 08:03 437560                     /tmp/lwjgldenis0001/3.1.1-build-16/libassimp.so
74e0f0d87000-74e0f0d8a000 rw-p 00787000 08:03 437560                     /tmp/lwjgldenis0001/3.1.1-build-16/libassimp.so
74e0f0d8a000-74e0f0d8f000 rw-p 00000000 00:00 0 
74e0f0e00000-74e0f0e59000 r-xp 00000000 08:03 432787                     /tmp/lwjgldenis0001/3.1.1-build-16/liblwjgl_stb.so
74e0f0e59000-74e0f1059000 ---p 00059000 08:03 432787                     /tmp/lwjgldenis0001/3.1.1-build-16/liblwjgl_stb.so
74e0f1059000-74e0f105a000 r--p 00059000 08:03 432787                     /tmp/lwjgldenis0001/3.1.1-build-16/liblwjgl_stb.so
74e0f105a000-74e0f105b000 rw-p 0005a000 08:03 432787                     /tmp/lwjgldenis0001/3.1.1-build-16/liblwjgl_stb.so
74e0f105b000-74e0f105c000 rw-p 00000000 00:00 0 
74e0f1200000-74e0f129a000 r--p 00000000 08:03 30076                      /usr/lib/x86_64-linux-gnu/libstdc++.so.6.0.30
74e0f129a000-74e0f13ab000 r-xp 0009a000 08:03 30076                      /usr/lib/x86_64-linux-gnu/libstdc++.so.6.0.30
74e0f13ab000-74e0f141a000 r--p 001ab000 08:03 30076                      /usr/lib/x86_64-linux-gnu/libstdc++.so.6.0.30
74e0f141a000-74e0f141b000 ---p 0021a000 08:03 30076                      /usr/lib/x86_64-linux-gnu/libstdc++.so.6.0.30
74e0f141b000-74e0f1426000 r--p 0021a000 08:03 30076                      /usr/lib/x86_64-linux-gnu/libstdc++.so.6.0.30
74e0f1426000-74e0f1429000 rw-p 00225000 08:03 30076                      /usr/lib/x86_64-linux-gnu/libstdc++.so.6.0.30
74e0f1429000-74e0f142c000 rw-p 00000000 00:00 0 
74e0f1600000-74e0f363a000 r-xp 00000000 08:03 28068                      /usr/lib/x86_64-linux-gnu/libnvidia-glvkspirv.so.535.171.04
74e0f363a000-74e0f383a000 ---p 0203a000 08:03 28068                      /usr/lib/x86_64-linux-gnu/libnvidia-glvkspirv.so.535.171.04
74e0f383a000-74e0f3e56000 r--p 0203a000 08:03 28068                      /usr/lib/x86_64-linux-gnu/libnvidia-glvkspirv.so.535.171.04
74e0f3e56000-74e0f3ee5000 rw-p 02656000 08:03 28068                      /usr/lib/x86_64-linux-gnu/libnvidia-glvkspirv.so.535.171.04
74e0f3ee5000-74e0f3f38000 rw-p 00000000 00:00 0 
74e0f4000000-74e0f4021000 rw-p 00000000 00:00 0 
74e0f4021000-74e0f8000000 ---p 00000000 00:00 0 
74e0f8200000-74e0f8295000 r--p 00000000 08:03 437559                     /tmp/imgui-java-natives/1.86.11/libimgui-java64.so
74e0f8295000-74e0f8676000 r-xp 00095000 08:03 437559                     /tmp/imgui-java-natives/1.86.11/libimgui-java64.so
74e0f8676000-74e0f8702000 r--p 00476000 08:03 437559                     /tmp/imgui-java-natives/1.86.11/libimgui-java64.so
74e0f8702000-74e0f8703000 ---p 00502000 08:03 437559                     /tmp/imgui-java-natives/1.86.11/libimgui-java64.so
74e0f8703000-74e0f8708000 r--p 00502000 08:03 437559                     /tmp/imgui-java-natives/1.86.11/libimgui-java64.so
74e0f8708000-74e0f8714000 rw-p 00507000 08:03 437559                     /tmp/imgui-java-natives/1.86.11/libimgui-java64.so
74e0f8714000-74e0f8f44000 rw-p 00000000 00:00 0 
74e0f90ff000-74e0f9100000 ---p 00000000 00:00 0 
74e0f9100000-74e0f9200000 rw-p 00000000 00:00 0 
74e0f9200000-74e0f94d8000 r-xp 00000000 08:03 28065                      /usr/lib/x86_64-linux-gnu/libnvidia-glcore.so.535.171.04
74e0f94d8000-74e0f94f9000 rwxp 002d8000 08:03 28065                      /usr/lib/x86_64-linux-gnu/libnvidia-glcore.so.535.171.04
74e0f94f9000-74e0fbb97000 r-xp 002f9000 08:03 28065                      /usr/lib/x86_64-linux-gnu/libnvidia-glcore.so.535.171.04
74e0fbb97000-74e0fbb98000 ---p 02997000 08:03 28065                      /usr/lib/x86_64-linux-gnu/libnvidia-glcore.so.535.171.04
74e0fbb98000-74e0fbd6b000 r--p 02997000 08:03 28065                      /usr/lib/x86_64-linux-gnu/libnvidia-glcore.so.535.171.04
74e0fbd6b000-74e0fbdd4000 rw-p 02b6a000 08:03 28065                      /usr/lib/x86_64-linux-gnu/libnvidia-glcore.so.535.171.04
74e0fbdd4000-74e0fbe11000 rw-p 00000000 00:00 0 
74e0fbeff000-74e0fbf00000 ---p 00000000 00:00 0 
74e0fbf00000-74e0fc000000 rw-p 00000000 00:00 0 
74e0fc000000-74e0fc030000 rw-p 00000000 00:00 0 
74e0fc030000-74e100000000 ---p 00000000 00:00 0 
74e100000000-74e100021000 rw-p 00000000 00:00 0 
74e100021000-74e104000000 ---p 00000000 00:00 0 
74e104000000-74e104021000 rw-p 00000000 00:00 0 
74e104021000-74e108000000 ---p 00000000 00:00 0 
74e108000000-74e1080df000 rw-p 00000000 00:00 0 
74e1080df000-74e10c000000 ---p 00000000 00:00 0 
74e10c000000-74e10c47a000 rw-p 00000000 00:00 0 
74e10c47a000-74e110000000 ---p 00000000 00:00 0 
74e110000000-74e1103d3000 rw-p 00000000 00:00 0 
74e1103d3000-74e114000000 ---p 00000000 00:00 0 
74e114000000-74e114021000 rw-p 00000000 00:00 0 
74e114021000-74e118000000 ---p 00000000 00:00 0 
74e118000000-74e118021000 rw-p 00000000 00:00 0 
74e118021000-74e11c000000 ---p 00000000 00:00 0 
74e11c000000-74e11c021000 rw-p 00000000 00:00 0 
74e11c021000-74e120000000 ---p 00000000 00:00 0 
74e120000000-74e120021000 rw-p 00000000 00:00 0 
74e120021000-74e124000000 ---p 00000000 00:00 0 
74e124000000-74e124021000 rw-p 00000000 00:00 0 
74e124021000-74e128000000 ---p 00000000 00:00 0 
74e128000000-74e128021000 rw-p 00000000 00:00 0 
74e128021000-74e12c000000 ---p 00000000 00:00 0 
74e12c000000-74e12c2e0000 rw-p 00000000 00:00 0 
74e12c2e0000-74e12c400000 ---p 00000000 00:00 0 
74e12c400000-74e12ca20000 rw-p 00000000 00:00 0 
74e12ca20000-74e130000000 ---p 00000000 00:00 0 
74e130000000-74e130021000 rw-p 00000000 00:00 0 
74e130021000-74e134000000 ---p 00000000 00:00 0 
74e1340ff000-74e134100000 ---p 00000000 00:00 0 
74e134100000-74e134200000 rw-p 00000000 00:00 0 
74e134200000-74e134269000 r-xp 00000000 08:03 432778                     /tmp/lwjgldenis0001/3.1.1-build-16/liblwjgl_opengl.so
74e134269000-74e134468000 ---p 00069000 08:03 432778                     /tmp/lwjgldenis0001/3.1.1-build-16/liblwjgl_opengl.so
74e134468000-74e134469000 r--p 00068000 08:03 432778                     /tmp/lwjgldenis0001/3.1.1-build-16/liblwjgl_opengl.so
74e134469000-74e13446a000 rw-p 00069000 08:03 432778                     /tmp/lwjgldenis0001/3.1.1-build-16/liblwjgl_opengl.so
74e1344d9000-74e13471e000 rw-s 00000000 00:01 1025                       /memfd:/.nvidia_drv.XXXXXX (deleted)
74e13471e000-74e134fff000 rw-p 00000000 00:00 0 
74e134fff000-74e135000000 ---p 00000000 00:00 0 
74e135000000-74e135800000 rw-p 00000000 00:00 0 
74e135800000-74e135875000 r-xp 00000000 08:03 28067                      /usr/lib/x86_64-linux-gnu/libnvidia-glsi.so.535.171.04
74e135875000-74e135a75000 ---p 00075000 08:03 28067                      /usr/lib/x86_64-linux-gnu/libnvidia-glsi.so.535.171.04
74e135a75000-74e135a9f000 r--p 00075000 08:03 28067                      /usr/lib/x86_64-linux-gnu/libnvidia-glsi.so.535.171.04
74e135a9f000-74e135aa0000 rw-p 0009f000 08:03 28067                      /usr/lib/x86_64-linux-gnu/libnvidia-glsi.so.535.171.04
74e135aa0000-74e135aa8000 rw-p 00000000 00:00 0 
74e135b00000-74e135b04000 ---p 00000000 00:00 0 
74e135b04000-74e135c00000 rw-p 00000000 00:00 0 
74e135c00000-74e135c1e000 r-xp 00000000 08:03 432767                     /tmp/lwjgldenis0001/3.1.1-build-16/libglfw.so
74e135c1e000-74e135e1d000 ---p 0001e000 08:03 432767                     /tmp/lwjgldenis0001/3.1.1-build-16/libglfw.so
74e135e1d000-74e135e1e000 r--p 0001d000 08:03 432767                     /tmp/lwjgldenis0001/3.1.1-build-16/libglfw.so
74e135e1e000-74e135e1f000 rw-p 0001e000 08:03 432767                     /tmp/lwjgldenis0001/3.1.1-build-16/libglfw.so
74e135e1f000-74e135e20000 rw-p 00000000 00:00 0 
74e135e52000-74e135ed2000 rw-s 00000000 00:05 879                        /dev/nvidiactl
74e135ed2000-74e135f00000 r--p 00000000 08:03 174257                     /usr/share/locale-langpack/ru/LC_MESSAGES/libc.mo
74e135f00000-74e136000000 rw-s 00000000 00:05 879                        /dev/nvidiactl
74e136000000-74e136c74000 rw-p 00001000 08:03 3539186                    /home/denis0001/.jdks/openjdk-22/lib/server/classes.jsa
74e136c74000-74e137000000 ---p 00000000 00:00 0 
74e137000000-74e137030000 rw-p 00000000 00:00 0 
74e137030000-74e137070000 rw-p 00000000 00:00 0 
74e137070000-74e1370a0000 rw-p 00000000 00:00 0 
74e1370a0000-74e177000000 ---p 00000000 00:00 0 
74e177018000-74e17701d000 rwxp 00000000 00:00 0 
74e17701d000-74e17702a000 r-xp 00000000 08:03 3444079                    /home/denis0001/.jdks/openjdk-22/lib/libverify.so
74e17702a000-74e17702c000 r--p 0000c000 08:03 3444079                    /home/denis0001/.jdks/openjdk-22/lib/libverify.so
74e17702c000-74e17702d000 rw-p 0000e000 08:03 3444079                    /home/denis0001/.jdks/openjdk-22/lib/libverify.so
74e17702d000-74e177030000 rw-s 00000000 00:05 879                        /dev/nvidiactl
74e177030000-74e1770b0000 rw-s 00000000 00:05 879                        /dev/nvidiactl
74e1770b0000-74e1770f0000 rw-s 00000000 00:05 879                        /dev/nvidiactl
74e1770f0000-74e177110000 rw-s 00000000 00:05 879                        /dev/nvidiactl
74e177110000-74e177150000 rw-s 00000000 00:05 879                        /dev/nvidiactl
74e177150000-74e177170000 rw-s 00000000 00:05 879                        /dev/nvidiactl
74e177170000-74e1771b0000 rw-s 00000000 00:05 879                        /dev/nvidiactl
74e1771b0000-74e1771d0000 rw-s 00000000 00:05 879                        /dev/nvidiactl
74e1771d0000-74e1771db000 r--p 00000000 08:03 30268                      /usr/lib/x86_64-linux-gnu/libxcb-glx.so.0.0.0
74e1771db000-74e1771e4000 r-xp 0000b000 08:03 30268                      /usr/lib/x86_64-linux-gnu/libxcb-glx.so.0.0.0
74e1771e4000-74e1771e9000 r--p 00014000 08:03 30268                      /usr/lib/x86_64-linux-gnu/libxcb-glx.so.0.0.0
74e1771e9000-74e1771ea000 ---p 00019000 08:03 30268                      /usr/lib/x86_64-linux-gnu/libxcb-glx.so.0.0.0
74e1771ea000-74e1771ec000 r--p 00019000 08:03 30268                      /usr/lib/x86_64-linux-gnu/libxcb-glx.so.0.0.0
74e1771ec000-74e1771ed000 rw-p 0001b000 08:03 30268                      /usr/lib/x86_64-linux-gnu/libxcb-glx.so.0.0.0
74e1771ed000-74e17723e000 r--p 00000000 08:03 2504                       /usr/lib/x86_64-linux-gnu/libGLX_nvidia.so.535.171.04
74e17723e000-74e177298000 r-xp 00051000 08:03 2504                       /usr/lib/x86_64-linux-gnu/libGLX_nvidia.so.535.171.04
74e177298000-74e1772cd000 rwxp 000ab000 08:03 2504                       /usr/lib/x86_64-linux-gnu/libGLX_nvidia.so.535.171.04
74e1772cd000-74e1772ce000 r-xp 000e0000 08:03 2504                       /usr/lib/x86_64-linux-gnu/libGLX_nvidia.so.535.171.04
74e1772ce000-74e1772ed000 r--p 000e1000 08:03 2504                       /usr/lib/x86_64-linux-gnu/libGLX_nvidia.so.535.171.04
74e1772ed000-74e17730d000 r--p 000ff000 08:03 2504                       /usr/lib/x86_64-linux-gnu/libGLX_nvidia.so.535.171.04
74e17730d000-74e177312000 rw-p 0011f000 08:03 2504                       /usr/lib/x86_64-linux-gnu/libGLX_nvidia.so.535.171.04
74e177312000-74e177314000 rw-p 00000000 00:00 0 
74e177314000-74e177317000 r--p 00000000 08:03 28685                      /usr/lib/x86_64-linux-gnu/libGLX.so.0.0.0
74e177317000-74e177332000 r-xp 00003000 08:03 28685                      /usr/lib/x86_64-linux-gnu/libGLX.so.0.0.0
74e177332000-74e177335000 r--p 0001e000 08:03 28685                      /usr/lib/x86_64-linux-gnu/libGLX.so.0.0.0
74e177335000-74e177336000 ---p 00021000 08:03 28685                      /usr/lib/x86_64-linux-gnu/libGLX.so.0.0.0
74e177336000-74e177337000 r--p 00021000 08:03 28685                      /usr/lib/x86_64-linux-gnu/libGLX.so.0.0.0
74e177337000-74e177338000 rw-p 00022000 08:03 28685                      /usr/lib/x86_64-linux-gnu/libGLX.so.0.0.0
74e177338000-74e177348000 rw-p 00000000 00:00 0 
74e177348000-74e177388000 r--p 00000000 08:03 28690                      /usr/lib/x86_64-linux-gnu/libGLdispatch.so.0.0.0
74e177388000-74e17738b000 r-xp 00040000 08:03 28690                      /usr/lib/x86_64-linux-gnu/libGLdispatch.so.0.0.0
74e17738b000-74e1773c6000 r-xp 00043000 08:03 28690                      /usr/lib/x86_64-linux-gnu/libGLdispatch.so.0.0.0
74e1773c6000-74e1773c7000 r-xp 0007e000 08:03 28690                      /usr/lib/x86_64-linux-gnu/libGLdispatch.so.0.0.0
74e1773c7000-74e1773da000 r--p 0007f000 08:03 28690                      /usr/lib/x86_64-linux-gnu/libGLdispatch.so.0.0.0
74e1773da000-74e1773db000 ---p 00092000 08:03 28690                      /usr/lib/x86_64-linux-gnu/libGLdispatch.so.0.0.0
74e1773db000-74e1773f7000 r--p 00092000 08:03 28690                      /usr/lib/x86_64-linux-gnu/libGLdispatch.so.0.0.0
74e1773f7000-74e1773f8000 rw-p 000ae000 08:03 28690                      /usr/lib/x86_64-linux-gnu/libGLdispatch.so.0.0.0
74e1773f8000-74e177400000 rw-p 00000000 00:00 0 
74e177400000-74e17744b000 r-xp 00000000 08:03 432766                     /tmp/lwjgldenis0001/3.1.1-build-16/liblwjgl.so
74e17744b000-74e17764b000 ---p 0004b000 08:03 432766                     /tmp/lwjgldenis0001/3.1.1-build-16/liblwjgl.so
74e17764b000-74e17764c000 r--p 0004b000 08:03 432766                     /tmp/lwjgldenis0001/3.1.1-build-16/liblwjgl.so
74e17764c000-74e17764d000 rw-p 0004c000 08:03 432766                     /tmp/lwjgldenis0001/3.1.1-build-16/liblwjgl.so
74e17764d000-74e17764f000 rwxp 00000000 00:00 0 
74e17764f000-74e177653000 rw-s 00000000 00:05 879                        /dev/nvidiactl
74e177653000-74e177658000 r--p 00000000 08:03 29160                      /usr/lib/x86_64-linux-gnu/libdrm.so.2.4.0
74e177658000-74e177663000 r-xp 00005000 08:03 29160                      /usr/lib/x86_64-linux-gnu/libdrm.so.2.4.0
74e177663000-74e177667000 r--p 00010000 08:03 29160                      /usr/lib/x86_64-linux-gnu/libdrm.so.2.4.0
74e177667000-74e177668000 r--p 00013000 08:03 29160                      /usr/lib/x86_64-linux-gnu/libdrm.so.2.4.0
74e177668000-74e177669000 rw-p 00014000 08:03 29160                      /usr/lib/x86_64-linux-gnu/libdrm.so.2.4.0
74e177669000-74e1776ac000 r--p 00000000 08:03 28679                      /usr/lib/x86_64-linux-gnu/libGL.so.1.7.0
74e1776ac000-74e1776af000 r-xp 00043000 08:03 28679                      /usr/lib/x86_64-linux-gnu/libGL.so.1.7.0
74e1776af000-74e1776ca000 r-xp 00046000 08:03 28679                      /usr/lib/x86_64-linux-gnu/libGL.so.1.7.0
74e1776ca000-74e1776cb000 r-xp 00061000 08:03 28679                      /usr/lib/x86_64-linux-gnu/libGL.so.1.7.0
74e1776cb000-74e1776e0000 r--p 00062000 08:03 28679                      /usr/lib/x86_64-linux-gnu/libGL.so.1.7.0
74e1776e0000-74e1776ee000 r--p 00076000 08:03 28679                      /usr/lib/x86_64-linux-gnu/libGL.so.1.7.0
74e1776ee000-74e1776ef000 rw-p 00084000 08:03 28679                      /usr/lib/x86_64-linux-gnu/libGL.so.1.7.0
74e1776ef000-74e1776f0000 rw-p 00000000 00:00 0 
74e1776f0000-74e177709000 r--p 00000000 08:03 28711                      /usr/lib/x86_64-linux-gnu/libX11.so.6.4.0
74e177709000-74e177795000 r-xp 00019000 08:03 28711                      /usr/lib/x86_64-linux-gnu/libX11.so.6.4.0
74e177795000-74e17782a000 r--p 000a5000 08:03 28711                      /usr/lib/x86_64-linux-gnu/libX11.so.6.4.0
74e17782a000-74e17782b000 ---p 0013a000 08:03 28711                      /usr/lib/x86_64-linux-gnu/libX11.so.6.4.0
74e17782b000-74e17782c000 r--p 0013a000 08:03 28711                      /usr/lib/x86_64-linux-gnu/libX11.so.6.4.0
74e17782c000-74e177830000 rw-p 0013b000 08:03 28711                      /usr/lib/x86_64-linux-gnu/libX11.so.6.4.0
74e177830000-74e177834000 ---p 00000000 00:00 0 
74e177834000-74e177930000 rw-p 00000000 00:00 0 
74e177930000-74e177934000 ---p 00000000 00:00 0 
74e177934000-74e177a30000 rw-p 00000000 00:00 0 
74e177a30000-74e177a34000 ---p 00000000 00:00 0 
74e177a34000-74e177b30000 rw-p 00000000 00:00 0 
74e177b30000-74e177b34000 ---p 00000000 00:00 0 
74e177b34000-74e177c30000 rw-p 00000000 00:00 0 
74e177c30000-74e177c34000 ---p 00000000 00:00 0 
74e177c34000-74e177d30000 rw-p 00000000 00:00 0 
74e177d30000-74e177dfe000 r-xp 00000000 08:03 3444063                    /home/denis0001/.jdks/openjdk-22/lib/libjsvml.so
74e177dfe000-74e177dff000 r--p 000cd000 08:03 3444063                    /home/denis0001/.jdks/openjdk-22/lib/libjsvml.so
74e177dff000-74e177e00000 rw-p 000ce000 08:03 3444063                    /home/denis0001/.jdks/openjdk-22/lib/libjsvml.so
74e177e00000-74e177e04000 ---p 00000000 00:00 0 
74e177e04000-74e177f00000 rw-p 00000000 00:00 0 
74e177f00000-74e177f04000 ---p 00000000 00:00 0 
74e177f04000-74e178000000 rw-p 00000000 00:00 0 
74e178000000-74e178021000 rw-p 00000000 00:00 0 
74e178021000-74e17c000000 ---p 00000000 00:00 0 
74e17c000000-74e17c021000 rw-p 00000000 00:00 0 
74e17c021000-74e180000000 ---p 00000000 00:00 0 
74e180000000-74e180021000 rw-p 00000000 00:00 0 
74e180021000-74e184000000 ---p 00000000 00:00 0 
74e184000000-74e184021000 rw-p 00000000 00:00 0 
74e184021000-74e188000000 ---p 00000000 00:00 0 
74e188000000-74e188021000 rw-p 00000000 00:00 0 
74e188021000-74e18c000000 ---p 00000000 00:00 0 
74e18c000000-74e18c001000 rwxp 00000000 00:00 0 
74e18c001000-74e18c002000 r--p 00000000 08:03 28071                      /usr/lib/x86_64-linux-gnu/libnvidia-tls.so.535.171.04
74e18c002000-74e18c004000 r-xp 00001000 08:03 28071                      /usr/lib/x86_64-linux-gnu/libnvidia-tls.so.535.171.04
74e18c004000-74e18c005000 r--p 00003000 08:03 28071                      /usr/lib/x86_64-linux-gnu/libnvidia-tls.so.535.171.04
74e18c005000-74e18c006000 r--p 00003000 08:03 28071                      /usr/lib/x86_64-linux-gnu/libnvidia-tls.so.535.171.04
74e18c006000-74e18c007000 rw-p 00004000 08:03 28071                      /usr/lib/x86_64-linux-gnu/libnvidia-tls.so.535.171.04
74e18c007000-74e18c008000 r--p 00000000 08:03 28709                      /usr/lib/x86_64-linux-gnu/libX11-xcb.so.1.0.0
74e18c008000-74e18c009000 r-xp 00001000 08:03 28709                      /usr/lib/x86_64-linux-gnu/libX11-xcb.so.1.0.0
74e18c009000-74e18c00a000 r--p 00002000 08:03 28709                      /usr/lib/x86_64-linux-gnu/libX11-xcb.so.1.0.0
74e18c00a000-74e18c00b000 r--p 00002000 08:03 28709                      /usr/lib/x86_64-linux-gnu/libX11-xcb.so.1.0.0
74e18c00b000-74e18c00c000 rw-p 00003000 08:03 28709                      /usr/lib/x86_64-linux-gnu/libX11-xcb.so.1.0.0
74e18c00c000-74e18c00e000 r--p 00000000 08:03 29660                      /usr/lib/x86_64-linux-gnu/libmd.so.0.0.5
74e18c00e000-74e18c015000 r-xp 00002000 08:03 29660                      /usr/lib/x86_64-linux-gnu/libmd.so.0.0.5
74e18c015000-74e18c017000 r--p 00009000 08:03 29660                      /usr/lib/x86_64-linux-gnu/libmd.so.0.0.5
74e18c017000-74e18c018000 r--p 0000a000 08:03 29660                      /usr/lib/x86_64-linux-gnu/libmd.so.0.0.5
74e18c018000-74e18c019000 rw-p 0000b000 08:03 29660                      /usr/lib/x86_64-linux-gnu/libmd.so.0.0.5
74e18c019000-74e18c01d000 r--p 00000000 08:03 29007                      /usr/lib/x86_64-linux-gnu/libbsd.so.0.11.5
74e18c01d000-74e18c02a000 r-xp 00004000 08:03 29007                      /usr/lib/x86_64-linux-gnu/libbsd.so.0.11.5
74e18c02a000-74e18c02d000 r--p 00011000 08:03 29007                      /usr/lib/x86_64-linux-gnu/libbsd.so.0.11.5
74e18c02d000-74e18c02e000 ---p 00014000 08:03 29007                      /usr/lib/x86_64-linux-gnu/libbsd.so.0.11.5
74e18c02e000-74e18c02f000 r--p 00014000 08:03 29007                      /usr/lib/x86_64-linux-gnu/libbsd.so.0.11.5
74e18c02f000-74e18c030000 rw-p 00015000 08:03 29007                      /usr/lib/x86_64-linux-gnu/libbsd.so.0.11.5
74e18c030000-74e18c031000 rw-p 00000000 00:00 0 
74e18c031000-74e18c033000 r--p 00000000 08:03 28726                      /usr/lib/x86_64-linux-gnu/libXdmcp.so.6.0.0
74e18c033000-74e18c035000 r-xp 00002000 08:03 28726                      /usr/lib/x86_64-linux-gnu/libXdmcp.so.6.0.0
74e18c035000-74e18c037000 r--p 00004000 08:03 28726                      /usr/lib/x86_64-linux-gnu/libXdmcp.so.6.0.0
74e18c037000-74e18c038000 r--p 00005000 08:03 28726                      /usr/lib/x86_64-linux-gnu/libXdmcp.so.6.0.0
74e18c038000-74e18c039000 rw-p 00006000 08:03 28726                      /usr/lib/x86_64-linux-gnu/libXdmcp.so.6.0.0
74e18c039000-74e18c03a000 r--p 00000000 08:03 28715                      /usr/lib/x86_64-linux-gnu/libXau.so.6.0.0
74e18c03a000-74e18c03c000 r-xp 00001000 08:03 28715                      /usr/lib/x86_64-linux-gnu/libXau.so.6.0.0
74e18c03c000-74e18c03d000 r--p 00003000 08:03 28715                      /usr/lib/x86_64-linux-gnu/libXau.so.6.0.0
74e18c03d000-74e18c03e000 r--p 00003000 08:03 28715                      /usr/lib/x86_64-linux-gnu/libXau.so.6.0.0
74e18c03e000-74e18c03f000 rw-p 00004000 08:03 28715                      /usr/lib/x86_64-linux-gnu/libXau.so.6.0.0
74e18c03f000-74e18c041000 r--p 00000000 08:03 28730                      /usr/lib/x86_64-linux-gnu/libXfixes.so.3.1.0
74e18c041000-74e18c044000 r-xp 00002000 08:03 28730                      /usr/lib/x86_64-linux-gnu/libXfixes.so.3.1.0
74e18c044000-74e18c045000 r--p 00005000 08:03 28730                      /usr/lib/x86_64-linux-gnu/libXfixes.so.3.1.0
74e18c045000-74e18c046000 r--p 00006000 08:03 28730                      /usr/lib/x86_64-linux-gnu/libXfixes.so.3.1.0
74e18c046000-74e18c047000 rw-p 00007000 08:03 28730                      /usr/lib/x86_64-linux-gnu/libXfixes.so.3.1.0
74e18c047000-74e18c04b000 ---p 00000000 00:00 0 
74e18c04b000-74e18c147000 rw-p 00000000 00:00 0 
74e18c147000-74e18c14b000 ---p 00000000 00:00 0 
74e18c14b000-74e18c247000 rw-p 00000000 00:00 0 
74e18c247000-74e18c24b000 ---p 00000000 00:00 0 
74e18c24b000-74e18c347000 rw-p 00000000 00:00 0 
74e18c347000-74e18c34b000 ---p 00000000 00:00 0 
74e18c34b000-74e18c447000 rw-p 00000000 00:00 0 
74e18c447000-74e18c44b000 ---p 00000000 00:00 0 
74e18c44b000-74e18c547000 rw-p 00000000 00:00 0 
74e18c547000-74e18c548000 ---p 00000000 00:00 0 
74e18c548000-74e18c648000 rw-p 00000000 00:00 0 
74e18c648000-74e18c649000 ---p 00000000 00:00 0 
74e18c649000-74e18c749000 rw-p 00000000 00:00 0 
74e18c749000-74e18c74a000 ---p 00000000 00:00 0 
74e18c74a000-74e18c84a000 rw-p 00000000 00:00 0 
74e18c84a000-74e18c84b000 ---p 00000000 00:00 0 
74e18c84b000-74e18ed4f000 rw-p 00000000 00:00 0 
74e18ed4f000-74e18ed50000 ---p 00000000 00:00 0 
74e18ed50000-74e18f430000 rw-p 00000000 00:00 0 
74e18f430000-74e194bf0000 ---p 00000000 00:00 0 
74e194bf0000-74e194c00000 rw-p 00000000 00:00 0 
74e194c00000-74e194f60000 rwxp 00000000 00:00 0 
74e194f60000-74e19c137000 ---p 00000000 00:00 0 
74e19c137000-74e19c3a7000 rwxp 00000000 00:00 0 
74e19c3a7000-74e19c6c8000 ---p 00000000 00:00 0 
74e19c6c8000-74e19c938000 rwxp 00000000 00:00 0 
74e19c938000-74e1a3c00000 ---p 00000000 00:00 0 
74e1a3c00000-74e1abfb6000 r--s 00000000 08:03 3444081                    /home/denis0001/.jdks/openjdk-22/lib/modules
74e1abfb6000-74e1abfc1000 r--p 00000000 08:03 30300                      /usr/lib/x86_64-linux-gnu/libxcb.so.1.1.0
74e1abfc1000-74e1abfd5000 r-xp 0000b000 08:03 30300                      /usr/lib/x86_64-linux-gnu/libxcb.so.1.1.0
74e1abfd5000-74e1abfde000 r--p 0001f000 08:03 30300                      /usr/lib/x86_64-linux-gnu/libxcb.so.1.1.0
74e1abfde000-74e1abfdf000 r--p 00027000 08:03 30300                      /usr/lib/x86_64-linux-gnu/libxcb.so.1.1.0
74e1abfdf000-74e1abfe0000 rw-p 00028000 08:03 30300                      /usr/lib/x86_64-linux-gnu/libxcb.so.1.1.0
74e1abfe0000-74e1abfe3000 r--p 00000000 08:03 29303                      /usr/lib/x86_64-linux-gnu/libgcc_s.so.1
74e1abfe3000-74e1abffa000 r-xp 00003000 08:03 29303                      /usr/lib/x86_64-linux-gnu/libgcc_s.so.1
74e1abffa000-74e1abffe000 r--p 0001a000 08:03 29303                      /usr/lib/x86_64-linux-gnu/libgcc_s.so.1
74e1abffe000-74e1abfff000 r--p 0001d000 08:03 29303                      /usr/lib/x86_64-linux-gnu/libgcc_s.so.1
74e1abfff000-74e1ac000000 rw-p 0001e000 08:03 29303                      /usr/lib/x86_64-linux-gnu/libgcc_s.so.1
74e1ac000000-74e1af6c7000 rw-p 00000000 00:00 0 
74e1af6c7000-74e1b0000000 ---p 00000000 00:00 0 
74e1b0000000-74e1b0002000 rw-s 00000000 00:01 4311                       /memfd:/.glXXXXXX (deleted)
74e1b0002000-74e1b0006000 r--p 00000000 08:03 28728                      /usr/lib/x86_64-linux-gnu/libXext.so.6.4.0
74e1b0006000-74e1b0011000 r-xp 00004000 08:03 28728                      /usr/lib/x86_64-linux-gnu/libXext.so.6.4.0
74e1b0011000-74e1b0015000 r--p 0000f000 08:03 28728                      /usr/lib/x86_64-linux-gnu/libXext.so.6.4.0
74e1b0015000-74e1b0016000 r--p 00012000 08:03 28728                      /usr/lib/x86_64-linux-gnu/libXext.so.6.4.0
74e1b0016000-74e1b0017000 rw-p 00013000 08:03 28728                      /usr/lib/x86_64-linux-gnu/libXext.so.6.4.0
74e1b0017000-74e1b002a000 rw-s 00000000 00:05 879                        /dev/nvidiactl
74e1b002a000-74e1b002b000 rw-s 00000000 00:05 880                        /dev/nvidia0
74e1b002b000-74e1b002d000 rw-s 00000000 00:05 879                        /dev/nvidiactl
74e1b002d000-74e1b0031000 rw-s 00000000 00:05 879                        /dev/nvidiactl
74e1b0031000-74e1b0032000 rw-s 00000000 00:05 880                        /dev/nvidia0
74e1b0032000-74e1b0033000 rw-s 00000000 00:05 880                        /dev/nvidia0
74e1b0033000-74e1b0034000 rw-s 00000000 00:05 880                        /dev/nvidia0
74e1b0034000-74e1b0035000 rw-s 00000000 00:05 879                        /dev/nvidiactl
74e1b0035000-74e1b0036000 rw-s 00000000 00:05 879                        /dev/nvidiactl
74e1b0036000-74e1b0037000 rw-s 00000000 00:05 879                        /dev/nvidiactl
74e1b0037000-74e1b00b8000 rw-p 00000000 00:00 0 
74e1b00b8000-74e1b00b9000 ---p 00000000 00:00 0 
74e1b00b9000-74e1b01b9000 rw-p 00000000 00:00 0 
74e1b01b9000-74e1b01ba000 ---p 00000000 00:00 0 
74e1b01ba000-74e1b0376000 rw-p 00000000 00:00 0 
74e1b0376000-74e1b0e6e000 ---p 00000000 00:00 0 
74e1b0e6e000-74e1b0f2c000 rw-p 00000000 00:00 0 
74e1b0f2c000-74e1b1a24000 ---p 00000000 00:00 0 
74e1b1a24000-74e1b1e2f000 rw-p 00000000 00:00 0 
74e1b1e2f000-74e1b1f15000 ---p 00000000 00:00 0 
74e1b1f15000-74e1b1f1c000 rw-p 00000000 00:00 0 
74e1b1f1c000-74e1b2000000 ---p 00000000 00:00 0 
74e1b2000000-74e1b2575000 r--p 00000000 08:03 1571                       /usr/lib/locale/locale-archive
74e1b2575000-74e1b2576000 rw-s 00044000 00:01 1025                       /memfd:/.nvidia_drv.XXXXXX (deleted)
74e1b2576000-74e1b2578000 r--p 00000000 08:03 28748                      /usr/lib/x86_64-linux-gnu/libXrender.so.1.3.0
74e1b2578000-74e1b257f000 r-xp 00002000 08:03 28748                      /usr/lib/x86_64-linux-gnu/libXrender.so.1.3.0
74e1b257f000-74e1b2581000 r--p 00009000 08:03 28748                      /usr/lib/x86_64-linux-gnu/libXrender.so.1.3.0
74e1b2581000-74e1b2582000 r--p 0000a000 08:03 28748                      /usr/lib/x86_64-linux-gnu/libXrender.so.1.3.0
74e1b2582000-74e1b2583000 rw-p 0000b000 08:03 28748                      /usr/lib/x86_64-linux-gnu/libXrender.so.1.3.0
74e1b2583000-74e1b2585000 r--p 00000000 08:03 28722                      /usr/lib/x86_64-linux-gnu/libXcursor.so.1.0.2
74e1b2585000-74e1b258b000 r-xp 00002000 08:03 28722                      /usr/lib/x86_64-linux-gnu/libXcursor.so.1.0.2
74e1b258b000-74e1b258d000 r--p 00008000 08:03 28722                      /usr/lib/x86_64-linux-gnu/libXcursor.so.1.0.2
74e1b258d000-74e1b258e000 r--p 00009000 08:03 28722                      /usr/lib/x86_64-linux-gnu/libXcursor.so.1.0.2
74e1b258e000-74e1b258f000 rw-p 0000a000 08:03 28722                      /usr/lib/x86_64-linux-gnu/libXcursor.so.1.0.2
74e1b258f000-74e1b25a2000 r-xp 00000000 08:03 3444071                    /home/denis0001/.jdks/openjdk-22/lib/libnio.so
74e1b25a2000-74e1b25a3000 ---p 00013000 08:03 3444071                    /home/denis0001/.jdks/openjdk-22/lib/libnio.so
74e1b25a3000-74e1b25a4000 r--p 00013000 08:03 3444071                    /home/denis0001/.jdks/openjdk-22/lib/libnio.so
74e1b25a4000-74e1b25a5000 rw-p 00014000 08:03 3444071                    /home/denis0001/.jdks/openjdk-22/lib/libnio.so
74e1b25a5000-74e1b2600000 rw-p 00000000 00:00 0 
74e1b2600000-74e1b3940000 r-xp 00000000 08:03 3539189                    /home/denis0001/.jdks/openjdk-22/lib/server/libjvm.so
74e1b3940000-74e1b3a0d000 r--p 0133f000 08:03 3539189                    /home/denis0001/.jdks/openjdk-22/lib/server/libjvm.so
74e1b3a0d000-74e1b3a3b000 rw-p 0140c000 08:03 3539189                    /home/denis0001/.jdks/openjdk-22/lib/server/libjvm.so
74e1b3a3b000-74e1b3ab1000 rw-p 00000000 00:00 0 
74e1b3ab1000-74e1b3ab2000 r-xp 00000000 00:00 0 
74e1b3ab2000-74e1b3ab4000 r--p 00000000 08:03 28746                      /usr/lib/x86_64-linux-gnu/libXrandr.so.2.2.0
74e1b3ab4000-74e1b3abb000 r-xp 00002000 08:03 28746                      /usr/lib/x86_64-linux-gnu/libXrandr.so.2.2.0
74e1b3abb000-74e1b3abd000 r--p 00009000 08:03 28746                      /usr/lib/x86_64-linux-gnu/libXrandr.so.2.2.0
74e1b3abd000-74e1b3abe000 r--p 0000a000 08:03 28746                      /usr/lib/x86_64-linux-gnu/libXrandr.so.2.2.0
74e1b3abe000-74e1b3abf000 rw-p 0000b000 08:03 28746                      /usr/lib/x86_64-linux-gnu/libXrandr.so.2.2.0
74e1b3abf000-74e1b3b00000 rw-p 00000000 00:00 0 
74e1b3b00000-74e1b3b04000 ---p 00000000 00:00 0 
74e1b3b04000-74e1b3c00000 rw-p 00000000 00:00 0 
74e1b3c00000-74e1b3c28000 r--p 00000000 08:03 2080                       /usr/lib/x86_64-linux-gnu/libc.so.6
74e1b3c28000-74e1b3dbd000 r-xp 00028000 08:03 2080                       /usr/lib/x86_64-linux-gnu/libc.so.6
74e1b3dbd000-74e1b3e15000 r--p 001bd000 08:03 2080                       /usr/lib/x86_64-linux-gnu/libc.so.6
74e1b3e15000-74e1b3e16000 ---p 00215000 08:03 2080                       /usr/lib/x86_64-linux-gnu/libc.so.6
74e1b3e16000-74e1b3e1a000 r--p 00215000 08:03 2080                       /usr/lib/x86_64-linux-gnu/libc.so.6
74e1b3e1a000-74e1b3e1c000 rw-p 00219000 08:03 2080                       /usr/lib/x86_64-linux-gnu/libc.so.6
74e1b3e1c000-74e1b3e29000 rw-p 00000000 00:00 0 
74e1b3e29000-74e1b3e2a000 r--p 00000000 08:03 28738                      /usr/lib/x86_64-linux-gnu/libXinerama.so.1.0.0
74e1b3e2a000-74e1b3e2b000 r-xp 00001000 08:03 28738                      /usr/lib/x86_64-linux-gnu/libXinerama.so.1.0.0
74e1b3e2b000-74e1b3e2c000 r--p 00002000 08:03 28738                      /usr/lib/x86_64-linux-gnu/libXinerama.so.1.0.0
74e1b3e2c000-74e1b3e2d000 r--p 00003000 08:03 28738                      /usr/lib/x86_64-linux-gnu/libXinerama.so.1.0.0
74e1b3e2d000-74e1b3e2e000 rw-p 00004000 08:03 28738                      /usr/lib/x86_64-linux-gnu/libXinerama.so.1.0.0
74e1b3e2e000-74e1b3e39000 r-xp 00000000 08:03 3444070                    /home/denis0001/.jdks/openjdk-22/lib/libnet.so
74e1b3e39000-74e1b3e3a000 ---p 0000b000 08:03 3444070                    /home/denis0001/.jdks/openjdk-22/lib/libnet.so
74e1b3e3a000-74e1b3e3b000 r--p 0000b000 08:03 3444070                    /home/denis0001/.jdks/openjdk-22/lib/libnet.so
74e1b3e3b000-74e1b3e3c000 rw-p 0000c000 08:03 3444070                    /home/denis0001/.jdks/openjdk-22/lib/libnet.so
74e1b3e3c000-74e1b3e41000 r-xp 00000000 08:03 3444047                    /home/denis0001/.jdks/openjdk-22/lib/libdt_socket.so
74e1b3e41000-74e1b3e42000 r--p 00004000 08:03 3444047                    /home/denis0001/.jdks/openjdk-22/lib/libdt_socket.so
74e1b3e42000-74e1b3e43000 rw-p 00005000 08:03 3444047                    /home/denis0001/.jdks/openjdk-22/lib/libdt_socket.so
74e1b3e43000-74e1b3e4a000 r--s 00000000 08:03 10036                      /usr/lib/x86_64-linux-gnu/gconv/gconv-modules.cache
74e1b3e4a000-74e1b3e81000 rw-p 00000000 00:00 0 
74e1b3e81000-74e1b3e88000 ---p 00000000 00:00 0 
74e1b3e88000-74e1b3e8e000 r--s 000f8000 07:0f 874                        /snap/intellij-idea-community/502/plugins/java/lib/rt/debugger-agent.jar
74e1b3e8e000-74e1b3eae000 r-xp 00000000 08:03 3444055                    /home/denis0001/.jdks/openjdk-22/lib/libjava.so
74e1b3eae000-74e1b3eaf000 ---p 00020000 08:03 3444055                    /home/denis0001/.jdks/openjdk-22/lib/libjava.so
74e1b3eaf000-74e1b3eb0000 r--p 00020000 08:03 3444055                    /home/denis0001/.jdks/openjdk-22/lib/libjava.so
74e1b3eb0000-74e1b3eb1000 rw-p 00021000 08:03 3444055                    /home/denis0001/.jdks/openjdk-22/lib/libjava.so
74e1b3eb1000-74e1b3eb2000 rw-p 00000000 00:00 0 
74e1b3eb2000-74e1b3ef2000 r-xp 00000000 08:03 3444058                    /home/denis0001/.jdks/openjdk-22/lib/libjdwp.so
74e1b3ef2000-74e1b3ef3000 r--p 0003f000 08:03 3444058                    /home/denis0001/.jdks/openjdk-22/lib/libjdwp.so
74e1b3ef3000-74e1b3ef4000 rw-p 00040000 08:03 3444058                    /home/denis0001/.jdks/openjdk-22/lib/libjdwp.so
74e1b3ef4000-74e1b3ef5000 rw-p 00000000 00:00 0 
74e1b3ef5000-74e1b3f13000 r-xp 00000000 08:03 3444059                    /home/denis0001/.jdks/openjdk-22/lib/libjimage.so
74e1b3f13000-74e1b3f15000 r--p 0001d000 08:03 3444059                    /home/denis0001/.jdks/openjdk-22/lib/libjimage.so
74e1b3f15000-74e1b3f16000 rw-p 0001f000 08:03 3444059                    /home/denis0001/.jdks/openjdk-22/lib/libjimage.so
74e1b3f16000-74e1b3f24000 r--p 00000000 08:03 2355                       /usr/lib/x86_64-linux-gnu/libm.so.6
74e1b3f24000-74e1b3fa0000 r-xp 0000e000 08:03 2355                       /usr/lib/x86_64-linux-gnu/libm.so.6
74e1b3fa0000-74e1b3ffb000 r--p 0008a000 08:03 2355                       /usr/lib/x86_64-linux-gnu/libm.so.6
74e1b3ffb000-74e1b3ffc000 r--p 000e4000 08:03 2355                       /usr/lib/x86_64-linux-gnu/libm.so.6
74e1b3ffc000-74e1b3ffd000 rw-p 000e5000 08:03 2355                       /usr/lib/x86_64-linux-gnu/libm.so.6
74e1b3ffd000-74e1b3ffe000 r--p 00000000 08:03 3647                       /usr/lib/x86_64-linux-gnu/librt.so.1
74e1b3ffe000-74e1b3fff000 r-xp 00001000 08:03 3647                       /usr/lib/x86_64-linux-gnu/librt.so.1
74e1b3fff000-74e1b4000000 r--p 00002000 08:03 3647                       /usr/lib/x86_64-linux-gnu/librt.so.1
74e1b4000000-74e1b4001000 r--p 00002000 08:03 3647                       /usr/lib/x86_64-linux-gnu/librt.so.1
74e1b4001000-74e1b4002000 rw-p 00003000 08:03 3647                       /usr/lib/x86_64-linux-gnu/librt.so.1
74e1b4002000-74e1b4006000 rw-p 00000000 00:00 0 
74e1b4006000-74e1b4007000 r--p 00000000 08:03 2111                       /usr/lib/x86_64-linux-gnu/libdl.so.2
74e1b4007000-74e1b4008000 r-xp 00001000 08:03 2111                       /usr/lib/x86_64-linux-gnu/libdl.so.2
74e1b4008000-74e1b4009000 r--p 00002000 08:03 2111                       /usr/lib/x86_64-linux-gnu/libdl.so.2
74e1b4009000-74e1b400a000 r--p 00002000 08:03 2111                       /usr/lib/x86_64-linux-gnu/libdl.so.2
74e1b400a000-74e1b400b000 rw-p 00003000 08:03 2111                       /usr/lib/x86_64-linux-gnu/libdl.so.2
74e1b400b000-74e1b400c000 r--p 00000000 08:03 3644                       /usr/lib/x86_64-linux-gnu/libpthread.so.0
74e1b400c000-74e1b400d000 r-xp 00001000 08:03 3644                       /usr/lib/x86_64-linux-gnu/libpthread.so.0
74e1b400d000-74e1b400e000 r--p 00002000 08:03 3644                       /usr/lib/x86_64-linux-gnu/libpthread.so.0
74e1b400e000-74e1b400f000 r--p 00002000 08:03 3644                       /usr/lib/x86_64-linux-gnu/libpthread.so.0
74e1b400f000-74e1b4010000 rw-p 00003000 08:03 3644                       /usr/lib/x86_64-linux-gnu/libpthread.so.0
74e1b4010000-74e1b401f000 r-xp 00000000 08:03 3444060                    /home/denis0001/.jdks/openjdk-22/lib/libjli.so
74e1b401f000-74e1b4020000 r--p 0000e000 08:03 3444060                    /home/denis0001/.jdks/openjdk-22/lib/libjli.so
74e1b4020000-74e1b4021000 rw-p 0000f000 08:03 3444060                    /home/denis0001/.jdks/openjdk-22/lib/libjli.so
74e1b4021000-74e1b4023000 r--p 00000000 08:03 30336                      /usr/lib/x86_64-linux-gnu/libz.so.1.2.11
74e1b4023000-74e1b4034000 r-xp 00002000 08:03 30336                      /usr/lib/x86_64-linux-gnu/libz.so.1.2.11
74e1b4034000-74e1b403a000 r--p 00013000 08:03 30336                      /usr/lib/x86_64-linux-gnu/libz.so.1.2.11
74e1b403a000-74e1b403b000 ---p 00019000 08:03 30336                      /usr/lib/x86_64-linux-gnu/libz.so.1.2.11
74e1b403b000-74e1b403c000 r--p 00019000 08:03 30336                      /usr/lib/x86_64-linux-gnu/libz.so.1.2.11
74e1b403c000-74e1b403d000 rw-p 0001a000 08:03 30336                      /usr/lib/x86_64-linux-gnu/libz.so.1.2.11
74e1b403d000-74e1b4044000 r-xp 00000000 08:03 3444080                    /home/denis0001/.jdks/openjdk-22/lib/libzip.so
74e1b4044000-74e1b4045000 ---p 00007000 08:03 3444080                    /home/denis0001/.jdks/openjdk-22/lib/libzip.so
74e1b4045000-74e1b4046000 r--p 00007000 08:03 3444080                    /home/denis0001/.jdks/openjdk-22/lib/libzip.so
74e1b4046000-74e1b4047000 rw-p 00008000 08:03 3444080                    /home/denis0001/.jdks/openjdk-22/lib/libzip.so
74e1b4047000-74e1b404f000 rw-s 00000000 08:03 437620                     /tmp/hsperfdata_denis0001/53788
74e1b404f000-74e1b4059000 r-xp 00000000 08:03 3444050                    /home/denis0001/.jdks/openjdk-22/lib/libinstrument.so
74e1b4059000-74e1b405a000 r--p 00009000 08:03 3444050                    /home/denis0001/.jdks/openjdk-22/lib/libinstrument.so
74e1b405a000-74e1b405b000 rw-p 0000a000 08:03 3444050                    /home/denis0001/.jdks/openjdk-22/lib/libinstrument.so
74e1b405b000-74e1b405c000 ---p 00000000 00:00 0 
74e1b405c000-74e1b405d000 r--p 00000000 00:00 0 
74e1b405d000-74e1b405f000 rw-p 00000000 00:00 0 
74e1b405f000-74e1b4061000 r--p 00000000 08:03 1838                       /usr/lib/x86_64-linux-gnu/ld-linux-x86-64.so.2
74e1b4061000-74e1b408b000 r-xp 00002000 08:03 1838                       /usr/lib/x86_64-linux-gnu/ld-linux-x86-64.so.2
74e1b408b000-74e1b4096000 r--p 0002c000 08:03 1838                       /usr/lib/x86_64-linux-gnu/ld-linux-x86-64.so.2
74e1b4096000-74e1b4097000 ---p 00000000 00:00 0 
74e1b4097000-74e1b4099000 r--p 00037000 08:03 1838                       /usr/lib/x86_64-linux-gnu/ld-linux-x86-64.so.2
74e1b4099000-74e1b409b000 rw-p 00039000 08:03 1838                       /usr/lib/x86_64-linux-gnu/ld-linux-x86-64.so.2
7ffdfe1e6000-7ffdfe208000 rw-p 00000000 00:00 0                          [stack]
7ffdfe3db000-7ffdfe3df000 r--p 00000000 00:00 0                          [vvar]
7ffdfe3df000-7ffdfe3e1000 r-xp 00000000 00:00 0                          [vdso]
ffffffffff600000-ffffffffff601000 --xp 00000000 00:00 0                  [vsyscall]
Total number of mappings: 440


VM Arguments:
jvm_args: -agentlib:jdwp=transport=dt_socket,address=127.0.0.1:36663,suspend=y,server=n -javaagent:/snap/intellij-idea-community/502/plugins/java/lib/rt/debugger-agent.jar -Dfile.encoding=UTF-8 -Dsun.stdout.encoding=UTF-8 -Dsun.stderr.encoding=UTF-8 
java_command: net.minecraftrecreation.client.Main --name test
java_class_path (initial): /home/denis0001/IdeaProjects/MinecraftRecreation/out/production/MinecraftRecreation:/home/denis0001/.m2/repository/org/lwjgl/lwjgl/3.1.1/lwjgl-3.1.1.jar:/home/denis0001/.m2/repository/org/lwjgl/lwjgl-bgfx/3.1.1/lwjgl-bgfx-3.1.1.jar:/home/denis0001/.m2/repository/org/lwjgl/lwjgl-glfw/3.1.1/lwjgl-glfw-3.1.1.jar:/home/denis0001/.m2/repository/org/lwjgl/lwjgl-nanovg/3.1.1/lwjgl-nanovg-3.1.1.jar:/home/denis0001/.m2/repository/org/lwjgl/lwjgl-nuklear/3.1.1/lwjgl-nuklear-3.1.1.jar:/home/denis0001/.m2/repository/org/lwjgl/lwjgl-openal/3.1.1/lwjgl-openal-3.1.1.jar:/home/denis0001/.m2/repository/org/lwjgl/lwjgl-opengl/3.1.1/lwjgl-opengl-3.1.1.jar:/home/denis0001/.m2/repository/org/lwjgl/lwjgl-par/3.1.1/lwjgl-par-3.1.1.jar:/home/denis0001/.m2/repository/org/lwjgl/lwjgl-stb/3.1.1/lwjgl-stb-3.1.1.jar:/home/denis0001/.m2/repository/org/lwjgl/lwjgl-vulkan/3.1.1/lwjgl-vulkan-3.1.1.jar:/home/denis0001/.m2/repository/org/lwjgl/lwjgl/3.1.1/lwjgl-3.1.1-natives-linux.jar:/home/denis0001/.m2/repository/org/lwjgl/lwjgl-bgfx/3.1.1/lwjgl-bgfx-3.1.1-natives-linux.jar:/home/denis0001/.m2/repository/org/lwjgl/lwjgl-glfw/3.1.1/lwjgl-glfw-3.1.1-natives-linux.jar:/home/denis0001/.m2/repository/org/lwjgl/lwjgl-nanovg/3.1.1/lwjgl-nanovg-3.1.1-natives-linux.jar:/home/denis0001/.m2/repository/org/lwjgl/lwjgl-nuklear/3.1.1/lwjgl-nuklear-3.1.1-natives-linux.jar:/home/denis0001/.m2/repository/org/lwjgl/lwjgl-openal/3.1.1/lwjgl-openal-3.1.1-natives-linux.jar:/home/denis0001/.m2/repository/org/lwjgl/lwjgl-par/3.1.1/lwjgl-par-3.1.1-natives-linux.jar:/home/denis0001/.m2/repository/org/lwjgl/lwjgl-stb/3.1.1/lwjgl-stb-3.1.1-natives-linux.jar:/home/denis0001/.m2/repository/org/jetbrains/annotations/24.0.0/annotations-24.0.0.jar:/home/denis0001/.m2/repository/commons-io/commons-io/2.16.1/commons-io-2.16.1.jar:/home/denis0001/.m2/repository/org/joml/joml/1.10.5/joml-1.10.5.jar:/home/denis0001/IdeaProjects/MinecraftRecreation/libs/util-1.0.jar:/home/denis0001/IdeaProjects/MinecraftRecreation/libs/logging-1.0.jar:/home/denis0001/.m2/repository/io/github/spair/imgui-java-binding/1.86.11/imgui-java-binding-1.86.11.jar:/home/denis0001/.m2/repository/io/github/spair/imgui-java-natives-linux/1.86.11/imgui-java-natives-linux-1.86.11.jar:/home/denis0001/.m2/repository/org/lwjgl/lwjgl-assimp/3.1.1/lwjgl-assimp-3.1.1.jar:/home/denis0001/.m2/repository/org/lwjgl/lwjgl-assimp/3.1.1/lwjgl-assimp-3.1.1-natives-linux.jar:/home/denis0001/IdeaProjects/MinecraftRecreation/libs/lwjgl-opengl-3.1.1-natives-linux.jar:/snap/intellij-idea-community/502/lib/idea_rt.jar
Launcher Type: SUN_STANDARD

[Global flags]
     intx CICompilerCount                          = 3                                         {product} {ergonomic}
     uint ConcGCThreads                            = 1                                         {product} {ergonomic}
     uint G1ConcRefinementThreads                  = 4                                         {product} {ergonomic}
   size_t G1HeapRegionSize                         = 4194304                                   {product} {ergonomic}
   size_t InitialHeapSize                          = 394264576                                 {product} {ergonomic}
   size_t MarkStackSize                            = 4194304                                   {product} {ergonomic}
   size_t MaxHeapSize                              = 6287261696                                {product} {ergonomic}
   size_t MaxNewSize                               = 3770679296                                {product} {ergonomic}
   size_t MinHeapDeltaBytes                        = 4194304                                   {product} {ergonomic}
   size_t MinHeapSize                              = 8388608                                   {product} {ergonomic}
    uintx NonNMethodCodeHeapSize                   = 5832780                                {pd product} {ergonomic}
    uintx NonProfiledCodeHeapSize                  = 122912730                              {pd product} {ergonomic}
    uintx ProfiledCodeHeapSize                     = 122912730                              {pd product} {ergonomic}
    uintx ReservedCodeCacheSize                    = 251658240                              {pd product} {ergonomic}
     bool SegmentedCodeCache                       = true                                      {product} {ergonomic}
   size_t SoftMaxHeapSize                          = 6287261696                             {manageable} {ergonomic}
     bool UseCompressedOops                        = true                           {product lp64_product} {ergonomic}
     bool UseG1GC                                  = true                                      {product} {ergonomic}

Logging:
Log output configuration:
 #0: stdout all=warning uptime,level,tags foldmultilines=false
 #1: stderr all=off uptime,level,tags foldmultilines=false

Environment Variables:
PATH=/usr/local/sbin:/usr/local/bin:/usr/sbin:/usr/bin:/sbin:/bin:/usr/games:/usr/local/games:/snap/bin
SHELL=/bin/bash
DISPLAY=:0
LANG=ru_RU.UTF-8

Active Locale:
LC_ALL=ru_RU.UTF-8
LC_COLLATE=ru_RU.UTF-8
LC_CTYPE=ru_RU.UTF-8
LC_MESSAGES=ru_RU.UTF-8
LC_MONETARY=ru_RU.UTF-8
LC_NUMERIC=ru_RU.UTF-8
LC_TIME=ru_RU.UTF-8

Signal Handlers:
   SIGSEGV: crash_handler in libjvm.so, mask=11100100010111111101111111111110, flags=SA_RESTART|SA_SIGINFO, unblocked
    SIGBUS: crash_handler in libjvm.so, mask=11100100010111111101111111111110, flags=SA_RESTART|SA_SIGINFO, unblocked
    SIGFPE: crash_handler in libjvm.so, mask=11100100010111111101111111111110, flags=SA_RESTART|SA_SIGINFO, unblocked
   SIGPIPE: javaSignalHandler in libjvm.so, mask=11100100010111111101111111111110, flags=SA_RESTART|SA_SIGINFO, blocked
   SIGXFSZ: javaSignalHandler in libjvm.so, mask=11100100010111111101111111111110, flags=SA_RESTART|SA_SIGINFO, blocked
    SIGILL: crash_handler in libjvm.so, mask=11100100010111111101111111111110, flags=SA_RESTART|SA_SIGINFO, unblocked
   SIGUSR2: SR_handler in libjvm.so, mask=00100000000000000000000000000000, flags=SA_RESTART|SA_SIGINFO, blocked
    SIGHUP: UserHandler in libjvm.so, mask=11100100010111111101111111111110, flags=SA_RESTART|SA_SIGINFO, blocked
    SIGINT: UserHandler in libjvm.so, mask=11100100010111111101111111111110, flags=SA_RESTART|SA_SIGINFO, blocked
   SIGTERM: UserHandler in libjvm.so, mask=11100100010111111101111111111110, flags=SA_RESTART|SA_SIGINFO, blocked
   SIGQUIT: UserHandler in libjvm.so, mask=11100100010111111101111111111110, flags=SA_RESTART|SA_SIGINFO, blocked
   SIGTRAP: crash_handler in libjvm.so, mask=11100100010111111101111111111110, flags=SA_RESTART|SA_SIGINFO, unblocked


Periodic native trim disabled

---------------  S Y S T E M  ---------------

OS:
DISTRIB_ID=Ubuntu
DISTRIB_RELEASE=22.04
DISTRIB_CODENAME=jammy
DISTRIB_DESCRIPTION="Ubuntu 22.04.4 LTS"
uname: Linux 6.5.0-35-generic #35~22.04.1-Ubuntu SMP PREEMPT_DYNAMIC Tue May  7 09:00:52 UTC 2 x86_64
OS uptime: 0 days 11:20 hours
libc: glibc 2.35 NPTL 2.35 
rlimit (soft/hard): STACK 8192k/infinity , CORE 0k/infinity , NPROC 95417/95417 , NOFILE 1048576/1048576 , AS infinity/infinity , CPU infinity/infinity , DATA infinity/infinity , FSIZE infinity/infinity , MEMLOCK 3069496k/3069496k
load average: 1,65 1,05 1,11

/proc/meminfo:
MemTotal:       24555984 kB
MemFree:         7846892 kB
MemAvailable:   15204240 kB
Buffers:          964456 kB
Cached:          6580516 kB
SwapCached:            0 kB
Active:         10777228 kB
Inactive:        4792840 kB
Active(anon):    8232692 kB
Inactive(anon):        0 kB
Active(file):    2544536 kB
Inactive(file):  4792840 kB
Unevictable:          32 kB
Mlocked:              32 kB
SwapTotal:       2097148 kB
SwapFree:        2097148 kB
Zswap:                 0 kB
Zswapped:              0 kB
Dirty:              5804 kB
Writeback:             0 kB
AnonPages:       8025220 kB
Mapped:          1943484 kB
Shmem:            208640 kB
KReclaimable:     419648 kB
Slab:             662204 kB
SReclaimable:     419648 kB
SUnreclaim:       242556 kB
KernelStack:       23048 kB
PageTables:        83720 kB
SecPageTables:         0 kB
NFS_Unstable:          0 kB
Bounce:                0 kB
WritebackTmp:          0 kB
CommitLimit:    14375140 kB
Committed_AS:   21721508 kB
VmallocTotal:   34359738367 kB
VmallocUsed:      112284 kB
VmallocChunk:          0 kB
Percpu:             2944 kB
HardwareCorrupted:     0 kB
AnonHugePages:         0 kB
ShmemHugePages:        0 kB
ShmemPmdMapped:        0 kB
FileHugePages:         0 kB
FilePmdMapped:         0 kB
Unaccepted:            0 kB
HugePages_Total:       0
HugePages_Free:        0
HugePages_Rsvd:        0
HugePages_Surp:        0
Hugepagesize:       2048 kB
Hugetlb:               0 kB
DirectMap4k:      864404 kB
DirectMap2M:    19013632 kB
DirectMap1G:     5242880 kB

/sys/kernel/mm/transparent_hugepage/enabled: always [madvise] never
/sys/kernel/mm/transparent_hugepage/shmem_enabled: always within_size advise [never] deny force
/sys/kernel/mm/transparent_hugepage/defrag (defrag/compaction efforts parameter): always defer defer+madvise [madvise] never

Process Memory:
Virtual Size: 9664852K (peak: 9680728K)
Resident Set Size: 416616K (peak: 416616K) (anon: 357032K, file: 59584K, shmem: 0K)
Swapped out: 0K
C-Heap outstanding allocations: 62250K, retained: 36906K
glibc malloc tunables: (default)

/proc/sys/kernel/threads-max (system-wide limit on the number of threads): 190835
/proc/sys/vm/max_map_count (maximum number of memory map areas a process may have): 65530
/proc/sys/kernel/pid_max (system-wide limit on number of process identifiers): 4194304

container (cgroup) information:
container_type: cgroupv2
cpu_cpuset_cpus: not supported
cpu_memory_nodes: not supported
active_processor_count: 4
cpu_quota: not supported
cpu_period: not supported
cpu_shares: not supported
memory_limit_in_bytes: unlimited
memory_and_swap_limit_in_bytes: unlimited
memory_soft_limit_in_bytes: unlimited
memory_usage_in_bytes: 5251548 k
memory_max_usage_in_bytes: not supported
memory_swap_current_in_bytes: unlimited
memory_swap_max_limit_in_bytes: unlimited
maximum number of tasks: 28625
current number of tasks: 362

Steal ticks since vm start: 0
Steal ticks percentage since vm start:  0,000

CPU: total 4 (initial active 4) (4 cores per cpu, 1 threads per core) family 6 model 94 stepping 3 microcode 0xf0, cx8, cmov, fxsr, mmx, 3dnowpref, sse, sse2, sse3, ssse3, sse4.1, sse4.2, popcnt, lzcnt, tsc, tscinvbit, avx, avx2, aes, erms, clmul, bmi1, bmi2, adx, fma, vzeroupper, clflush, clflushopt, rdtscp, f16c
CPU Model and flags from /proc/cpuinfo:
model name	: Intel(R) Core(TM) i5-6600 CPU @ 3.30GHz
flags		: fpu vme de pse tsc msr pae mce cx8 apic sep mtrr pge mca cmov pat pse36 clflush dts acpi mmx fxsr sse sse2 ss ht tm pbe syscall nx pdpe1gb rdtscp lm constant_tsc art arch_perfmon pebs bts rep_good nopl xtopology nonstop_tsc cpuid aperfmperf pni pclmulqdq dtes64 monitor ds_cpl vmx smx est tm2 ssse3 sdbg fma cx16 xtpr pdcm pcid sse4_1 sse4_2 x2apic movbe popcnt tsc_deadline_timer aes xsave avx f16c rdrand lahf_lm abm 3dnowprefetch cpuid_fault invpcid_single pti ssbd ibrs ibpb stibp tpr_shadow flexpriority ept vpid ept_ad fsgsbase tsc_adjust bmi1 avx2 smep bmi2 erms invpcid mpx rdseed adx smap clflushopt intel_pt xsaveopt xsavec xgetbv1 xsaves dtherm ida arat pln pts hwp hwp_notify hwp_act_window hwp_epp vnmi md_clear flush_l1d arch_capabilities

Online cpus: 0-3
Offline cpus: 
BIOS frequency limitation: <Not Available>
Frequency switch latency (ns): 0
Available cpu frequencies: <Not Available>
Current governor: powersave
Core performance/turbo boost: <Not Available>

Memory: 4k page, physical 24555984k(15204240k free), swap 2097148k(2097148k free)
Page Sizes: 4k

vm_info: OpenJDK 64-Bit Server VM (22+36-2370) for linux-amd64 JRE (22+36-2370), built on 2024-02-15T22:15:19Z by "mach5one" with gcc 13.2.0

END.
