#
# A fatal error has been detected by the Java Runtime Environment:
#
#  SIGSEGV (0xb) at pc=0x000073408e7b1210, pid=53626, tid=53657
#
# JRE version: OpenJDK Runtime Environment (22.0+36) (build 22+36-2370)
# Java VM: OpenJDK 64-Bit Server VM (22+36-2370, mixed mode, sharing, tiered, compressed oops, compressed class ptrs, g1 gc, linux-amd64)
# Problematic frame:
# C  [libnvidia-glcore.so.535.171.04+0x15b1210]
#
# Core dump will be written. Default location: Core dumps may be processed with "/usr/share/apport/apport -p%p -s%s -c%c -d%d -P%P -u%u -g%g -- %E" (or dumping to /home/denis0001/IdeaProjects/MinecraftRecreation/core.53626)
#
# If you would like to submit a bug report, please visit:
#   https://bugreport.java.com/bugreport/crash.jsp
#

---------------  S U M M A R Y ------------

Command Line: -agentlib:jdwp=transport=dt_socket,address=127.0.0.1:35235,suspend=y,server=n -javaagent:/snap/intellij-idea-community/502/plugins/java/lib/rt/debugger-agent.jar -Dfile.encoding=UTF-8 -Dsun.stdout.encoding=UTF-8 -Dsun.stderr.encoding=UTF-8 net.minecraftrecreation.client.Main --name test

Host: Intel(R) Core(TM) i5-6600 CPU @ 3.30GHz, 4 cores, 23G, Ubuntu 22.04.4 LTS
Time: Sat Jun  8 22:13:10 2024 MSK elapsed time: 3.416407 seconds (0d 0h 0m 3s)

---------------  T H R E A D  ---------------

Current thread is native thread

Stack: [0x0000734118600000,0x0000734118e00000],  sp=0x0000734118dfd0a8,  free space=8180k
Native frames: (J=compiled Java code, j=interpreted, Vv=VM code, C=native code)
C  [libnvidia-glcore.so.535.171.04+0x15b1210]

siginfo: si_signo: 11 (SIGSEGV), si_code: 1 (SEGV_MAPERR), si_addr: 0x0000000000000000

Registers:
RAX=0x00007341181cea98, RBX=0x00007341181cea98, RCX=0x0000000000000010, RDX=0x00007341181cec18
RSP=0x0000734118dfd0a8, RBP=0x0000734118068a40, RSI=0x0000000000000000, RDI=0x00007341181cea98
R8 =0x0000000000000018, R9 =0x0000000000000024, R10=0x000073408e7b11f0, R11=0x000073408400e8f4
R12=0x00007340844f1278, R13=0x0000734118068a28, R14=0x0000000000000000, R15=0x0000000000000002
RIP=0x000073408e7b1210, EFLAGS=0x0000000000010206, CSGSFS=0x002b000000000033, ERR=0x0000000000000004
  TRAPNO=0x000000000000000e


Top of Stack: (sp=0x0000734118dfd0a8)
0x0000734118dfd0a8:   000073408e88fe94 00000000416d5000
0x0000734118dfd0b8:   0000000000000018 0000734118068a40
0x0000734118dfd0c8:   0000001800000007 00000000042a4c18
0x0000734118dfd0d8:   0000734000000000 0000000000000000
0x0000734118dfd0e8:   0000734084006a00 00000000416d5000
0x0000734118dfd0f8:   0000000000000000 000073408fde41a0
0x0000734118dfd108:   00007340844f2a20 0000000000004083
0x0000734118dfd118:   10c0000000000000 0604020000000006
0x0000734118dfd128:   0000000000000000 00000000416d5000
0x0000734118dfd138:   0000000000000024 0000000000000004
0x0000734118dfd148:   0000734084006a00 0000000000000000
0x0000734118dfd158:   000073408e892c93 0000000000000000
0x0000734118dfd168:   0000000000001405 0000734100001405
0x0000734118dfd178:   00007341484d8950 0000000000001405
0x0000734118dfd188:   0000000000000000 00007340844f1278
0x0000734118dfd198:   0000000000000018 0000000000001405
0x0000734118dfd1a8:   0000000000000000 00000000416d5000
0x0000734118dfd1b8:   0000000000000004 0000000000001405
0x0000734118dfd1c8:   0000000000000010 0000000000000024
0x0000734118dfd1d8:   000073408e4f53d6 0000000000000000
0x0000734118dfd1e8:   000073408e4f511e 00005a9d06ae9b60
0x0000734118dfd1f8:   00005a9dffffffff 00005a9d06aea5a0
0x0000734118dfd208:   0000734148eae948 000073410bfff988
0x0000734118dfd218:   000073410b71f040 00000000416d5000
0x0000734118dfd228:   0000000000000024 0000000000001405
0x0000734118dfd238:   000073408e4e2ff6 0000000000000000
0x0000734118dfd248:   0000000000000000 0000000000000000
0x0000734118dfd258:   0000000000000000 0000000000000000
0x0000734118dfd268:   0000000000000000 0000000000000000
0x0000734118dfd278:   0000000000000000 0000000000000000
0x0000734118dfd288:   00005a9d06b18d60 00005a9d06df24a0
0x0000734118dfd298:   00005a9d06df29c0 00005a9d06df2ee0 

Instructions: (pc=0x000073408e7b1210)
0x000073408e7b1110:   48 89 47 08 48 89 70 20 48 8b 56 10 83 e2 01 48
0x000073408e7b1120:   09 d0 48 89 46 10 c3 66 0f 1f 84 00 00 00 00 00
0x000073408e7b1130:   48 89 42 20 eb de 66 2e 0f 1f 84 00 00 00 00 00
0x000073408e7b1140:   83 e9 01 48 89 f8 48 63 d2 48 8d 4c 8f 04 66 90
0x000073408e7b1150:   f3 0f 10 06 48 83 c0 04 48 01 d6 f3 0f 11 40 fc
0x000073408e7b1160:   48 39 c8 75 eb c3 66 2e 0f 1f 84 00 00 00 00 00
0x000073408e7b1170:   83 e9 01 48 89 f8 48 63 d2 48 8d 4c cf 08 66 90
0x000073408e7b1180:   f3 0f 10 06 48 83 c0 08 f3 0f 11 40 f8 f3 0f 10
0x000073408e7b1190:   46 04 48 01 d6 f3 0f 11 40 fc 48 39 c8 75 e1 c3
0x000073408e7b11a0:   83 e9 01 48 89 f8 48 63 d2 48 8d 4c 49 03 48 8d
0x000073408e7b11b0:   0c 8f 66 0f 1f 44 00 00 f3 0f 10 06 48 83 c0 0c
0x000073408e7b11c0:   f3 0f 11 40 f4 f3 0f 10 46 04 f3 0f 11 40 f8 f3
0x000073408e7b11d0:   0f 10 46 08 48 01 d6 f3 0f 11 40 fc 48 39 c8 75
0x000073408e7b11e0:   d7 c3 66 2e 0f 1f 84 00 00 00 00 00 0f 1f 40 00
0x000073408e7b11f0:   41 89 c8 48 63 ca 48 89 f8 41 8d 50 ff 48 83 c2
0x000073408e7b1200:   01 48 c1 e2 04 48 01 fa 0f 1f 84 00 00 00 00 00
0x000073408e7b1210:   f3 0f 10 06 48 83 c0 10 f3 0f 11 40 f0 f3 0f 10
0x000073408e7b1220:   46 04 f3 0f 11 40 f4 f3 0f 10 46 08 f3 0f 11 40
0x000073408e7b1230:   f8 f3 0f 10 46 0c 48 01 ce f3 0f 11 40 fc 48 39
0x000073408e7b1240:   d0 75 cd c3 66 2e 0f 1f 84 00 00 00 00 00 66 90
0x000073408e7b1250:   83 e9 01 48 89 f8 48 63 d2 48 8d 4c 8f 04 66 90
0x000073408e7b1260:   66 0f ef c0 48 83 c0 04 f2 0f 5a 06 48 01 d6 f3
0x000073408e7b1270:   0f 11 40 fc 48 39 c8 75 e7 c3 66 0f 1f 44 00 00
0x000073408e7b1280:   83 e9 01 48 89 f8 48 63 d2 48 8d 4c cf 08 66 90
0x000073408e7b1290:   66 0f ef c0 48 83 c0 08 f2 0f 5a 06 f3 0f 11 40
0x000073408e7b12a0:   f8 66 0f ef c0 f2 0f 5a 46 08 48 01 d6 f3 0f 11
0x000073408e7b12b0:   40 fc 48 39 c8 75 d9 c3 0f 1f 84 00 00 00 00 00
0x000073408e7b12c0:   83 e9 01 48 89 f8 48 63 d2 48 8d 4c 49 03 48 8d
0x000073408e7b12d0:   0c 8f 66 0f 1f 44 00 00 66 0f ef c0 48 83 c0 0c
0x000073408e7b12e0:   f2 0f 5a 06 f3 0f 11 40 f4 66 0f ef c0 f2 0f 5a
0x000073408e7b12f0:   46 08 f3 0f 11 40 f8 66 0f ef c0 f2 0f 5a 46 10
0x000073408e7b1300:   48 01 d6 f3 0f 11 40 fc 48 39 c8 75 cb c3 66 90 



---------------  P R O C E S S  ---------------

VM state: not at safepoint (normal execution)

VM Mutex/Monitor currently owned by a thread: None

Heap address: 0x0000000689400000, size: 5996 MB, Compressed Oops mode: Zero based, Oop shift amount: 3

CDS archive(s) mapped at: [0x00007340ca000000-0x00007340cac74000-0x00007340cac74000), size 13058048, SharedBaseAddress: 0x00007340ca000000, ArchiveRelocationMode: 1.
Compressed class space mapped at: 0x00007340cb000000-0x000073410b000000, reserved size: 1073741824
Narrow klass base: 0x00007340ca000000, Narrow klass shift: 0, Narrow klass range: 0x100000000

GC Precious Log:
<Skipped>

Heap:
 garbage-first heap   total reserved 6139904K, committed 389120K, used 19045K [0x0000000689400000, 0x0000000800000000)
  region size 4096K, 5 young (20480K), 1 survivors (4096K)
 Metaspace       used 9668K, committed 9856K, reserved 1114112K
  class space    used 541K, committed 640K, reserved 1048576K

Heap Regions: E=young(eden), S=young(survivor), O=old, HS=humongous(starts), HC=humongous(continues), CS=collection set, F=free, TAMS=top-at-mark-start, PB=parsable bottom
|   0|0x0000000689400000, 0x00000006895fe9d8, 0x0000000689800000| 49%| O|  |TAMS 0x0000000689400000| PB 0x0000000689400000| Untracked |  0
|   1|0x0000000689800000, 0x0000000689800000, 0x0000000689c00000|  0%| F|  |TAMS 0x0000000689800000| PB 0x0000000689800000| Untracked |  0
|   2|0x0000000689c00000, 0x0000000689c00000, 0x000000068a000000|  0%| F|  |TAMS 0x0000000689c00000| PB 0x0000000689c00000| Untracked |  0
|   3|0x000000068a000000, 0x000000068a000000, 0x000000068a400000|  0%| F|  |TAMS 0x000000068a000000| PB 0x000000068a000000| Untracked |  0
|   4|0x000000068a400000, 0x000000068a400000, 0x000000068a800000|  0%| F|  |TAMS 0x000000068a400000| PB 0x000000068a400000| Untracked |  0
|   5|0x000000068a800000, 0x000000068a800000, 0x000000068ac00000|  0%| F|  |TAMS 0x000000068a800000| PB 0x000000068a800000| Untracked |  0
|   6|0x000000068ac00000, 0x000000068ac00000, 0x000000068b000000|  0%| F|  |TAMS 0x000000068ac00000| PB 0x000000068ac00000| Untracked |  0
|   7|0x000000068b000000, 0x000000068b000000, 0x000000068b400000|  0%| F|  |TAMS 0x000000068b000000| PB 0x000000068b000000| Untracked |  0
|   8|0x000000068b400000, 0x000000068b400000, 0x000000068b800000|  0%| F|  |TAMS 0x000000068b400000| PB 0x000000068b400000| Untracked |  0
|   9|0x000000068b800000, 0x000000068b800000, 0x000000068bc00000|  0%| F|  |TAMS 0x000000068b800000| PB 0x000000068b800000| Untracked |  0
|  10|0x000000068bc00000, 0x000000068bc00000, 0x000000068c000000|  0%| F|  |TAMS 0x000000068bc00000| PB 0x000000068bc00000| Untracked |  0
|  11|0x000000068c000000, 0x000000068c000000, 0x000000068c400000|  0%| F|  |TAMS 0x000000068c000000| PB 0x000000068c000000| Untracked |  0
|  12|0x000000068c400000, 0x000000068c400000, 0x000000068c800000|  0%| F|  |TAMS 0x000000068c400000| PB 0x000000068c400000| Untracked |  0
|  13|0x000000068c800000, 0x000000068c800000, 0x000000068cc00000|  0%| F|  |TAMS 0x000000068c800000| PB 0x000000068c800000| Untracked |  0
|  14|0x000000068cc00000, 0x000000068cc00000, 0x000000068d000000|  0%| F|  |TAMS 0x000000068cc00000| PB 0x000000068cc00000| Untracked |  0
|  15|0x000000068d000000, 0x000000068d000000, 0x000000068d400000|  0%| F|  |TAMS 0x000000068d000000| PB 0x000000068d000000| Untracked |  0
|  16|0x000000068d400000, 0x000000068d400000, 0x000000068d800000|  0%| F|  |TAMS 0x000000068d400000| PB 0x000000068d400000| Untracked |  0
|  17|0x000000068d800000, 0x000000068d800000, 0x000000068dc00000|  0%| F|  |TAMS 0x000000068d800000| PB 0x000000068d800000| Untracked |  0
|  18|0x000000068dc00000, 0x000000068dc00000, 0x000000068e000000|  0%| F|  |TAMS 0x000000068dc00000| PB 0x000000068dc00000| Untracked |  0
|  19|0x000000068e000000, 0x000000068e000000, 0x000000068e400000|  0%| F|  |TAMS 0x000000068e000000| PB 0x000000068e000000| Untracked |  0
|  20|0x000000068e400000, 0x000000068e400000, 0x000000068e800000|  0%| F|  |TAMS 0x000000068e400000| PB 0x000000068e400000| Untracked |  0
|  21|0x000000068e800000, 0x000000068e800000, 0x000000068ec00000|  0%| F|  |TAMS 0x000000068e800000| PB 0x000000068e800000| Untracked |  0
|  22|0x000000068ec00000, 0x000000068ec00000, 0x000000068f000000|  0%| F|  |TAMS 0x000000068ec00000| PB 0x000000068ec00000| Untracked |  0
|  23|0x000000068f000000, 0x000000068f000000, 0x000000068f400000|  0%| F|  |TAMS 0x000000068f000000| PB 0x000000068f000000| Untracked |  0
|  24|0x000000068f400000, 0x000000068f400000, 0x000000068f800000|  0%| F|  |TAMS 0x000000068f400000| PB 0x000000068f400000| Untracked |  0
|  25|0x000000068f800000, 0x000000068f800000, 0x000000068fc00000|  0%| F|  |TAMS 0x000000068f800000| PB 0x000000068f800000| Untracked |  0
|  26|0x000000068fc00000, 0x000000068fc00000, 0x0000000690000000|  0%| F|  |TAMS 0x000000068fc00000| PB 0x000000068fc00000| Untracked |  0
|  27|0x0000000690000000, 0x0000000690000000, 0x0000000690400000|  0%| F|  |TAMS 0x0000000690000000| PB 0x0000000690000000| Untracked |  0
|  28|0x0000000690400000, 0x0000000690400000, 0x0000000690800000|  0%| F|  |TAMS 0x0000000690400000| PB 0x0000000690400000| Untracked |  0
|  29|0x0000000690800000, 0x0000000690800000, 0x0000000690c00000|  0%| F|  |TAMS 0x0000000690800000| PB 0x0000000690800000| Untracked |  0
|  30|0x0000000690c00000, 0x0000000690c00000, 0x0000000691000000|  0%| F|  |TAMS 0x0000000690c00000| PB 0x0000000690c00000| Untracked |  0
|  31|0x0000000691000000, 0x0000000691000000, 0x0000000691400000|  0%| F|  |TAMS 0x0000000691000000| PB 0x0000000691000000| Untracked |  0
|  32|0x0000000691400000, 0x0000000691400000, 0x0000000691800000|  0%| F|  |TAMS 0x0000000691400000| PB 0x0000000691400000| Untracked |  0
|  33|0x0000000691800000, 0x0000000691800000, 0x0000000691c00000|  0%| F|  |TAMS 0x0000000691800000| PB 0x0000000691800000| Untracked |  0
|  34|0x0000000691c00000, 0x0000000691c00000, 0x0000000692000000|  0%| F|  |TAMS 0x0000000691c00000| PB 0x0000000691c00000| Untracked |  0
|  35|0x0000000692000000, 0x0000000692000000, 0x0000000692400000|  0%| F|  |TAMS 0x0000000692000000| PB 0x0000000692000000| Untracked |  0
|  36|0x0000000692400000, 0x0000000692400000, 0x0000000692800000|  0%| F|  |TAMS 0x0000000692400000| PB 0x0000000692400000| Untracked |  0
|  37|0x0000000692800000, 0x0000000692800000, 0x0000000692c00000|  0%| F|  |TAMS 0x0000000692800000| PB 0x0000000692800000| Untracked |  0
|  38|0x0000000692c00000, 0x0000000692d92520, 0x0000000693000000| 39%| S|CS|TAMS 0x0000000692c00000| PB 0x0000000692c00000| Complete |  0
|  39|0x0000000693000000, 0x0000000693000000, 0x0000000693400000|  0%| F|  |TAMS 0x0000000693000000| PB 0x0000000693000000| Untracked |  0
|  40|0x0000000693400000, 0x0000000693400000, 0x0000000693800000|  0%| F|  |TAMS 0x0000000693400000| PB 0x0000000693400000| Untracked |  0
|  41|0x0000000693800000, 0x0000000693800000, 0x0000000693c00000|  0%| F|  |TAMS 0x0000000693800000| PB 0x0000000693800000| Untracked |  0
|  42|0x0000000693c00000, 0x0000000693c00000, 0x0000000694000000|  0%| F|  |TAMS 0x0000000693c00000| PB 0x0000000693c00000| Untracked |  0
|  43|0x0000000694000000, 0x0000000694000000, 0x0000000694400000|  0%| F|  |TAMS 0x0000000694000000| PB 0x0000000694000000| Untracked |  0
|  44|0x0000000694400000, 0x0000000694400000, 0x0000000694800000|  0%| F|  |TAMS 0x0000000694400000| PB 0x0000000694400000| Untracked |  0
|  45|0x0000000694800000, 0x0000000694800000, 0x0000000694c00000|  0%| F|  |TAMS 0x0000000694800000| PB 0x0000000694800000| Untracked |  0
|  46|0x0000000694c00000, 0x0000000694c00000, 0x0000000695000000|  0%| F|  |TAMS 0x0000000694c00000| PB 0x0000000694c00000| Untracked |  0
|  47|0x0000000695000000, 0x0000000695000000, 0x0000000695400000|  0%| F|  |TAMS 0x0000000695000000| PB 0x0000000695000000| Untracked |  0
|  48|0x0000000695400000, 0x0000000695400000, 0x0000000695800000|  0%| F|  |TAMS 0x0000000695400000| PB 0x0000000695400000| Untracked |  0
|  49|0x0000000695800000, 0x0000000695800000, 0x0000000695c00000|  0%| F|  |TAMS 0x0000000695800000| PB 0x0000000695800000| Untracked |  0
|  50|0x0000000695c00000, 0x0000000695c00000, 0x0000000696000000|  0%| F|  |TAMS 0x0000000695c00000| PB 0x0000000695c00000| Untracked |  0
|  51|0x0000000696000000, 0x0000000696000000, 0x0000000696400000|  0%| F|  |TAMS 0x0000000696000000| PB 0x0000000696000000| Untracked |  0
|  52|0x0000000696400000, 0x0000000696400000, 0x0000000696800000|  0%| F|  |TAMS 0x0000000696400000| PB 0x0000000696400000| Untracked |  0
|  53|0x0000000696800000, 0x0000000696800000, 0x0000000696c00000|  0%| F|  |TAMS 0x0000000696800000| PB 0x0000000696800000| Untracked |  0
|  54|0x0000000696c00000, 0x0000000696c00000, 0x0000000697000000|  0%| F|  |TAMS 0x0000000696c00000| PB 0x0000000696c00000| Untracked |  0
|  55|0x0000000697000000, 0x0000000697000000, 0x0000000697400000|  0%| F|  |TAMS 0x0000000697000000| PB 0x0000000697000000| Untracked |  0
|  56|0x0000000697400000, 0x0000000697400000, 0x0000000697800000|  0%| F|  |TAMS 0x0000000697400000| PB 0x0000000697400000| Untracked |  0
|  57|0x0000000697800000, 0x0000000697800000, 0x0000000697c00000|  0%| F|  |TAMS 0x0000000697800000| PB 0x0000000697800000| Untracked |  0
|  58|0x0000000697c00000, 0x0000000697c00000, 0x0000000698000000|  0%| F|  |TAMS 0x0000000697c00000| PB 0x0000000697c00000| Untracked |  0
|  59|0x0000000698000000, 0x0000000698000000, 0x0000000698400000|  0%| F|  |TAMS 0x0000000698000000| PB 0x0000000698000000| Untracked |  0
|  60|0x0000000698400000, 0x0000000698400000, 0x0000000698800000|  0%| F|  |TAMS 0x0000000698400000| PB 0x0000000698400000| Untracked |  0
|  61|0x0000000698800000, 0x0000000698800000, 0x0000000698c00000|  0%| F|  |TAMS 0x0000000698800000| PB 0x0000000698800000| Untracked |  0
|  62|0x0000000698c00000, 0x0000000698c00000, 0x0000000699000000|  0%| F|  |TAMS 0x0000000698c00000| PB 0x0000000698c00000| Untracked |  0
|  63|0x0000000699000000, 0x0000000699000000, 0x0000000699400000|  0%| F|  |TAMS 0x0000000699000000| PB 0x0000000699000000| Untracked |  0
|  64|0x0000000699400000, 0x0000000699400000, 0x0000000699800000|  0%| F|  |TAMS 0x0000000699400000| PB 0x0000000699400000| Untracked |  0
|  65|0x0000000699800000, 0x0000000699800000, 0x0000000699c00000|  0%| F|  |TAMS 0x0000000699800000| PB 0x0000000699800000| Untracked |  0
|  66|0x0000000699c00000, 0x0000000699c00000, 0x000000069a000000|  0%| F|  |TAMS 0x0000000699c00000| PB 0x0000000699c00000| Untracked |  0
|  67|0x000000069a000000, 0x000000069a000000, 0x000000069a400000|  0%| F|  |TAMS 0x000000069a000000| PB 0x000000069a000000| Untracked |  0
|  68|0x000000069a400000, 0x000000069a400000, 0x000000069a800000|  0%| F|  |TAMS 0x000000069a400000| PB 0x000000069a400000| Untracked |  0
|  69|0x000000069a800000, 0x000000069a800000, 0x000000069ac00000|  0%| F|  |TAMS 0x000000069a800000| PB 0x000000069a800000| Untracked |  0
|  70|0x000000069ac00000, 0x000000069ac00000, 0x000000069b000000|  0%| F|  |TAMS 0x000000069ac00000| PB 0x000000069ac00000| Untracked |  0
|  71|0x000000069b000000, 0x000000069b000000, 0x000000069b400000|  0%| F|  |TAMS 0x000000069b000000| PB 0x000000069b000000| Untracked |  0
|  72|0x000000069b400000, 0x000000069b400000, 0x000000069b800000|  0%| F|  |TAMS 0x000000069b400000| PB 0x000000069b400000| Untracked |  0
|  73|0x000000069b800000, 0x000000069b800000, 0x000000069bc00000|  0%| F|  |TAMS 0x000000069b800000| PB 0x000000069b800000| Untracked |  0
|  74|0x000000069bc00000, 0x000000069bc00000, 0x000000069c000000|  0%| F|  |TAMS 0x000000069bc00000| PB 0x000000069bc00000| Untracked |  0
|  75|0x000000069c000000, 0x000000069c000000, 0x000000069c400000|  0%| F|  |TAMS 0x000000069c000000| PB 0x000000069c000000| Untracked |  0
|  76|0x000000069c400000, 0x000000069c400000, 0x000000069c800000|  0%| F|  |TAMS 0x000000069c400000| PB 0x000000069c400000| Untracked |  0
|  77|0x000000069c800000, 0x000000069c800000, 0x000000069cc00000|  0%| F|  |TAMS 0x000000069c800000| PB 0x000000069c800000| Untracked |  0
|  78|0x000000069cc00000, 0x000000069cc00000, 0x000000069d000000|  0%| F|  |TAMS 0x000000069cc00000| PB 0x000000069cc00000| Untracked |  0
|  79|0x000000069d000000, 0x000000069d000000, 0x000000069d400000|  0%| F|  |TAMS 0x000000069d000000| PB 0x000000069d000000| Untracked |  0
|  80|0x000000069d400000, 0x000000069d400000, 0x000000069d800000|  0%| F|  |TAMS 0x000000069d400000| PB 0x000000069d400000| Untracked |  0
|  81|0x000000069d800000, 0x000000069d800000, 0x000000069dc00000|  0%| F|  |TAMS 0x000000069d800000| PB 0x000000069d800000| Untracked |  0
|  82|0x000000069dc00000, 0x000000069dc00000, 0x000000069e000000|  0%| F|  |TAMS 0x000000069dc00000| PB 0x000000069dc00000| Untracked |  0
|  83|0x000000069e000000, 0x000000069e000000, 0x000000069e400000|  0%| F|  |TAMS 0x000000069e000000| PB 0x000000069e000000| Untracked |  0
|  84|0x000000069e400000, 0x000000069e400000, 0x000000069e800000|  0%| F|  |TAMS 0x000000069e400000| PB 0x000000069e400000| Untracked |  0
|  85|0x000000069e800000, 0x000000069e800000, 0x000000069ec00000|  0%| F|  |TAMS 0x000000069e800000| PB 0x000000069e800000| Untracked |  0
|  86|0x000000069ec00000, 0x000000069ec00000, 0x000000069f000000|  0%| F|  |TAMS 0x000000069ec00000| PB 0x000000069ec00000| Untracked |  0
|  87|0x000000069f000000, 0x000000069f000000, 0x000000069f400000|  0%| F|  |TAMS 0x000000069f000000| PB 0x000000069f000000| Untracked |  0
|  88|0x000000069f400000, 0x000000069f400000, 0x000000069f800000|  0%| F|  |TAMS 0x000000069f400000| PB 0x000000069f400000| Untracked |  0
|  89|0x000000069f800000, 0x000000069f800000, 0x000000069fc00000|  0%| F|  |TAMS 0x000000069f800000| PB 0x000000069f800000| Untracked |  0
|  90|0x000000069fc00000, 0x000000069fe00000, 0x00000006a0000000| 50%| E|  |TAMS 0x000000069fc00000| PB 0x000000069fc00000| Complete |  0
|  91|0x00000006a0000000, 0x00000006a0400000, 0x00000006a0400000|100%| E|CS|TAMS 0x00000006a0000000| PB 0x00000006a0000000| Complete |  0
|  92|0x00000006a0400000, 0x00000006a0800000, 0x00000006a0800000|100%| E|CS|TAMS 0x00000006a0400000| PB 0x00000006a0400000| Complete |  0
|  93|0x00000006a0800000, 0x00000006a0c00000, 0x00000006a0c00000|100%| E|CS|TAMS 0x00000006a0800000| PB 0x00000006a0800000| Complete |  0
|1498|0x00000007ffc00000, 0x00000007ffd086a8, 0x0000000800000000| 25%| O|  |TAMS 0x00000007ffc00000| PB 0x00000007ffc00000| Untracked |  0

Card table byte_map: [0x000073412f090000,0x000073412fc46000] _byte_map_base: 0x000073412bc46000

Marking Bits: (CMBitMap*) 0x00007341480b3580
 Bits: [0x00007341292e0000, 0x000073412f090000)

Polling page: 0x000073414e1de000

Metaspace:

Usage:
  Non-class:      8,91 MB used.
      Class:    541,64 KB used.
       Both:      9,44 MB used.

Virtual space:
  Non-class space:       64,00 MB reserved,       9,00 MB ( 14%) committed,  1 nodes.
      Class space:        1,00 GB reserved,     640,00 KB ( <1%) committed,  1 nodes.
             Both:        1,06 GB reserved,       9,62 MB ( <1%) committed. 

Chunk freelists:
   Non-Class:  5,88 MB
       Class:  15,39 MB
        Both:  21,26 MB

MaxMetaspaceSize: unlimited
CompressedClassSpaceSize: 1,00 GB
Initial GC threshold: 21,00 MB
Current GC threshold: 21,00 MB
CDS: on
 - commit_granule_bytes: 65536.
 - commit_granule_words: 8192.
 - virtual_space_node_default_size: 8388608.
 - enlarge_chunks_in_place: 1.
 - use_allocation_guard: 0.


Internal statistics:

num_allocs_failed_limit: 0.
num_arena_births: 150.
num_arena_deaths: 0.
num_vsnodes_births: 2.
num_vsnodes_deaths: 0.
num_space_committed: 153.
num_space_uncommitted: 0.
num_chunks_returned_to_freelist: 0.
num_chunks_taken_from_freelist: 421.
num_chunk_merges: 0.
num_chunk_splits: 308.
num_chunks_enlarged: 230.
num_inconsistent_stats: 0.

CodeHeap 'non-profiled nmethods': size=120032Kb used=641Kb max_used=641Kb free=119390Kb
 bounds [0x00007341386c8000, 0x0000734138938000, 0x000073413fc00000]
CodeHeap 'profiled nmethods': size=120028Kb used=3550Kb max_used=3550Kb free=116477Kb
 bounds [0x0000734130c00000, 0x0000734130f80000, 0x0000734138137000]
CodeHeap 'non-nmethods': size=5700Kb used=2289Kb max_used=2326Kb free=3410Kb
 bounds [0x0000734138137000, 0x00007341383a7000, 0x00007341386c8000]
 total_blobs=3130 nmethods=1901 adapters=1135
 compilation: enabled
              stopped_count=0, restarted_count=0
 full_count=0

Compilation events (20 events):
Event: 3,188 Thread 0x00007341481674f0 1890       4       java.lang.AbstractStringBuilder::append (77 bytes)
Event: 3,195 Thread 0x00007341481674f0 nmethod 1890 0x0000734138766490 code [0x0000734138766660, 0x0000734138766db0]
Event: 3,227 Thread 0x00007341481674f0 1891       4       java.util.ArrayList::iterator (9 bytes)
Event: 3,228 Thread 0x00007341481674f0 nmethod 1891 0x0000734138767110 code [0x0000734138767280, 0x0000734138767388]
Event: 3,292 Thread 0x00007341481674f0 1892       4       org.lwjgl.system.StructBuffer::get (21 bytes)
Event: 3,293 Thread 0x00007341481674f0 nmethod 1892 0x0000734138767490 code [0x0000734138767620, 0x00007341387677e0]
Event: 3,314 Thread 0x00007341481674f0 1893       4       org.lwjgl.system.MemoryUtil::memASCII (11 bytes)
Event: 3,320 Thread 0x00007341481674f0 nmethod 1893 0x0000734138767990 code [0x0000734138767b20, 0x0000734138767e90]
Event: 3,351 Thread 0x0000734148168c00 1894   !   3       org.lwjgl.assimp.Assimp::aiImportFile (52 bytes)
Event: 3,353 Thread 0x0000734148168c00 nmethod 1894 0x0000734130f6fd10 code [0x0000734130f70040, 0x0000734130f71560]
Event: 3,354 Thread 0x0000734148168c00 1895       3       org.lwjgl.assimp.AIMesh::create (20 bytes)
Event: 3,354 Thread 0x0000734148168c00 nmethod 1895 0x0000734130f71f90 code [0x0000734130f72140, 0x0000734130f72460]
Event: 3,354 Thread 0x0000734148168c00 1896       3       net.minecraftrecreation.render.scene.objects.ModelLoader::processMesh (52 bytes)
Event: 3,354 Thread 0x0000734148168c00 nmethod 1896 0x0000734130f72590 code [0x0000734130f72780, 0x0000734130f72b50]
Event: 3,385 Thread 0x00007341481674f0 1897       4       java.util.ArrayList::<init> (12 bytes)
Event: 3,386 Thread 0x00007341481674f0 nmethod 1897 0x0000734138768210 code [0x0000734138768380, 0x00007341387684f8]
Event: 3,411 Thread 0x00007341481674f0 1898       4       org.lwjgl.system.MemoryStack::ncalloc (25 bytes)
Event: 3,411 Thread 0x0000734148168c00 1899       3       java.lang.ref.ReferenceQueue::poll0 (65 bytes)
Event: 3,411 Thread 0x0000734148168c00 nmethod 1899 0x0000734130f72d90 code [0x0000734130f72f60, 0x0000734130f73458]
Event: 3,414 Thread 0x0000734148168c00 1901       3       sun.net.www.protocol.jar.Handler::parseURL (173 bytes)

GC Heap History (10 events):
Event: 1,477 GC heap before
{Heap before GC invocations=0 (full 0):
 garbage-first heap   total reserved 6139904K, committed 389120K, used 13345K [0x0000000689400000, 0x0000000800000000)
  region size 4096K, 4 young (16384K), 0 survivors (0K)
 Metaspace       used 5474K, committed 5696K, reserved 1114112K
  class space    used 342K, committed 448K, reserved 1048576K
}
Event: 1,480 GC heap after
{Heap after GC invocations=1 (full 0):
 garbage-first heap   total reserved 6139904K, committed 389120K, used 3324K [0x0000000689400000, 0x0000000800000000)
  region size 4096K, 1 young (4096K), 1 survivors (4096K)
 Metaspace       used 5474K, committed 5696K, reserved 1114112K
  class space    used 342K, committed 448K, reserved 1048576K
}
Event: 2,287 GC heap before
{Heap before GC invocations=1 (full 0):
 garbage-first heap   total reserved 6139904K, committed 389120K, used 23804K [0x0000000689400000, 0x0000000800000000)
  region size 4096K, 6 young (24576K), 1 survivors (4096K)
 Metaspace       used 9463K, committed 9728K, reserved 1114112K
  class space    used 537K, committed 640K, reserved 1048576K
}
Event: 2,292 GC heap after
{Heap after GC invocations=2 (full 0):
 garbage-first heap   total reserved 6139904K, committed 389120K, used 4631K [0x0000000689400000, 0x0000000800000000)
  region size 4096K, 1 young (4096K), 1 survivors (4096K)
 Metaspace       used 9463K, committed 9728K, reserved 1114112K
  class space    used 537K, committed 640K, reserved 1048576K
}
Event: 2,565 GC heap before
{Heap before GC invocations=2 (full 0):
 garbage-first heap   total reserved 6139904K, committed 389120K, used 66071K [0x0000000689400000, 0x0000000800000000)
  region size 4096K, 16 young (65536K), 1 survivors (4096K)
 Metaspace       used 9528K, committed 9728K, reserved 1114112K
  class space    used 537K, committed 640K, reserved 1048576K
}
Event: 2,567 GC heap after
{Heap after GC invocations=3 (full 0):
 garbage-first heap   total reserved 6139904K, committed 389120K, used 4504K [0x0000000689400000, 0x0000000800000000)
  region size 4096K, 1 young (4096K), 1 survivors (4096K)
 Metaspace       used 9528K, committed 9728K, reserved 1114112K
  class space    used 537K, committed 640K, reserved 1048576K
}
Event: 3,054 GC heap before
{Heap before GC invocations=3 (full 0):
 garbage-first heap   total reserved 6139904K, committed 389120K, used 229784K [0x0000000689400000, 0x0000000800000000)
  region size 4096K, 56 young (229376K), 1 survivors (4096K)
 Metaspace       used 9603K, committed 9856K, reserved 1114112K
  class space    used 537K, committed 640K, reserved 1048576K
}
Event: 3,056 GC heap after
{Heap after GC invocations=4 (full 0):
 garbage-first heap   total reserved 6139904K, committed 389120K, used 4679K [0x0000000689400000, 0x0000000800000000)
  region size 4096K, 1 young (4096K), 1 survivors (4096K)
 Metaspace       used 9603K, committed 9856K, reserved 1114112K
  class space    used 537K, committed 640K, reserved 1048576K
}
Event: 3,389 GC heap before
{Heap before GC invocations=4 (full 0):
 garbage-first heap   total reserved 6139904K, committed 389120K, used 229959K [0x0000000689400000, 0x0000000800000000)
  region size 4096K, 56 young (229376K), 1 survivors (4096K)
 Metaspace       used 9628K, committed 9856K, reserved 1114112K
  class space    used 537K, committed 640K, reserved 1048576K
}
Event: 3,390 GC heap after
{Heap after GC invocations=5 (full 0):
 garbage-first heap   total reserved 6139904K, committed 389120K, used 4709K [0x0000000689400000, 0x0000000800000000)
  region size 4096K, 1 young (4096K), 1 survivors (4096K)
 Metaspace       used 9628K, committed 9856K, reserved 1114112K
  class space    used 537K, committed 640K, reserved 1048576K
}

Dll operation events (13 events):
Event: 0,002 Loaded shared library /home/denis0001/.jdks/openjdk-22/lib/libjava.so
Event: 0,002 Loaded shared library /home/denis0001/.jdks/openjdk-22/lib/libzip.so
Event: 0,027 Loaded shared library /home/denis0001/.jdks/openjdk-22/lib/libjsvml.so
Event: 0,536 Loaded shared library /home/denis0001/.jdks/openjdk-22/lib/libinstrument.so
Event: 0,598 Loaded shared library /home/denis0001/.jdks/openjdk-22/lib/libnio.so
Event: 0,615 Loaded shared library /home/denis0001/.jdks/openjdk-22/lib/libzip.so
Event: 0,713 Loaded shared library /home/denis0001/.jdks/openjdk-22/lib/libjimage.so
Event: 0,724 Loaded shared library /home/denis0001/.jdks/openjdk-22/lib/libnet.so
Event: 0,733 Loaded shared library /tmp/lwjgldenis0001/3.1.1-build-16/liblwjgl.so
Event: 1,142 Loaded shared library /home/denis0001/.jdks/openjdk-22/lib/libverify.so
Event: 1,155 Loaded shared library /tmp/lwjgldenis0001/3.1.1-build-16/liblwjgl_opengl.so
Event: 1,577 Loaded shared library /tmp/imgui-java-natives/1.86.11/libimgui-java64.so
Event: 1,662 Loaded shared library /tmp/lwjgldenis0001/3.1.1-build-16/liblwjgl_stb.so

Deoptimization events (20 events):
Event: 2,384 Thread 0x000073414802d040 DEOPT PACKING pc=0x0000734138755c28 sp=0x000073414ddfe1e0
Event: 2,384 Thread 0x000073414802d040 DEOPT UNPACKING pc=0x000073413818af99 sp=0x000073414ddfe180 mode 2
Event: 2,384 Thread 0x000073414802d040 Uncommon trap: trap_request=0xffffff66 fr.pc=0x0000734138755c28 relative=0x0000000000000208
Event: 2,384 Thread 0x000073414802d040 Uncommon trap: reason=speculate_class_check action=maybe_recompile pc=0x0000734138755c28 method=org.lwjgl.system.MemoryAccess$MemoryAccessorUnsafe.setup(Ljava/lang/Class;JI)Ljava/nio/Buffer; @ 53 c2
Event: 2,384 Thread 0x000073414802d040 DEOPT PACKING pc=0x0000734138755c28 sp=0x000073414ddfe1e0
Event: 2,384 Thread 0x000073414802d040 DEOPT UNPACKING pc=0x000073413818af99 sp=0x000073414ddfe180 mode 2
Event: 2,384 Thread 0x000073414802d040 Uncommon trap: trap_request=0xffffff66 fr.pc=0x0000734138755c28 relative=0x0000000000000208
Event: 2,384 Thread 0x000073414802d040 Uncommon trap: reason=speculate_class_check action=maybe_recompile pc=0x0000734138755c28 method=org.lwjgl.system.MemoryAccess$MemoryAccessorUnsafe.setup(Ljava/lang/Class;JI)Ljava/nio/Buffer; @ 53 c2
Event: 2,384 Thread 0x000073414802d040 DEOPT PACKING pc=0x0000734138755c28 sp=0x000073414ddfe1e0
Event: 2,384 Thread 0x000073414802d040 DEOPT UNPACKING pc=0x000073413818af99 sp=0x000073414ddfe180 mode 2
Event: 2,384 Thread 0x000073414802d040 Uncommon trap: trap_request=0xffffff66 fr.pc=0x0000734138755c28 relative=0x0000000000000208
Event: 2,384 Thread 0x000073414802d040 Uncommon trap: reason=speculate_class_check action=maybe_recompile pc=0x0000734138755c28 method=org.lwjgl.system.MemoryAccess$MemoryAccessorUnsafe.setup(Ljava/lang/Class;JI)Ljava/nio/Buffer; @ 53 c2
Event: 2,384 Thread 0x000073414802d040 DEOPT PACKING pc=0x0000734138755c28 sp=0x000073414ddfe1e0
Event: 2,384 Thread 0x000073414802d040 DEOPT UNPACKING pc=0x000073413818af99 sp=0x000073414ddfe180 mode 2
Event: 2,588 Thread 0x000073414802d040 DEOPT PACKING pc=0x0000734130ef7bd4 sp=0x000073414ddfe3f0
Event: 2,588 Thread 0x000073414802d040 DEOPT UNPACKING pc=0x000073413818b72f sp=0x000073414ddfd9b8 mode 0
Event: 3,414 Thread 0x000073414802d040 Uncommon trap: trap_request=0xffffff45 fr.pc=0x00007341387556f8 relative=0x0000000000000158
Event: 3,414 Thread 0x000073414802d040 Uncommon trap: reason=unstable_if action=reinterpret pc=0x00007341387556f8 method=java.lang.Class.reflectionData()Ljava/lang/Class$ReflectionData; @ 11 c2
Event: 3,414 Thread 0x000073414802d040 DEOPT PACKING pc=0x00007341387556f8 sp=0x000073414ddfda90
Event: 3,414 Thread 0x000073414802d040 DEOPT UNPACKING pc=0x000073413818af99 sp=0x000073414ddfda48 mode 2

Classes loaded (20 events):
Event: 2,116 Loading class net/minecraftrecreation/render/scene/objects/Mesh
Event: 2,116 Loading class net/minecraftrecreation/render/scene/objects/Mesh done
Event: 2,117 Loading class net/minecraftrecreation/render/scene/objects/Model
Event: 2,117 Loading class net/minecraftrecreation/render/scene/objects/Model done
Event: 2,117 Loading class java/util/regex/Pattern$SliceS
Event: 2,117 Loading class java/util/regex/Pattern$SliceS done
Event: 3,412 Loading class net/minecraftrecreation/render/scene/light/SceneLights
Event: 3,412 Loading class net/minecraftrecreation/render/scene/light/SceneLights done
Event: 3,412 Loading class net/minecraftrecreation/render/scene/light/AmbientLight
Event: 3,412 Loading class net/minecraftrecreation/render/scene/light/AmbientLight done
Event: 3,412 Loading class net/minecraftrecreation/render/scene/light/DirectionalLight
Event: 3,412 Loading class net/minecraftrecreation/render/scene/light/DirectionalLight done
Event: 3,412 Loading class net/minecraftrecreation/render/scene/light/PointLight
Event: 3,412 Loading class net/minecraftrecreation/render/scene/light/PointLight done
Event: 3,412 Loading class net/minecraftrecreation/render/scene/light/PointLight$Attenuation
Event: 3,412 Loading class net/minecraftrecreation/render/scene/light/PointLight$Attenuation done
Event: 3,413 Loading class net/minecraftrecreation/render/scene/light/SpotLight
Event: 3,413 Loading class net/minecraftrecreation/render/scene/light/SpotLight done
Event: 3,414 Loading class org/joml/Runtime
Event: 3,414 Loading class org/joml/Runtime done

Classes unloaded (0 events):
No events

Classes redefined (0 events):
No events

Internal exceptions (20 events):
Event: 0,537 Thread 0x000073414802d040 Exception <a 'java/lang/NoSuchMethodError'{0x00000006a0984ec0}: 'void java.lang.invoke.DirectMethodHandle$Holder.invokeStatic(java.lang.Object, java.lang.Object, java.lang.Object)'> (0x00000006a0984ec0) 
thrown [open/src/hotspot/share/interpreter/linkResolver.cpp, line 773]
Event: 0,551 Thread 0x000073414802d040 Exception <a 'java/lang/NoSuchMethodError'{0x00000006a0a40928}: 'java.lang.Object java.lang.invoke.Invokers$Holder.invokeExact_MT(java.lang.Object, java.lang.Object, java.lang.Object, java.lang.Object, java.lang.Object)'> (0x00000006a0a40928) 
thrown [open/src/hotspot/share/interpreter/linkResolver.cpp, line 773]
Event: 1,126 Thread 0x000073414802d040 Exception <a 'java/lang/NoSuchMethodError'{0x00000006a07ca220}: 'void java.lang.invoke.DirectMethodHandle$Holder.invokeStatic(java.lang.Object, int, long)'> (0x00000006a07ca220) 
thrown [open/src/hotspot/share/interpreter/linkResolver.cpp, line 773]
Event: 1,165 Thread 0x000073414802d040 Exception <a 'sun/nio/fs/UnixException'{0x00000006a004ff98}> (0x00000006a004ff98) 
thrown [open/src/hotspot/share/prims/jni.cpp, line 520]
Event: 1,170 Thread 0x000073414802d040 Exception <a 'sun/nio/fs/UnixException'{0x00000006a0052af8}> (0x00000006a0052af8) 
thrown [open/src/hotspot/share/prims/jni.cpp, line 520]
Event: 1,170 Thread 0x000073414802d040 Exception <a 'sun/nio/fs/UnixException'{0x00000006a0052f58}> (0x00000006a0052f58) 
thrown [open/src/hotspot/share/prims/jni.cpp, line 520]
Event: 1,170 Thread 0x000073414802d040 Exception <a 'sun/nio/fs/UnixException'{0x00000006a00533a8}> (0x00000006a00533a8) 
thrown [open/src/hotspot/share/prims/jni.cpp, line 520]
Event: 1,170 Thread 0x000073414802d040 Exception <a 'sun/nio/fs/UnixException'{0x00000006a00537b8}> (0x00000006a00537b8) 
thrown [open/src/hotspot/share/prims/jni.cpp, line 520]
Event: 1,170 Thread 0x000073414802d040 Exception <a 'sun/nio/fs/UnixException'{0x00000006a0053c00}> (0x00000006a0053c00) 
thrown [open/src/hotspot/share/prims/jni.cpp, line 520]
Event: 1,458 Thread 0x000073414802d040 Exception <a 'java/lang/NoSuchMethodError'{0x000000069ffa49b8}: 'long java.lang.invoke.DelegatingMethodHandle$Holder.reinvoke_L(java.lang.Object, java.lang.Object)'> (0x000000069ffa49b8) 
thrown [open/src/hotspot/share/interpreter/linkResolver.cpp, line 773]
Event: 1,459 Thread 0x000073414802d040 Exception <a 'java/lang/NoSuchMethodError'{0x000000069ffaae00}: 'long java.lang.invoke.Invokers$Holder.invokeExact_MT(java.lang.Object, java.lang.Object, java.lang.Object)'> (0x000000069ffaae00) 
thrown [open/src/hotspot/share/interpreter/linkResolver.cpp, line 773]
Event: 1,530 Thread 0x000073414802d040 Exception <a 'java/lang/NoSuchMethodError'{0x00000006a09b47d8}: 'java.lang.Object java.lang.invoke.DirectMethodHandle$Holder.invokeStatic(java.lang.Object, java.lang.Object, int)'> (0x00000006a09b47d8) 
thrown [open/src/hotspot/share/interpreter/linkResolver.cpp, line 773]
Event: 1,533 Thread 0x000073414802d040 Exception <a 'java/lang/NoSuchMethodError'{0x00000006a09bfcd0}: 'void java.lang.invoke.DirectMethodHandle$Holder.invokeSpecial(java.lang.Object, java.lang.Object, java.lang.Object)'> (0x00000006a09bfcd0) 
thrown [open/src/hotspot/share/interpreter/linkResolver.cpp, line 773]
Event: 1,534 Thread 0x000073414802d040 Exception <a 'java/lang/NoSuchMethodError'{0x00000006a09c59c8}: 'void java.lang.invoke.DirectMethodHandle$Holder.invokeStatic(java.lang.Object, int)'> (0x00000006a09c59c8) 
thrown [open/src/hotspot/share/interpreter/linkResolver.cpp, line 773]
Event: 1,590 Thread 0x000073414802d040 Exception <a 'java/lang/NoSuchMethodError'{0x00000006a0adb378}: 'void java.lang.invoke.DirectMethodHandle$Holder.invokeStatic(java.lang.Object, java.lang.Object, long, int)'> (0x00000006a0adb378) 
thrown [open/src/hotspot/share/interpreter/linkResolver.cpp, line 773]
Event: 1,939 Thread 0x000073414802d040 Exception <a 'java/lang/NoSuchMethodError'{0x00000006a0115d10}: 'long java.lang.invoke.DirectMethodHandle$Holder.invokeSpecial(java.lang.Object, java.lang.Object)'> (0x00000006a0115d10) 
thrown [open/src/hotspot/share/interpreter/linkResolver.cpp, line 773]
Event: 1,940 Thread 0x000073414802d040 Exception <a 'java/lang/NoSuchMethodError'{0x00000006a0119128}: 'long java.lang.invoke.Invokers$Holder.invokeExact_MT(java.lang.Object, java.lang.Object)'> (0x00000006a0119128) 
thrown [open/src/hotspot/share/interpreter/linkResolver.cpp, line 773]
Event: 1,969 Thread 0x000073414802d040 Exception <a 'java/lang/NoSuchMethodError'{0x00000006a016d500}: static Lnet/minecraftrecreation/world/block/Stone;.<clinit>()V> (0x00000006a016d500) 
thrown [open/src/hotspot/share/prims/jni.cpp, line 1111]
Event: 1,983 Thread 0x000073414802d040 Exception <a 'java/lang/NoSuchMethodError'{0x00000006a017e6f8}: static Lnet/minecraftrecreation/world/block/GrassBlock;.<clinit>()V> (0x00000006a017e6f8) 
thrown [open/src/hotspot/share/prims/jni.cpp, line 1111]
Event: 3,414 Thread 0x000073414802d040 Implicit null exception at 0x00007341387555e9 to 0x00007341387556e4

ZGC Phase Switch (0 events):
No events

VM Operations (20 events):
Event: 0,530 Executing VM operation: ChangeBreakpoints
Event: 0,530 Executing VM operation: ChangeBreakpoints done
Event: 0,531 Executing VM operation: ChangeBreakpoints
Event: 0,531 Executing VM operation: ChangeBreakpoints done
Event: 0,720 Executing VM operation: HandshakeAllThreads (Deoptimize)
Event: 0,720 Executing VM operation: HandshakeAllThreads (Deoptimize) done
Event: 1,477 Executing VM operation: G1CollectForAllocation (G1 Evacuation Pause)
Event: 1,480 Executing VM operation: G1CollectForAllocation (G1 Evacuation Pause) done
Event: 1,609 Executing VM operation: HandshakeAllThreads (Deoptimize)
Event: 1,609 Executing VM operation: HandshakeAllThreads (Deoptimize) done
Event: 1,935 Executing VM operation: HandshakeAllThreads (Deoptimize)
Event: 1,936 Executing VM operation: HandshakeAllThreads (Deoptimize) done
Event: 2,287 Executing VM operation: G1CollectForAllocation (G1 Evacuation Pause)
Event: 2,292 Executing VM operation: G1CollectForAllocation (G1 Evacuation Pause) done
Event: 2,565 Executing VM operation: G1CollectForAllocation (G1 Evacuation Pause)
Event: 2,567 Executing VM operation: G1CollectForAllocation (G1 Evacuation Pause) done
Event: 3,054 Executing VM operation: G1CollectForAllocation (G1 Evacuation Pause)
Event: 3,056 Executing VM operation: G1CollectForAllocation (G1 Evacuation Pause) done
Event: 3,389 Executing VM operation: G1CollectForAllocation (G1 Evacuation Pause)
Event: 3,390 Executing VM operation: G1CollectForAllocation (G1 Evacuation Pause) done

Events (20 events):
Event: 0,026 Thread 0x00007341481674f0 Thread added: 0x00007341481674f0
Event: 0,026 Protecting memory [0x00007341280f9000,0x00007341280fd000] with protection modes 0
Event: 0,027 Thread 0x0000734148168c00 Thread added: 0x0000734148168c00
Event: 0,027 Protecting memory [0x0000734119f00000,0x0000734119f04000] with protection modes 0
Event: 0,044 Thread 0x00007341481b3010 Thread added: 0x00007341481b3010
Event: 0,044 Protecting memory [0x0000734119e00000,0x0000734119e04000] with protection modes 0
Event: 0,080 Thread 0x00007341481ffbc0 Thread added: 0x00007341481ffbc0
Event: 0,081 Protecting memory [0x0000734119d00000,0x0000734119d04000] with protection modes 0
Event: 0,081 Thread 0x0000734148213ac0 Thread added: 0x0000734148213ac0
Event: 0,081 Protecting memory [0x0000734119c00000,0x0000734119c04000] with protection modes 0
Event: 0,081 Thread 0x0000734098001080 Thread added: 0x0000734098001080
Event: 0,081 Protecting memory [0x0000734119b00000,0x0000734119b04000] with protection modes 0
Event: 0,588 Thread 0x000073414822b8b0 Thread added: 0x000073414822b8b0
Event: 0,605 Protecting memory [0x0000734119a00000,0x0000734119a04000] with protection modes 0
Event: 1,191 Thread 0x00007340a0123d90 Thread added: 0x00007340a0123d90
Event: 1,192 Protecting memory [0x000073411808a000,0x000073411808e000] with protection modes 0
Event: 1,660 Thread 0x00007340a0123d90 Thread exited: 0x00007340a0123d90
Event: 2,228 Thread 0x00007340a0386a30 Thread added: 0x00007340a0386a30
Event: 2,228 Protecting memory [0x000073411808a000,0x000073411808e000] with protection modes 0
Event: 2,719 Thread 0x00007340a0386a30 Thread exited: 0x00007340a0386a30


Dynamic libraries:
40027000-40029000 r-xs 00000000 00:01 5280                               /memfd:/.glXXXXXX (deleted)
416d5000-41784000 rw-p 00000000 00:00 0 
689400000-6a0c00000 rw-p 00000000 00:00 0 
6a0c00000-7ffc00000 ---p 00000000 00:00 0 
7ffc00000-7ffd09000 rw-p 00cb3000 08:03 3539186                          /home/denis0001/.jdks/openjdk-22/lib/server/classes.jsa
7ffd09000-800000000 rw-p 00000000 00:00 0 
61f5169f3000-61f5169f4000 r-xp 00000000 08:03 3443829                    /home/denis0001/.jdks/openjdk-22/bin/java
61f5169f5000-61f5169f6000 r--p 00001000 08:03 3443829                    /home/denis0001/.jdks/openjdk-22/bin/java
61f5169f6000-61f5169f7000 rw-p 00002000 08:03 3443829                    /home/denis0001/.jdks/openjdk-22/bin/java
61f518294000-61f5182dc000 rw-p 00000000 00:00 0                          [heap]
734074000000-734074021000 rw-p 00000000 00:00 0 
734074021000-734078000000 ---p 00000000 00:00 0 
734078000000-734078021000 rw-p 00000000 00:00 0 
734078021000-73407c000000 ---p 00000000 00:00 0 
73407c000000-73407c12e000 rw-p 00000000 00:00 0 
73407c12e000-734080000000 ---p 00000000 00:00 0 
734080000000-734080021000 rw-p 00000000 00:00 0 
734080021000-734084000000 ---p 00000000 00:00 0 
734084000000-7340845e2000 rw-p 00000000 00:00 0 
7340845e2000-734088000000 ---p 00000000 00:00 0 
734089e00000-73408a4c1000 r-xp 00000000 08:03 437560                     /tmp/lwjgldenis0001/3.1.1-build-16/libassimp.so
73408a4c1000-73408a6c0000 ---p 006c1000 08:03 437560                     /tmp/lwjgldenis0001/3.1.1-build-16/libassimp.so
73408a6c0000-73408a787000 r--p 006c0000 08:03 437560                     /tmp/lwjgldenis0001/3.1.1-build-16/libassimp.so
73408a787000-73408a78a000 rw-p 00787000 08:03 437560                     /tmp/lwjgldenis0001/3.1.1-build-16/libassimp.so
73408a78a000-73408a78f000 rw-p 00000000 00:00 0 
73408a800000-73408c83a000 r-xp 00000000 08:03 28068                      /usr/lib/x86_64-linux-gnu/libnvidia-glvkspirv.so.535.171.04
73408c83a000-73408ca3a000 ---p 0203a000 08:03 28068                      /usr/lib/x86_64-linux-gnu/libnvidia-glvkspirv.so.535.171.04
73408ca3a000-73408d056000 r--p 0203a000 08:03 28068                      /usr/lib/x86_64-linux-gnu/libnvidia-glvkspirv.so.535.171.04
73408d056000-73408d0e5000 rw-p 02656000 08:03 28068                      /usr/lib/x86_64-linux-gnu/libnvidia-glvkspirv.so.535.171.04
73408d0e5000-73408d138000 rw-p 00000000 00:00 0 
73408d200000-73408d4d8000 r-xp 00000000 08:03 28065                      /usr/lib/x86_64-linux-gnu/libnvidia-glcore.so.535.171.04
73408d4d8000-73408d4f9000 rwxp 002d8000 08:03 28065                      /usr/lib/x86_64-linux-gnu/libnvidia-glcore.so.535.171.04
73408d4f9000-73408fb97000 r-xp 002f9000 08:03 28065                      /usr/lib/x86_64-linux-gnu/libnvidia-glcore.so.535.171.04
73408fb97000-73408fb98000 ---p 02997000 08:03 28065                      /usr/lib/x86_64-linux-gnu/libnvidia-glcore.so.535.171.04
73408fb98000-73408fd6b000 r--p 02997000 08:03 28065                      /usr/lib/x86_64-linux-gnu/libnvidia-glcore.so.535.171.04
73408fd6b000-73408fdd4000 rw-p 02b6a000 08:03 28065                      /usr/lib/x86_64-linux-gnu/libnvidia-glcore.so.535.171.04
73408fdd4000-73408fe11000 rw-p 00000000 00:00 0 
734090000000-734090021000 rw-p 00000000 00:00 0 
734090021000-734094000000 ---p 00000000 00:00 0 
734094000000-734094021000 rw-p 00000000 00:00 0 
734094021000-734098000000 ---p 00000000 00:00 0 
734098000000-73409802d000 rw-p 00000000 00:00 0 
73409802d000-73409c000000 ---p 00000000 00:00 0 
73409c000000-73409c026000 rw-p 00000000 00:00 0 
73409c026000-7340a0000000 ---p 00000000 00:00 0 
7340a0000000-7340a03a1000 rw-p 00000000 00:00 0 
7340a03a1000-7340a4000000 ---p 00000000 00:00 0 
7340a4000000-7340a4021000 rw-p 00000000 00:00 0 
7340a4021000-7340a8000000 ---p 00000000 00:00 0 
7340a8000000-7340a8021000 rw-p 00000000 00:00 0 
7340a8021000-7340ac000000 ---p 00000000 00:00 0 
7340ac000000-7340ac477000 rw-p 00000000 00:00 0 
7340ac477000-7340b0000000 ---p 00000000 00:00 0 
7340b0000000-7340b0021000 rw-p 00000000 00:00 0 
7340b0021000-7340b4000000 ---p 00000000 00:00 0 
7340b4000000-7340b4021000 rw-p 00000000 00:00 0 
7340b4021000-7340b8000000 ---p 00000000 00:00 0 
7340b8000000-7340b8021000 rw-p 00000000 00:00 0 
7340b8021000-7340bc000000 ---p 00000000 00:00 0 
7340bc000000-7340bc021000 rw-p 00000000 00:00 0 
7340bc021000-7340c0000000 ---p 00000000 00:00 0 
7340c0000000-7340c0021000 rw-p 00000000 00:00 0 
7340c0021000-7340c4000000 ---p 00000000 00:00 0 
7340c4a00000-7340c4a59000 r-xp 00000000 08:03 432787                     /tmp/lwjgldenis0001/3.1.1-build-16/liblwjgl_stb.so
7340c4a59000-7340c4c59000 ---p 00059000 08:03 432787                     /tmp/lwjgldenis0001/3.1.1-build-16/liblwjgl_stb.so
7340c4c59000-7340c4c5a000 r--p 00059000 08:03 432787                     /tmp/lwjgldenis0001/3.1.1-build-16/liblwjgl_stb.so
7340c4c5a000-7340c4c5b000 rw-p 0005a000 08:03 432787                     /tmp/lwjgldenis0001/3.1.1-build-16/liblwjgl_stb.so
7340c4c5b000-7340c4c5c000 rw-p 00000000 00:00 0 
7340c4e00000-7340c4e9a000 r--p 00000000 08:03 30076                      /usr/lib/x86_64-linux-gnu/libstdc++.so.6.0.30
7340c4e9a000-7340c4fab000 r-xp 0009a000 08:03 30076                      /usr/lib/x86_64-linux-gnu/libstdc++.so.6.0.30
7340c4fab000-7340c501a000 r--p 001ab000 08:03 30076                      /usr/lib/x86_64-linux-gnu/libstdc++.so.6.0.30
7340c501a000-7340c501b000 ---p 0021a000 08:03 30076                      /usr/lib/x86_64-linux-gnu/libstdc++.so.6.0.30
7340c501b000-7340c5026000 r--p 0021a000 08:03 30076                      /usr/lib/x86_64-linux-gnu/libstdc++.so.6.0.30
7340c5026000-7340c5029000 rw-p 00225000 08:03 30076                      /usr/lib/x86_64-linux-gnu/libstdc++.so.6.0.30
7340c5029000-7340c502c000 rw-p 00000000 00:00 0 
7340c5200000-7340c5295000 r--p 00000000 08:03 437568                     /tmp/imgui-java-natives/1.86.11/libimgui-java64.so
7340c5295000-7340c5676000 r-xp 00095000 08:03 437568                     /tmp/imgui-java-natives/1.86.11/libimgui-java64.so
7340c5676000-7340c5702000 r--p 00476000 08:03 437568                     /tmp/imgui-java-natives/1.86.11/libimgui-java64.so
7340c5702000-7340c5703000 ---p 00502000 08:03 437568                     /tmp/imgui-java-natives/1.86.11/libimgui-java64.so
7340c5703000-7340c5708000 r--p 00502000 08:03 437568                     /tmp/imgui-java-natives/1.86.11/libimgui-java64.so
7340c5708000-7340c5714000 rw-p 00507000 08:03 437568                     /tmp/imgui-java-natives/1.86.11/libimgui-java64.so
7340c5714000-7340c5f44000 rw-p 00000000 00:00 0 
7340c6000000-7340c62e0000 rw-p 00000000 00:00 0 
7340c62e0000-7340c6400000 ---p 00000000 00:00 0 
7340c6400000-7340c6a20000 rw-p 00000000 00:00 0 
7340c6a20000-7340ca000000 ---p 00000000 00:00 0 
7340ca000000-7340cac74000 rw-p 00001000 08:03 3539186                    /home/denis0001/.jdks/openjdk-22/lib/server/classes.jsa
7340cac74000-7340cb000000 ---p 00000000 00:00 0 
7340cb000000-7340cb030000 rw-p 00000000 00:00 0 
7340cb030000-7340cb070000 rw-p 00000000 00:00 0 
7340cb070000-7340cb0a0000 rw-p 00000000 00:00 0 
7340cb0a0000-73410b000000 ---p 00000000 00:00 0 
73410b0fd000-73410b0fe000 ---p 00000000 00:00 0 
73410b0fe000-73410b1fe000 rw-p 00000000 00:00 0 
73410b1fe000-73410b1ff000 ---p 00000000 00:00 0 
73410b1ff000-73410b2ff000 rw-p 00000000 00:00 0 
73410b2ff000-73410b300000 ---p 00000000 00:00 0 
73410b300000-73410b400000 rw-p 00000000 00:00 0 
73410b400000-73410b469000 r-xp 00000000 08:03 432778                     /tmp/lwjgldenis0001/3.1.1-build-16/liblwjgl_opengl.so
73410b469000-73410b668000 ---p 00069000 08:03 432778                     /tmp/lwjgldenis0001/3.1.1-build-16/liblwjgl_opengl.so
73410b668000-73410b669000 r--p 00068000 08:03 432778                     /tmp/lwjgldenis0001/3.1.1-build-16/liblwjgl_opengl.so
73410b669000-73410b66a000 rw-p 00069000 08:03 432778                     /tmp/lwjgldenis0001/3.1.1-build-16/liblwjgl_opengl.so
73410b71f000-73410c000000 rw-p 00000000 00:00 0 
73410c000000-73410c021000 rw-p 00000000 00:00 0 
73410c021000-734110000000 ---p 00000000 00:00 0 
734110000000-734110021000 rw-p 00000000 00:00 0 
734110021000-734114000000 ---p 00000000 00:00 0 
734114000000-734114021000 rw-p 00000000 00:00 0 
734114021000-734118000000 ---p 00000000 00:00 0 
73411800a000-73411808a000 rw-s 00000000 00:05 879                        /dev/nvidiactl
73411808a000-73411808e000 ---p 00000000 00:00 0 
73411808e000-73411818a000 rw-p 00000000 00:00 0 
73411818a000-734118197000 r-xp 00000000 08:03 3444079                    /home/denis0001/.jdks/openjdk-22/lib/libverify.so
734118197000-734118199000 r--p 0000c000 08:03 3444079                    /home/denis0001/.jdks/openjdk-22/lib/libverify.so
734118199000-73411819a000 rw-p 0000e000 08:03 3444079                    /home/denis0001/.jdks/openjdk-22/lib/libverify.so
73411819a000-73411829a000 rw-s 00000000 00:05 879                        /dev/nvidiactl
73411829a000-73411831a000 rw-s 00000000 00:05 879                        /dev/nvidiactl
73411831a000-73411835a000 rw-s 00000000 00:05 879                        /dev/nvidiactl
73411835a000-73411837a000 rw-s 00000000 00:05 879                        /dev/nvidiactl
73411837a000-7341183ba000 rw-s 00000000 00:05 879                        /dev/nvidiactl
7341183ba000-7341185ff000 rw-s 00000000 00:01 1025                       /memfd:/.nvidia_drv.XXXXXX (deleted)
7341185ff000-734118600000 ---p 00000000 00:00 0 
734118600000-734118e00000 rw-p 00000000 00:00 0 
734118e00000-734118e75000 r-xp 00000000 08:03 28067                      /usr/lib/x86_64-linux-gnu/libnvidia-glsi.so.535.171.04
734118e75000-734119075000 ---p 00075000 08:03 28067                      /usr/lib/x86_64-linux-gnu/libnvidia-glsi.so.535.171.04
734119075000-73411909f000 r--p 00075000 08:03 28067                      /usr/lib/x86_64-linux-gnu/libnvidia-glsi.so.535.171.04
73411909f000-7341190a0000 rw-p 0009f000 08:03 28067                      /usr/lib/x86_64-linux-gnu/libnvidia-glsi.so.535.171.04
7341190a0000-7341190a8000 rw-p 00000000 00:00 0 
7341190ab000-7341190b2000 rwxp 00000000 00:00 0 
7341190b2000-7341190b5000 rw-s 00000000 00:05 879                        /dev/nvidiactl
7341190b5000-7341190b9000 rw-s 00000000 00:05 879                        /dev/nvidiactl
7341190b9000-7341190d9000 rw-s 00000000 00:05 879                        /dev/nvidiactl
7341190d9000-73411912a000 r--p 00000000 08:03 2504                       /usr/lib/x86_64-linux-gnu/libGLX_nvidia.so.535.171.04
73411912a000-734119184000 r-xp 00051000 08:03 2504                       /usr/lib/x86_64-linux-gnu/libGLX_nvidia.so.535.171.04
734119184000-7341191b9000 rwxp 000ab000 08:03 2504                       /usr/lib/x86_64-linux-gnu/libGLX_nvidia.so.535.171.04
7341191b9000-7341191ba000 r-xp 000e0000 08:03 2504                       /usr/lib/x86_64-linux-gnu/libGLX_nvidia.so.535.171.04
7341191ba000-7341191d9000 r--p 000e1000 08:03 2504                       /usr/lib/x86_64-linux-gnu/libGLX_nvidia.so.535.171.04
7341191d9000-7341191f9000 r--p 000ff000 08:03 2504                       /usr/lib/x86_64-linux-gnu/libGLX_nvidia.so.535.171.04
7341191f9000-7341191fe000 rw-p 0011f000 08:03 2504                       /usr/lib/x86_64-linux-gnu/libGLX_nvidia.so.535.171.04
7341191fe000-734119200000 rw-p 00000000 00:00 0 
734119200000-73411921e000 r-xp 00000000 08:03 432767                     /tmp/lwjgldenis0001/3.1.1-build-16/libglfw.so
73411921e000-73411941d000 ---p 0001e000 08:03 432767                     /tmp/lwjgldenis0001/3.1.1-build-16/libglfw.so
73411941d000-73411941e000 r--p 0001d000 08:03 432767                     /tmp/lwjgldenis0001/3.1.1-build-16/libglfw.so
73411941e000-73411941f000 rw-p 0001e000 08:03 432767                     /tmp/lwjgldenis0001/3.1.1-build-16/libglfw.so
73411941f000-734119420000 rw-p 00000000 00:00 0 
734119420000-734119422000 rw-s 00000000 00:01 5280                       /memfd:/.glXXXXXX (deleted)
734119422000-734119435000 rw-s 00000000 00:05 879                        /dev/nvidiactl
734119435000-734119437000 rw-s 00000000 00:05 879                        /dev/nvidiactl
734119437000-734119477000 rw-s 00000000 00:05 879                        /dev/nvidiactl
734119477000-73411947c000 r--p 00000000 08:03 29160                      /usr/lib/x86_64-linux-gnu/libdrm.so.2.4.0
73411947c000-734119487000 r-xp 00005000 08:03 29160                      /usr/lib/x86_64-linux-gnu/libdrm.so.2.4.0
734119487000-73411948b000 r--p 00010000 08:03 29160                      /usr/lib/x86_64-linux-gnu/libdrm.so.2.4.0
73411948b000-73411948c000 r--p 00013000 08:03 29160                      /usr/lib/x86_64-linux-gnu/libdrm.so.2.4.0
73411948c000-73411948d000 rw-p 00014000 08:03 29160                      /usr/lib/x86_64-linux-gnu/libdrm.so.2.4.0
73411948d000-734119490000 r--p 00000000 08:03 28685                      /usr/lib/x86_64-linux-gnu/libGLX.so.0.0.0
734119490000-7341194ab000 r-xp 00003000 08:03 28685                      /usr/lib/x86_64-linux-gnu/libGLX.so.0.0.0
7341194ab000-7341194ae000 r--p 0001e000 08:03 28685                      /usr/lib/x86_64-linux-gnu/libGLX.so.0.0.0
7341194ae000-7341194af000 ---p 00021000 08:03 28685                      /usr/lib/x86_64-linux-gnu/libGLX.so.0.0.0
7341194af000-7341194b0000 r--p 00021000 08:03 28685                      /usr/lib/x86_64-linux-gnu/libGLX.so.0.0.0
7341194b0000-7341194b1000 rw-p 00022000 08:03 28685                      /usr/lib/x86_64-linux-gnu/libGLX.so.0.0.0
7341194b1000-7341194c1000 rw-p 00000000 00:00 0 
7341194c1000-734119501000 r--p 00000000 08:03 28690                      /usr/lib/x86_64-linux-gnu/libGLdispatch.so.0.0.0
734119501000-734119504000 r-xp 00040000 08:03 28690                      /usr/lib/x86_64-linux-gnu/libGLdispatch.so.0.0.0
734119504000-73411953f000 r-xp 00043000 08:03 28690                      /usr/lib/x86_64-linux-gnu/libGLdispatch.so.0.0.0
73411953f000-734119540000 r-xp 0007e000 08:03 28690                      /usr/lib/x86_64-linux-gnu/libGLdispatch.so.0.0.0
734119540000-734119553000 r--p 0007f000 08:03 28690                      /usr/lib/x86_64-linux-gnu/libGLdispatch.so.0.0.0
734119553000-734119554000 ---p 00092000 08:03 28690                      /usr/lib/x86_64-linux-gnu/libGLdispatch.so.0.0.0
734119554000-734119570000 r--p 00092000 08:03 28690                      /usr/lib/x86_64-linux-gnu/libGLdispatch.so.0.0.0
734119570000-734119571000 rw-p 000ae000 08:03 28690                      /usr/lib/x86_64-linux-gnu/libGLdispatch.so.0.0.0
734119571000-734119579000 rw-p 00000000 00:00 0 
734119579000-7341195bc000 r--p 00000000 08:03 28679                      /usr/lib/x86_64-linux-gnu/libGL.so.1.7.0
7341195bc000-7341195bf000 r-xp 00043000 08:03 28679                      /usr/lib/x86_64-linux-gnu/libGL.so.1.7.0
7341195bf000-7341195da000 r-xp 00046000 08:03 28679                      /usr/lib/x86_64-linux-gnu/libGL.so.1.7.0
7341195da000-7341195db000 r-xp 00061000 08:03 28679                      /usr/lib/x86_64-linux-gnu/libGL.so.1.7.0
7341195db000-7341195f0000 r--p 00062000 08:03 28679                      /usr/lib/x86_64-linux-gnu/libGL.so.1.7.0
7341195f0000-7341195fe000 r--p 00076000 08:03 28679                      /usr/lib/x86_64-linux-gnu/libGL.so.1.7.0
7341195fe000-7341195ff000 rw-p 00084000 08:03 28679                      /usr/lib/x86_64-linux-gnu/libGL.so.1.7.0
7341195ff000-734119600000 rw-p 00000000 00:00 0 
734119600000-73411964b000 r-xp 00000000 08:03 432766                     /tmp/lwjgldenis0001/3.1.1-build-16/liblwjgl.so
73411964b000-73411984b000 ---p 0004b000 08:03 432766                     /tmp/lwjgldenis0001/3.1.1-build-16/liblwjgl.so
73411984b000-73411984c000 r--p 0004b000 08:03 432766                     /tmp/lwjgldenis0001/3.1.1-build-16/liblwjgl.so
73411984c000-73411984d000 rw-p 0004c000 08:03 432766                     /tmp/lwjgldenis0001/3.1.1-build-16/liblwjgl.so
73411984d000-73411984e000 rwxp 00000000 00:00 0 
73411984e000-734119859000 r--p 00000000 08:03 30268                      /usr/lib/x86_64-linux-gnu/libxcb-glx.so.0.0.0
734119859000-734119862000 r-xp 0000b000 08:03 30268                      /usr/lib/x86_64-linux-gnu/libxcb-glx.so.0.0.0
734119862000-734119867000 r--p 00014000 08:03 30268                      /usr/lib/x86_64-linux-gnu/libxcb-glx.so.0.0.0
734119867000-734119868000 ---p 00019000 08:03 30268                      /usr/lib/x86_64-linux-gnu/libxcb-glx.so.0.0.0
734119868000-73411986a000 r--p 00019000 08:03 30268                      /usr/lib/x86_64-linux-gnu/libxcb-glx.so.0.0.0
73411986a000-73411986b000 rw-p 0001b000 08:03 30268                      /usr/lib/x86_64-linux-gnu/libxcb-glx.so.0.0.0
73411986b000-73411986c000 r--p 00000000 08:03 28071                      /usr/lib/x86_64-linux-gnu/libnvidia-tls.so.535.171.04
73411986c000-73411986e000 r-xp 00001000 08:03 28071                      /usr/lib/x86_64-linux-gnu/libnvidia-tls.so.535.171.04
73411986e000-73411986f000 r--p 00003000 08:03 28071                      /usr/lib/x86_64-linux-gnu/libnvidia-tls.so.535.171.04
73411986f000-734119870000 r--p 00003000 08:03 28071                      /usr/lib/x86_64-linux-gnu/libnvidia-tls.so.535.171.04
734119870000-734119871000 rw-p 00004000 08:03 28071                      /usr/lib/x86_64-linux-gnu/libnvidia-tls.so.535.171.04
734119871000-734119873000 r--p 00000000 08:03 29660                      /usr/lib/x86_64-linux-gnu/libmd.so.0.0.5
734119873000-73411987a000 r-xp 00002000 08:03 29660                      /usr/lib/x86_64-linux-gnu/libmd.so.0.0.5
73411987a000-73411987c000 r--p 00009000 08:03 29660                      /usr/lib/x86_64-linux-gnu/libmd.so.0.0.5
73411987c000-73411987d000 r--p 0000a000 08:03 29660                      /usr/lib/x86_64-linux-gnu/libmd.so.0.0.5
73411987d000-73411987e000 rw-p 0000b000 08:03 29660                      /usr/lib/x86_64-linux-gnu/libmd.so.0.0.5
73411987e000-734119882000 r--p 00000000 08:03 29007                      /usr/lib/x86_64-linux-gnu/libbsd.so.0.11.5
734119882000-73411988f000 r-xp 00004000 08:03 29007                      /usr/lib/x86_64-linux-gnu/libbsd.so.0.11.5
73411988f000-734119892000 r--p 00011000 08:03 29007                      /usr/lib/x86_64-linux-gnu/libbsd.so.0.11.5
734119892000-734119893000 ---p 00014000 08:03 29007                      /usr/lib/x86_64-linux-gnu/libbsd.so.0.11.5
734119893000-734119894000 r--p 00014000 08:03 29007                      /usr/lib/x86_64-linux-gnu/libbsd.so.0.11.5
734119894000-734119895000 rw-p 00015000 08:03 29007                      /usr/lib/x86_64-linux-gnu/libbsd.so.0.11.5
734119895000-734119896000 rw-p 00000000 00:00 0 
734119896000-7341198a1000 r--p 00000000 08:03 30300                      /usr/lib/x86_64-linux-gnu/libxcb.so.1.1.0
7341198a1000-7341198b5000 r-xp 0000b000 08:03 30300                      /usr/lib/x86_64-linux-gnu/libxcb.so.1.1.0
7341198b5000-7341198be000 r--p 0001f000 08:03 30300                      /usr/lib/x86_64-linux-gnu/libxcb.so.1.1.0
7341198be000-7341198bf000 r--p 00027000 08:03 30300                      /usr/lib/x86_64-linux-gnu/libxcb.so.1.1.0
7341198bf000-7341198c0000 rw-p 00028000 08:03 30300                      /usr/lib/x86_64-linux-gnu/libxcb.so.1.1.0
7341198c0000-7341198d9000 r--p 00000000 08:03 28711                      /usr/lib/x86_64-linux-gnu/libX11.so.6.4.0
7341198d9000-734119965000 r-xp 00019000 08:03 28711                      /usr/lib/x86_64-linux-gnu/libX11.so.6.4.0
734119965000-7341199fa000 r--p 000a5000 08:03 28711                      /usr/lib/x86_64-linux-gnu/libX11.so.6.4.0
7341199fa000-7341199fb000 ---p 0013a000 08:03 28711                      /usr/lib/x86_64-linux-gnu/libX11.so.6.4.0
7341199fb000-7341199fc000 r--p 0013a000 08:03 28711                      /usr/lib/x86_64-linux-gnu/libX11.so.6.4.0
7341199fc000-734119a00000 rw-p 0013b000 08:03 28711                      /usr/lib/x86_64-linux-gnu/libX11.so.6.4.0
734119a00000-734119a04000 ---p 00000000 00:00 0 
734119a04000-734119b00000 rw-p 00000000 00:00 0 
734119b00000-734119b04000 ---p 00000000 00:00 0 
734119b04000-734119c00000 rw-p 00000000 00:00 0 
734119c00000-734119c04000 ---p 00000000 00:00 0 
734119c04000-734119d00000 rw-p 00000000 00:00 0 
734119d00000-734119d04000 ---p 00000000 00:00 0 
734119d04000-734119e00000 rw-p 00000000 00:00 0 
734119e00000-734119e04000 ---p 00000000 00:00 0 
734119e04000-734119f00000 rw-p 00000000 00:00 0 
734119f00000-734119f04000 ---p 00000000 00:00 0 
734119f04000-73411c000000 rw-p 00000000 00:00 0 
73411c000000-73411c021000 rw-p 00000000 00:00 0 
73411c021000-734120000000 ---p 00000000 00:00 0 
734120000000-734120021000 rw-p 00000000 00:00 0 
734120021000-734124000000 ---p 00000000 00:00 0 
734124000000-734124021000 rw-p 00000000 00:00 0 
734124021000-734128000000 ---p 00000000 00:00 0 
734128000000-734128001000 rw-s 00000000 00:05 880                        /dev/nvidia0
734128001000-734128002000 r--p 00000000 08:03 28709                      /usr/lib/x86_64-linux-gnu/libX11-xcb.so.1.0.0
734128002000-734128003000 r-xp 00001000 08:03 28709                      /usr/lib/x86_64-linux-gnu/libX11-xcb.so.1.0.0
734128003000-734128004000 r--p 00002000 08:03 28709                      /usr/lib/x86_64-linux-gnu/libX11-xcb.so.1.0.0
734128004000-734128005000 r--p 00002000 08:03 28709                      /usr/lib/x86_64-linux-gnu/libX11-xcb.so.1.0.0
734128005000-734128006000 rw-p 00003000 08:03 28709                      /usr/lib/x86_64-linux-gnu/libX11-xcb.so.1.0.0
734128006000-734128008000 r--p 00000000 08:03 28726                      /usr/lib/x86_64-linux-gnu/libXdmcp.so.6.0.0
734128008000-73412800a000 r-xp 00002000 08:03 28726                      /usr/lib/x86_64-linux-gnu/libXdmcp.so.6.0.0
73412800a000-73412800c000 r--p 00004000 08:03 28726                      /usr/lib/x86_64-linux-gnu/libXdmcp.so.6.0.0
73412800c000-73412800d000 r--p 00005000 08:03 28726                      /usr/lib/x86_64-linux-gnu/libXdmcp.so.6.0.0
73412800d000-73412800e000 rw-p 00006000 08:03 28726                      /usr/lib/x86_64-linux-gnu/libXdmcp.so.6.0.0
73412800e000-73412800f000 r--p 00000000 08:03 28715                      /usr/lib/x86_64-linux-gnu/libXau.so.6.0.0
73412800f000-734128011000 r-xp 00001000 08:03 28715                      /usr/lib/x86_64-linux-gnu/libXau.so.6.0.0
734128011000-734128012000 r--p 00003000 08:03 28715                      /usr/lib/x86_64-linux-gnu/libXau.so.6.0.0
734128012000-734128013000 r--p 00003000 08:03 28715                      /usr/lib/x86_64-linux-gnu/libXau.so.6.0.0
734128013000-734128014000 rw-p 00004000 08:03 28715                      /usr/lib/x86_64-linux-gnu/libXau.so.6.0.0
734128014000-734128018000 r--p 00000000 08:03 28728                      /usr/lib/x86_64-linux-gnu/libXext.so.6.4.0
734128018000-734128023000 r-xp 00004000 08:03 28728                      /usr/lib/x86_64-linux-gnu/libXext.so.6.4.0
734128023000-734128027000 r--p 0000f000 08:03 28728                      /usr/lib/x86_64-linux-gnu/libXext.so.6.4.0
734128027000-734128028000 r--p 00012000 08:03 28728                      /usr/lib/x86_64-linux-gnu/libXext.so.6.4.0
734128028000-734128029000 rw-p 00013000 08:03 28728                      /usr/lib/x86_64-linux-gnu/libXext.so.6.4.0
734128029000-7341280f7000 r-xp 00000000 08:03 3444063                    /home/denis0001/.jdks/openjdk-22/lib/libjsvml.so
7341280f7000-7341280f8000 r--p 000cd000 08:03 3444063                    /home/denis0001/.jdks/openjdk-22/lib/libjsvml.so
7341280f8000-7341280f9000 rw-p 000ce000 08:03 3444063                    /home/denis0001/.jdks/openjdk-22/lib/libjsvml.so
7341280f9000-7341280fd000 ---p 00000000 00:00 0 
7341280fd000-7341281f9000 rw-p 00000000 00:00 0 
7341281f9000-7341281fd000 ---p 00000000 00:00 0 
7341281fd000-7341282f9000 rw-p 00000000 00:00 0 
7341282f9000-7341282fd000 ---p 00000000 00:00 0 
7341282fd000-7341283f9000 rw-p 00000000 00:00 0 
7341283f9000-7341283fd000 ---p 00000000 00:00 0 
7341283fd000-7341284f9000 rw-p 00000000 00:00 0 
7341284f9000-7341284fd000 ---p 00000000 00:00 0 
7341284fd000-7341285f9000 rw-p 00000000 00:00 0 
7341285f9000-7341285fd000 ---p 00000000 00:00 0 
7341285fd000-7341286f9000 rw-p 00000000 00:00 0 
7341286f9000-7341286fa000 ---p 00000000 00:00 0 
7341286fa000-7341287fa000 rw-p 00000000 00:00 0 
7341287fa000-7341287fb000 ---p 00000000 00:00 0 
7341287fb000-7341289d7000 rw-p 00000000 00:00 0 
7341289d7000-7341289d8000 ---p 00000000 00:00 0 
7341289d8000-734128ad8000 rw-p 00000000 00:00 0 
734128ad8000-734128ad9000 ---p 00000000 00:00 0 
734128ad9000-734128fdd000 rw-p 00000000 00:00 0 
734128fdd000-734128fde000 ---p 00000000 00:00 0 
734128fde000-7341290de000 rw-p 00000000 00:00 0 
7341290de000-7341290df000 ---p 00000000 00:00 0 
7341290df000-7341291df000 rw-p 00000000 00:00 0 
7341291df000-7341291e0000 ---p 00000000 00:00 0 
7341291e0000-7341298c0000 rw-p 00000000 00:00 0 
7341298c0000-73412f080000 ---p 00000000 00:00 0 
73412f080000-73412f14c000 rw-p 00000000 00:00 0 
73412f14c000-73412fc44000 ---p 00000000 00:00 0 
73412fc44000-73412fd02000 rw-p 00000000 00:00 0 
73412fd02000-7341307fa000 ---p 00000000 00:00 0 
7341307fa000-734130c00000 rw-p 00000000 00:00 0 
734130c00000-734130f80000 rwxp 00000000 00:00 0 
734130f80000-734138137000 ---p 00000000 00:00 0 
734138137000-7341383a7000 rwxp 00000000 00:00 0 
7341383a7000-7341386c8000 ---p 00000000 00:00 0 
7341386c8000-734138938000 rwxp 00000000 00:00 0 
734138938000-73413fc00000 ---p 00000000 00:00 0 
73413fc00000-734147fb6000 r--s 00000000 08:03 3444081                    /home/denis0001/.jdks/openjdk-22/lib/modules
734147fb6000-734147fba000 rw-s 00000000 00:05 879                        /dev/nvidiactl
734147fba000-734147fbc000 r--p 00000000 08:03 28748                      /usr/lib/x86_64-linux-gnu/libXrender.so.1.3.0
734147fbc000-734147fc3000 r-xp 00002000 08:03 28748                      /usr/lib/x86_64-linux-gnu/libXrender.so.1.3.0
734147fc3000-734147fc5000 r--p 00009000 08:03 28748                      /usr/lib/x86_64-linux-gnu/libXrender.so.1.3.0
734147fc5000-734147fc6000 r--p 0000a000 08:03 28748                      /usr/lib/x86_64-linux-gnu/libXrender.so.1.3.0
734147fc6000-734147fc7000 rw-p 0000b000 08:03 28748                      /usr/lib/x86_64-linux-gnu/libXrender.so.1.3.0
734147fc7000-734147fc9000 r--p 00000000 08:03 28722                      /usr/lib/x86_64-linux-gnu/libXcursor.so.1.0.2
734147fc9000-734147fcf000 r-xp 00002000 08:03 28722                      /usr/lib/x86_64-linux-gnu/libXcursor.so.1.0.2
734147fcf000-734147fd1000 r--p 00008000 08:03 28722                      /usr/lib/x86_64-linux-gnu/libXcursor.so.1.0.2
734147fd1000-734147fd2000 r--p 00009000 08:03 28722                      /usr/lib/x86_64-linux-gnu/libXcursor.so.1.0.2
734147fd2000-734147fd3000 rw-p 0000a000 08:03 28722                      /usr/lib/x86_64-linux-gnu/libXcursor.so.1.0.2
734147fd3000-734147fd5000 r--p 00000000 08:03 28746                      /usr/lib/x86_64-linux-gnu/libXrandr.so.2.2.0
734147fd5000-734147fdc000 r-xp 00002000 08:03 28746                      /usr/lib/x86_64-linux-gnu/libXrandr.so.2.2.0
734147fdc000-734147fde000 r--p 00009000 08:03 28746                      /usr/lib/x86_64-linux-gnu/libXrandr.so.2.2.0
734147fde000-734147fdf000 r--p 0000a000 08:03 28746                      /usr/lib/x86_64-linux-gnu/libXrandr.so.2.2.0
734147fdf000-734147fe0000 rw-p 0000b000 08:03 28746                      /usr/lib/x86_64-linux-gnu/libXrandr.so.2.2.0
734147fe0000-734147fe3000 r--p 00000000 08:03 29303                      /usr/lib/x86_64-linux-gnu/libgcc_s.so.1
734147fe3000-734147ffa000 r-xp 00003000 08:03 29303                      /usr/lib/x86_64-linux-gnu/libgcc_s.so.1
734147ffa000-734147ffe000 r--p 0001a000 08:03 29303                      /usr/lib/x86_64-linux-gnu/libgcc_s.so.1
734147ffe000-734147fff000 r--p 0001d000 08:03 29303                      /usr/lib/x86_64-linux-gnu/libgcc_s.so.1
734147fff000-734148000000 rw-p 0001e000 08:03 29303                      /usr/lib/x86_64-linux-gnu/libgcc_s.so.1
734148000000-73414b7f5000 rw-p 00000000 00:00 0 
73414b7f5000-73414c000000 ---p 00000000 00:00 0 
73414c000000-73414c001000 rw-s 00000000 00:05 880                        /dev/nvidia0
73414c001000-73414c002000 rw-s 00000000 00:05 880                        /dev/nvidia0
73414c002000-73414c004000 r--p 00000000 08:03 28730                      /usr/lib/x86_64-linux-gnu/libXfixes.so.3.1.0
73414c004000-73414c007000 r-xp 00002000 08:03 28730                      /usr/lib/x86_64-linux-gnu/libXfixes.so.3.1.0
73414c007000-73414c008000 r--p 00005000 08:03 28730                      /usr/lib/x86_64-linux-gnu/libXfixes.so.3.1.0
73414c008000-73414c009000 r--p 00006000 08:03 28730                      /usr/lib/x86_64-linux-gnu/libXfixes.so.3.1.0
73414c009000-73414c00a000 rw-p 00007000 08:03 28730                      /usr/lib/x86_64-linux-gnu/libXfixes.so.3.1.0
73414c00a000-73414c02a000 rw-s 00000000 00:05 879                        /dev/nvidiactl
73414c02a000-73414c02f000 rw-p 00000000 00:00 0 
73414c02f000-73414c115000 ---p 00000000 00:00 0 
73414c115000-73414c11c000 rw-p 00000000 00:00 0 
73414c11c000-73414c200000 ---p 00000000 00:00 0 
73414c200000-73414c775000 r--p 00000000 08:03 1571                       /usr/lib/locale/locale-archive
73414c775000-73414c776000 rw-s 00000000 00:05 880                        /dev/nvidia0
73414c776000-73414c777000 rw-s 00000000 00:05 879                        /dev/nvidiactl
73414c777000-73414c78a000 r-xp 00000000 08:03 3444071                    /home/denis0001/.jdks/openjdk-22/lib/libnio.so
73414c78a000-73414c78b000 ---p 00013000 08:03 3444071                    /home/denis0001/.jdks/openjdk-22/lib/libnio.so
73414c78b000-73414c78c000 r--p 00013000 08:03 3444071                    /home/denis0001/.jdks/openjdk-22/lib/libnio.so
73414c78c000-73414c78d000 rw-p 00014000 08:03 3444071                    /home/denis0001/.jdks/openjdk-22/lib/libnio.so
73414c78d000-73414c800000 rw-p 00000000 00:00 0 
73414c800000-73414db40000 r-xp 00000000 08:03 3539189                    /home/denis0001/.jdks/openjdk-22/lib/server/libjvm.so
73414db40000-73414dc0d000 r--p 0133f000 08:03 3539189                    /home/denis0001/.jdks/openjdk-22/lib/server/libjvm.so
73414dc0d000-73414dc3b000 rw-p 0140c000 08:03 3539189                    /home/denis0001/.jdks/openjdk-22/lib/server/libjvm.so
73414dc3b000-73414dcb1000 rw-p 00000000 00:00 0 
73414dcb1000-73414dcb2000 rw-s 00000000 00:05 879                        /dev/nvidiactl
73414dcb2000-73414dcb3000 rw-s 00000000 00:05 879                        /dev/nvidiactl
73414dcb3000-73414dcb4000 rw-s 00044000 00:01 1025                       /memfd:/.nvidia_drv.XXXXXX (deleted)
73414dcb4000-73414dcbf000 r-xp 00000000 08:03 3444070                    /home/denis0001/.jdks/openjdk-22/lib/libnet.so
73414dcbf000-73414dcc0000 ---p 0000b000 08:03 3444070                    /home/denis0001/.jdks/openjdk-22/lib/libnet.so
73414dcc0000-73414dcc1000 r--p 0000b000 08:03 3444070                    /home/denis0001/.jdks/openjdk-22/lib/libnet.so
73414dcc1000-73414dcc2000 rw-p 0000c000 08:03 3444070                    /home/denis0001/.jdks/openjdk-22/lib/libnet.so
73414dcc2000-73414dcc7000 r-xp 00000000 08:03 3444047                    /home/denis0001/.jdks/openjdk-22/lib/libdt_socket.so
73414dcc7000-73414dcc8000 r--p 00004000 08:03 3444047                    /home/denis0001/.jdks/openjdk-22/lib/libdt_socket.so
73414dcc8000-73414dcc9000 rw-p 00005000 08:03 3444047                    /home/denis0001/.jdks/openjdk-22/lib/libdt_socket.so
73414dcc9000-73414dcd0000 r--s 00000000 08:03 10036                      /usr/lib/x86_64-linux-gnu/gconv/gconv-modules.cache
73414dcd0000-73414dcd5000 rw-p 00000000 00:00 0 
73414dcd5000-73414dcdc000 ---p 00000000 00:00 0 
73414dcdc000-73414dcfc000 r-xp 00000000 08:03 3444055                    /home/denis0001/.jdks/openjdk-22/lib/libjava.so
73414dcfc000-73414dcfd000 ---p 00020000 08:03 3444055                    /home/denis0001/.jdks/openjdk-22/lib/libjava.so
73414dcfd000-73414dcfe000 r--p 00020000 08:03 3444055                    /home/denis0001/.jdks/openjdk-22/lib/libjava.so
73414dcfe000-73414dcff000 rw-p 00021000 08:03 3444055                    /home/denis0001/.jdks/openjdk-22/lib/libjava.so
73414dcff000-73414dd00000 rw-p 00000000 00:00 0 
73414dd00000-73414dd04000 ---p 00000000 00:00 0 
73414dd04000-73414de00000 rw-p 00000000 00:00 0 
73414de00000-73414de28000 r--p 00000000 08:03 2080                       /usr/lib/x86_64-linux-gnu/libc.so.6
73414de28000-73414dfbd000 r-xp 00028000 08:03 2080                       /usr/lib/x86_64-linux-gnu/libc.so.6
73414dfbd000-73414e015000 r--p 001bd000 08:03 2080                       /usr/lib/x86_64-linux-gnu/libc.so.6
73414e015000-73414e016000 ---p 00215000 08:03 2080                       /usr/lib/x86_64-linux-gnu/libc.so.6
73414e016000-73414e01a000 r--p 00215000 08:03 2080                       /usr/lib/x86_64-linux-gnu/libc.so.6
73414e01a000-73414e01c000 rw-p 00219000 08:03 2080                       /usr/lib/x86_64-linux-gnu/libc.so.6
73414e01c000-73414e029000 rw-p 00000000 00:00 0 
73414e029000-73414e02a000 r-xp 00000000 00:00 0 
73414e02a000-73414e02b000 r--p 00000000 08:03 28738                      /usr/lib/x86_64-linux-gnu/libXinerama.so.1.0.0
73414e02b000-73414e02c000 r-xp 00001000 08:03 28738                      /usr/lib/x86_64-linux-gnu/libXinerama.so.1.0.0
73414e02c000-73414e02d000 r--p 00002000 08:03 28738                      /usr/lib/x86_64-linux-gnu/libXinerama.so.1.0.0
73414e02d000-73414e02e000 r--p 00003000 08:03 28738                      /usr/lib/x86_64-linux-gnu/libXinerama.so.1.0.0
73414e02e000-73414e02f000 rw-p 00004000 08:03 28738                      /usr/lib/x86_64-linux-gnu/libXinerama.so.1.0.0
73414e02f000-73414e035000 r--s 000f8000 07:0f 874                        /snap/intellij-idea-community/502/plugins/java/lib/rt/debugger-agent.jar
73414e035000-73414e075000 r-xp 00000000 08:03 3444058                    /home/denis0001/.jdks/openjdk-22/lib/libjdwp.so
73414e075000-73414e076000 r--p 0003f000 08:03 3444058                    /home/denis0001/.jdks/openjdk-22/lib/libjdwp.so
73414e076000-73414e077000 rw-p 00040000 08:03 3444058                    /home/denis0001/.jdks/openjdk-22/lib/libjdwp.so
73414e077000-73414e078000 rw-p 00000000 00:00 0 
73414e078000-73414e096000 r-xp 00000000 08:03 3444059                    /home/denis0001/.jdks/openjdk-22/lib/libjimage.so
73414e096000-73414e098000 r--p 0001d000 08:03 3444059                    /home/denis0001/.jdks/openjdk-22/lib/libjimage.so
73414e098000-73414e099000 rw-p 0001f000 08:03 3444059                    /home/denis0001/.jdks/openjdk-22/lib/libjimage.so
73414e099000-73414e0a7000 r--p 00000000 08:03 2355                       /usr/lib/x86_64-linux-gnu/libm.so.6
73414e0a7000-73414e123000 r-xp 0000e000 08:03 2355                       /usr/lib/x86_64-linux-gnu/libm.so.6
73414e123000-73414e17e000 r--p 0008a000 08:03 2355                       /usr/lib/x86_64-linux-gnu/libm.so.6
73414e17e000-73414e17f000 r--p 000e4000 08:03 2355                       /usr/lib/x86_64-linux-gnu/libm.so.6
73414e17f000-73414e180000 rw-p 000e5000 08:03 2355                       /usr/lib/x86_64-linux-gnu/libm.so.6
73414e180000-73414e181000 r--p 00000000 08:03 3647                       /usr/lib/x86_64-linux-gnu/librt.so.1
73414e181000-73414e182000 r-xp 00001000 08:03 3647                       /usr/lib/x86_64-linux-gnu/librt.so.1
73414e182000-73414e183000 r--p 00002000 08:03 3647                       /usr/lib/x86_64-linux-gnu/librt.so.1
73414e183000-73414e184000 r--p 00002000 08:03 3647                       /usr/lib/x86_64-linux-gnu/librt.so.1
73414e184000-73414e185000 rw-p 00003000 08:03 3647                       /usr/lib/x86_64-linux-gnu/librt.so.1
73414e185000-73414e189000 rw-p 00000000 00:00 0 
73414e189000-73414e18a000 r--p 00000000 08:03 2111                       /usr/lib/x86_64-linux-gnu/libdl.so.2
73414e18a000-73414e18b000 r-xp 00001000 08:03 2111                       /usr/lib/x86_64-linux-gnu/libdl.so.2
73414e18b000-73414e18c000 r--p 00002000 08:03 2111                       /usr/lib/x86_64-linux-gnu/libdl.so.2
73414e18c000-73414e18d000 r--p 00002000 08:03 2111                       /usr/lib/x86_64-linux-gnu/libdl.so.2
73414e18d000-73414e18e000 rw-p 00003000 08:03 2111                       /usr/lib/x86_64-linux-gnu/libdl.so.2
73414e18e000-73414e18f000 r--p 00000000 08:03 3644                       /usr/lib/x86_64-linux-gnu/libpthread.so.0
73414e18f000-73414e190000 r-xp 00001000 08:03 3644                       /usr/lib/x86_64-linux-gnu/libpthread.so.0
73414e190000-73414e191000 r--p 00002000 08:03 3644                       /usr/lib/x86_64-linux-gnu/libpthread.so.0
73414e191000-73414e192000 r--p 00002000 08:03 3644                       /usr/lib/x86_64-linux-gnu/libpthread.so.0
73414e192000-73414e193000 rw-p 00003000 08:03 3644                       /usr/lib/x86_64-linux-gnu/libpthread.so.0
73414e193000-73414e1a2000 r-xp 00000000 08:03 3444060                    /home/denis0001/.jdks/openjdk-22/lib/libjli.so
73414e1a2000-73414e1a3000 r--p 0000e000 08:03 3444060                    /home/denis0001/.jdks/openjdk-22/lib/libjli.so
73414e1a3000-73414e1a4000 rw-p 0000f000 08:03 3444060                    /home/denis0001/.jdks/openjdk-22/lib/libjli.so
73414e1a4000-73414e1a6000 r--p 00000000 08:03 30336                      /usr/lib/x86_64-linux-gnu/libz.so.1.2.11
73414e1a6000-73414e1b7000 r-xp 00002000 08:03 30336                      /usr/lib/x86_64-linux-gnu/libz.so.1.2.11
73414e1b7000-73414e1bd000 r--p 00013000 08:03 30336                      /usr/lib/x86_64-linux-gnu/libz.so.1.2.11
73414e1bd000-73414e1be000 ---p 00019000 08:03 30336                      /usr/lib/x86_64-linux-gnu/libz.so.1.2.11
73414e1be000-73414e1bf000 r--p 00019000 08:03 30336                      /usr/lib/x86_64-linux-gnu/libz.so.1.2.11
73414e1bf000-73414e1c0000 rw-p 0001a000 08:03 30336                      /usr/lib/x86_64-linux-gnu/libz.so.1.2.11
73414e1c0000-73414e1c7000 r-xp 00000000 08:03 3444080                    /home/denis0001/.jdks/openjdk-22/lib/libzip.so
73414e1c7000-73414e1c8000 ---p 00007000 08:03 3444080                    /home/denis0001/.jdks/openjdk-22/lib/libzip.so
73414e1c8000-73414e1c9000 r--p 00007000 08:03 3444080                    /home/denis0001/.jdks/openjdk-22/lib/libzip.so
73414e1c9000-73414e1ca000 rw-p 00008000 08:03 3444080                    /home/denis0001/.jdks/openjdk-22/lib/libzip.so
73414e1ca000-73414e1d2000 rw-s 00000000 08:03 437561                     /tmp/hsperfdata_denis0001/53626
73414e1d2000-73414e1dc000 r-xp 00000000 08:03 3444050                    /home/denis0001/.jdks/openjdk-22/lib/libinstrument.so
73414e1dc000-73414e1dd000 r--p 00009000 08:03 3444050                    /home/denis0001/.jdks/openjdk-22/lib/libinstrument.so
73414e1dd000-73414e1de000 rw-p 0000a000 08:03 3444050                    /home/denis0001/.jdks/openjdk-22/lib/libinstrument.so
73414e1de000-73414e1df000 ---p 00000000 00:00 0 
73414e1df000-73414e1e0000 r--p 00000000 00:00 0 
73414e1e0000-73414e1e2000 rw-p 00000000 00:00 0 
73414e1e2000-73414e1e4000 r--p 00000000 08:03 1838                       /usr/lib/x86_64-linux-gnu/ld-linux-x86-64.so.2
73414e1e4000-73414e20e000 r-xp 00002000 08:03 1838                       /usr/lib/x86_64-linux-gnu/ld-linux-x86-64.so.2
73414e20e000-73414e219000 r--p 0002c000 08:03 1838                       /usr/lib/x86_64-linux-gnu/ld-linux-x86-64.so.2
73414e219000-73414e21a000 ---p 00000000 00:00 0 
73414e21a000-73414e21c000 r--p 00037000 08:03 1838                       /usr/lib/x86_64-linux-gnu/ld-linux-x86-64.so.2
73414e21c000-73414e21e000 rw-p 00039000 08:03 1838                       /usr/lib/x86_64-linux-gnu/ld-linux-x86-64.so.2
7ffc4bb30000-7ffc4bb52000 rw-p 00000000 00:00 0                          [stack]
7ffc4bbf0000-7ffc4bbf4000 r--p 00000000 00:00 0                          [vvar]
7ffc4bbf4000-7ffc4bbf6000 r-xp 00000000 00:00 0                          [vdso]
ffffffffff600000-ffffffffff601000 --xp 00000000 00:00 0                  [vsyscall]
Total number of mappings: 437


VM Arguments:
jvm_args: -agentlib:jdwp=transport=dt_socket,address=127.0.0.1:35235,suspend=y,server=n -javaagent:/snap/intellij-idea-community/502/plugins/java/lib/rt/debugger-agent.jar -Dfile.encoding=UTF-8 -Dsun.stdout.encoding=UTF-8 -Dsun.stderr.encoding=UTF-8 
java_command: net.minecraftrecreation.client.Main --name test
java_class_path (initial): /home/denis0001/IdeaProjects/MinecraftRecreation/out/production/MinecraftRecreation:/home/denis0001/.m2/repository/org/lwjgl/lwjgl/3.1.1/lwjgl-3.1.1.jar:/home/denis0001/.m2/repository/org/lwjgl/lwjgl-bgfx/3.1.1/lwjgl-bgfx-3.1.1.jar:/home/denis0001/.m2/repository/org/lwjgl/lwjgl-glfw/3.1.1/lwjgl-glfw-3.1.1.jar:/home/denis0001/.m2/repository/org/lwjgl/lwjgl-nanovg/3.1.1/lwjgl-nanovg-3.1.1.jar:/home/denis0001/.m2/repository/org/lwjgl/lwjgl-nuklear/3.1.1/lwjgl-nuklear-3.1.1.jar:/home/denis0001/.m2/repository/org/lwjgl/lwjgl-openal/3.1.1/lwjgl-openal-3.1.1.jar:/home/denis0001/.m2/repository/org/lwjgl/lwjgl-opengl/3.1.1/lwjgl-opengl-3.1.1.jar:/home/denis0001/.m2/repository/org/lwjgl/lwjgl-par/3.1.1/lwjgl-par-3.1.1.jar:/home/denis0001/.m2/repository/org/lwjgl/lwjgl-stb/3.1.1/lwjgl-stb-3.1.1.jar:/home/denis0001/.m2/repository/org/lwjgl/lwjgl-vulkan/3.1.1/lwjgl-vulkan-3.1.1.jar:/home/denis0001/.m2/repository/org/lwjgl/lwjgl/3.1.1/lwjgl-3.1.1-natives-linux.jar:/home/denis0001/.m2/repository/org/lwjgl/lwjgl-bgfx/3.1.1/lwjgl-bgfx-3.1.1-natives-linux.jar:/home/denis0001/.m2/repository/org/lwjgl/lwjgl-glfw/3.1.1/lwjgl-glfw-3.1.1-natives-linux.jar:/home/denis0001/.m2/repository/org/lwjgl/lwjgl-nanovg/3.1.1/lwjgl-nanovg-3.1.1-natives-linux.jar:/home/denis0001/.m2/repository/org/lwjgl/lwjgl-nuklear/3.1.1/lwjgl-nuklear-3.1.1-natives-linux.jar:/home/denis0001/.m2/repository/org/lwjgl/lwjgl-openal/3.1.1/lwjgl-openal-3.1.1-natives-linux.jar:/home/denis0001/.m2/repository/org/lwjgl/lwjgl-par/3.1.1/lwjgl-par-3.1.1-natives-linux.jar:/home/denis0001/.m2/repository/org/lwjgl/lwjgl-stb/3.1.1/lwjgl-stb-3.1.1-natives-linux.jar:/home/denis0001/.m2/repository/org/jetbrains/annotations/24.0.0/annotations-24.0.0.jar:/home/denis0001/.m2/repository/commons-io/commons-io/2.16.1/commons-io-2.16.1.jar:/home/denis0001/.m2/repository/org/joml/joml/1.10.5/joml-1.10.5.jar:/home/denis0001/IdeaProjects/MinecraftRecreation/libs/util-1.0.jar:/home/denis0001/IdeaProjects/MinecraftRecreation/libs/logging-1.0.jar:/home/denis0001/.m2/repository/io/github/spair/imgui-java-binding/1.86.11/imgui-java-binding-1.86.11.jar:/home/denis0001/.m2/repository/io/github/spair/imgui-java-natives-linux/1.86.11/imgui-java-natives-linux-1.86.11.jar:/home/denis0001/.m2/repository/org/lwjgl/lwjgl-assimp/3.1.1/lwjgl-assimp-3.1.1.jar:/home/denis0001/.m2/repository/org/lwjgl/lwjgl-assimp/3.1.1/lwjgl-assimp-3.1.1-natives-linux.jar:/home/denis0001/IdeaProjects/MinecraftRecreation/libs/lwjgl-opengl-3.1.1-natives-linux.jar:/snap/intellij-idea-community/502/lib/idea_rt.jar
Launcher Type: SUN_STANDARD

[Global flags]
     intx CICompilerCount                          = 3                                         {product} {ergonomic}
     uint ConcGCThreads                            = 1                                         {product} {ergonomic}
     uint G1ConcRefinementThreads                  = 4                                         {product} {ergonomic}
   size_t G1HeapRegionSize                         = 4194304                                   {product} {ergonomic}
   size_t InitialHeapSize                          = 394264576                                 {product} {ergonomic}
   size_t MarkStackSize                            = 4194304                                   {product} {ergonomic}
   size_t MaxHeapSize                              = 6287261696                                {product} {ergonomic}
   size_t MaxNewSize                               = 3770679296                                {product} {ergonomic}
   size_t MinHeapDeltaBytes                        = 4194304                                   {product} {ergonomic}
   size_t MinHeapSize                              = 8388608                                   {product} {ergonomic}
    uintx NonNMethodCodeHeapSize                   = 5832780                                {pd product} {ergonomic}
    uintx NonProfiledCodeHeapSize                  = 122912730                              {pd product} {ergonomic}
    uintx ProfiledCodeHeapSize                     = 122912730                              {pd product} {ergonomic}
    uintx ReservedCodeCacheSize                    = 251658240                              {pd product} {ergonomic}
     bool SegmentedCodeCache                       = true                                      {product} {ergonomic}
   size_t SoftMaxHeapSize                          = 6287261696                             {manageable} {ergonomic}
     bool UseCompressedOops                        = true                           {product lp64_product} {ergonomic}
     bool UseG1GC                                  = true                                      {product} {ergonomic}

Logging:
Log output configuration:
 #0: stdout all=warning uptime,level,tags foldmultilines=false
 #1: stderr all=off uptime,level,tags foldmultilines=false

Environment Variables:
PATH=/usr/local/sbin:/usr/local/bin:/usr/sbin:/usr/bin:/sbin:/bin:/usr/games:/usr/local/games:/snap/bin
SHELL=/bin/bash
DISPLAY=:0
LANG=ru_RU.UTF-8

Active Locale:
LC_ALL=ru_RU.UTF-8
LC_COLLATE=ru_RU.UTF-8
LC_CTYPE=ru_RU.UTF-8
LC_MESSAGES=ru_RU.UTF-8
LC_MONETARY=ru_RU.UTF-8
LC_NUMERIC=ru_RU.UTF-8
LC_TIME=ru_RU.UTF-8

Signal Handlers:
   SIGSEGV: crash_handler in libjvm.so, mask=11100100010111111101111111111110, flags=SA_RESTART|SA_SIGINFO, unblocked
    SIGBUS: crash_handler in libjvm.so, mask=11100100010111111101111111111110, flags=SA_RESTART|SA_SIGINFO, unblocked
    SIGFPE: crash_handler in libjvm.so, mask=11100100010111111101111111111110, flags=SA_RESTART|SA_SIGINFO, unblocked
   SIGPIPE: javaSignalHandler in libjvm.so, mask=11100100010111111101111111111110, flags=SA_RESTART|SA_SIGINFO, blocked
   SIGXFSZ: javaSignalHandler in libjvm.so, mask=11100100010111111101111111111110, flags=SA_RESTART|SA_SIGINFO, blocked
    SIGILL: crash_handler in libjvm.so, mask=11100100010111111101111111111110, flags=SA_RESTART|SA_SIGINFO, unblocked
   SIGUSR2: SR_handler in libjvm.so, mask=00100000000000000000000000000000, flags=SA_RESTART|SA_SIGINFO, blocked
    SIGHUP: UserHandler in libjvm.so, mask=11100100010111111101111111111110, flags=SA_RESTART|SA_SIGINFO, blocked
    SIGINT: UserHandler in libjvm.so, mask=11100100010111111101111111111110, flags=SA_RESTART|SA_SIGINFO, blocked
   SIGTERM: UserHandler in libjvm.so, mask=11100100010111111101111111111110, flags=SA_RESTART|SA_SIGINFO, blocked
   SIGQUIT: UserHandler in libjvm.so, mask=11100100010111111101111111111110, flags=SA_RESTART|SA_SIGINFO, blocked
   SIGTRAP: crash_handler in libjvm.so, mask=11100100010111111101111111111110, flags=SA_RESTART|SA_SIGINFO, unblocked


Periodic native trim disabled

---------------  S Y S T E M  ---------------

OS:
DISTRIB_ID=Ubuntu
DISTRIB_RELEASE=22.04
DISTRIB_CODENAME=jammy
DISTRIB_DESCRIPTION="Ubuntu 22.04.4 LTS"
uname: Linux 6.5.0-35-generic #35~22.04.1-Ubuntu SMP PREEMPT_DYNAMIC Tue May  7 09:00:52 UTC 2 x86_64
OS uptime: 0 days 11:18 hours
libc: glibc 2.35 NPTL 2.35 
rlimit (soft/hard): STACK 8192k/infinity , CORE 0k/infinity , NPROC 95417/95417 , NOFILE 1048576/1048576 , AS infinity/infinity , CPU infinity/infinity , DATA infinity/infinity , FSIZE infinity/infinity , MEMLOCK 3069496k/3069496k
load average: 0,93 0,79 1,05

/proc/meminfo:
MemTotal:       24555984 kB
MemFree:         7877108 kB
MemAvailable:   15232464 kB
Buffers:          964396 kB
Cached:          6578660 kB
SwapCached:            0 kB
Active:         10748532 kB
Inactive:        4791872 kB
Active(anon):    8204928 kB
Inactive(anon):        0 kB
Active(file):    2543604 kB
Inactive(file):  4791872 kB
Unevictable:          32 kB
Mlocked:              32 kB
SwapTotal:       2097148 kB
SwapFree:        2097148 kB
Zswap:                 0 kB
Zswapped:              0 kB
Dirty:              5620 kB
Writeback:             0 kB
AnonPages:       7997256 kB
Mapped:          1938212 kB
Shmem:            208624 kB
KReclaimable:     419556 kB
Slab:             662108 kB
SReclaimable:     419556 kB
SUnreclaim:       242552 kB
KernelStack:       22880 kB
PageTables:        83584 kB
SecPageTables:         0 kB
NFS_Unstable:          0 kB
Bounce:                0 kB
WritebackTmp:          0 kB
CommitLimit:    14375140 kB
Committed_AS:   21645376 kB
VmallocTotal:   34359738367 kB
VmallocUsed:      112076 kB
VmallocChunk:          0 kB
Percpu:             2944 kB
HardwareCorrupted:     0 kB
AnonHugePages:         0 kB
ShmemHugePages:        0 kB
ShmemPmdMapped:        0 kB
FileHugePages:         0 kB
FilePmdMapped:         0 kB
Unaccepted:            0 kB
HugePages_Total:       0
HugePages_Free:        0
HugePages_Rsvd:        0
HugePages_Surp:        0
Hugepagesize:       2048 kB
Hugetlb:               0 kB
DirectMap4k:      864404 kB
DirectMap2M:    19013632 kB
DirectMap1G:     5242880 kB

/sys/kernel/mm/transparent_hugepage/enabled: always [madvise] never
/sys/kernel/mm/transparent_hugepage/shmem_enabled: always within_size advise [never] deny force
/sys/kernel/mm/transparent_hugepage/defrag (defrag/compaction efforts parameter): always defer defer+madvise [madvise] never

Process Memory:
Virtual Size: 9664668K (peak: 9680544K)
Resident Set Size: 415716K (peak: 415716K) (anon: 356512K, file: 59204K, shmem: 0K)
Swapped out: 0K
C-Heap outstanding allocations: 63570K, retained: 35025K
glibc malloc tunables: (default)

/proc/sys/kernel/threads-max (system-wide limit on the number of threads): 190835
/proc/sys/vm/max_map_count (maximum number of memory map areas a process may have): 65530
/proc/sys/kernel/pid_max (system-wide limit on number of process identifiers): 4194304

container (cgroup) information:
container_type: cgroupv2
cpu_cpuset_cpus: not supported
cpu_memory_nodes: not supported
active_processor_count: 4
cpu_quota: not supported
cpu_period: not supported
cpu_shares: not supported
memory_limit_in_bytes: unlimited
memory_and_swap_limit_in_bytes: unlimited
memory_soft_limit_in_bytes: unlimited
memory_usage_in_bytes: 5221620 k
memory_max_usage_in_bytes: not supported
memory_swap_current_in_bytes: unlimited
memory_swap_max_limit_in_bytes: unlimited
maximum number of tasks: 28625
current number of tasks: 352

Steal ticks since vm start: 0
Steal ticks percentage since vm start:  0,000

CPU: total 4 (initial active 4) (4 cores per cpu, 1 threads per core) family 6 model 94 stepping 3 microcode 0xf0, cx8, cmov, fxsr, mmx, 3dnowpref, sse, sse2, sse3, ssse3, sse4.1, sse4.2, popcnt, lzcnt, tsc, tscinvbit, avx, avx2, aes, erms, clmul, bmi1, bmi2, adx, fma, vzeroupper, clflush, clflushopt, rdtscp, f16c
CPU Model and flags from /proc/cpuinfo:
model name	: Intel(R) Core(TM) i5-6600 CPU @ 3.30GHz
flags		: fpu vme de pse tsc msr pae mce cx8 apic sep mtrr pge mca cmov pat pse36 clflush dts acpi mmx fxsr sse sse2 ss ht tm pbe syscall nx pdpe1gb rdtscp lm constant_tsc art arch_perfmon pebs bts rep_good nopl xtopology nonstop_tsc cpuid aperfmperf pni pclmulqdq dtes64 monitor ds_cpl vmx smx est tm2 ssse3 sdbg fma cx16 xtpr pdcm pcid sse4_1 sse4_2 x2apic movbe popcnt tsc_deadline_timer aes xsave avx f16c rdrand lahf_lm abm 3dnowprefetch cpuid_fault invpcid_single pti ssbd ibrs ibpb stibp tpr_shadow flexpriority ept vpid ept_ad fsgsbase tsc_adjust bmi1 avx2 smep bmi2 erms invpcid mpx rdseed adx smap clflushopt intel_pt xsaveopt xsavec xgetbv1 xsaves dtherm ida arat pln pts hwp hwp_notify hwp_act_window hwp_epp vnmi md_clear flush_l1d arch_capabilities

Online cpus: 0-3
Offline cpus: 
BIOS frequency limitation: <Not Available>
Frequency switch latency (ns): 0
Available cpu frequencies: <Not Available>
Current governor: powersave
Core performance/turbo boost: <Not Available>

Memory: 4k page, physical 24555984k(15232212k free), swap 2097148k(2097148k free)
Page Sizes: 4k

vm_info: OpenJDK 64-Bit Server VM (22+36-2370) for linux-amd64 JRE (22+36-2370), built on 2024-02-15T22:15:19Z by "mach5one" with gcc 13.2.0

END.
