#
# A fatal error has been detected by the Java Runtime Environment:
#
#  SIGSEGV (0xb) at pc=0x000072552a7b1210, pid=56092, tid=56133
#
# JRE version: OpenJDK Runtime Environment (22.0+36) (build 22+36-2370)
# Java VM: OpenJDK 64-Bit Server VM (22+36-2370, mixed mode, sharing, tiered, compressed oops, compressed class ptrs, g1 gc, linux-amd64)
# Problematic frame:
# C  [libnvidia-glcore.so.535.171.04+0x15b1210]
#
# Core dump will be written. Default location: Core dumps may be processed with "/usr/share/apport/apport -p%p -s%s -c%c -d%d -P%P -u%u -g%g -- %E" (or dumping to /home/denis0001/IdeaProjects/MinecraftRecreation/core.56092)
#
# If you would like to submit a bug report, please visit:
#   https://bugreport.java.com/bugreport/crash.jsp
#

---------------  S U M M A R Y ------------

Command Line: -javaagent:/snap/intellij-idea-community/502/lib/idea_rt.jar=43525:/snap/intellij-idea-community/502/bin -Dfile.encoding=UTF-8 -Dsun.stdout.encoding=UTF-8 -Dsun.stderr.encoding=UTF-8 net.minecraftrecreation.client.Main --name test

Host: Intel(R) Core(TM) i5-6600 CPU @ 3.30GHz, 4 cores, 23G, Ubuntu 22.04.4 LTS
Time: Sat Jun  8 22:44:15 2024 MSK elapsed time: 2.695203 seconds (0d 0h 0m 2s)

---------------  T H R E A D  ---------------

Current thread is native thread

Stack: [0x000072555d400000,0x000072555dc00000],  sp=0x000072555dbfd0a8,  free space=8180k
Native frames: (J=compiled Java code, j=interpreted, Vv=VM code, C=native code)
C  [libnvidia-glcore.so.535.171.04+0x15b1210]

siginfo: si_signo: 11 (SIGSEGV), si_code: 1 (SEGV_MAPERR), si_addr: 0x0000000000000000

Registers:
RAX=0x000072555df34a98, RBX=0x000072555df34a98, RCX=0x0000000000000010, RDX=0x000072555df34c18
RSP=0x000072555dbfd0a8, RBP=0x000072559f0bea40, RSI=0x0000000000000000, RDI=0x000072555df34a98
R8 =0x0000000000000018, R9 =0x0000000000000024, R10=0x000072552a7b11f0, R11=0x000072551c00e8f4
R12=0x000072551c528b48, R13=0x000072559f0bea28, R14=0x0000000000000000, R15=0x0000000000000002
RIP=0x000072552a7b1210, EFLAGS=0x0000000000010206, CSGSFS=0x002b000000000033, ERR=0x0000000000000004
  TRAPNO=0x000000000000000e


Top of Stack: (sp=0x000072555dbfd0a8)
0x000072555dbfd0a8:   000072552a88fe94 000000004057a000
0x000072555dbfd0b8:   0000000000000018 000072559f0bea40
0x000072555dbfd0c8:   0000001800000007 00000000042a4c18
0x000072555dbfd0d8:   0000725500000000 0000000000000000
0x000072555dbfd0e8:   000072551c006a00 000000004057a000
0x000072555dbfd0f8:   0000000000000000 000072552bde41a0
0x000072555dbfd108:   000072551c52a2f0 0000000000004083
0x000072555dbfd118:   10c0000000000000 0604020000000006
0x000072555dbfd128:   0000000000000000 000000004057a000
0x000072555dbfd138:   0000000000000024 0000000000000004
0x000072555dbfd148:   000072551c006a00 0000000000000000
0x000072555dbfd158:   000072552a892c93 0000000000000000
0x000072555dbfd168:   0000000000001405 0000725500001405
0x000072555dbfd178:   00007255d46be860 0000000000001405
0x000072555dbfd188:   0000000000000000 000072551c528b48
0x000072555dbfd198:   0000000000000018 0000000000001405
0x000072555dbfd1a8:   0000000000000000 000000004057a000
0x000072555dbfd1b8:   0000000000000004 0000000000001405
0x000072555dbfd1c8:   0000000000000010 0000000000000024
0x000072555dbfd1d8:   000072552a4f53d6 0000000000000000
0x000072555dbfd1e8:   000072552a4f511e 00005a9d06e70830
0x000072555dbfd1f8:   00005a9dffffffff 00005a9d06fe89e0
0x000072555dbfd208:   00007255d56e2878 000072555d3fe988
0x000072555dbfd218:   000072555cb1e040 000000004057a000
0x000072555dbfd228:   0000000000000024 0000000000001405
0x000072555dbfd238:   000072552a4e2ff6 0000000000000000
0x000072555dbfd248:   0000000000000000 0000000000000000
0x000072555dbfd258:   0000000000000000 0000000000000000
0x000072555dbfd268:   0000000000000000 0000000000000000
0x000072555dbfd278:   0000000000000000 0000000000000000
0x000072555dbfd288:   00005a9d070a8ef0 00005a9d06fa9010
0x000072555dbfd298:   00005a9d06fb4c10 00005a9d06fb5130 

Instructions: (pc=0x000072552a7b1210)
0x000072552a7b1110:   48 89 47 08 48 89 70 20 48 8b 56 10 83 e2 01 48
0x000072552a7b1120:   09 d0 48 89 46 10 c3 66 0f 1f 84 00 00 00 00 00
0x000072552a7b1130:   48 89 42 20 eb de 66 2e 0f 1f 84 00 00 00 00 00
0x000072552a7b1140:   83 e9 01 48 89 f8 48 63 d2 48 8d 4c 8f 04 66 90
0x000072552a7b1150:   f3 0f 10 06 48 83 c0 04 48 01 d6 f3 0f 11 40 fc
0x000072552a7b1160:   48 39 c8 75 eb c3 66 2e 0f 1f 84 00 00 00 00 00
0x000072552a7b1170:   83 e9 01 48 89 f8 48 63 d2 48 8d 4c cf 08 66 90
0x000072552a7b1180:   f3 0f 10 06 48 83 c0 08 f3 0f 11 40 f8 f3 0f 10
0x000072552a7b1190:   46 04 48 01 d6 f3 0f 11 40 fc 48 39 c8 75 e1 c3
0x000072552a7b11a0:   83 e9 01 48 89 f8 48 63 d2 48 8d 4c 49 03 48 8d
0x000072552a7b11b0:   0c 8f 66 0f 1f 44 00 00 f3 0f 10 06 48 83 c0 0c
0x000072552a7b11c0:   f3 0f 11 40 f4 f3 0f 10 46 04 f3 0f 11 40 f8 f3
0x000072552a7b11d0:   0f 10 46 08 48 01 d6 f3 0f 11 40 fc 48 39 c8 75
0x000072552a7b11e0:   d7 c3 66 2e 0f 1f 84 00 00 00 00 00 0f 1f 40 00
0x000072552a7b11f0:   41 89 c8 48 63 ca 48 89 f8 41 8d 50 ff 48 83 c2
0x000072552a7b1200:   01 48 c1 e2 04 48 01 fa 0f 1f 84 00 00 00 00 00
0x000072552a7b1210:   f3 0f 10 06 48 83 c0 10 f3 0f 11 40 f0 f3 0f 10
0x000072552a7b1220:   46 04 f3 0f 11 40 f4 f3 0f 10 46 08 f3 0f 11 40
0x000072552a7b1230:   f8 f3 0f 10 46 0c 48 01 ce f3 0f 11 40 fc 48 39
0x000072552a7b1240:   d0 75 cd c3 66 2e 0f 1f 84 00 00 00 00 00 66 90
0x000072552a7b1250:   83 e9 01 48 89 f8 48 63 d2 48 8d 4c 8f 04 66 90
0x000072552a7b1260:   66 0f ef c0 48 83 c0 04 f2 0f 5a 06 48 01 d6 f3
0x000072552a7b1270:   0f 11 40 fc 48 39 c8 75 e7 c3 66 0f 1f 44 00 00
0x000072552a7b1280:   83 e9 01 48 89 f8 48 63 d2 48 8d 4c cf 08 66 90
0x000072552a7b1290:   66 0f ef c0 48 83 c0 08 f2 0f 5a 06 f3 0f 11 40
0x000072552a7b12a0:   f8 66 0f ef c0 f2 0f 5a 46 08 48 01 d6 f3 0f 11
0x000072552a7b12b0:   40 fc 48 39 c8 75 d9 c3 0f 1f 84 00 00 00 00 00
0x000072552a7b12c0:   83 e9 01 48 89 f8 48 63 d2 48 8d 4c 49 03 48 8d
0x000072552a7b12d0:   0c 8f 66 0f 1f 44 00 00 66 0f ef c0 48 83 c0 0c
0x000072552a7b12e0:   f2 0f 5a 06 f3 0f 11 40 f4 66 0f ef c0 f2 0f 5a
0x000072552a7b12f0:   46 08 f3 0f 11 40 f8 66 0f ef c0 f2 0f 5a 46 10
0x000072552a7b1300:   48 01 d6 f3 0f 11 40 fc 48 39 c8 75 cb c3 66 90 



---------------  P R O C E S S  ---------------

VM state: not at safepoint (normal execution)

VM Mutex/Monitor currently owned by a thread: None

Heap address: 0x0000000689400000, size: 5996 MB, Compressed Oops mode: Zero based, Oop shift amount: 3

CDS archive(s) mapped at: [0x000072555e000000-0x000072555ec74000-0x000072555ec74000), size 13058048, SharedBaseAddress: 0x000072555e000000, ArchiveRelocationMode: 1.
Compressed class space mapped at: 0x000072555f000000-0x000072559f000000, reserved size: 1073741824
Narrow klass base: 0x000072555e000000, Narrow klass shift: 0, Narrow klass range: 0x100000000

GC Precious Log:
<Skipped>

Heap:
 garbage-first heap   total reserved 6139904K, committed 389120K, used 37515K [0x0000000689400000, 0x0000000800000000)
  region size 4096K, 9 young (36864K), 1 survivors (4096K)
 Metaspace       used 9884K, committed 10048K, reserved 1114112K
  class space    used 572K, committed 640K, reserved 1048576K

Heap Regions: E=young(eden), S=young(survivor), O=old, HS=humongous(starts), HC=humongous(continues), CS=collection set, F=free, TAMS=top-at-mark-start, PB=parsable bottom
|   0|0x0000000689400000, 0x0000000689666fe8, 0x0000000689800000| 60%| O|  |TAMS 0x0000000689400000| PB 0x0000000689400000| Untracked |  0
|   1|0x0000000689800000, 0x0000000689800000, 0x0000000689c00000|  0%| F|  |TAMS 0x0000000689800000| PB 0x0000000689800000| Untracked |  0
|   2|0x0000000689c00000, 0x0000000689c00000, 0x000000068a000000|  0%| F|  |TAMS 0x0000000689c00000| PB 0x0000000689c00000| Untracked |  0
|   3|0x000000068a000000, 0x000000068a000000, 0x000000068a400000|  0%| F|  |TAMS 0x000000068a000000| PB 0x000000068a000000| Untracked |  0
|   4|0x000000068a400000, 0x000000068a400000, 0x000000068a800000|  0%| F|  |TAMS 0x000000068a400000| PB 0x000000068a400000| Untracked |  0
|   5|0x000000068a800000, 0x000000068a800000, 0x000000068ac00000|  0%| F|  |TAMS 0x000000068a800000| PB 0x000000068a800000| Untracked |  0
|   6|0x000000068ac00000, 0x000000068ac00000, 0x000000068b000000|  0%| F|  |TAMS 0x000000068ac00000| PB 0x000000068ac00000| Untracked |  0
|   7|0x000000068b000000, 0x000000068b000000, 0x000000068b400000|  0%| F|  |TAMS 0x000000068b000000| PB 0x000000068b000000| Untracked |  0
|   8|0x000000068b400000, 0x000000068b400000, 0x000000068b800000|  0%| F|  |TAMS 0x000000068b400000| PB 0x000000068b400000| Untracked |  0
|   9|0x000000068b800000, 0x000000068b800000, 0x000000068bc00000|  0%| F|  |TAMS 0x000000068b800000| PB 0x000000068b800000| Untracked |  0
|  10|0x000000068bc00000, 0x000000068bc00000, 0x000000068c000000|  0%| F|  |TAMS 0x000000068bc00000| PB 0x000000068bc00000| Untracked |  0
|  11|0x000000068c000000, 0x000000068c000000, 0x000000068c400000|  0%| F|  |TAMS 0x000000068c000000| PB 0x000000068c000000| Untracked |  0
|  12|0x000000068c400000, 0x000000068c400000, 0x000000068c800000|  0%| F|  |TAMS 0x000000068c400000| PB 0x000000068c400000| Untracked |  0
|  13|0x000000068c800000, 0x000000068c800000, 0x000000068cc00000|  0%| F|  |TAMS 0x000000068c800000| PB 0x000000068c800000| Untracked |  0
|  14|0x000000068cc00000, 0x000000068cc00000, 0x000000068d000000|  0%| F|  |TAMS 0x000000068cc00000| PB 0x000000068cc00000| Untracked |  0
|  15|0x000000068d000000, 0x000000068d000000, 0x000000068d400000|  0%| F|  |TAMS 0x000000068d000000| PB 0x000000068d000000| Untracked |  0
|  16|0x000000068d400000, 0x000000068d400000, 0x000000068d800000|  0%| F|  |TAMS 0x000000068d400000| PB 0x000000068d400000| Untracked |  0
|  17|0x000000068d800000, 0x000000068d800000, 0x000000068dc00000|  0%| F|  |TAMS 0x000000068d800000| PB 0x000000068d800000| Untracked |  0
|  18|0x000000068dc00000, 0x000000068dc00000, 0x000000068e000000|  0%| F|  |TAMS 0x000000068dc00000| PB 0x000000068dc00000| Untracked |  0
|  19|0x000000068e000000, 0x000000068e000000, 0x000000068e400000|  0%| F|  |TAMS 0x000000068e000000| PB 0x000000068e000000| Untracked |  0
|  20|0x000000068e400000, 0x000000068e400000, 0x000000068e800000|  0%| F|  |TAMS 0x000000068e400000| PB 0x000000068e400000| Untracked |  0
|  21|0x000000068e800000, 0x000000068e800000, 0x000000068ec00000|  0%| F|  |TAMS 0x000000068e800000| PB 0x000000068e800000| Untracked |  0
|  22|0x000000068ec00000, 0x000000068ec00000, 0x000000068f000000|  0%| F|  |TAMS 0x000000068ec00000| PB 0x000000068ec00000| Untracked |  0
|  23|0x000000068f000000, 0x000000068f000000, 0x000000068f400000|  0%| F|  |TAMS 0x000000068f000000| PB 0x000000068f000000| Untracked |  0
|  24|0x000000068f400000, 0x000000068f400000, 0x000000068f800000|  0%| F|  |TAMS 0x000000068f400000| PB 0x000000068f400000| Untracked |  0
|  25|0x000000068f800000, 0x000000068f800000, 0x000000068fc00000|  0%| F|  |TAMS 0x000000068f800000| PB 0x000000068f800000| Untracked |  0
|  26|0x000000068fc00000, 0x000000068fc00000, 0x0000000690000000|  0%| F|  |TAMS 0x000000068fc00000| PB 0x000000068fc00000| Untracked |  0
|  27|0x0000000690000000, 0x0000000690000000, 0x0000000690400000|  0%| F|  |TAMS 0x0000000690000000| PB 0x0000000690000000| Untracked |  0
|  28|0x0000000690400000, 0x0000000690400000, 0x0000000690800000|  0%| F|  |TAMS 0x0000000690400000| PB 0x0000000690400000| Untracked |  0
|  29|0x0000000690800000, 0x0000000690800000, 0x0000000690c00000|  0%| F|  |TAMS 0x0000000690800000| PB 0x0000000690800000| Untracked |  0
|  30|0x0000000690c00000, 0x0000000690c00000, 0x0000000691000000|  0%| F|  |TAMS 0x0000000690c00000| PB 0x0000000690c00000| Untracked |  0
|  31|0x0000000691000000, 0x0000000691000000, 0x0000000691400000|  0%| F|  |TAMS 0x0000000691000000| PB 0x0000000691000000| Untracked |  0
|  32|0x0000000691400000, 0x0000000691400000, 0x0000000691800000|  0%| F|  |TAMS 0x0000000691400000| PB 0x0000000691400000| Untracked |  0
|  33|0x0000000691800000, 0x0000000691800000, 0x0000000691c00000|  0%| F|  |TAMS 0x0000000691800000| PB 0x0000000691800000| Untracked |  0
|  34|0x0000000691c00000, 0x0000000691c00000, 0x0000000692000000|  0%| F|  |TAMS 0x0000000691c00000| PB 0x0000000691c00000| Untracked |  0
|  35|0x0000000692000000, 0x0000000692000000, 0x0000000692400000|  0%| F|  |TAMS 0x0000000692000000| PB 0x0000000692000000| Untracked |  0
|  36|0x0000000692400000, 0x0000000692400000, 0x0000000692800000|  0%| F|  |TAMS 0x0000000692400000| PB 0x0000000692400000| Untracked |  0
|  37|0x0000000692800000, 0x0000000692800000, 0x0000000692c00000|  0%| F|  |TAMS 0x0000000692800000| PB 0x0000000692800000| Untracked |  0
|  38|0x0000000692c00000, 0x0000000692d33870, 0x0000000693000000| 30%| S|CS|TAMS 0x0000000692c00000| PB 0x0000000692c00000| Complete |  0
|  39|0x0000000693000000, 0x0000000693000000, 0x0000000693400000|  0%| F|  |TAMS 0x0000000693000000| PB 0x0000000693000000| Untracked |  0
|  40|0x0000000693400000, 0x0000000693400000, 0x0000000693800000|  0%| F|  |TAMS 0x0000000693400000| PB 0x0000000693400000| Untracked |  0
|  41|0x0000000693800000, 0x0000000693800000, 0x0000000693c00000|  0%| F|  |TAMS 0x0000000693800000| PB 0x0000000693800000| Untracked |  0
|  42|0x0000000693c00000, 0x0000000693c00000, 0x0000000694000000|  0%| F|  |TAMS 0x0000000693c00000| PB 0x0000000693c00000| Untracked |  0
|  43|0x0000000694000000, 0x0000000694000000, 0x0000000694400000|  0%| F|  |TAMS 0x0000000694000000| PB 0x0000000694000000| Untracked |  0
|  44|0x0000000694400000, 0x0000000694400000, 0x0000000694800000|  0%| F|  |TAMS 0x0000000694400000| PB 0x0000000694400000| Untracked |  0
|  45|0x0000000694800000, 0x0000000694800000, 0x0000000694c00000|  0%| F|  |TAMS 0x0000000694800000| PB 0x0000000694800000| Untracked |  0
|  46|0x0000000694c00000, 0x0000000694c00000, 0x0000000695000000|  0%| F|  |TAMS 0x0000000694c00000| PB 0x0000000694c00000| Untracked |  0
|  47|0x0000000695000000, 0x0000000695000000, 0x0000000695400000|  0%| F|  |TAMS 0x0000000695000000| PB 0x0000000695000000| Untracked |  0
|  48|0x0000000695400000, 0x0000000695400000, 0x0000000695800000|  0%| F|  |TAMS 0x0000000695400000| PB 0x0000000695400000| Untracked |  0
|  49|0x0000000695800000, 0x0000000695800000, 0x0000000695c00000|  0%| F|  |TAMS 0x0000000695800000| PB 0x0000000695800000| Untracked |  0
|  50|0x0000000695c00000, 0x0000000695c00000, 0x0000000696000000|  0%| F|  |TAMS 0x0000000695c00000| PB 0x0000000695c00000| Untracked |  0
|  51|0x0000000696000000, 0x0000000696000000, 0x0000000696400000|  0%| F|  |TAMS 0x0000000696000000| PB 0x0000000696000000| Untracked |  0
|  52|0x0000000696400000, 0x0000000696400000, 0x0000000696800000|  0%| F|  |TAMS 0x0000000696400000| PB 0x0000000696400000| Untracked |  0
|  53|0x0000000696800000, 0x0000000696800000, 0x0000000696c00000|  0%| F|  |TAMS 0x0000000696800000| PB 0x0000000696800000| Untracked |  0
|  54|0x0000000696c00000, 0x0000000696c00000, 0x0000000697000000|  0%| F|  |TAMS 0x0000000696c00000| PB 0x0000000696c00000| Untracked |  0
|  55|0x0000000697000000, 0x0000000697000000, 0x0000000697400000|  0%| F|  |TAMS 0x0000000697000000| PB 0x0000000697000000| Untracked |  0
|  56|0x0000000697400000, 0x0000000697400000, 0x0000000697800000|  0%| F|  |TAMS 0x0000000697400000| PB 0x0000000697400000| Untracked |  0
|  57|0x0000000697800000, 0x0000000697800000, 0x0000000697c00000|  0%| F|  |TAMS 0x0000000697800000| PB 0x0000000697800000| Untracked |  0
|  58|0x0000000697c00000, 0x0000000697c00000, 0x0000000698000000|  0%| F|  |TAMS 0x0000000697c00000| PB 0x0000000697c00000| Untracked |  0
|  59|0x0000000698000000, 0x0000000698000000, 0x0000000698400000|  0%| F|  |TAMS 0x0000000698000000| PB 0x0000000698000000| Untracked |  0
|  60|0x0000000698400000, 0x0000000698400000, 0x0000000698800000|  0%| F|  |TAMS 0x0000000698400000| PB 0x0000000698400000| Untracked |  0
|  61|0x0000000698800000, 0x0000000698800000, 0x0000000698c00000|  0%| F|  |TAMS 0x0000000698800000| PB 0x0000000698800000| Untracked |  0
|  62|0x0000000698c00000, 0x0000000698c00000, 0x0000000699000000|  0%| F|  |TAMS 0x0000000698c00000| PB 0x0000000698c00000| Untracked |  0
|  63|0x0000000699000000, 0x0000000699000000, 0x0000000699400000|  0%| F|  |TAMS 0x0000000699000000| PB 0x0000000699000000| Untracked |  0
|  64|0x0000000699400000, 0x0000000699400000, 0x0000000699800000|  0%| F|  |TAMS 0x0000000699400000| PB 0x0000000699400000| Untracked |  0
|  65|0x0000000699800000, 0x0000000699800000, 0x0000000699c00000|  0%| F|  |TAMS 0x0000000699800000| PB 0x0000000699800000| Untracked |  0
|  66|0x0000000699c00000, 0x0000000699c00000, 0x000000069a000000|  0%| F|  |TAMS 0x0000000699c00000| PB 0x0000000699c00000| Untracked |  0
|  67|0x000000069a000000, 0x000000069a000000, 0x000000069a400000|  0%| F|  |TAMS 0x000000069a000000| PB 0x000000069a000000| Untracked |  0
|  68|0x000000069a400000, 0x000000069a400000, 0x000000069a800000|  0%| F|  |TAMS 0x000000069a400000| PB 0x000000069a400000| Untracked |  0
|  69|0x000000069a800000, 0x000000069a800000, 0x000000069ac00000|  0%| F|  |TAMS 0x000000069a800000| PB 0x000000069a800000| Untracked |  0
|  70|0x000000069ac00000, 0x000000069ac00000, 0x000000069b000000|  0%| F|  |TAMS 0x000000069ac00000| PB 0x000000069ac00000| Untracked |  0
|  71|0x000000069b000000, 0x000000069b000000, 0x000000069b400000|  0%| F|  |TAMS 0x000000069b000000| PB 0x000000069b000000| Untracked |  0
|  72|0x000000069b400000, 0x000000069b400000, 0x000000069b800000|  0%| F|  |TAMS 0x000000069b400000| PB 0x000000069b400000| Untracked |  0
|  73|0x000000069b800000, 0x000000069b800000, 0x000000069bc00000|  0%| F|  |TAMS 0x000000069b800000| PB 0x000000069b800000| Untracked |  0
|  74|0x000000069bc00000, 0x000000069bc00000, 0x000000069c000000|  0%| F|  |TAMS 0x000000069bc00000| PB 0x000000069bc00000| Untracked |  0
|  75|0x000000069c000000, 0x000000069c000000, 0x000000069c400000|  0%| F|  |TAMS 0x000000069c000000| PB 0x000000069c000000| Untracked |  0
|  76|0x000000069c400000, 0x000000069c400000, 0x000000069c800000|  0%| F|  |TAMS 0x000000069c400000| PB 0x000000069c400000| Untracked |  0
|  77|0x000000069c800000, 0x000000069c800000, 0x000000069cc00000|  0%| F|  |TAMS 0x000000069c800000| PB 0x000000069c800000| Untracked |  0
|  78|0x000000069cc00000, 0x000000069cc00000, 0x000000069d000000|  0%| F|  |TAMS 0x000000069cc00000| PB 0x000000069cc00000| Untracked |  0
|  79|0x000000069d000000, 0x000000069d000000, 0x000000069d400000|  0%| F|  |TAMS 0x000000069d000000| PB 0x000000069d000000| Untracked |  0
|  80|0x000000069d400000, 0x000000069d400000, 0x000000069d800000|  0%| F|  |TAMS 0x000000069d400000| PB 0x000000069d400000| Untracked |  0
|  81|0x000000069d800000, 0x000000069d800000, 0x000000069dc00000|  0%| F|  |TAMS 0x000000069d800000| PB 0x000000069d800000| Untracked |  0
|  82|0x000000069dc00000, 0x000000069dc00000, 0x000000069e000000|  0%| F|  |TAMS 0x000000069dc00000| PB 0x000000069dc00000| Untracked |  0
|  83|0x000000069e000000, 0x000000069e000000, 0x000000069e400000|  0%| F|  |TAMS 0x000000069e000000| PB 0x000000069e000000| Untracked |  0
|  84|0x000000069e400000, 0x000000069e400000, 0x000000069e800000|  0%| F|  |TAMS 0x000000069e400000| PB 0x000000069e400000| Untracked |  0
|  85|0x000000069e800000, 0x000000069e800000, 0x000000069ec00000|  0%| F|  |TAMS 0x000000069e800000| PB 0x000000069e800000| Untracked |  0
|  86|0x000000069ec00000, 0x000000069f000000, 0x000000069f000000|100%| E|  |TAMS 0x000000069ec00000| PB 0x000000069ec00000| Complete |  0
|  87|0x000000069f000000, 0x000000069f400000, 0x000000069f400000|100%| E|CS|TAMS 0x000000069f000000| PB 0x000000069f000000| Complete |  0
|  88|0x000000069f400000, 0x000000069f800000, 0x000000069f800000|100%| E|CS|TAMS 0x000000069f400000| PB 0x000000069f400000| Complete |  0
|  89|0x000000069f800000, 0x000000069fc00000, 0x000000069fc00000|100%| E|CS|TAMS 0x000000069f800000| PB 0x000000069f800000| Complete |  0
|  90|0x000000069fc00000, 0x00000006a0000000, 0x00000006a0000000|100%| E|CS|TAMS 0x000000069fc00000| PB 0x000000069fc00000| Complete |  0
|  91|0x00000006a0000000, 0x00000006a0400000, 0x00000006a0400000|100%| E|CS|TAMS 0x00000006a0000000| PB 0x00000006a0000000| Complete |  0
|  92|0x00000006a0400000, 0x00000006a0800000, 0x00000006a0800000|100%| E|CS|TAMS 0x00000006a0400000| PB 0x00000006a0400000| Complete |  0
|  93|0x00000006a0800000, 0x00000006a0c00000, 0x00000006a0c00000|100%| E|CS|TAMS 0x00000006a0800000| PB 0x00000006a0800000| Complete |  0
|1498|0x00000007ffc00000, 0x00000007ffd086a8, 0x0000000800000000| 25%| O|  |TAMS 0x00000007ffc00000| PB 0x00000007ffc00000| Untracked |  0

Card table byte_map: [0x00007255d89ba000,0x00007255d9570000] _byte_map_base: 0x00007255d5570000

Marking Bits: (CMBitMap*) 0x00007255d40b0050
 Bits: [0x00007255b6e50000, 0x00007255bcc00000)

Polling page: 0x00007255dc0f7000

Metaspace:

Usage:
  Non-class:      9,09 MB used.
      Class:    572,27 KB used.
       Both:      9,65 MB used.

Virtual space:
  Non-class space:       64,00 MB reserved,       9,19 MB ( 14%) committed,  1 nodes.
      Class space:        1,00 GB reserved,     640,00 KB ( <1%) committed,  1 nodes.
             Both:        1,06 GB reserved,       9,81 MB ( <1%) committed. 

Chunk freelists:
   Non-Class:  5,94 MB
       Class:  15,38 MB
        Both:  21,32 MB

MaxMetaspaceSize: unlimited
CompressedClassSpaceSize: 1,00 GB
Initial GC threshold: 21,00 MB
Current GC threshold: 21,00 MB
CDS: on
 - commit_granule_bytes: 65536.
 - commit_granule_words: 8192.
 - virtual_space_node_default_size: 8388608.
 - enlarge_chunks_in_place: 1.
 - use_allocation_guard: 0.


Internal statistics:

num_allocs_failed_limit: 0.
num_arena_births: 154.
num_arena_deaths: 0.
num_vsnodes_births: 2.
num_vsnodes_deaths: 0.
num_space_committed: 156.
num_space_uncommitted: 0.
num_chunks_returned_to_freelist: 0.
num_chunks_taken_from_freelist: 427.
num_chunk_merges: 0.
num_chunk_splits: 306.
num_chunks_enlarged: 228.
num_inconsistent_stats: 0.

CodeHeap 'non-profiled nmethods': size=120032Kb used=627Kb max_used=627Kb free=119405Kb
 bounds [0x00007255c46c8000, 0x00007255c4938000, 0x00007255cbc00000]
CodeHeap 'profiled nmethods': size=120028Kb used=3437Kb max_used=3437Kb free=116590Kb
 bounds [0x00007255bcc00000, 0x00007255bcf60000, 0x00007255c4137000]
CodeHeap 'non-nmethods': size=5700Kb used=2240Kb max_used=2275Kb free=3459Kb
 bounds [0x00007255c4137000, 0x00007255c43a7000, 0x00007255c46c8000]
 total_blobs=3117 nmethods=1884 adapters=1139
 compilation: enabled
              stopped_count=0, restarted_count=0
 full_count=0

Compilation events (20 events):
Event: 2,512 Thread 0x00007255d4165050 nmethod 1873 0x00007255c4762910 code [0x00007255c4762ac0, 0x00007255c4762e78]
Event: 2,576 Thread 0x00007255d4165050 1874       4       org.lwjgl.system.MemoryUtil::memASCII (11 bytes)
Event: 2,581 Thread 0x00007255d4165050 nmethod 1874 0x00007255c4763190 code [0x00007255c4763320, 0x00007255c47635b8]
Event: 2,592 Thread 0x00007255d4165050 1875       4       org.lwjgl.system.StructBuffer::get (21 bytes)
Event: 2,593 Thread 0x00007255d4165050 nmethod 1875 0x00007255c4763810 code [0x00007255c47639a0, 0x00007255c4763b38]
Event: 2,642 Thread 0x00007255d4166760 1876       3       java.io.File::getParentFile (41 bytes)
Event: 2,642 Thread 0x00007255d4166760 nmethod 1876 0x00007255bcf55390 code [0x00007255bcf55560, 0x00007255bcf55950]
Event: 2,642 Thread 0x00007255d4166760 1877   !   3       org.lwjgl.assimp.Assimp::aiImportFile (52 bytes)
Event: 2,644 Thread 0x00007255d4166760 nmethod 1877 0x00007255bcf55a90 code [0x00007255bcf55dc0, 0x00007255bcf572a8]
Event: 2,644 Thread 0x00007255d4166760 1878       3       org.lwjgl.assimp.AIMesh::create (20 bytes)
Event: 2,644 Thread 0x00007255d4166760 nmethod 1878 0x00007255bcf57b90 code [0x00007255bcf57d40, 0x00007255bcf58060]
Event: 2,644 Thread 0x00007255d4166760 1879       3       net.minecraftrecreation.render.scene.objects.ModelLoader::processMesh (52 bytes)
Event: 2,644 Thread 0x00007255d4166760 nmethod 1879 0x00007255bcf58210 code [0x00007255bcf58400, 0x00007255bcf587a0]
Event: 2,653 Thread 0x00007255d4165050 1880       4       jdk.internal.misc.Unsafe::checkNativeAddress (28 bytes)
Event: 2,653 Thread 0x00007255d4165050 nmethod 1880 0x00007255c4763c90 code [0x00007255c4763e00, 0x00007255c4763e88]
Event: 2,690 Thread 0x00007255d4165050 1881       4       org.lwjgl.system.MemoryStack::ncalloc (25 bytes)
Event: 2,690 Thread 0x00007255d4166760 1882       3       java.lang.ref.ReferenceQueue::poll0 (65 bytes)
Event: 2,691 Thread 0x00007255d4166760 nmethod 1882 0x00007255bcf58990 code [0x00007255bcf58b60, 0x00007255bcf59050]
Event: 2,691 Thread 0x00007255d4166760 1883       3       java.lang.Class::descriptorString (170 bytes)
Event: 2,692 Thread 0x00007255d4166760 nmethod 1883 0x00007255bcf59190 code [0x00007255bcf59600, 0x00007255bcf5ad38]

GC Heap History (10 events):
Event: 0,886 GC heap before
{Heap before GC invocations=0 (full 0):
 garbage-first heap   total reserved 6139904K, committed 389120K, used 13345K [0x0000000689400000, 0x0000000800000000)
  region size 4096K, 4 young (16384K), 0 survivors (0K)
 Metaspace       used 7712K, committed 7872K, reserved 1114112K
  class space    used 442K, committed 512K, reserved 1048576K
}
Event: 0,891 GC heap after
{Heap after GC invocations=1 (full 0):
 garbage-first heap   total reserved 6139904K, committed 389120K, used 3731K [0x0000000689400000, 0x0000000800000000)
  region size 4096K, 1 young (4096K), 1 survivors (4096K)
 Metaspace       used 7712K, committed 7872K, reserved 1114112K
  class space    used 442K, committed 512K, reserved 1048576K
}
Event: 1,559 GC heap before
{Heap before GC invocations=1 (full 0):
 garbage-first heap   total reserved 6139904K, committed 389120K, used 16019K [0x0000000689400000, 0x0000000800000000)
  region size 4096K, 5 young (20480K), 1 survivors (4096K)
 Metaspace       used 9703K, committed 9920K, reserved 1114112K
  class space    used 569K, committed 640K, reserved 1048576K
}
Event: 1,562 GC heap after
{Heap after GC invocations=2 (full 0):
 garbage-first heap   total reserved 6139904K, committed 389120K, used 4881K [0x0000000689400000, 0x0000000800000000)
  region size 4096K, 1 young (4096K), 1 survivors (4096K)
 Metaspace       used 9703K, committed 9920K, reserved 1114112K
  class space    used 569K, committed 640K, reserved 1048576K
}
Event: 1,778 GC heap before
{Heap before GC invocations=2 (full 0):
 garbage-first heap   total reserved 6139904K, committed 389120K, used 45841K [0x0000000689400000, 0x0000000800000000)
  region size 4096K, 11 young (45056K), 1 survivors (4096K)
 Metaspace       used 9745K, committed 9920K, reserved 1114112K
  class space    used 569K, committed 640K, reserved 1048576K
}
Event: 1,780 GC heap after
{Heap after GC invocations=3 (full 0):
 garbage-first heap   total reserved 6139904K, committed 389120K, used 4708K [0x0000000689400000, 0x0000000800000000)
  region size 4096K, 1 young (4096K), 1 survivors (4096K)
 Metaspace       used 9745K, committed 9920K, reserved 1114112K
  class space    used 569K, committed 640K, reserved 1048576K
}
Event: 2,348 GC heap before
{Heap before GC invocations=3 (full 0):
 garbage-first heap   total reserved 6139904K, committed 389120K, used 229988K [0x0000000689400000, 0x0000000800000000)
  region size 4096K, 56 young (229376K), 1 survivors (4096K)
 Metaspace       used 9840K, committed 10048K, reserved 1114112K
  class space    used 569K, committed 640K, reserved 1048576K
}
Event: 2,350 GC heap after
{Heap after GC invocations=4 (full 0):
 garbage-first heap   total reserved 6139904K, committed 389120K, used 4737K [0x0000000689400000, 0x0000000800000000)
  region size 4096K, 1 young (4096K), 1 survivors (4096K)
 Metaspace       used 9840K, committed 10048K, reserved 1114112K
  class space    used 569K, committed 640K, reserved 1048576K
}
Event: 2,652 GC heap before
{Heap before GC invocations=4 (full 0):
 garbage-first heap   total reserved 6139904K, committed 389120K, used 230017K [0x0000000689400000, 0x0000000800000000)
  region size 4096K, 56 young (229376K), 1 survivors (4096K)
 Metaspace       used 9860K, committed 10048K, reserved 1114112K
  class space    used 569K, committed 640K, reserved 1048576K
}
Event: 2,653 GC heap after
{Heap after GC invocations=5 (full 0):
 garbage-first heap   total reserved 6139904K, committed 389120K, used 4747K [0x0000000689400000, 0x0000000800000000)
  region size 4096K, 1 young (4096K), 1 survivors (4096K)
 Metaspace       used 9860K, committed 10048K, reserved 1114112K
  class space    used 569K, committed 640K, reserved 1048576K
}

Dll operation events (14 events):
Event: 0,008 Loaded shared library /home/denis0001/.jdks/openjdk-22/lib/libjava.so
Event: 0,069 Loaded shared library /home/denis0001/.jdks/openjdk-22/lib/libjsvml.so
Event: 0,122 Loaded shared library /home/denis0001/.jdks/openjdk-22/lib/libzip.so
Event: 0,123 Loaded shared library /home/denis0001/.jdks/openjdk-22/lib/libinstrument.so
Event: 0,131 Loaded shared library /home/denis0001/.jdks/openjdk-22/lib/libnio.so
Event: 0,134 Loaded shared library /home/denis0001/.jdks/openjdk-22/lib/libzip.so
Event: 0,154 Loaded shared library /home/denis0001/.jdks/openjdk-22/lib/libnet.so
Event: 0,159 Loaded shared library /home/denis0001/.jdks/openjdk-22/lib/libextnet.so
Event: 0,195 Loaded shared library /home/denis0001/.jdks/openjdk-22/lib/libjimage.so
Event: 0,212 Loaded shared library /tmp/lwjgldenis0001/3.1.1-build-16/liblwjgl.so
Event: 0,410 Loaded shared library /home/denis0001/.jdks/openjdk-22/lib/libverify.so
Event: 0,426 Loaded shared library /tmp/lwjgldenis0001/3.1.1-build-16/liblwjgl_opengl.so
Event: 0,819 Loaded shared library /tmp/imgui-java-natives/1.86.11/libimgui-java64.so
Event: 0,915 Loaded shared library /tmp/lwjgldenis0001/3.1.1-build-16/liblwjgl_stb.so

Deoptimization events (20 events):
Event: 1,651 Thread 0x00007255d402b190 Uncommon trap: trap_request=0xffffffde fr.pc=0x00007255c4752fc0 relative=0x0000000000000120
Event: 1,651 Thread 0x00007255d402b190 Uncommon trap: reason=class_check action=maybe_recompile pc=0x00007255c4752fc0 method=jdk.internal.misc.Unsafe.allocateUninitializedArray(Ljava/lang/Class;I)Ljava/lang/Object; @ 51 c2
Event: 1,651 Thread 0x00007255d402b190 DEOPT PACKING pc=0x00007255c4752fc0 sp=0x00007255da7fe410
Event: 1,651 Thread 0x00007255d402b190 DEOPT UNPACKING pc=0x00007255c418af99 sp=0x00007255da7fe3a8 mode 2
Event: 1,651 Thread 0x00007255d402b190 Uncommon trap: trap_request=0xffffffde fr.pc=0x00007255c4752fc0 relative=0x0000000000000120
Event: 1,651 Thread 0x00007255d402b190 Uncommon trap: reason=class_check action=maybe_recompile pc=0x00007255c4752fc0 method=jdk.internal.misc.Unsafe.allocateUninitializedArray(Ljava/lang/Class;I)Ljava/lang/Object; @ 51 c2
Event: 1,651 Thread 0x00007255d402b190 DEOPT PACKING pc=0x00007255c4752fc0 sp=0x00007255da7fe410
Event: 1,651 Thread 0x00007255d402b190 DEOPT UNPACKING pc=0x00007255c418af99 sp=0x00007255da7fe3a8 mode 2
Event: 1,895 Thread 0x00007255d402b190 DEOPT PACKING pc=0x00007255bcee0df1 sp=0x00007255da7fe440
Event: 1,895 Thread 0x00007255d402b190 DEOPT UNPACKING pc=0x00007255c418b72f sp=0x00007255da7fd9c8 mode 0
Event: 1,921 Thread 0x00007255d402b190 DEOPT PACKING pc=0x00007255bcee0df1 sp=0x00007255da7fe440
Event: 1,921 Thread 0x00007255d402b190 DEOPT UNPACKING pc=0x00007255c418b72f sp=0x00007255da7fd9c8 mode 0
Event: 2,690 Thread 0x00007255d402b190 Uncommon trap: trap_request=0xffffff45 fr.pc=0x00007255c470903c relative=0x000000000000009c
Event: 2,690 Thread 0x00007255d402b190 Uncommon trap: reason=unstable_if action=reinterpret pc=0x00007255c470903c method=java.lang.ref.ReferenceQueue.headIsNull()Z @ 4 c2
Event: 2,690 Thread 0x00007255d402b190 DEOPT PACKING pc=0x00007255c470903c sp=0x00007255da7fde00
Event: 2,690 Thread 0x00007255d402b190 DEOPT UNPACKING pc=0x00007255c418af99 sp=0x00007255da7fdce0 mode 2
Event: 2,693 Thread 0x00007255d402b190 Uncommon trap: trap_request=0xffffff45 fr.pc=0x00007255c475f0f8 relative=0x0000000000000158
Event: 2,693 Thread 0x00007255d402b190 Uncommon trap: reason=unstable_if action=reinterpret pc=0x00007255c475f0f8 method=java.lang.Class.reflectionData()Ljava/lang/Class$ReflectionData; @ 11 c2
Event: 2,693 Thread 0x00007255d402b190 DEOPT PACKING pc=0x00007255c475f0f8 sp=0x00007255da7fda90
Event: 2,693 Thread 0x00007255d402b190 DEOPT UNPACKING pc=0x00007255c418af99 sp=0x00007255da7fda48 mode 2

Classes loaded (20 events):
Event: 1,200 Loading class sun/util/resources/TimeZoneNamesBundle done
Event: 1,200 Loading class sun/util/resources/cldr/TimeZoneNames done
Event: 1,200 Loading class sun/util/resources/cldr/TimeZoneNames_en
Event: 1,201 Loading class sun/util/resources/cldr/TimeZoneNames_en done
Event: 1,202 Loading class sun/util/resources/cldr/TimeZoneNames_en_US
Event: 1,202 Loading class sun/util/resources/cldr/TimeZoneNames_en_US done
Event: 1,212 Loading class java/lang/invoke/MethodHandle$1
Event: 1,212 Loading class java/lang/invoke/MethodHandle$1 done
Event: 1,350 Loading class java/util/stream/ReferencePipeline$4
Event: 1,350 Loading class java/util/stream/ReferencePipeline$4 done
Event: 1,350 Loading class java/util/stream/Nodes$IntFixedNodeBuilder
Event: 1,350 Loading class java/util/stream/Node$Builder$OfInt
Event: 1,350 Loading class java/util/stream/Node$Builder$OfInt done
Event: 1,350 Loading class java/util/stream/Nodes$IntArrayNode
Event: 1,350 Loading class java/util/stream/Nodes$IntArrayNode done
Event: 1,350 Loading class java/util/stream/Nodes$IntFixedNodeBuilder done
Event: 1,350 Loading class java/util/stream/ReferencePipeline$4$1
Event: 1,350 Loading class java/util/stream/ReferencePipeline$4$1 done
Event: 1,351 Loading class java/util/regex/Pattern$SliceS
Event: 1,351 Loading class java/util/regex/Pattern$SliceS done

Classes unloaded (0 events):
No events

Classes redefined (0 events):
No events

Internal exceptions (20 events):
Event: 0,159 Thread 0x00007255d429ab00 Exception <a 'java/lang/NoSuchMethodError'{0x00000006a0a97d30}: 'void java.lang.invoke.DirectMethodHandle$Holder.invokeStatic(java.lang.Object, java.lang.Object)'> (0x00000006a0a97d30) 
thrown [open/src/hotspot/share/interpreter/linkResolver.cpp, line 773]
Event: 0,397 Thread 0x00007255d402b190 Exception <a 'java/lang/NoSuchMethodError'{0x00000006a05322b0}: 'void java.lang.invoke.DirectMethodHandle$Holder.invokeStatic(java.lang.Object, int, long)'> (0x00000006a05322b0) 
thrown [open/src/hotspot/share/interpreter/linkResolver.cpp, line 773]
Event: 0,438 Thread 0x00007255d402b190 Exception <a 'sun/nio/fs/UnixException'{0x00000006a05a6438}> (0x00000006a05a6438) 
thrown [open/src/hotspot/share/prims/jni.cpp, line 520]
Event: 0,439 Thread 0x00007255d402b190 Exception <a 'sun/nio/fs/UnixException'{0x00000006a05a6e68}> (0x00000006a05a6e68) 
thrown [open/src/hotspot/share/prims/jni.cpp, line 520]
Event: 0,439 Thread 0x00007255d402b190 Exception <a 'sun/nio/fs/UnixException'{0x00000006a05a72c8}> (0x00000006a05a72c8) 
thrown [open/src/hotspot/share/prims/jni.cpp, line 520]
Event: 0,439 Thread 0x00007255d402b190 Exception <a 'sun/nio/fs/UnixException'{0x00000006a05a7718}> (0x00000006a05a7718) 
thrown [open/src/hotspot/share/prims/jni.cpp, line 520]
Event: 0,439 Thread 0x00007255d402b190 Exception <a 'sun/nio/fs/UnixException'{0x00000006a05a7b28}> (0x00000006a05a7b28) 
thrown [open/src/hotspot/share/prims/jni.cpp, line 520]
Event: 0,439 Thread 0x00007255d402b190 Exception <a 'sun/nio/fs/UnixException'{0x00000006a05a7f70}> (0x00000006a05a7f70) 
thrown [open/src/hotspot/share/prims/jni.cpp, line 520]
Event: 0,711 Thread 0x00007255d402b190 Exception <a 'java/lang/NoSuchMethodError'{0x00000006a0324fe8}: 'long java.lang.invoke.DelegatingMethodHandle$Holder.reinvoke_L(java.lang.Object, java.lang.Object)'> (0x00000006a0324fe8) 
thrown [open/src/hotspot/share/interpreter/linkResolver.cpp, line 773]
Event: 0,712 Thread 0x00007255d402b190 Exception <a 'java/lang/NoSuchMethodError'{0x00000006a032b430}: 'long java.lang.invoke.Invokers$Holder.invokeExact_MT(java.lang.Object, java.lang.Object, java.lang.Object)'> (0x00000006a032b430) 
thrown [open/src/hotspot/share/interpreter/linkResolver.cpp, line 773]
Event: 0,773 Thread 0x00007255d402b190 Exception <a 'java/lang/NoSuchMethodError'{0x000000069fd0e290}: 'java.lang.Object java.lang.invoke.DirectMethodHandle$Holder.invokeStatic(java.lang.Object, java.lang.Object, int)'> (0x000000069fd0e290) 
thrown [open/src/hotspot/share/interpreter/linkResolver.cpp, line 773]
Event: 0,775 Thread 0x00007255d402b190 Exception <a 'java/lang/NoSuchMethodError'{0x000000069fd18b78}: 'void java.lang.invoke.DirectMethodHandle$Holder.invokeSpecial(java.lang.Object, java.lang.Object, java.lang.Object)'> (0x000000069fd18b78) 
thrown [open/src/hotspot/share/interpreter/linkResolver.cpp, line 773]
Event: 0,776 Thread 0x00007255d402b190 Exception <a 'java/lang/NoSuchMethodError'{0x000000069fd1e758}: 'void java.lang.invoke.DirectMethodHandle$Holder.invokeStatic(java.lang.Object, int)'> (0x000000069fd1e758) 
thrown [open/src/hotspot/share/interpreter/linkResolver.cpp, line 773]
Event: 0,832 Thread 0x00007255d402b190 Exception <a 'java/lang/NoSuchMethodError'{0x000000069fdecc90}: 'void java.lang.invoke.DirectMethodHandle$Holder.invokeStatic(java.lang.Object, java.lang.Object, long, int)'> (0x000000069fdecc90) 
thrown [open/src/hotspot/share/interpreter/linkResolver.cpp, line 773]
Event: 1,168 Thread 0x00007255d402b190 Exception <a 'java/lang/NoSuchMethodError'{0x00000006a0b01888}: 'long java.lang.invoke.DirectMethodHandle$Holder.invokeSpecial(java.lang.Object, java.lang.Object)'> (0x00000006a0b01888) 
thrown [open/src/hotspot/share/interpreter/linkResolver.cpp, line 773]
Event: 1,169 Thread 0x00007255d402b190 Exception <a 'java/lang/NoSuchMethodError'{0x00000006a0b04cb0}: 'long java.lang.invoke.Invokers$Holder.invokeExact_MT(java.lang.Object, java.lang.Object)'> (0x00000006a0b04cb0) 
thrown [open/src/hotspot/share/interpreter/linkResolver.cpp, line 773]
Event: 1,195 Thread 0x00007255d402b190 Exception <a 'java/lang/NoSuchMethodError'{0x00000006a0b44708}: static Lnet/minecraftrecreation/world/block/Stone;.<clinit>()V> (0x00000006a0b44708) 
thrown [open/src/hotspot/share/prims/jni.cpp, line 1111]
Event: 1,205 Thread 0x0000725548000f50 Exception <a 'java/lang/NoSuchMethodError'{0x00000006a0b92c30}: 'java.lang.Object java.lang.invoke.Invokers$Holder.invokeExact_MT(java.lang.Object, java.lang.Object, java.lang.Object, java.lang.Object, java.lang.Object, java.lang.Object)'> (0x00000006a0b92c30) 
thrown [open/src/hotspot/share/interpreter/linkResolver.cpp, line 773]
Event: 1,208 Thread 0x00007255d402b190 Exception <a 'java/lang/NoSuchMethodError'{0x00000006a0ba6a88}: static Lnet/minecraftrecreation/world/block/GrassBlock;.<clinit>()V> (0x00000006a0ba6a88) 
thrown [open/src/hotspot/share/prims/jni.cpp, line 1111]
Event: 2,693 Thread 0x00007255d402b190 Implicit null exception at 0x00007255c475efe9 to 0x00007255c475f0e4

ZGC Phase Switch (0 events):
No events

VM Operations (20 events):
Event: 0,101 Executing VM operation: HandshakeAllThreads (Deoptimize)
Event: 0,101 Executing VM operation: HandshakeAllThreads (Deoptimize) done
Event: 0,158 Executing VM operation: HandshakeAllThreads (Deoptimize)
Event: 0,158 Executing VM operation: HandshakeAllThreads (Deoptimize) done
Event: 0,202 Executing VM operation: HandshakeAllThreads (Deoptimize)
Event: 0,202 Executing VM operation: HandshakeAllThreads (Deoptimize) done
Event: 0,853 Executing VM operation: HandshakeAllThreads (Deoptimize)
Event: 0,853 Executing VM operation: HandshakeAllThreads (Deoptimize) done
Event: 0,886 Executing VM operation: G1CollectForAllocation (G1 Evacuation Pause)
Event: 0,891 Executing VM operation: G1CollectForAllocation (G1 Evacuation Pause) done
Event: 1,165 Executing VM operation: HandshakeAllThreads (Deoptimize)
Event: 1,165 Executing VM operation: HandshakeAllThreads (Deoptimize) done
Event: 1,559 Executing VM operation: G1CollectForAllocation (G1 Evacuation Pause)
Event: 1,562 Executing VM operation: G1CollectForAllocation (G1 Evacuation Pause) done
Event: 1,778 Executing VM operation: G1CollectForAllocation (G1 Evacuation Pause)
Event: 1,780 Executing VM operation: G1CollectForAllocation (G1 Evacuation Pause) done
Event: 2,348 Executing VM operation: G1CollectForAllocation (G1 Evacuation Pause)
Event: 2,350 Executing VM operation: G1CollectForAllocation (G1 Evacuation Pause) done
Event: 2,651 Executing VM operation: G1CollectForAllocation (G1 Evacuation Pause)
Event: 2,653 Executing VM operation: G1CollectForAllocation (G1 Evacuation Pause) done

Events (20 events):
Event: 0,065 Thread 0x00007255d4163530 Thread added: 0x00007255d4163530
Event: 0,066 Protecting memory [0x00007255b4100000,0x00007255b4104000] with protection modes 0
Event: 0,066 Thread 0x00007255d4165050 Thread added: 0x00007255d4165050
Event: 0,066 Thread 0x00007255d4166760 Thread added: 0x00007255d4166760
Event: 0,067 Protecting memory [0x00007255b4000000,0x00007255b4004000] with protection modes 0
Event: 0,078 Protecting memory [0x000072559ff00000,0x000072559ff04000] with protection modes 0
Event: 0,096 Thread 0x00007255d4189310 Thread added: 0x00007255d4189310
Event: 0,096 Protecting memory [0x000072559fd30000,0x000072559fd34000] with protection modes 0
Event: 0,151 Thread 0x00007255d429ab00 Thread added: 0x00007255d429ab00
Event: 0,151 Protecting memory [0x000072559fc30000,0x000072559fc34000] with protection modes 0
Event: 0,151 Thread 0x00007255d429d080 Thread added: 0x00007255d429d080
Event: 0,152 Protecting memory [0x000072559fb30000,0x000072559fb34000] with protection modes 0
Event: 0,451 Thread 0x000072553817fb70 Thread added: 0x000072553817fb70
Event: 0,455 Protecting memory [0x000072555c500000,0x000072555c504000] with protection modes 0
Event: 0,651 Thread 0x000072553817fb70 Thread exited: 0x000072553817fb70
Event: 1,087 Thread 0x0000725548000f50 Thread added: 0x0000725548000f50
Event: 1,087 Protecting memory [0x000072555c500000,0x000072555c504000] with protection modes 0
Event: 1,462 Thread 0x00007255382096d0 Thread added: 0x00007255382096d0
Event: 1,462 Protecting memory [0x00007255281ff000,0x0000725528203000] with protection modes 0
Event: 1,787 Thread 0x00007255382096d0 Thread exited: 0x00007255382096d0


Dynamic libraries:
4057a000-40629000 rw-p 00000000 00:00 0 
40b87000-40b89000 r-xs 00000000 00:01 7324                               /memfd:/.glXXXXXX (deleted)
689400000-6a0c00000 rw-p 00000000 00:00 0 
6a0c00000-7ffc00000 ---p 00000000 00:00 0 
7ffc00000-7ffd09000 rw-p 00cb3000 08:03 3539186                          /home/denis0001/.jdks/openjdk-22/lib/server/classes.jsa
7ffd09000-800000000 rw-p 00000000 00:00 0 
58315a38d000-58315a38e000 r-xp 00000000 08:03 3443829                    /home/denis0001/.jdks/openjdk-22/bin/java
58315a38f000-58315a390000 r--p 00001000 08:03 3443829                    /home/denis0001/.jdks/openjdk-22/bin/java
58315a390000-58315a391000 rw-p 00002000 08:03 3443829                    /home/denis0001/.jdks/openjdk-22/bin/java
58315ab53000-58315ab9b000 rw-p 00000000 00:00 0                          [heap]
725504000000-725504130000 rw-p 00000000 00:00 0 
725504130000-725508000000 ---p 00000000 00:00 0 
72550c000000-72550c021000 rw-p 00000000 00:00 0 
72550c021000-725510000000 ---p 00000000 00:00 0 
725510000000-725510021000 rw-p 00000000 00:00 0 
725510021000-725514000000 ---p 00000000 00:00 0 
725514000000-725514021000 rw-p 00000000 00:00 0 
725514021000-725518000000 ---p 00000000 00:00 0 
725518000000-725518021000 rw-p 00000000 00:00 0 
725518021000-72551c000000 ---p 00000000 00:00 0 
72551c000000-72551c5e3000 rw-p 00000000 00:00 0 
72551c5e3000-725520000000 ---p 00000000 00:00 0 
725520800000-725520ec1000 r-xp 00000000 08:03 437560                     /tmp/lwjgldenis0001/3.1.1-build-16/libassimp.so
725520ec1000-7255210c0000 ---p 006c1000 08:03 437560                     /tmp/lwjgldenis0001/3.1.1-build-16/libassimp.so
7255210c0000-725521187000 r--p 006c0000 08:03 437560                     /tmp/lwjgldenis0001/3.1.1-build-16/libassimp.so
725521187000-72552118a000 rw-p 00787000 08:03 437560                     /tmp/lwjgldenis0001/3.1.1-build-16/libassimp.so
72552118a000-72552118f000 rw-p 00000000 00:00 0 
725521200000-725521259000 r-xp 00000000 08:03 432787                     /tmp/lwjgldenis0001/3.1.1-build-16/liblwjgl_stb.so
725521259000-725521459000 ---p 00059000 08:03 432787                     /tmp/lwjgldenis0001/3.1.1-build-16/liblwjgl_stb.so
725521459000-72552145a000 r--p 00059000 08:03 432787                     /tmp/lwjgldenis0001/3.1.1-build-16/liblwjgl_stb.so
72552145a000-72552145b000 rw-p 0005a000 08:03 432787                     /tmp/lwjgldenis0001/3.1.1-build-16/liblwjgl_stb.so
72552145b000-72552145c000 rw-p 00000000 00:00 0 
725521600000-72552363a000 r-xp 00000000 08:03 28068                      /usr/lib/x86_64-linux-gnu/libnvidia-glvkspirv.so.535.171.04
72552363a000-72552383a000 ---p 0203a000 08:03 28068                      /usr/lib/x86_64-linux-gnu/libnvidia-glvkspirv.so.535.171.04
72552383a000-725523e56000 r--p 0203a000 08:03 28068                      /usr/lib/x86_64-linux-gnu/libnvidia-glvkspirv.so.535.171.04
725523e56000-725523ee5000 rw-p 02656000 08:03 28068                      /usr/lib/x86_64-linux-gnu/libnvidia-glvkspirv.so.535.171.04
725523ee5000-725523f38000 rw-p 00000000 00:00 0 
725524000000-725524021000 rw-p 00000000 00:00 0 
725524021000-725528000000 ---p 00000000 00:00 0 
7255281ff000-725528203000 ---p 00000000 00:00 0 
725528203000-7255282ff000 rw-p 00000000 00:00 0 
7255282ff000-725528300000 ---p 00000000 00:00 0 
725528300000-725528400000 rw-p 00000000 00:00 0 
725528400000-725528495000 r--p 00000000 08:03 432614                     /tmp/imgui-java-natives/1.86.11/libimgui-java64.so
725528495000-725528876000 r-xp 00095000 08:03 432614                     /tmp/imgui-java-natives/1.86.11/libimgui-java64.so
725528876000-725528902000 r--p 00476000 08:03 432614                     /tmp/imgui-java-natives/1.86.11/libimgui-java64.so
725528902000-725528903000 ---p 00502000 08:03 432614                     /tmp/imgui-java-natives/1.86.11/libimgui-java64.so
725528903000-725528908000 r--p 00502000 08:03 432614                     /tmp/imgui-java-natives/1.86.11/libimgui-java64.so
725528908000-725528914000 rw-p 00507000 08:03 432614                     /tmp/imgui-java-natives/1.86.11/libimgui-java64.so
725528914000-725529144000 rw-p 00000000 00:00 0 
725529200000-7255294d8000 r-xp 00000000 08:03 28065                      /usr/lib/x86_64-linux-gnu/libnvidia-glcore.so.535.171.04
7255294d8000-7255294f9000 rwxp 002d8000 08:03 28065                      /usr/lib/x86_64-linux-gnu/libnvidia-glcore.so.535.171.04
7255294f9000-72552bb97000 r-xp 002f9000 08:03 28065                      /usr/lib/x86_64-linux-gnu/libnvidia-glcore.so.535.171.04
72552bb97000-72552bb98000 ---p 02997000 08:03 28065                      /usr/lib/x86_64-linux-gnu/libnvidia-glcore.so.535.171.04
72552bb98000-72552bd6b000 r--p 02997000 08:03 28065                      /usr/lib/x86_64-linux-gnu/libnvidia-glcore.so.535.171.04
72552bd6b000-72552bdd4000 rw-p 02b6a000 08:03 28065                      /usr/lib/x86_64-linux-gnu/libnvidia-glcore.so.535.171.04
72552bdd4000-72552be11000 rw-p 00000000 00:00 0 
72552beff000-72552bf00000 ---p 00000000 00:00 0 
72552bf00000-72552c000000 rw-p 00000000 00:00 0 
72552c000000-72552c021000 rw-p 00000000 00:00 0 
72552c021000-725530000000 ---p 00000000 00:00 0 
725530000000-725530021000 rw-p 00000000 00:00 0 
725530021000-725534000000 ---p 00000000 00:00 0 
725534000000-725534486000 rw-p 00000000 00:00 0 
725534486000-725538000000 ---p 00000000 00:00 0 
725538000000-7255383a9000 rw-p 00000000 00:00 0 
7255383a9000-72553c000000 ---p 00000000 00:00 0 
72553c000000-72553c021000 rw-p 00000000 00:00 0 
72553c021000-725540000000 ---p 00000000 00:00 0 
725540000000-725540021000 rw-p 00000000 00:00 0 
725540021000-725544000000 ---p 00000000 00:00 0 
725544000000-725544021000 rw-p 00000000 00:00 0 
725544021000-725548000000 ---p 00000000 00:00 0 
725548000000-725548021000 rw-p 00000000 00:00 0 
725548021000-72554c000000 ---p 00000000 00:00 0 
72554c000000-72554c021000 rw-p 00000000 00:00 0 
72554c021000-725550000000 ---p 00000000 00:00 0 
725550000000-725550021000 rw-p 00000000 00:00 0 
725550021000-725554000000 ---p 00000000 00:00 0 
725554000000-725554320000 rw-p 00000000 00:00 0 
725554320000-725554400000 ---p 00000000 00:00 0 
725554400000-725554a10000 rw-p 00000000 00:00 0 
725554a10000-725558000000 ---p 00000000 00:00 0 
725558000000-725558021000 rw-p 00000000 00:00 0 
725558021000-72555c000000 ---p 00000000 00:00 0 
72555c0ff000-72555c100000 ---p 00000000 00:00 0 
72555c100000-72555c200000 rw-p 00000000 00:00 0 
72555c200000-72555c29a000 r--p 00000000 08:03 30076                      /usr/lib/x86_64-linux-gnu/libstdc++.so.6.0.30
72555c29a000-72555c3ab000 r-xp 0009a000 08:03 30076                      /usr/lib/x86_64-linux-gnu/libstdc++.so.6.0.30
72555c3ab000-72555c41a000 r--p 001ab000 08:03 30076                      /usr/lib/x86_64-linux-gnu/libstdc++.so.6.0.30
72555c41a000-72555c41b000 ---p 0021a000 08:03 30076                      /usr/lib/x86_64-linux-gnu/libstdc++.so.6.0.30
72555c41b000-72555c426000 r--p 0021a000 08:03 30076                      /usr/lib/x86_64-linux-gnu/libstdc++.so.6.0.30
72555c426000-72555c429000 rw-p 00225000 08:03 30076                      /usr/lib/x86_64-linux-gnu/libstdc++.so.6.0.30
72555c429000-72555c42c000 rw-p 00000000 00:00 0 
72555c500000-72555c504000 ---p 00000000 00:00 0 
72555c504000-72555c600000 rw-p 00000000 00:00 0 
72555c600000-72555c669000 r-xp 00000000 08:03 432778                     /tmp/lwjgldenis0001/3.1.1-build-16/liblwjgl_opengl.so
72555c669000-72555c868000 ---p 00069000 08:03 432778                     /tmp/lwjgldenis0001/3.1.1-build-16/liblwjgl_opengl.so
72555c868000-72555c869000 r--p 00068000 08:03 432778                     /tmp/lwjgldenis0001/3.1.1-build-16/liblwjgl_opengl.so
72555c869000-72555c86a000 rw-p 00069000 08:03 432778                     /tmp/lwjgldenis0001/3.1.1-build-16/liblwjgl_opengl.so
72555c8d9000-72555cb1e000 rw-s 00000000 00:01 1025                       /memfd:/.nvidia_drv.XXXXXX (deleted)
72555cb1e000-72555d3ff000 rw-p 00000000 00:00 0 
72555d3ff000-72555d400000 ---p 00000000 00:00 0 
72555d400000-72555dc00000 rw-p 00000000 00:00 0 
72555dc00000-72555dc75000 r-xp 00000000 08:03 28067                      /usr/lib/x86_64-linux-gnu/libnvidia-glsi.so.535.171.04
72555dc75000-72555de75000 ---p 00075000 08:03 28067                      /usr/lib/x86_64-linux-gnu/libnvidia-glsi.so.535.171.04
72555de75000-72555de9f000 r--p 00075000 08:03 28067                      /usr/lib/x86_64-linux-gnu/libnvidia-glsi.so.535.171.04
72555de9f000-72555dea0000 rw-p 0009f000 08:03 28067                      /usr/lib/x86_64-linux-gnu/libnvidia-glsi.so.535.171.04
72555dea0000-72555dea8000 rw-p 00000000 00:00 0 
72555df00000-72555e000000 rw-s 00000000 00:05 879                        /dev/nvidiactl
72555e000000-72555ec74000 rw-p 00001000 08:03 3539186                    /home/denis0001/.jdks/openjdk-22/lib/server/classes.jsa
72555ec74000-72555f000000 ---p 00000000 00:00 0 
72555f000000-72555f030000 rw-p 00000000 00:00 0 
72555f030000-72555f070000 rw-p 00000000 00:00 0 
72555f070000-72555f0a0000 rw-p 00000000 00:00 0 
72555f0a0000-72559f000000 ---p 00000000 00:00 0 
72559f060000-72559f0e0000 rw-s 00000000 00:05 879                        /dev/nvidiactl
72559f0e0000-72559f0e1000 rwxp 00000000 00:00 0 
72559f0e1000-72559f161000 rw-s 00000000 00:05 879                        /dev/nvidiactl
72559f161000-72559f1a1000 rw-s 00000000 00:05 879                        /dev/nvidiactl
72559f1a1000-72559f1c1000 rw-s 00000000 00:05 879                        /dev/nvidiactl
72559f1c1000-72559f201000 rw-s 00000000 00:05 879                        /dev/nvidiactl
72559f201000-72559f221000 rw-s 00000000 00:05 879                        /dev/nvidiactl
72559f221000-72559f272000 r--p 00000000 08:03 2504                       /usr/lib/x86_64-linux-gnu/libGLX_nvidia.so.535.171.04
72559f272000-72559f2cc000 r-xp 00051000 08:03 2504                       /usr/lib/x86_64-linux-gnu/libGLX_nvidia.so.535.171.04
72559f2cc000-72559f301000 rwxp 000ab000 08:03 2504                       /usr/lib/x86_64-linux-gnu/libGLX_nvidia.so.535.171.04
72559f301000-72559f302000 r-xp 000e0000 08:03 2504                       /usr/lib/x86_64-linux-gnu/libGLX_nvidia.so.535.171.04
72559f302000-72559f321000 r--p 000e1000 08:03 2504                       /usr/lib/x86_64-linux-gnu/libGLX_nvidia.so.535.171.04
72559f321000-72559f341000 r--p 000ff000 08:03 2504                       /usr/lib/x86_64-linux-gnu/libGLX_nvidia.so.535.171.04
72559f341000-72559f346000 rw-p 0011f000 08:03 2504                       /usr/lib/x86_64-linux-gnu/libGLX_nvidia.so.535.171.04
72559f346000-72559f348000 rw-p 00000000 00:00 0 
72559f348000-72559f388000 r--p 00000000 08:03 28690                      /usr/lib/x86_64-linux-gnu/libGLdispatch.so.0.0.0
72559f388000-72559f38b000 r-xp 00040000 08:03 28690                      /usr/lib/x86_64-linux-gnu/libGLdispatch.so.0.0.0
72559f38b000-72559f3c6000 r-xp 00043000 08:03 28690                      /usr/lib/x86_64-linux-gnu/libGLdispatch.so.0.0.0
72559f3c6000-72559f3c7000 r-xp 0007e000 08:03 28690                      /usr/lib/x86_64-linux-gnu/libGLdispatch.so.0.0.0
72559f3c7000-72559f3da000 r--p 0007f000 08:03 28690                      /usr/lib/x86_64-linux-gnu/libGLdispatch.so.0.0.0
72559f3da000-72559f3db000 ---p 00092000 08:03 28690                      /usr/lib/x86_64-linux-gnu/libGLdispatch.so.0.0.0
72559f3db000-72559f3f7000 r--p 00092000 08:03 28690                      /usr/lib/x86_64-linux-gnu/libGLdispatch.so.0.0.0
72559f3f7000-72559f3f8000 rw-p 000ae000 08:03 28690                      /usr/lib/x86_64-linux-gnu/libGLdispatch.so.0.0.0
72559f3f8000-72559f400000 rw-p 00000000 00:00 0 
72559f400000-72559f41e000 r-xp 00000000 08:03 432767                     /tmp/lwjgldenis0001/3.1.1-build-16/libglfw.so
72559f41e000-72559f61d000 ---p 0001e000 08:03 432767                     /tmp/lwjgldenis0001/3.1.1-build-16/libglfw.so
72559f61d000-72559f61e000 r--p 0001d000 08:03 432767                     /tmp/lwjgldenis0001/3.1.1-build-16/libglfw.so
72559f61e000-72559f61f000 rw-p 0001e000 08:03 432767                     /tmp/lwjgldenis0001/3.1.1-build-16/libglfw.so
72559f61f000-72559f620000 rw-p 00000000 00:00 0 
72559f620000-72559f623000 rwxp 00000000 00:00 0 
72559f623000-72559f636000 rw-s 00000000 00:05 879                        /dev/nvidiactl
72559f636000-72559f676000 rw-s 00000000 00:05 879                        /dev/nvidiactl
72559f676000-72559f67b000 r--p 00000000 08:03 29160                      /usr/lib/x86_64-linux-gnu/libdrm.so.2.4.0
72559f67b000-72559f686000 r-xp 00005000 08:03 29160                      /usr/lib/x86_64-linux-gnu/libdrm.so.2.4.0
72559f686000-72559f68a000 r--p 00010000 08:03 29160                      /usr/lib/x86_64-linux-gnu/libdrm.so.2.4.0
72559f68a000-72559f68b000 r--p 00013000 08:03 29160                      /usr/lib/x86_64-linux-gnu/libdrm.so.2.4.0
72559f68b000-72559f68c000 rw-p 00014000 08:03 29160                      /usr/lib/x86_64-linux-gnu/libdrm.so.2.4.0
72559f68c000-72559f68f000 r--p 00000000 08:03 28685                      /usr/lib/x86_64-linux-gnu/libGLX.so.0.0.0
72559f68f000-72559f6aa000 r-xp 00003000 08:03 28685                      /usr/lib/x86_64-linux-gnu/libGLX.so.0.0.0
72559f6aa000-72559f6ad000 r--p 0001e000 08:03 28685                      /usr/lib/x86_64-linux-gnu/libGLX.so.0.0.0
72559f6ad000-72559f6ae000 ---p 00021000 08:03 28685                      /usr/lib/x86_64-linux-gnu/libGLX.so.0.0.0
72559f6ae000-72559f6af000 r--p 00021000 08:03 28685                      /usr/lib/x86_64-linux-gnu/libGLX.so.0.0.0
72559f6af000-72559f6b0000 rw-p 00022000 08:03 28685                      /usr/lib/x86_64-linux-gnu/libGLX.so.0.0.0
72559f6b0000-72559f6c0000 rw-p 00000000 00:00 0 
72559f6c0000-72559f6d9000 r--p 00000000 08:03 28711                      /usr/lib/x86_64-linux-gnu/libX11.so.6.4.0
72559f6d9000-72559f765000 r-xp 00019000 08:03 28711                      /usr/lib/x86_64-linux-gnu/libX11.so.6.4.0
72559f765000-72559f7fa000 r--p 000a5000 08:03 28711                      /usr/lib/x86_64-linux-gnu/libX11.so.6.4.0
72559f7fa000-72559f7fb000 ---p 0013a000 08:03 28711                      /usr/lib/x86_64-linux-gnu/libX11.so.6.4.0
72559f7fb000-72559f7fc000 r--p 0013a000 08:03 28711                      /usr/lib/x86_64-linux-gnu/libX11.so.6.4.0
72559f7fc000-72559f800000 rw-p 0013b000 08:03 28711                      /usr/lib/x86_64-linux-gnu/libX11.so.6.4.0
72559f800000-72559f84b000 r-xp 00000000 08:03 432766                     /tmp/lwjgldenis0001/3.1.1-build-16/liblwjgl.so
72559f84b000-72559fa4b000 ---p 0004b000 08:03 432766                     /tmp/lwjgldenis0001/3.1.1-build-16/liblwjgl.so
72559fa4b000-72559fa4c000 r--p 0004b000 08:03 432766                     /tmp/lwjgldenis0001/3.1.1-build-16/liblwjgl.so
72559fa4c000-72559fa4d000 rw-p 0004c000 08:03 432766                     /tmp/lwjgldenis0001/3.1.1-build-16/liblwjgl.so
72559fa4d000-72559fa4e000 rwxp 00000000 00:00 0 
72559fa4e000-72559fa5b000 r-xp 00000000 08:03 3444079                    /home/denis0001/.jdks/openjdk-22/lib/libverify.so
72559fa5b000-72559fa5d000 r--p 0000c000 08:03 3444079                    /home/denis0001/.jdks/openjdk-22/lib/libverify.so
72559fa5d000-72559fa5e000 rw-p 0000e000 08:03 3444079                    /home/denis0001/.jdks/openjdk-22/lib/libverify.so
72559fa5e000-72559fa5f000 rwxp 00000000 00:00 0 
72559fa5f000-72559fa6a000 r--p 00000000 08:03 30268                      /usr/lib/x86_64-linux-gnu/libxcb-glx.so.0.0.0
72559fa6a000-72559fa73000 r-xp 0000b000 08:03 30268                      /usr/lib/x86_64-linux-gnu/libxcb-glx.so.0.0.0
72559fa73000-72559fa78000 r--p 00014000 08:03 30268                      /usr/lib/x86_64-linux-gnu/libxcb-glx.so.0.0.0
72559fa78000-72559fa79000 ---p 00019000 08:03 30268                      /usr/lib/x86_64-linux-gnu/libxcb-glx.so.0.0.0
72559fa79000-72559fa7b000 r--p 00019000 08:03 30268                      /usr/lib/x86_64-linux-gnu/libxcb-glx.so.0.0.0
72559fa7b000-72559fa7c000 rw-p 0001b000 08:03 30268                      /usr/lib/x86_64-linux-gnu/libxcb-glx.so.0.0.0
72559fa7c000-72559fabf000 r--p 00000000 08:03 28679                      /usr/lib/x86_64-linux-gnu/libGL.so.1.7.0
72559fabf000-72559fac2000 r-xp 00043000 08:03 28679                      /usr/lib/x86_64-linux-gnu/libGL.so.1.7.0
72559fac2000-72559fadd000 r-xp 00046000 08:03 28679                      /usr/lib/x86_64-linux-gnu/libGL.so.1.7.0
72559fadd000-72559fade000 r-xp 00061000 08:03 28679                      /usr/lib/x86_64-linux-gnu/libGL.so.1.7.0
72559fade000-72559faf3000 r--p 00062000 08:03 28679                      /usr/lib/x86_64-linux-gnu/libGL.so.1.7.0
72559faf3000-72559fb01000 r--p 00076000 08:03 28679                      /usr/lib/x86_64-linux-gnu/libGL.so.1.7.0
72559fb01000-72559fb02000 rw-p 00084000 08:03 28679                      /usr/lib/x86_64-linux-gnu/libGL.so.1.7.0
72559fb02000-72559fb03000 rw-p 00000000 00:00 0 
72559fb03000-72559fb23000 rw-s 00000000 00:05 879                        /dev/nvidiactl
72559fb23000-72559fb25000 r--p 00000000 08:03 29660                      /usr/lib/x86_64-linux-gnu/libmd.so.0.0.5
72559fb25000-72559fb2c000 r-xp 00002000 08:03 29660                      /usr/lib/x86_64-linux-gnu/libmd.so.0.0.5
72559fb2c000-72559fb2e000 r--p 00009000 08:03 29660                      /usr/lib/x86_64-linux-gnu/libmd.so.0.0.5
72559fb2e000-72559fb2f000 r--p 0000a000 08:03 29660                      /usr/lib/x86_64-linux-gnu/libmd.so.0.0.5
72559fb2f000-72559fb30000 rw-p 0000b000 08:03 29660                      /usr/lib/x86_64-linux-gnu/libmd.so.0.0.5
72559fb30000-72559fb34000 ---p 00000000 00:00 0 
72559fb34000-72559fc30000 rw-p 00000000 00:00 0 
72559fc30000-72559fc34000 ---p 00000000 00:00 0 
72559fc34000-72559fd30000 rw-p 00000000 00:00 0 
72559fd30000-72559fd34000 ---p 00000000 00:00 0 
72559fd34000-72559fe30000 rw-p 00000000 00:00 0 
72559fe30000-72559fefe000 r-xp 00000000 08:03 3444063                    /home/denis0001/.jdks/openjdk-22/lib/libjsvml.so
72559fefe000-72559feff000 r--p 000cd000 08:03 3444063                    /home/denis0001/.jdks/openjdk-22/lib/libjsvml.so
72559feff000-72559ff00000 rw-p 000ce000 08:03 3444063                    /home/denis0001/.jdks/openjdk-22/lib/libjsvml.so
72559ff00000-72559ff04000 ---p 00000000 00:00 0 
72559ff04000-7255a0000000 rw-p 00000000 00:00 0 
7255a0000000-7255a0021000 rw-p 00000000 00:00 0 
7255a0021000-7255a4000000 ---p 00000000 00:00 0 
7255a4000000-7255a4021000 rw-p 00000000 00:00 0 
7255a4021000-7255a8000000 ---p 00000000 00:00 0 
7255a8000000-7255a8021000 rw-p 00000000 00:00 0 
7255a8021000-7255ac000000 ---p 00000000 00:00 0 
7255ac000000-7255ac021000 rw-p 00000000 00:00 0 
7255ac021000-7255b0000000 ---p 00000000 00:00 0 
7255b0000000-7255b0021000 rw-p 00000000 00:00 0 
7255b0021000-7255b4000000 ---p 00000000 00:00 0 
7255b4000000-7255b4004000 ---p 00000000 00:00 0 
7255b4004000-7255b4100000 rw-p 00000000 00:00 0 
7255b4100000-7255b4104000 ---p 00000000 00:00 0 
7255b4104000-7255b4200000 rw-p 00000000 00:00 0 
7255b4200000-7255b4204000 ---p 00000000 00:00 0 
7255b4204000-7255b4300000 rw-p 00000000 00:00 0 
7255b4300000-7255b4304000 ---p 00000000 00:00 0 
7255b4304000-7255b4400000 rw-p 00000000 00:00 0 
7255b4400000-7255b4404000 ---p 00000000 00:00 0 
7255b4404000-7255b4500000 rw-p 00000000 00:00 0 
7255b4500000-7255b4504000 ---p 00000000 00:00 0 
7255b4504000-7255b4600000 rw-p 00000000 00:00 0 
7255b4600000-7255b4b75000 r--p 00000000 08:03 1571                       /usr/lib/locale/locale-archive
7255b4b75000-7255b4b76000 rwxp 00000000 00:00 0 
7255b4b76000-7255b4b79000 rw-s 00000000 00:05 879                        /dev/nvidiactl
7255b4b79000-7255b4b7a000 r--p 00000000 08:03 28709                      /usr/lib/x86_64-linux-gnu/libX11-xcb.so.1.0.0
7255b4b7a000-7255b4b7b000 r-xp 00001000 08:03 28709                      /usr/lib/x86_64-linux-gnu/libX11-xcb.so.1.0.0
7255b4b7b000-7255b4b7c000 r--p 00002000 08:03 28709                      /usr/lib/x86_64-linux-gnu/libX11-xcb.so.1.0.0
7255b4b7c000-7255b4b7d000 r--p 00002000 08:03 28709                      /usr/lib/x86_64-linux-gnu/libX11-xcb.so.1.0.0
7255b4b7d000-7255b4b7e000 rw-p 00003000 08:03 28709                      /usr/lib/x86_64-linux-gnu/libX11-xcb.so.1.0.0
7255b4b7e000-7255b4b82000 r--p 00000000 08:03 29007                      /usr/lib/x86_64-linux-gnu/libbsd.so.0.11.5
7255b4b82000-7255b4b8f000 r-xp 00004000 08:03 29007                      /usr/lib/x86_64-linux-gnu/libbsd.so.0.11.5
7255b4b8f000-7255b4b92000 r--p 00011000 08:03 29007                      /usr/lib/x86_64-linux-gnu/libbsd.so.0.11.5
7255b4b92000-7255b4b93000 ---p 00014000 08:03 29007                      /usr/lib/x86_64-linux-gnu/libbsd.so.0.11.5
7255b4b93000-7255b4b94000 r--p 00014000 08:03 29007                      /usr/lib/x86_64-linux-gnu/libbsd.so.0.11.5
7255b4b94000-7255b4b95000 rw-p 00015000 08:03 29007                      /usr/lib/x86_64-linux-gnu/libbsd.so.0.11.5
7255b4b95000-7255b4b96000 rw-p 00000000 00:00 0 
7255b4b96000-7255b4b98000 r--p 00000000 08:03 28748                      /usr/lib/x86_64-linux-gnu/libXrender.so.1.3.0
7255b4b98000-7255b4b9f000 r-xp 00002000 08:03 28748                      /usr/lib/x86_64-linux-gnu/libXrender.so.1.3.0
7255b4b9f000-7255b4ba1000 r--p 00009000 08:03 28748                      /usr/lib/x86_64-linux-gnu/libXrender.so.1.3.0
7255b4ba1000-7255b4ba2000 r--p 0000a000 08:03 28748                      /usr/lib/x86_64-linux-gnu/libXrender.so.1.3.0
7255b4ba2000-7255b4ba3000 rw-p 0000b000 08:03 28748                      /usr/lib/x86_64-linux-gnu/libXrender.so.1.3.0
7255b4ba3000-7255b4bae000 r--p 00000000 08:03 30300                      /usr/lib/x86_64-linux-gnu/libxcb.so.1.1.0
7255b4bae000-7255b4bc2000 r-xp 0000b000 08:03 30300                      /usr/lib/x86_64-linux-gnu/libxcb.so.1.1.0
7255b4bc2000-7255b4bcb000 r--p 0001f000 08:03 30300                      /usr/lib/x86_64-linux-gnu/libxcb.so.1.1.0
7255b4bcb000-7255b4bcc000 r--p 00027000 08:03 30300                      /usr/lib/x86_64-linux-gnu/libxcb.so.1.1.0
7255b4bcc000-7255b4bcd000 rw-p 00028000 08:03 30300                      /usr/lib/x86_64-linux-gnu/libxcb.so.1.1.0
7255b4bcd000-7255b4bce000 ---p 00000000 00:00 0 
7255b4bce000-7255b4cce000 rw-p 00000000 00:00 0 
7255b4cce000-7255b4ccf000 ---p 00000000 00:00 0 
7255b4ccf000-7255b7430000 rw-p 00000000 00:00 0 
7255b7430000-7255bcbf0000 ---p 00000000 00:00 0 
7255bcbf0000-7255bcc00000 rw-p 00000000 00:00 0 
7255bcc00000-7255bcf60000 rwxp 00000000 00:00 0 
7255bcf60000-7255c4137000 ---p 00000000 00:00 0 
7255c4137000-7255c43a7000 rwxp 00000000 00:00 0 
7255c43a7000-7255c46c8000 ---p 00000000 00:00 0 
7255c46c8000-7255c4938000 rwxp 00000000 00:00 0 
7255c4938000-7255cbc00000 ---p 00000000 00:00 0 
7255cbc00000-7255d3fb6000 r--s 00000000 08:03 3444081                    /home/denis0001/.jdks/openjdk-22/lib/modules
7255d3fb6000-7255d3fb7000 rwxp 00000000 00:00 0 
7255d3fb7000-7255d3fb9000 r--p 00000000 08:03 28726                      /usr/lib/x86_64-linux-gnu/libXdmcp.so.6.0.0
7255d3fb9000-7255d3fbb000 r-xp 00002000 08:03 28726                      /usr/lib/x86_64-linux-gnu/libXdmcp.so.6.0.0
7255d3fbb000-7255d3fbd000 r--p 00004000 08:03 28726                      /usr/lib/x86_64-linux-gnu/libXdmcp.so.6.0.0
7255d3fbd000-7255d3fbe000 r--p 00005000 08:03 28726                      /usr/lib/x86_64-linux-gnu/libXdmcp.so.6.0.0
7255d3fbe000-7255d3fbf000 rw-p 00006000 08:03 28726                      /usr/lib/x86_64-linux-gnu/libXdmcp.so.6.0.0
7255d3fbf000-7255d3fc3000 r--p 00000000 08:03 28728                      /usr/lib/x86_64-linux-gnu/libXext.so.6.4.0
7255d3fc3000-7255d3fce000 r-xp 00004000 08:03 28728                      /usr/lib/x86_64-linux-gnu/libXext.so.6.4.0
7255d3fce000-7255d3fd2000 r--p 0000f000 08:03 28728                      /usr/lib/x86_64-linux-gnu/libXext.so.6.4.0
7255d3fd2000-7255d3fd3000 r--p 00012000 08:03 28728                      /usr/lib/x86_64-linux-gnu/libXext.so.6.4.0
7255d3fd3000-7255d3fd4000 rw-p 00013000 08:03 28728                      /usr/lib/x86_64-linux-gnu/libXext.so.6.4.0
7255d3fd4000-7255d3fd6000 r--p 00000000 08:03 28722                      /usr/lib/x86_64-linux-gnu/libXcursor.so.1.0.2
7255d3fd6000-7255d3fdc000 r-xp 00002000 08:03 28722                      /usr/lib/x86_64-linux-gnu/libXcursor.so.1.0.2
7255d3fdc000-7255d3fde000 r--p 00008000 08:03 28722                      /usr/lib/x86_64-linux-gnu/libXcursor.so.1.0.2
7255d3fde000-7255d3fdf000 r--p 00009000 08:03 28722                      /usr/lib/x86_64-linux-gnu/libXcursor.so.1.0.2
7255d3fdf000-7255d3fe0000 rw-p 0000a000 08:03 28722                      /usr/lib/x86_64-linux-gnu/libXcursor.so.1.0.2
7255d3fe0000-7255d3fe3000 r--p 00000000 08:03 29303                      /usr/lib/x86_64-linux-gnu/libgcc_s.so.1
7255d3fe3000-7255d3ffa000 r-xp 00003000 08:03 29303                      /usr/lib/x86_64-linux-gnu/libgcc_s.so.1
7255d3ffa000-7255d3ffe000 r--p 0001a000 08:03 29303                      /usr/lib/x86_64-linux-gnu/libgcc_s.so.1
7255d3ffe000-7255d3fff000 r--p 0001d000 08:03 29303                      /usr/lib/x86_64-linux-gnu/libgcc_s.so.1
7255d3fff000-7255d4000000 rw-p 0001e000 08:03 29303                      /usr/lib/x86_64-linux-gnu/libgcc_s.so.1
7255d4000000-7255d6ad2000 rw-p 00000000 00:00 0 
7255d6ad2000-7255d8000000 ---p 00000000 00:00 0 
7255d8000000-7255d8002000 rw-s 00000000 00:01 7324                       /memfd:/.glXXXXXX (deleted)
7255d8002000-7255d8003000 r--p 00000000 08:03 28715                      /usr/lib/x86_64-linux-gnu/libXau.so.6.0.0
7255d8003000-7255d8005000 r-xp 00001000 08:03 28715                      /usr/lib/x86_64-linux-gnu/libXau.so.6.0.0
7255d8005000-7255d8006000 r--p 00003000 08:03 28715                      /usr/lib/x86_64-linux-gnu/libXau.so.6.0.0
7255d8006000-7255d8007000 r--p 00003000 08:03 28715                      /usr/lib/x86_64-linux-gnu/libXau.so.6.0.0
7255d8007000-7255d8008000 rw-p 00004000 08:03 28715                      /usr/lib/x86_64-linux-gnu/libXau.so.6.0.0
7255d8008000-7255d800a000 r--p 00000000 08:03 28746                      /usr/lib/x86_64-linux-gnu/libXrandr.so.2.2.0
7255d800a000-7255d8011000 r-xp 00002000 08:03 28746                      /usr/lib/x86_64-linux-gnu/libXrandr.so.2.2.0
7255d8011000-7255d8013000 r--p 00009000 08:03 28746                      /usr/lib/x86_64-linux-gnu/libXrandr.so.2.2.0
7255d8013000-7255d8014000 r--p 0000a000 08:03 28746                      /usr/lib/x86_64-linux-gnu/libXrandr.so.2.2.0
7255d8014000-7255d8015000 rw-p 0000b000 08:03 28746                      /usr/lib/x86_64-linux-gnu/libXrandr.so.2.2.0
7255d8015000-7255d80b1000 rw-p 00000000 00:00 0 
7255d80b1000-7255d80b2000 ---p 00000000 00:00 0 
7255d80b2000-7255d81b2000 rw-p 00000000 00:00 0 
7255d81b2000-7255d81b3000 ---p 00000000 00:00 0 
7255d81b3000-7255d86b7000 rw-p 00000000 00:00 0 
7255d86b7000-7255d86b8000 ---p 00000000 00:00 0 
7255d86b8000-7255d87b8000 rw-p 00000000 00:00 0 
7255d87b8000-7255d87b9000 ---p 00000000 00:00 0 
7255d87b9000-7255d88b9000 rw-p 00000000 00:00 0 
7255d88b9000-7255d88ba000 ---p 00000000 00:00 0 
7255d88ba000-7255d8a76000 rw-p 00000000 00:00 0 
7255d8a76000-7255d956e000 ---p 00000000 00:00 0 
7255d956e000-7255d962c000 rw-p 00000000 00:00 0 
7255d962c000-7255da124000 ---p 00000000 00:00 0 
7255da124000-7255da52f000 rw-p 00000000 00:00 0 
7255da52f000-7255da615000 ---p 00000000 00:00 0 
7255da615000-7255da61c000 rw-p 00000000 00:00 0 
7255da61c000-7255da700000 ---p 00000000 00:00 0 
7255da700000-7255da704000 ---p 00000000 00:00 0 
7255da704000-7255da800000 rw-p 00000000 00:00 0 
7255da800000-7255dbb40000 r-xp 00000000 08:03 3539189                    /home/denis0001/.jdks/openjdk-22/lib/server/libjvm.so
7255dbb40000-7255dbc0d000 r--p 0133f000 08:03 3539189                    /home/denis0001/.jdks/openjdk-22/lib/server/libjvm.so
7255dbc0d000-7255dbc3b000 rw-p 0140c000 08:03 3539189                    /home/denis0001/.jdks/openjdk-22/lib/server/libjvm.so
7255dbc3b000-7255dbcb1000 rw-p 00000000 00:00 0 
7255dbcb1000-7255dbcb3000 r--p 00000000 08:03 28730                      /usr/lib/x86_64-linux-gnu/libXfixes.so.3.1.0
7255dbcb3000-7255dbcb6000 r-xp 00002000 08:03 28730                      /usr/lib/x86_64-linux-gnu/libXfixes.so.3.1.0
7255dbcb6000-7255dbcb7000 r--p 00005000 08:03 28730                      /usr/lib/x86_64-linux-gnu/libXfixes.so.3.1.0
7255dbcb7000-7255dbcb8000 r--p 00006000 08:03 28730                      /usr/lib/x86_64-linux-gnu/libXfixes.so.3.1.0
7255dbcb8000-7255dbcb9000 rw-p 00007000 08:03 28730                      /usr/lib/x86_64-linux-gnu/libXfixes.so.3.1.0
7255dbcb9000-7255dbcbd000 rw-s 00000000 00:05 879                        /dev/nvidiactl
7255dbcbd000-7255dbcbe000 rw-s 00000000 00:05 880                        /dev/nvidia0
7255dbcbe000-7255dbcc0000 rw-s 00000000 00:05 879                        /dev/nvidiactl
7255dbcc0000-7255dbcc4000 rw-s 00000000 00:05 879                        /dev/nvidiactl
7255dbcc4000-7255dbcc5000 rw-s 00000000 00:05 880                        /dev/nvidia0
7255dbcc5000-7255dbcc6000 rw-s 00000000 00:05 880                        /dev/nvidia0
7255dbcc6000-7255dbcc7000 rw-s 00000000 00:05 880                        /dev/nvidia0
7255dbcc7000-7255dbcc8000 rw-s 00000000 00:05 879                        /dev/nvidiactl
7255dbcc8000-7255dbcc9000 rw-s 00000000 00:05 879                        /dev/nvidiactl
7255dbcc9000-7255dbcca000 rw-s 00000000 00:05 879                        /dev/nvidiactl
7255dbcca000-7255dbccb000 rw-s 00044000 00:01 1025                       /memfd:/.nvidia_drv.XXXXXX (deleted)
7255dbccb000-7255dbccc000 r-xp 00000000 00:00 0 
7255dbccc000-7255dbccd000 r--p 00000000 08:03 28071                      /usr/lib/x86_64-linux-gnu/libnvidia-tls.so.535.171.04
7255dbccd000-7255dbccf000 r-xp 00001000 08:03 28071                      /usr/lib/x86_64-linux-gnu/libnvidia-tls.so.535.171.04
7255dbccf000-7255dbcd0000 r--p 00003000 08:03 28071                      /usr/lib/x86_64-linux-gnu/libnvidia-tls.so.535.171.04
7255dbcd0000-7255dbcd1000 r--p 00003000 08:03 28071                      /usr/lib/x86_64-linux-gnu/libnvidia-tls.so.535.171.04
7255dbcd1000-7255dbcd2000 rw-p 00004000 08:03 28071                      /usr/lib/x86_64-linux-gnu/libnvidia-tls.so.535.171.04
7255dbcd2000-7255dbcd9000 r--s 00000000 08:03 10036                      /usr/lib/x86_64-linux-gnu/gconv/gconv-modules.cache
7255dbcd9000-7255dbce4000 r-xp 00000000 08:03 3444070                    /home/denis0001/.jdks/openjdk-22/lib/libnet.so
7255dbce4000-7255dbce5000 ---p 0000b000 08:03 3444070                    /home/denis0001/.jdks/openjdk-22/lib/libnet.so
7255dbce5000-7255dbce6000 r--p 0000b000 08:03 3444070                    /home/denis0001/.jdks/openjdk-22/lib/libnet.so
7255dbce6000-7255dbce7000 rw-p 0000c000 08:03 3444070                    /home/denis0001/.jdks/openjdk-22/lib/libnet.so
7255dbce7000-7255dbd19000 rw-p 00000000 00:00 0 
7255dbd19000-7255dbd27000 r--p 00000000 08:03 2355                       /usr/lib/x86_64-linux-gnu/libm.so.6
7255dbd27000-7255dbda3000 r-xp 0000e000 08:03 2355                       /usr/lib/x86_64-linux-gnu/libm.so.6
7255dbda3000-7255dbdfe000 r--p 0008a000 08:03 2355                       /usr/lib/x86_64-linux-gnu/libm.so.6
7255dbdfe000-7255dbdff000 r--p 000e4000 08:03 2355                       /usr/lib/x86_64-linux-gnu/libm.so.6
7255dbdff000-7255dbe00000 rw-p 000e5000 08:03 2355                       /usr/lib/x86_64-linux-gnu/libm.so.6
7255dbe00000-7255dbe28000 r--p 00000000 08:03 2080                       /usr/lib/x86_64-linux-gnu/libc.so.6
7255dbe28000-7255dbfbd000 r-xp 00028000 08:03 2080                       /usr/lib/x86_64-linux-gnu/libc.so.6
7255dbfbd000-7255dc015000 r--p 001bd000 08:03 2080                       /usr/lib/x86_64-linux-gnu/libc.so.6
7255dc015000-7255dc016000 ---p 00215000 08:03 2080                       /usr/lib/x86_64-linux-gnu/libc.so.6
7255dc016000-7255dc01a000 r--p 00215000 08:03 2080                       /usr/lib/x86_64-linux-gnu/libc.so.6
7255dc01a000-7255dc01c000 rw-p 00219000 08:03 2080                       /usr/lib/x86_64-linux-gnu/libc.so.6
7255dc01c000-7255dc029000 rw-p 00000000 00:00 0 
7255dc029000-7255dc02a000 r--p 00000000 08:03 28738                      /usr/lib/x86_64-linux-gnu/libXinerama.so.1.0.0
7255dc02a000-7255dc02b000 r-xp 00001000 08:03 28738                      /usr/lib/x86_64-linux-gnu/libXinerama.so.1.0.0
7255dc02b000-7255dc02c000 r--p 00002000 08:03 28738                      /usr/lib/x86_64-linux-gnu/libXinerama.so.1.0.0
7255dc02c000-7255dc02d000 r--p 00003000 08:03 28738                      /usr/lib/x86_64-linux-gnu/libXinerama.so.1.0.0
7255dc02d000-7255dc02e000 rw-p 00004000 08:03 28738                      /usr/lib/x86_64-linux-gnu/libXinerama.so.1.0.0
7255dc02e000-7255dc030000 r-xp 00000000 08:03 3444048                    /home/denis0001/.jdks/openjdk-22/lib/libextnet.so
7255dc030000-7255dc031000 r--p 00001000 08:03 3444048                    /home/denis0001/.jdks/openjdk-22/lib/libextnet.so
7255dc031000-7255dc032000 rw-p 00002000 08:03 3444048                    /home/denis0001/.jdks/openjdk-22/lib/libextnet.so
7255dc032000-7255dc045000 r-xp 00000000 08:03 3444071                    /home/denis0001/.jdks/openjdk-22/lib/libnio.so
7255dc045000-7255dc046000 ---p 00013000 08:03 3444071                    /home/denis0001/.jdks/openjdk-22/lib/libnio.so
7255dc046000-7255dc047000 r--p 00013000 08:03 3444071                    /home/denis0001/.jdks/openjdk-22/lib/libnio.so
7255dc047000-7255dc048000 rw-p 00014000 08:03 3444071                    /home/denis0001/.jdks/openjdk-22/lib/libnio.so
7255dc048000-7255dc04d000 rw-p 00000000 00:00 0 
7255dc04d000-7255dc054000 ---p 00000000 00:00 0 
7255dc054000-7255dc074000 r-xp 00000000 08:03 3444055                    /home/denis0001/.jdks/openjdk-22/lib/libjava.so
7255dc074000-7255dc075000 ---p 00020000 08:03 3444055                    /home/denis0001/.jdks/openjdk-22/lib/libjava.so
7255dc075000-7255dc076000 r--p 00020000 08:03 3444055                    /home/denis0001/.jdks/openjdk-22/lib/libjava.so
7255dc076000-7255dc077000 rw-p 00021000 08:03 3444055                    /home/denis0001/.jdks/openjdk-22/lib/libjava.so
7255dc077000-7255dc078000 rw-p 00000000 00:00 0 
7255dc078000-7255dc096000 r-xp 00000000 08:03 3444059                    /home/denis0001/.jdks/openjdk-22/lib/libjimage.so
7255dc096000-7255dc098000 r--p 0001d000 08:03 3444059                    /home/denis0001/.jdks/openjdk-22/lib/libjimage.so
7255dc098000-7255dc099000 rw-p 0001f000 08:03 3444059                    /home/denis0001/.jdks/openjdk-22/lib/libjimage.so
7255dc099000-7255dc09a000 r--p 00000000 08:03 3647                       /usr/lib/x86_64-linux-gnu/librt.so.1
7255dc09a000-7255dc09b000 r-xp 00001000 08:03 3647                       /usr/lib/x86_64-linux-gnu/librt.so.1
7255dc09b000-7255dc09c000 r--p 00002000 08:03 3647                       /usr/lib/x86_64-linux-gnu/librt.so.1
7255dc09c000-7255dc09d000 r--p 00002000 08:03 3647                       /usr/lib/x86_64-linux-gnu/librt.so.1
7255dc09d000-7255dc09e000 rw-p 00003000 08:03 3647                       /usr/lib/x86_64-linux-gnu/librt.so.1
7255dc09e000-7255dc0a2000 rw-p 00000000 00:00 0 
7255dc0a2000-7255dc0a3000 r--p 00000000 08:03 2111                       /usr/lib/x86_64-linux-gnu/libdl.so.2
7255dc0a3000-7255dc0a4000 r-xp 00001000 08:03 2111                       /usr/lib/x86_64-linux-gnu/libdl.so.2
7255dc0a4000-7255dc0a5000 r--p 00002000 08:03 2111                       /usr/lib/x86_64-linux-gnu/libdl.so.2
7255dc0a5000-7255dc0a6000 r--p 00002000 08:03 2111                       /usr/lib/x86_64-linux-gnu/libdl.so.2
7255dc0a6000-7255dc0a7000 rw-p 00003000 08:03 2111                       /usr/lib/x86_64-linux-gnu/libdl.so.2
7255dc0a7000-7255dc0a8000 r--p 00000000 08:03 3644                       /usr/lib/x86_64-linux-gnu/libpthread.so.0
7255dc0a8000-7255dc0a9000 r-xp 00001000 08:03 3644                       /usr/lib/x86_64-linux-gnu/libpthread.so.0
7255dc0a9000-7255dc0aa000 r--p 00002000 08:03 3644                       /usr/lib/x86_64-linux-gnu/libpthread.so.0
7255dc0aa000-7255dc0ab000 r--p 00002000 08:03 3644                       /usr/lib/x86_64-linux-gnu/libpthread.so.0
7255dc0ab000-7255dc0ac000 rw-p 00003000 08:03 3644                       /usr/lib/x86_64-linux-gnu/libpthread.so.0
7255dc0ac000-7255dc0bb000 r-xp 00000000 08:03 3444060                    /home/denis0001/.jdks/openjdk-22/lib/libjli.so
7255dc0bb000-7255dc0bc000 r--p 0000e000 08:03 3444060                    /home/denis0001/.jdks/openjdk-22/lib/libjli.so
7255dc0bc000-7255dc0bd000 rw-p 0000f000 08:03 3444060                    /home/denis0001/.jdks/openjdk-22/lib/libjli.so
7255dc0bd000-7255dc0bf000 r--p 00000000 08:03 30336                      /usr/lib/x86_64-linux-gnu/libz.so.1.2.11
7255dc0bf000-7255dc0d0000 r-xp 00002000 08:03 30336                      /usr/lib/x86_64-linux-gnu/libz.so.1.2.11
7255dc0d0000-7255dc0d6000 r--p 00013000 08:03 30336                      /usr/lib/x86_64-linux-gnu/libz.so.1.2.11
7255dc0d6000-7255dc0d7000 ---p 00019000 08:03 30336                      /usr/lib/x86_64-linux-gnu/libz.so.1.2.11
7255dc0d7000-7255dc0d8000 r--p 00019000 08:03 30336                      /usr/lib/x86_64-linux-gnu/libz.so.1.2.11
7255dc0d8000-7255dc0d9000 rw-p 0001a000 08:03 30336                      /usr/lib/x86_64-linux-gnu/libz.so.1.2.11
7255dc0d9000-7255dc0e0000 r-xp 00000000 08:03 3444080                    /home/denis0001/.jdks/openjdk-22/lib/libzip.so
7255dc0e0000-7255dc0e1000 ---p 00007000 08:03 3444080                    /home/denis0001/.jdks/openjdk-22/lib/libzip.so
7255dc0e1000-7255dc0e2000 r--p 00007000 08:03 3444080                    /home/denis0001/.jdks/openjdk-22/lib/libzip.so
7255dc0e2000-7255dc0e3000 rw-p 00008000 08:03 3444080                    /home/denis0001/.jdks/openjdk-22/lib/libzip.so
7255dc0e3000-7255dc0eb000 rw-s 00000000 08:03 432768                     /tmp/hsperfdata_denis0001/56092
7255dc0eb000-7255dc0f5000 r-xp 00000000 08:03 3444050                    /home/denis0001/.jdks/openjdk-22/lib/libinstrument.so
7255dc0f5000-7255dc0f6000 r--p 00009000 08:03 3444050                    /home/denis0001/.jdks/openjdk-22/lib/libinstrument.so
7255dc0f6000-7255dc0f7000 rw-p 0000a000 08:03 3444050                    /home/denis0001/.jdks/openjdk-22/lib/libinstrument.so
7255dc0f7000-7255dc0f8000 ---p 00000000 00:00 0 
7255dc0f8000-7255dc0f9000 r--p 00000000 00:00 0 
7255dc0f9000-7255dc0fb000 rw-p 00000000 00:00 0 
7255dc0fb000-7255dc0fd000 r--p 00000000 08:03 1838                       /usr/lib/x86_64-linux-gnu/ld-linux-x86-64.so.2
7255dc0fd000-7255dc127000 r-xp 00002000 08:03 1838                       /usr/lib/x86_64-linux-gnu/ld-linux-x86-64.so.2
7255dc127000-7255dc132000 r--p 0002c000 08:03 1838                       /usr/lib/x86_64-linux-gnu/ld-linux-x86-64.so.2
7255dc132000-7255dc133000 ---p 00000000 00:00 0 
7255dc133000-7255dc135000 r--p 00037000 08:03 1838                       /usr/lib/x86_64-linux-gnu/ld-linux-x86-64.so.2
7255dc135000-7255dc137000 rw-p 00039000 08:03 1838                       /usr/lib/x86_64-linux-gnu/ld-linux-x86-64.so.2
7fff96ac6000-7fff96ae8000 rw-p 00000000 00:00 0                          [stack]
7fff96be8000-7fff96bec000 r--p 00000000 00:00 0                          [vvar]
7fff96bec000-7fff96bee000 r-xp 00000000 00:00 0                          [vdso]
ffffffffff600000-ffffffffff601000 --xp 00000000 00:00 0                  [vsyscall]
Total number of mappings: 432


VM Arguments:
jvm_args: -javaagent:/snap/intellij-idea-community/502/lib/idea_rt.jar=43525:/snap/intellij-idea-community/502/bin -Dfile.encoding=UTF-8 -Dsun.stdout.encoding=UTF-8 -Dsun.stderr.encoding=UTF-8 
java_command: net.minecraftrecreation.client.Main --name test
java_class_path (initial): /home/denis0001/IdeaProjects/MinecraftRecreation/target/classes:/home/denis0001/.m2/repository/org/lwjgl/lwjgl/3.1.1/lwjgl-3.1.1.jar:/home/denis0001/.m2/repository/org/lwjgl/lwjgl-bgfx/3.1.1/lwjgl-bgfx-3.1.1.jar:/home/denis0001/.m2/repository/org/lwjgl/lwjgl-glfw/3.1.1/lwjgl-glfw-3.1.1.jar:/home/denis0001/.m2/repository/org/lwjgl/lwjgl-nanovg/3.1.1/lwjgl-nanovg-3.1.1.jar:/home/denis0001/.m2/repository/org/lwjgl/lwjgl-nuklear/3.1.1/lwjgl-nuklear-3.1.1.jar:/home/denis0001/.m2/repository/org/lwjgl/lwjgl-openal/3.1.1/lwjgl-openal-3.1.1.jar:/home/denis0001/.m2/repository/org/lwjgl/lwjgl-opengl/3.1.1/lwjgl-opengl-3.1.1.jar:/home/denis0001/.m2/repository/org/lwjgl/lwjgl-par/3.1.1/lwjgl-par-3.1.1.jar:/home/denis0001/.m2/repository/org/lwjgl/lwjgl-stb/3.1.1/lwjgl-stb-3.1.1.jar:/home/denis0001/.m2/repository/org/lwjgl/lwjgl-vulkan/3.1.1/lwjgl-vulkan-3.1.1.jar:/home/denis0001/.m2/repository/org/lwjgl/lwjgl/3.1.1/lwjgl-3.1.1-natives-linux.jar:/home/denis0001/.m2/repository/org/lwjgl/lwjgl-bgfx/3.1.1/lwjgl-bgfx-3.1.1-natives-linux.jar:/home/denis0001/.m2/repository/org/lwjgl/lwjgl-glfw/3.1.1/lwjgl-glfw-3.1.1-natives-linux.jar:/home/denis0001/.m2/repository/org/lwjgl/lwjgl-nanovg/3.1.1/lwjgl-nanovg-3.1.1-natives-linux.jar:/home/denis0001/.m2/repository/org/lwjgl/lwjgl-nuklear/3.1.1/lwjgl-nuklear-3.1.1-natives-linux.jar:/home/denis0001/.m2/repository/org/lwjgl/lwjgl-openal/3.1.1/lwjgl-openal-3.1.1-natives-linux.jar:/home/denis0001/.m2/repository/org/lwjgl/lwjgl-par/3.1.1/lwjgl-par-3.1.1-natives-linux.jar:/home/denis0001/.m2/repository/org/lwjgl/lwjgl-stb/3.1.1/lwjgl-stb-3.1.1-natives-linux.jar:/home/denis0001/.m2/repository/org/jetbrains/annotations/24.0.0/annotations-24.0.0.jar:/home/denis0001/.m2/repository/commons-io/commons-io/2.16.1/commons-io-2.16.1.jar:/home/denis0001/.m2/repository/org/joml/joml/1.10.5/joml-1.10.5.jar:/home/denis0001/IdeaProjects/MinecraftRecreation/libs/util-1.0.jar:/home/denis0001/IdeaProjects/MinecraftRecreation/libs/logging-1.0.jar:/home/denis0001/.m2/repository/io/github/spair/imgui-java-binding/1.86.11/imgui-java-binding-1.86.11.jar:/home/denis0001/.m2/repository/io/github/spair/imgui-java-natives-linux/1.86.11/imgui-java-natives-linux-1.86.11.jar:/home/denis0001/.m2/repository/org/lwjgl/lwjgl-assimp/3.1.1/lwjgl-assimp-3.1.1.jar:/home/denis0001/.m2/repository/org/lwjgl/lwjgl-assimp/3.1.1/lwjgl-assimp-3.1.1-natives-linux.jar:/home/denis0001/IdeaProjects/MinecraftRecreation/libs/lwjgl-opengl-3.1.1-natives-linux.jar
Launcher Type: SUN_STANDARD

[Global flags]
     intx CICompilerCount                          = 3                                         {product} {ergonomic}
     uint ConcGCThreads                            = 1                                         {product} {ergonomic}
     uint G1ConcRefinementThreads                  = 4                                         {product} {ergonomic}
   size_t G1HeapRegionSize                         = 4194304                                   {product} {ergonomic}
   size_t InitialHeapSize                          = 394264576                                 {product} {ergonomic}
   size_t MarkStackSize                            = 4194304                                   {product} {ergonomic}
   size_t MaxHeapSize                              = 6287261696                                {product} {ergonomic}
   size_t MaxNewSize                               = 3770679296                                {product} {ergonomic}
   size_t MinHeapDeltaBytes                        = 4194304                                   {product} {ergonomic}
   size_t MinHeapSize                              = 8388608                                   {product} {ergonomic}
    uintx NonNMethodCodeHeapSize                   = 5832780                                {pd product} {ergonomic}
    uintx NonProfiledCodeHeapSize                  = 122912730                              {pd product} {ergonomic}
    uintx ProfiledCodeHeapSize                     = 122912730                              {pd product} {ergonomic}
    uintx ReservedCodeCacheSize                    = 251658240                              {pd product} {ergonomic}
     bool SegmentedCodeCache                       = true                                      {product} {ergonomic}
   size_t SoftMaxHeapSize                          = 6287261696                             {manageable} {ergonomic}
     bool UseCompressedOops                        = true                           {product lp64_product} {ergonomic}
     bool UseG1GC                                  = true                                      {product} {ergonomic}

Logging:
Log output configuration:
 #0: stdout all=warning uptime,level,tags foldmultilines=false
 #1: stderr all=off uptime,level,tags foldmultilines=false

Environment Variables:
PATH=/usr/local/sbin:/usr/local/bin:/usr/sbin:/usr/bin:/sbin:/bin:/usr/games:/usr/local/games:/snap/bin
SHELL=/bin/bash
DISPLAY=:0
LANG=ru_RU.UTF-8

Active Locale:
LC_ALL=ru_RU.UTF-8
LC_COLLATE=ru_RU.UTF-8
LC_CTYPE=ru_RU.UTF-8
LC_MESSAGES=ru_RU.UTF-8
LC_MONETARY=ru_RU.UTF-8
LC_NUMERIC=ru_RU.UTF-8
LC_TIME=ru_RU.UTF-8

Signal Handlers:
   SIGSEGV: crash_handler in libjvm.so, mask=11100100010111111101111111111110, flags=SA_RESTART|SA_SIGINFO, unblocked
    SIGBUS: crash_handler in libjvm.so, mask=11100100010111111101111111111110, flags=SA_RESTART|SA_SIGINFO, unblocked
    SIGFPE: crash_handler in libjvm.so, mask=11100100010111111101111111111110, flags=SA_RESTART|SA_SIGINFO, unblocked
   SIGPIPE: javaSignalHandler in libjvm.so, mask=11100100010111111101111111111110, flags=SA_RESTART|SA_SIGINFO, blocked
   SIGXFSZ: javaSignalHandler in libjvm.so, mask=11100100010111111101111111111110, flags=SA_RESTART|SA_SIGINFO, blocked
    SIGILL: crash_handler in libjvm.so, mask=11100100010111111101111111111110, flags=SA_RESTART|SA_SIGINFO, unblocked
   SIGUSR2: SR_handler in libjvm.so, mask=00100000000000000000000000000000, flags=SA_RESTART|SA_SIGINFO, blocked
    SIGHUP: UserHandler in libjvm.so, mask=11100100010111111101111111111110, flags=SA_RESTART|SA_SIGINFO, blocked
    SIGINT: UserHandler in libjvm.so, mask=11100100010111111101111111111110, flags=SA_RESTART|SA_SIGINFO, blocked
   SIGTERM: UserHandler in libjvm.so, mask=11100100010111111101111111111110, flags=SA_RESTART|SA_SIGINFO, blocked
   SIGQUIT: UserHandler in libjvm.so, mask=11100100010111111101111111111110, flags=SA_RESTART|SA_SIGINFO, blocked
   SIGTRAP: crash_handler in libjvm.so, mask=11100100010111111101111111111110, flags=SA_RESTART|SA_SIGINFO, unblocked


Periodic native trim disabled

---------------  S Y S T E M  ---------------

OS:
DISTRIB_ID=Ubuntu
DISTRIB_RELEASE=22.04
DISTRIB_CODENAME=jammy
DISTRIB_DESCRIPTION="Ubuntu 22.04.4 LTS"
uname: Linux 6.5.0-35-generic #35~22.04.1-Ubuntu SMP PREEMPT_DYNAMIC Tue May  7 09:00:52 UTC 2 x86_64
OS uptime: 0 days 11:49 hours
libc: glibc 2.35 NPTL 2.35 
rlimit (soft/hard): STACK 8192k/infinity , CORE 0k/infinity , NPROC 95417/95417 , NOFILE 1048576/1048576 , AS infinity/infinity , CPU infinity/infinity , DATA infinity/infinity , FSIZE infinity/infinity , MEMLOCK 3069496k/3069496k
load average: 1,00 0,75 0,85

/proc/meminfo:
MemTotal:       24555984 kB
MemFree:         8477776 kB
MemAvailable:   15855832 kB
Buffers:          969872 kB
Cached:          6527012 kB
SwapCached:            0 kB
Active:         10171900 kB
Inactive:        4807356 kB
Active(anon):    7620528 kB
Inactive(anon):        0 kB
Active(file):    2551372 kB
Inactive(file):  4807356 kB
Unevictable:          32 kB
Mlocked:              32 kB
SwapTotal:       2097148 kB
SwapFree:        2097148 kB
Zswap:                 0 kB
Zswapped:              0 kB
Dirty:              6836 kB
Writeback:             0 kB
AnonPages:       7482468 kB
Mapped:          1943656 kB
Shmem:            139216 kB
KReclaimable:     419004 kB
Slab:             649800 kB
SReclaimable:     419004 kB
SUnreclaim:       230796 kB
KernelStack:       20496 kB
PageTables:        69472 kB
SecPageTables:         0 kB
NFS_Unstable:          0 kB
Bounce:                0 kB
WritebackTmp:          0 kB
CommitLimit:    14375140 kB
Committed_AS:   17635524 kB
VmallocTotal:   34359738367 kB
VmallocUsed:      109564 kB
VmallocChunk:          0 kB
Percpu:             2944 kB
HardwareCorrupted:     0 kB
AnonHugePages:         0 kB
ShmemHugePages:        0 kB
ShmemPmdMapped:        0 kB
FileHugePages:         0 kB
FilePmdMapped:         0 kB
Unaccepted:            0 kB
HugePages_Total:       0
HugePages_Free:        0
HugePages_Rsvd:        0
HugePages_Surp:        0
Hugepagesize:       2048 kB
Hugetlb:               0 kB
DirectMap4k:      866452 kB
DirectMap2M:    19011584 kB
DirectMap1G:     5242880 kB

/sys/kernel/mm/transparent_hugepage/enabled: always [madvise] never
/sys/kernel/mm/transparent_hugepage/shmem_enabled: always within_size advise [never] deny force
/sys/kernel/mm/transparent_hugepage/defrag (defrag/compaction efforts parameter): always defer defer+madvise [madvise] never

Process Memory:
Virtual Size: 9597804K (peak: 9662828K)
Resident Set Size: 402276K (peak: 402276K) (anon: 343280K, file: 58996K, shmem: 0K)
Swapped out: 0K
C-Heap outstanding allocations: 62821K, retained: 22222K
glibc malloc tunables: (default)

/proc/sys/kernel/threads-max (system-wide limit on the number of threads): 190835
/proc/sys/vm/max_map_count (maximum number of memory map areas a process may have): 65530
/proc/sys/kernel/pid_max (system-wide limit on number of process identifiers): 4194304

container (cgroup) information:
container_type: cgroupv2
cpu_cpuset_cpus: not supported
cpu_memory_nodes: not supported
active_processor_count: 4
cpu_quota: not supported
cpu_period: not supported
cpu_shares: not supported
memory_limit_in_bytes: unlimited
memory_and_swap_limit_in_bytes: unlimited
memory_soft_limit_in_bytes: unlimited
memory_usage_in_bytes: 5454900 k
memory_max_usage_in_bytes: not supported
memory_swap_current_in_bytes: unlimited
memory_swap_max_limit_in_bytes: unlimited
maximum number of tasks: 28625
current number of tasks: 393

Steal ticks since vm start: 0
Steal ticks percentage since vm start:  0,000

CPU: total 4 (initial active 4) (4 cores per cpu, 1 threads per core) family 6 model 94 stepping 3 microcode 0xf0, cx8, cmov, fxsr, mmx, 3dnowpref, sse, sse2, sse3, ssse3, sse4.1, sse4.2, popcnt, lzcnt, tsc, tscinvbit, avx, avx2, aes, erms, clmul, bmi1, bmi2, adx, fma, vzeroupper, clflush, clflushopt, rdtscp, f16c
CPU Model and flags from /proc/cpuinfo:
model name	: Intel(R) Core(TM) i5-6600 CPU @ 3.30GHz
flags		: fpu vme de pse tsc msr pae mce cx8 apic sep mtrr pge mca cmov pat pse36 clflush dts acpi mmx fxsr sse sse2 ss ht tm pbe syscall nx pdpe1gb rdtscp lm constant_tsc art arch_perfmon pebs bts rep_good nopl xtopology nonstop_tsc cpuid aperfmperf pni pclmulqdq dtes64 monitor ds_cpl vmx smx est tm2 ssse3 sdbg fma cx16 xtpr pdcm pcid sse4_1 sse4_2 x2apic movbe popcnt tsc_deadline_timer aes xsave avx f16c rdrand lahf_lm abm 3dnowprefetch cpuid_fault invpcid_single pti ssbd ibrs ibpb stibp tpr_shadow flexpriority ept vpid ept_ad fsgsbase tsc_adjust bmi1 avx2 smep bmi2 erms invpcid mpx rdseed adx smap clflushopt intel_pt xsaveopt xsavec xgetbv1 xsaves dtherm ida arat pln pts hwp hwp_notify hwp_act_window hwp_epp vnmi md_clear flush_l1d arch_capabilities

Online cpus: 0-3
Offline cpus: 
BIOS frequency limitation: <Not Available>
Frequency switch latency (ns): 0
Available cpu frequencies: <Not Available>
Current governor: powersave
Core performance/turbo boost: <Not Available>

Memory: 4k page, physical 24555984k(15855832k free), swap 2097148k(2097148k free)
Page Sizes: 4k

vm_info: OpenJDK 64-Bit Server VM (22+36-2370) for linux-amd64 JRE (22+36-2370), built on 2024-02-15T22:15:19Z by "mach5one" with gcc 13.2.0

END.
