#
# A fatal error has been detected by the Java Runtime Environment:
#
#  SIGSEGV (0xb) at pc=0x000074db4e7b1210, pid=53716, tid=53754
#
# JRE version: OpenJDK Runtime Environment (22.0+36) (build 22+36-2370)
# Java VM: OpenJDK 64-Bit Server VM (22+36-2370, mixed mode, sharing, tiered, compressed oops, compressed class ptrs, g1 gc, linux-amd64)
# Problematic frame:
# C  [libnvidia-glcore.so.535.171.04+0x15b1210]
#
# Core dump will be written. Default location: Core dumps may be processed with "/usr/share/apport/apport -p%p -s%s -c%c -d%d -P%P -u%u -g%g -- %E" (or dumping to /home/denis0001/IdeaProjects/MinecraftRecreation/core.53716)
#
# If you would like to submit a bug report, please visit:
#   https://bugreport.java.com/bugreport/crash.jsp
#

---------------  S U M M A R Y ------------

Command Line: -javaagent:/snap/intellij-idea-community/502/lib/idea_rt.jar=36651:/snap/intellij-idea-community/502/bin -Dfile.encoding=UTF-8 -Dsun.stdout.encoding=UTF-8 -Dsun.stderr.encoding=UTF-8 net.minecraftrecreation.client.Main --name test

Host: Intel(R) Core(TM) i5-6600 CPU @ 3.30GHz, 4 cores, 23G, Ubuntu 22.04.4 LTS
Time: Sat Jun  8 22:13:46 2024 MSK elapsed time: 2.759875 seconds (0d 0h 0m 2s)

---------------  T H R E A D  ---------------

Current thread is native thread

Stack: [0x000074dbd0600000,0x000074dbd0e00000],  sp=0x000074dbd0dfd0a8,  free space=8180k
Native frames: (J=compiled Java code, j=interpreted, Vv=VM code, C=native code)
C  [libnvidia-glcore.so.535.171.04+0x15b1210]

siginfo: si_signo: 11 (SIGSEGV), si_code: 1 (SEGV_MAPERR), si_addr: 0x0000000000000000

Registers:
RAX=0x000074dbd022ea98, RBX=0x000074dbd022ea98, RCX=0x0000000000000010, RDX=0x000074dbd022ec18
RSP=0x000074dbd0dfd0a8, RBP=0x000074dbd00d8a40, RSI=0x0000000000000000, RDI=0x000074dbd022ea98
R8 =0x0000000000000018, R9 =0x0000000000000024, R10=0x000074db4e7b11f0, R11=0x000074db4400e8b4
R12=0x000074db44528a18, R13=0x000074dbd00d8a28, R14=0x0000000000000000, R15=0x0000000000000002
RIP=0x000074db4e7b1210, EFLAGS=0x0000000000010206, CSGSFS=0x002b000000000033, ERR=0x0000000000000004
  TRAPNO=0x000000000000000e


Top of Stack: (sp=0x000074dbd0dfd0a8)
0x000074dbd0dfd0a8:   000074db4e88fe94 0000000041961000
0x000074dbd0dfd0b8:   0000000000000018 000074dbd00d8a40
0x000074dbd0dfd0c8:   0000001800000007 00000000042a4c18
0x000074dbd0dfd0d8:   000074db00000000 0000000000000000
0x000074dbd0dfd0e8:   000074db440069c0 0000000041961000
0x000074dbd0dfd0f8:   0000000000000000 000074db4fde41a0
0x000074dbd0dfd108:   000074db4452a1c0 0000000000004083
0x000074dbd0dfd118:   10c0000000000000 0604020000000006
0x000074dbd0dfd128:   0000000000000000 0000000041961000
0x000074dbd0dfd138:   0000000000000024 0000000000000004
0x000074dbd0dfd148:   000074db440069c0 0000000000000000
0x000074dbd0dfd158:   000074db4e892c93 0000000000000000
0x000074dbd0dfd168:   0000000000001405 000074dc00001405
0x000074dbd0dfd178:   000074dc0068eda0 0000000000001405
0x000074dbd0dfd188:   0000000000000000 000074db44528a18
0x000074dbd0dfd198:   0000000000000018 0000000000001405
0x000074dbd0dfd1a8:   0000000000000000 0000000041961000
0x000074dbd0dfd1b8:   0000000000000004 0000000000001405
0x000074dbd0dfd1c8:   0000000000000010 0000000000000024
0x000074dbd0dfd1d8:   000074db4e4f53d6 0000000000000000
0x000074dbd0dfd1e8:   000074db4e4f511e 00005a9d06aeaa70
0x000074dbd0dfd1f8:   00005a9dffffffff 00005a9d0612cff0
0x000074dbd0dfd208:   000074dc00dee9a8 000074dbc3fff988
0x000074dbd0dfd218:   000074dbc371f040 0000000041961000
0x000074dbd0dfd228:   0000000000000024 0000000000001405
0x000074dbd0dfd238:   000074db4e4e2ff6 0000000000000000
0x000074dbd0dfd248:   0000000000000000 0000000000000000
0x000074dbd0dfd258:   0000000000000000 0000000000000000
0x000074dbd0dfd268:   0000000000000000 0000000000000000
0x000074dbd0dfd278:   0000000000000000 0000000000000000
0x000074dbd0dfd288:   00005a9d07376850 00005a9d06aec690
0x000074dbd0dfd298:   00005a9d06c43860 00005a9d067ea5e0 

Instructions: (pc=0x000074db4e7b1210)
0x000074db4e7b1110:   48 89 47 08 48 89 70 20 48 8b 56 10 83 e2 01 48
0x000074db4e7b1120:   09 d0 48 89 46 10 c3 66 0f 1f 84 00 00 00 00 00
0x000074db4e7b1130:   48 89 42 20 eb de 66 2e 0f 1f 84 00 00 00 00 00
0x000074db4e7b1140:   83 e9 01 48 89 f8 48 63 d2 48 8d 4c 8f 04 66 90
0x000074db4e7b1150:   f3 0f 10 06 48 83 c0 04 48 01 d6 f3 0f 11 40 fc
0x000074db4e7b1160:   48 39 c8 75 eb c3 66 2e 0f 1f 84 00 00 00 00 00
0x000074db4e7b1170:   83 e9 01 48 89 f8 48 63 d2 48 8d 4c cf 08 66 90
0x000074db4e7b1180:   f3 0f 10 06 48 83 c0 08 f3 0f 11 40 f8 f3 0f 10
0x000074db4e7b1190:   46 04 48 01 d6 f3 0f 11 40 fc 48 39 c8 75 e1 c3
0x000074db4e7b11a0:   83 e9 01 48 89 f8 48 63 d2 48 8d 4c 49 03 48 8d
0x000074db4e7b11b0:   0c 8f 66 0f 1f 44 00 00 f3 0f 10 06 48 83 c0 0c
0x000074db4e7b11c0:   f3 0f 11 40 f4 f3 0f 10 46 04 f3 0f 11 40 f8 f3
0x000074db4e7b11d0:   0f 10 46 08 48 01 d6 f3 0f 11 40 fc 48 39 c8 75
0x000074db4e7b11e0:   d7 c3 66 2e 0f 1f 84 00 00 00 00 00 0f 1f 40 00
0x000074db4e7b11f0:   41 89 c8 48 63 ca 48 89 f8 41 8d 50 ff 48 83 c2
0x000074db4e7b1200:   01 48 c1 e2 04 48 01 fa 0f 1f 84 00 00 00 00 00
0x000074db4e7b1210:   f3 0f 10 06 48 83 c0 10 f3 0f 11 40 f0 f3 0f 10
0x000074db4e7b1220:   46 04 f3 0f 11 40 f4 f3 0f 10 46 08 f3 0f 11 40
0x000074db4e7b1230:   f8 f3 0f 10 46 0c 48 01 ce f3 0f 11 40 fc 48 39
0x000074db4e7b1240:   d0 75 cd c3 66 2e 0f 1f 84 00 00 00 00 00 66 90
0x000074db4e7b1250:   83 e9 01 48 89 f8 48 63 d2 48 8d 4c 8f 04 66 90
0x000074db4e7b1260:   66 0f ef c0 48 83 c0 04 f2 0f 5a 06 48 01 d6 f3
0x000074db4e7b1270:   0f 11 40 fc 48 39 c8 75 e7 c3 66 0f 1f 44 00 00
0x000074db4e7b1280:   83 e9 01 48 89 f8 48 63 d2 48 8d 4c cf 08 66 90
0x000074db4e7b1290:   66 0f ef c0 48 83 c0 08 f2 0f 5a 06 f3 0f 11 40
0x000074db4e7b12a0:   f8 66 0f ef c0 f2 0f 5a 46 08 48 01 d6 f3 0f 11
0x000074db4e7b12b0:   40 fc 48 39 c8 75 d9 c3 0f 1f 84 00 00 00 00 00
0x000074db4e7b12c0:   83 e9 01 48 89 f8 48 63 d2 48 8d 4c 49 03 48 8d
0x000074db4e7b12d0:   0c 8f 66 0f 1f 44 00 00 66 0f ef c0 48 83 c0 0c
0x000074db4e7b12e0:   f2 0f 5a 06 f3 0f 11 40 f4 66 0f ef c0 f2 0f 5a
0x000074db4e7b12f0:   46 08 f3 0f 11 40 f8 66 0f ef c0 f2 0f 5a 46 10
0x000074db4e7b1300:   48 01 d6 f3 0f 11 40 fc 48 39 c8 75 cb c3 66 90 



---------------  P R O C E S S  ---------------

VM state: not at safepoint (normal execution)

VM Mutex/Monitor currently owned by a thread: None

Heap address: 0x0000000689400000, size: 5996 MB, Compressed Oops mode: Zero based, Oop shift amount: 3

CDS archive(s) mapped at: [0x000074db82000000-0x000074db82c74000-0x000074db82c74000), size 13058048, SharedBaseAddress: 0x000074db82000000, ArchiveRelocationMode: 1.
Compressed class space mapped at: 0x000074db83000000-0x000074dbc3000000, reserved size: 1073741824
Narrow klass base: 0x000074db82000000, Narrow klass shift: 0, Narrow klass range: 0x100000000

GC Precious Log:
<Skipped>

Heap:
 garbage-first heap   total reserved 6139904K, committed 389120K, used 37661K [0x0000000689400000, 0x0000000800000000)
  region size 4096K, 9 young (36864K), 1 survivors (4096K)
 Metaspace       used 9890K, committed 10048K, reserved 1114112K
  class space    used 573K, committed 640K, reserved 1048576K

Heap Regions: E=young(eden), S=young(survivor), O=old, HS=humongous(starts), HC=humongous(continues), CS=collection set, F=free, TAMS=top-at-mark-start, PB=parsable bottom
|   0|0x0000000689400000, 0x000000068967df60, 0x0000000689800000| 62%| O|  |TAMS 0x0000000689400000| PB 0x0000000689400000| Untracked |  0
|   1|0x0000000689800000, 0x0000000689800000, 0x0000000689c00000|  0%| F|  |TAMS 0x0000000689800000| PB 0x0000000689800000| Untracked |  0
|   2|0x0000000689c00000, 0x0000000689c00000, 0x000000068a000000|  0%| F|  |TAMS 0x0000000689c00000| PB 0x0000000689c00000| Untracked |  0
|   3|0x000000068a000000, 0x000000068a000000, 0x000000068a400000|  0%| F|  |TAMS 0x000000068a000000| PB 0x000000068a000000| Untracked |  0
|   4|0x000000068a400000, 0x000000068a400000, 0x000000068a800000|  0%| F|  |TAMS 0x000000068a400000| PB 0x000000068a400000| Untracked |  0
|   5|0x000000068a800000, 0x000000068a800000, 0x000000068ac00000|  0%| F|  |TAMS 0x000000068a800000| PB 0x000000068a800000| Untracked |  0
|   6|0x000000068ac00000, 0x000000068ac00000, 0x000000068b000000|  0%| F|  |TAMS 0x000000068ac00000| PB 0x000000068ac00000| Untracked |  0
|   7|0x000000068b000000, 0x000000068b000000, 0x000000068b400000|  0%| F|  |TAMS 0x000000068b000000| PB 0x000000068b000000| Untracked |  0
|   8|0x000000068b400000, 0x000000068b400000, 0x000000068b800000|  0%| F|  |TAMS 0x000000068b400000| PB 0x000000068b400000| Untracked |  0
|   9|0x000000068b800000, 0x000000068b800000, 0x000000068bc00000|  0%| F|  |TAMS 0x000000068b800000| PB 0x000000068b800000| Untracked |  0
|  10|0x000000068bc00000, 0x000000068bc00000, 0x000000068c000000|  0%| F|  |TAMS 0x000000068bc00000| PB 0x000000068bc00000| Untracked |  0
|  11|0x000000068c000000, 0x000000068c000000, 0x000000068c400000|  0%| F|  |TAMS 0x000000068c000000| PB 0x000000068c000000| Untracked |  0
|  12|0x000000068c400000, 0x000000068c400000, 0x000000068c800000|  0%| F|  |TAMS 0x000000068c400000| PB 0x000000068c400000| Untracked |  0
|  13|0x000000068c800000, 0x000000068c800000, 0x000000068cc00000|  0%| F|  |TAMS 0x000000068c800000| PB 0x000000068c800000| Untracked |  0
|  14|0x000000068cc00000, 0x000000068cc00000, 0x000000068d000000|  0%| F|  |TAMS 0x000000068cc00000| PB 0x000000068cc00000| Untracked |  0
|  15|0x000000068d000000, 0x000000068d000000, 0x000000068d400000|  0%| F|  |TAMS 0x000000068d000000| PB 0x000000068d000000| Untracked |  0
|  16|0x000000068d400000, 0x000000068d400000, 0x000000068d800000|  0%| F|  |TAMS 0x000000068d400000| PB 0x000000068d400000| Untracked |  0
|  17|0x000000068d800000, 0x000000068d800000, 0x000000068dc00000|  0%| F|  |TAMS 0x000000068d800000| PB 0x000000068d800000| Untracked |  0
|  18|0x000000068dc00000, 0x000000068dc00000, 0x000000068e000000|  0%| F|  |TAMS 0x000000068dc00000| PB 0x000000068dc00000| Untracked |  0
|  19|0x000000068e000000, 0x000000068e000000, 0x000000068e400000|  0%| F|  |TAMS 0x000000068e000000| PB 0x000000068e000000| Untracked |  0
|  20|0x000000068e400000, 0x000000068e400000, 0x000000068e800000|  0%| F|  |TAMS 0x000000068e400000| PB 0x000000068e400000| Untracked |  0
|  21|0x000000068e800000, 0x000000068e800000, 0x000000068ec00000|  0%| F|  |TAMS 0x000000068e800000| PB 0x000000068e800000| Untracked |  0
|  22|0x000000068ec00000, 0x000000068ec00000, 0x000000068f000000|  0%| F|  |TAMS 0x000000068ec00000| PB 0x000000068ec00000| Untracked |  0
|  23|0x000000068f000000, 0x000000068f000000, 0x000000068f400000|  0%| F|  |TAMS 0x000000068f000000| PB 0x000000068f000000| Untracked |  0
|  24|0x000000068f400000, 0x000000068f400000, 0x000000068f800000|  0%| F|  |TAMS 0x000000068f400000| PB 0x000000068f400000| Untracked |  0
|  25|0x000000068f800000, 0x000000068f800000, 0x000000068fc00000|  0%| F|  |TAMS 0x000000068f800000| PB 0x000000068f800000| Untracked |  0
|  26|0x000000068fc00000, 0x000000068fc00000, 0x0000000690000000|  0%| F|  |TAMS 0x000000068fc00000| PB 0x000000068fc00000| Untracked |  0
|  27|0x0000000690000000, 0x0000000690000000, 0x0000000690400000|  0%| F|  |TAMS 0x0000000690000000| PB 0x0000000690000000| Untracked |  0
|  28|0x0000000690400000, 0x0000000690400000, 0x0000000690800000|  0%| F|  |TAMS 0x0000000690400000| PB 0x0000000690400000| Untracked |  0
|  29|0x0000000690800000, 0x0000000690800000, 0x0000000690c00000|  0%| F|  |TAMS 0x0000000690800000| PB 0x0000000690800000| Untracked |  0
|  30|0x0000000690c00000, 0x0000000690c00000, 0x0000000691000000|  0%| F|  |TAMS 0x0000000690c00000| PB 0x0000000690c00000| Untracked |  0
|  31|0x0000000691000000, 0x0000000691000000, 0x0000000691400000|  0%| F|  |TAMS 0x0000000691000000| PB 0x0000000691000000| Untracked |  0
|  32|0x0000000691400000, 0x0000000691400000, 0x0000000691800000|  0%| F|  |TAMS 0x0000000691400000| PB 0x0000000691400000| Untracked |  0
|  33|0x0000000691800000, 0x0000000691800000, 0x0000000691c00000|  0%| F|  |TAMS 0x0000000691800000| PB 0x0000000691800000| Untracked |  0
|  34|0x0000000691c00000, 0x0000000691c00000, 0x0000000692000000|  0%| F|  |TAMS 0x0000000691c00000| PB 0x0000000691c00000| Untracked |  0
|  35|0x0000000692000000, 0x0000000692000000, 0x0000000692400000|  0%| F|  |TAMS 0x0000000692000000| PB 0x0000000692000000| Untracked |  0
|  36|0x0000000692400000, 0x0000000692400000, 0x0000000692800000|  0%| F|  |TAMS 0x0000000692400000| PB 0x0000000692400000| Untracked |  0
|  37|0x0000000692800000, 0x0000000692800000, 0x0000000692c00000|  0%| F|  |TAMS 0x0000000692800000| PB 0x0000000692800000| Untracked |  0
|  38|0x0000000692c00000, 0x0000000692d40ec0, 0x0000000693000000| 31%| S|CS|TAMS 0x0000000692c00000| PB 0x0000000692c00000| Complete |  0
|  39|0x0000000693000000, 0x0000000693000000, 0x0000000693400000|  0%| F|  |TAMS 0x0000000693000000| PB 0x0000000693000000| Untracked |  0
|  40|0x0000000693400000, 0x0000000693400000, 0x0000000693800000|  0%| F|  |TAMS 0x0000000693400000| PB 0x0000000693400000| Untracked |  0
|  41|0x0000000693800000, 0x0000000693800000, 0x0000000693c00000|  0%| F|  |TAMS 0x0000000693800000| PB 0x0000000693800000| Untracked |  0
|  42|0x0000000693c00000, 0x0000000693c00000, 0x0000000694000000|  0%| F|  |TAMS 0x0000000693c00000| PB 0x0000000693c00000| Untracked |  0
|  43|0x0000000694000000, 0x0000000694000000, 0x0000000694400000|  0%| F|  |TAMS 0x0000000694000000| PB 0x0000000694000000| Untracked |  0
|  44|0x0000000694400000, 0x0000000694400000, 0x0000000694800000|  0%| F|  |TAMS 0x0000000694400000| PB 0x0000000694400000| Untracked |  0
|  45|0x0000000694800000, 0x0000000694800000, 0x0000000694c00000|  0%| F|  |TAMS 0x0000000694800000| PB 0x0000000694800000| Untracked |  0
|  46|0x0000000694c00000, 0x0000000694c00000, 0x0000000695000000|  0%| F|  |TAMS 0x0000000694c00000| PB 0x0000000694c00000| Untracked |  0
|  47|0x0000000695000000, 0x0000000695000000, 0x0000000695400000|  0%| F|  |TAMS 0x0000000695000000| PB 0x0000000695000000| Untracked |  0
|  48|0x0000000695400000, 0x0000000695400000, 0x0000000695800000|  0%| F|  |TAMS 0x0000000695400000| PB 0x0000000695400000| Untracked |  0
|  49|0x0000000695800000, 0x0000000695800000, 0x0000000695c00000|  0%| F|  |TAMS 0x0000000695800000| PB 0x0000000695800000| Untracked |  0
|  50|0x0000000695c00000, 0x0000000695c00000, 0x0000000696000000|  0%| F|  |TAMS 0x0000000695c00000| PB 0x0000000695c00000| Untracked |  0
|  51|0x0000000696000000, 0x0000000696000000, 0x0000000696400000|  0%| F|  |TAMS 0x0000000696000000| PB 0x0000000696000000| Untracked |  0
|  52|0x0000000696400000, 0x0000000696400000, 0x0000000696800000|  0%| F|  |TAMS 0x0000000696400000| PB 0x0000000696400000| Untracked |  0
|  53|0x0000000696800000, 0x0000000696800000, 0x0000000696c00000|  0%| F|  |TAMS 0x0000000696800000| PB 0x0000000696800000| Untracked |  0
|  54|0x0000000696c00000, 0x0000000696c00000, 0x0000000697000000|  0%| F|  |TAMS 0x0000000696c00000| PB 0x0000000696c00000| Untracked |  0
|  55|0x0000000697000000, 0x0000000697000000, 0x0000000697400000|  0%| F|  |TAMS 0x0000000697000000| PB 0x0000000697000000| Untracked |  0
|  56|0x0000000697400000, 0x0000000697400000, 0x0000000697800000|  0%| F|  |TAMS 0x0000000697400000| PB 0x0000000697400000| Untracked |  0
|  57|0x0000000697800000, 0x0000000697800000, 0x0000000697c00000|  0%| F|  |TAMS 0x0000000697800000| PB 0x0000000697800000| Untracked |  0
|  58|0x0000000697c00000, 0x0000000697c00000, 0x0000000698000000|  0%| F|  |TAMS 0x0000000697c00000| PB 0x0000000697c00000| Untracked |  0
|  59|0x0000000698000000, 0x0000000698000000, 0x0000000698400000|  0%| F|  |TAMS 0x0000000698000000| PB 0x0000000698000000| Untracked |  0
|  60|0x0000000698400000, 0x0000000698400000, 0x0000000698800000|  0%| F|  |TAMS 0x0000000698400000| PB 0x0000000698400000| Untracked |  0
|  61|0x0000000698800000, 0x0000000698800000, 0x0000000698c00000|  0%| F|  |TAMS 0x0000000698800000| PB 0x0000000698800000| Untracked |  0
|  62|0x0000000698c00000, 0x0000000698c00000, 0x0000000699000000|  0%| F|  |TAMS 0x0000000698c00000| PB 0x0000000698c00000| Untracked |  0
|  63|0x0000000699000000, 0x0000000699000000, 0x0000000699400000|  0%| F|  |TAMS 0x0000000699000000| PB 0x0000000699000000| Untracked |  0
|  64|0x0000000699400000, 0x0000000699400000, 0x0000000699800000|  0%| F|  |TAMS 0x0000000699400000| PB 0x0000000699400000| Untracked |  0
|  65|0x0000000699800000, 0x0000000699800000, 0x0000000699c00000|  0%| F|  |TAMS 0x0000000699800000| PB 0x0000000699800000| Untracked |  0
|  66|0x0000000699c00000, 0x0000000699c00000, 0x000000069a000000|  0%| F|  |TAMS 0x0000000699c00000| PB 0x0000000699c00000| Untracked |  0
|  67|0x000000069a000000, 0x000000069a000000, 0x000000069a400000|  0%| F|  |TAMS 0x000000069a000000| PB 0x000000069a000000| Untracked |  0
|  68|0x000000069a400000, 0x000000069a400000, 0x000000069a800000|  0%| F|  |TAMS 0x000000069a400000| PB 0x000000069a400000| Untracked |  0
|  69|0x000000069a800000, 0x000000069a800000, 0x000000069ac00000|  0%| F|  |TAMS 0x000000069a800000| PB 0x000000069a800000| Untracked |  0
|  70|0x000000069ac00000, 0x000000069ac00000, 0x000000069b000000|  0%| F|  |TAMS 0x000000069ac00000| PB 0x000000069ac00000| Untracked |  0
|  71|0x000000069b000000, 0x000000069b000000, 0x000000069b400000|  0%| F|  |TAMS 0x000000069b000000| PB 0x000000069b000000| Untracked |  0
|  72|0x000000069b400000, 0x000000069b400000, 0x000000069b800000|  0%| F|  |TAMS 0x000000069b400000| PB 0x000000069b400000| Untracked |  0
|  73|0x000000069b800000, 0x000000069b800000, 0x000000069bc00000|  0%| F|  |TAMS 0x000000069b800000| PB 0x000000069b800000| Untracked |  0
|  74|0x000000069bc00000, 0x000000069bc00000, 0x000000069c000000|  0%| F|  |TAMS 0x000000069bc00000| PB 0x000000069bc00000| Untracked |  0
|  75|0x000000069c000000, 0x000000069c000000, 0x000000069c400000|  0%| F|  |TAMS 0x000000069c000000| PB 0x000000069c000000| Untracked |  0
|  76|0x000000069c400000, 0x000000069c400000, 0x000000069c800000|  0%| F|  |TAMS 0x000000069c400000| PB 0x000000069c400000| Untracked |  0
|  77|0x000000069c800000, 0x000000069c800000, 0x000000069cc00000|  0%| F|  |TAMS 0x000000069c800000| PB 0x000000069c800000| Untracked |  0
|  78|0x000000069cc00000, 0x000000069cc00000, 0x000000069d000000|  0%| F|  |TAMS 0x000000069cc00000| PB 0x000000069cc00000| Untracked |  0
|  79|0x000000069d000000, 0x000000069d000000, 0x000000069d400000|  0%| F|  |TAMS 0x000000069d000000| PB 0x000000069d000000| Untracked |  0
|  80|0x000000069d400000, 0x000000069d400000, 0x000000069d800000|  0%| F|  |TAMS 0x000000069d400000| PB 0x000000069d400000| Untracked |  0
|  81|0x000000069d800000, 0x000000069d800000, 0x000000069dc00000|  0%| F|  |TAMS 0x000000069d800000| PB 0x000000069d800000| Untracked |  0
|  82|0x000000069dc00000, 0x000000069dc00000, 0x000000069e000000|  0%| F|  |TAMS 0x000000069dc00000| PB 0x000000069dc00000| Untracked |  0
|  83|0x000000069e000000, 0x000000069e000000, 0x000000069e400000|  0%| F|  |TAMS 0x000000069e000000| PB 0x000000069e000000| Untracked |  0
|  84|0x000000069e400000, 0x000000069e400000, 0x000000069e800000|  0%| F|  |TAMS 0x000000069e400000| PB 0x000000069e400000| Untracked |  0
|  85|0x000000069e800000, 0x000000069e800000, 0x000000069ec00000|  0%| F|  |TAMS 0x000000069e800000| PB 0x000000069e800000| Untracked |  0
|  86|0x000000069ec00000, 0x000000069f000000, 0x000000069f000000|100%| E|  |TAMS 0x000000069ec00000| PB 0x000000069ec00000| Complete |  0
|  87|0x000000069f000000, 0x000000069f400000, 0x000000069f400000|100%| E|CS|TAMS 0x000000069f000000| PB 0x000000069f000000| Complete |  0
|  88|0x000000069f400000, 0x000000069f800000, 0x000000069f800000|100%| E|CS|TAMS 0x000000069f400000| PB 0x000000069f400000| Complete |  0
|  89|0x000000069f800000, 0x000000069fc00000, 0x000000069fc00000|100%| E|CS|TAMS 0x000000069f800000| PB 0x000000069f800000| Complete |  0
|  90|0x000000069fc00000, 0x00000006a0000000, 0x00000006a0000000|100%| E|CS|TAMS 0x000000069fc00000| PB 0x000000069fc00000| Complete |  0
|  91|0x00000006a0000000, 0x00000006a0400000, 0x00000006a0400000|100%| E|CS|TAMS 0x00000006a0000000| PB 0x00000006a0000000| Complete |  0
|  92|0x00000006a0400000, 0x00000006a0800000, 0x00000006a0800000|100%| E|CS|TAMS 0x00000006a0400000| PB 0x00000006a0400000| Complete |  0
|  93|0x00000006a0800000, 0x00000006a0c00000, 0x00000006a0c00000|100%| E|CS|TAMS 0x00000006a0800000| PB 0x00000006a0800000| Complete |  0
|1498|0x00000007ffc00000, 0x00000007ffd086a8, 0x0000000800000000| 25%| O|  |TAMS 0x00000007ffc00000| PB 0x00000007ffc00000| Untracked |  0

Card table byte_map: [0x000074dbe7494000,0x000074dbe804a000] _byte_map_base: 0x000074dbe404a000

Marking Bits: (CMBitMap*) 0x000074dc000b0060
 Bits: [0x000074dbe16e4000, 0x000074dbe7494000)

Polling page: 0x000074dc06050000

Metaspace:

Usage:
  Non-class:      9,10 MB used.
      Class:    573,95 KB used.
       Both:      9,66 MB used.

Virtual space:
  Non-class space:       64,00 MB reserved,       9,19 MB ( 14%) committed,  1 nodes.
      Class space:        1,00 GB reserved,     640,00 KB ( <1%) committed,  1 nodes.
             Both:        1,06 GB reserved,       9,81 MB ( <1%) committed. 

Chunk freelists:
   Non-Class:  5,94 MB
       Class:  15,38 MB
        Both:  21,32 MB

MaxMetaspaceSize: unlimited
CompressedClassSpaceSize: 1,00 GB
Initial GC threshold: 21,00 MB
Current GC threshold: 21,00 MB
CDS: on
 - commit_granule_bytes: 65536.
 - commit_granule_words: 8192.
 - virtual_space_node_default_size: 8388608.
 - enlarge_chunks_in_place: 1.
 - use_allocation_guard: 0.


Internal statistics:

num_allocs_failed_limit: 0.
num_arena_births: 154.
num_arena_deaths: 0.
num_vsnodes_births: 2.
num_vsnodes_deaths: 0.
num_space_committed: 156.
num_space_uncommitted: 0.
num_chunks_returned_to_freelist: 0.
num_chunks_taken_from_freelist: 417.
num_chunk_merges: 0.
num_chunk_splits: 305.
num_chunks_enlarged: 231.
num_inconsistent_stats: 0.

CodeHeap 'non-profiled nmethods': size=120032Kb used=642Kb max_used=642Kb free=119390Kb
 bounds [0x000074dbf06c8000, 0x000074dbf0938000, 0x000074dbf7c00000]
CodeHeap 'profiled nmethods': size=120028Kb used=3351Kb max_used=3351Kb free=116676Kb
 bounds [0x000074dbe8c00000, 0x000074dbe8f50000, 0x000074dbf0137000]
CodeHeap 'non-nmethods': size=5700Kb used=2239Kb max_used=2283Kb free=3460Kb
 bounds [0x000074dbf0137000, 0x000074dbf03a7000, 0x000074dbf06c8000]
 total_blobs=3103 nmethods=1870 adapters=1139
 compilation: enabled
              stopped_count=0, restarted_count=0
 full_count=0

Compilation events (20 events):
Event: 2,653 Thread 0x000074dc00165060 nmethod 1859 0x000074dbf0767410 code [0x000074dbf07675a0, 0x000074dbf0767738]
Event: 2,704 Thread 0x000074dc00166770 1860       3       java.io.File::getParentFile (41 bytes)
Event: 2,705 Thread 0x000074dc00166770 nmethod 1860 0x000074dbe8f3ef90 code [0x000074dbe8f3f160, 0x000074dbe8f3f550]
Event: 2,705 Thread 0x000074dc00166770 1861   !   3       org.lwjgl.assimp.Assimp::aiImportFile (52 bytes)
Event: 2,706 Thread 0x000074dc00166770 nmethod 1861 0x000074dbe8f3f690 code [0x000074dbe8f3f9c0, 0x000074dbe8f40ea8]
Event: 2,707 Thread 0x000074dc00166770 1862       3       org.lwjgl.assimp.AIMesh::create (20 bytes)
Event: 2,707 Thread 0x000074dc00166770 nmethod 1862 0x000074dbe8f41790 code [0x000074dbe8f41940, 0x000074dbe8f41c60]
Event: 2,707 Thread 0x000074dc00166770 1863       3       net.minecraftrecreation.render.scene.objects.ModelLoader::processMesh (52 bytes)
Event: 2,707 Thread 0x000074dc00166770 nmethod 1863 0x000074dbe8f41e10 code [0x000074dbe8f42000, 0x000074dbe8f423a0]
Event: 2,716 Thread 0x000074dc00165060 1864       4       jdk.internal.misc.Unsafe::checkNativeAddress (28 bytes)
Event: 2,717 Thread 0x000074dc00165060 nmethod 1864 0x000074dbf0767890 code [0x000074dbf0767a00, 0x000074dbf0767a88]
Event: 2,756 Thread 0x000074dc00165060 1865       4       org.lwjgl.system.MemoryStack::ncalloc (25 bytes)
Event: 2,756 Thread 0x000074dc00166770 1866       3       java.lang.ref.ReferenceQueue::poll0 (65 bytes)
Event: 2,756 Thread 0x000074dc00166770 nmethod 1866 0x000074dbe8f42590 code [0x000074dbe8f42760, 0x000074dbe8f42c50]
Event: 2,756 Thread 0x000074dc00166770 1867       3       java.lang.Class::descriptorString (170 bytes)
Event: 2,757 Thread 0x000074dc00166770 nmethod 1867 0x000074dbe8f42d90 code [0x000074dbe8f43200, 0x000074dbe8f44938]
Event: 2,758 Thread 0x000074dc00166770 1869       3       java.lang.invoke.LambdaForm::editor (5 bytes)
Event: 2,759 Thread 0x000074dc00166770 nmethod 1869 0x000074dbe8f45310 code [0x000074dbe8f454c0, 0x000074dbe8f457e0]
Event: 2,759 Thread 0x000074dc00166770 1870       3       java.lang.invoke.LambdaFormEditor::lambdaFormEditor (12 bytes)
Event: 2,759 Thread 0x000074dc00166770 nmethod 1870 0x000074dbe8f45910 code [0x000074dbe8f45ac0, 0x000074dbe8f45d70]

GC Heap History (10 events):
Event: 0,987 GC heap before
{Heap before GC invocations=0 (full 0):
 garbage-first heap   total reserved 6139904K, committed 389120K, used 13345K [0x0000000689400000, 0x0000000800000000)
  region size 4096K, 4 young (16384K), 0 survivors (0K)
 Metaspace       used 7710K, committed 7872K, reserved 1114112K
  class space    used 441K, committed 512K, reserved 1048576K
}
Event: 0,991 GC heap after
{Heap after GC invocations=1 (full 0):
 garbage-first heap   total reserved 6139904K, committed 389120K, used 3632K [0x0000000689400000, 0x0000000800000000)
  region size 4096K, 1 young (4096K), 1 survivors (4096K)
 Metaspace       used 7710K, committed 7872K, reserved 1114112K
  class space    used 441K, committed 512K, reserved 1048576K
}
Event: 1,675 GC heap before
{Heap before GC invocations=1 (full 0):
 garbage-first heap   total reserved 6139904K, committed 389120K, used 20016K [0x0000000689400000, 0x0000000800000000)
  region size 4096K, 5 young (20480K), 1 survivors (4096K)
 Metaspace       used 9697K, committed 9920K, reserved 1114112K
  class space    used 569K, committed 640K, reserved 1048576K
}
Event: 1,679 GC heap after
{Heap after GC invocations=2 (full 0):
 garbage-first heap   total reserved 6139904K, committed 389120K, used 4747K [0x0000000689400000, 0x0000000800000000)
  region size 4096K, 1 young (4096K), 1 survivors (4096K)
 Metaspace       used 9697K, committed 9920K, reserved 1114112K
  class space    used 569K, committed 640K, reserved 1048576K
}
Event: 1,875 GC heap before
{Heap before GC invocations=2 (full 0):
 garbage-first heap   total reserved 6139904K, committed 389120K, used 45707K [0x0000000689400000, 0x0000000800000000)
  region size 4096K, 11 young (45056K), 1 survivors (4096K)
 Metaspace       used 9740K, committed 9920K, reserved 1114112K
  class space    used 569K, committed 640K, reserved 1048576K
}
Event: 1,877 GC heap after
{Heap after GC invocations=3 (full 0):
 garbage-first heap   total reserved 6139904K, committed 389120K, used 4799K [0x0000000689400000, 0x0000000800000000)
  region size 4096K, 1 young (4096K), 1 survivors (4096K)
 Metaspace       used 9740K, committed 9920K, reserved 1114112K
  class space    used 569K, committed 640K, reserved 1048576K
}
Event: 2,400 GC heap before
{Heap before GC invocations=3 (full 0):
 garbage-first heap   total reserved 6139904K, committed 389120K, used 230079K [0x0000000689400000, 0x0000000800000000)
  region size 4096K, 56 young (229376K), 1 survivors (4096K)
 Metaspace       used 9837K, committed 10048K, reserved 1114112K
  class space    used 569K, committed 640K, reserved 1048576K
}
Event: 2,401 GC heap after
{Heap after GC invocations=4 (full 0):
 garbage-first heap   total reserved 6139904K, committed 389120K, used 4828K [0x0000000689400000, 0x0000000800000000)
  region size 4096K, 1 young (4096K), 1 survivors (4096K)
 Metaspace       used 9837K, committed 10048K, reserved 1114112K
  class space    used 569K, committed 640K, reserved 1048576K
}
Event: 2,715 GC heap before
{Heap before GC invocations=4 (full 0):
 garbage-first heap   total reserved 6139904K, committed 389120K, used 230108K [0x0000000689400000, 0x0000000800000000)
  region size 4096K, 56 young (229376K), 1 survivors (4096K)
 Metaspace       used 9857K, committed 10048K, reserved 1114112K
  class space    used 569K, committed 640K, reserved 1048576K
}
Event: 2,716 GC heap after
{Heap after GC invocations=5 (full 0):
 garbage-first heap   total reserved 6139904K, committed 389120K, used 4893K [0x0000000689400000, 0x0000000800000000)
  region size 4096K, 1 young (4096K), 1 survivors (4096K)
 Metaspace       used 9857K, committed 10048K, reserved 1114112K
  class space    used 569K, committed 640K, reserved 1048576K
}

Dll operation events (14 events):
Event: 0,003 Loaded shared library /home/denis0001/.jdks/openjdk-22/lib/libjava.so
Event: 0,030 Loaded shared library /home/denis0001/.jdks/openjdk-22/lib/libjsvml.so
Event: 0,092 Loaded shared library /home/denis0001/.jdks/openjdk-22/lib/libzip.so
Event: 0,094 Loaded shared library /home/denis0001/.jdks/openjdk-22/lib/libinstrument.so
Event: 0,097 Loaded shared library /home/denis0001/.jdks/openjdk-22/lib/libnio.so
Event: 0,100 Loaded shared library /home/denis0001/.jdks/openjdk-22/lib/libzip.so
Event: 0,123 Loaded shared library /home/denis0001/.jdks/openjdk-22/lib/libnet.so
Event: 0,130 Loaded shared library /home/denis0001/.jdks/openjdk-22/lib/libextnet.so
Event: 0,154 Loaded shared library /home/denis0001/.jdks/openjdk-22/lib/libjimage.so
Event: 0,167 Loaded shared library /tmp/lwjgldenis0001/3.1.1-build-16/liblwjgl.so
Event: 0,472 Loaded shared library /home/denis0001/.jdks/openjdk-22/lib/libverify.so
Event: 0,485 Loaded shared library /tmp/lwjgldenis0001/3.1.1-build-16/liblwjgl_opengl.so
Event: 0,917 Loaded shared library /tmp/imgui-java-natives/1.86.11/libimgui-java64.so
Event: 1,016 Loaded shared library /tmp/lwjgldenis0001/3.1.1-build-16/liblwjgl_stb.so

Deoptimization events (20 events):
Event: 1,744 Thread 0x000074dc0002b1a0 DEOPT PACKING pc=0x000074dbf0754594 sp=0x000074dc05bfe210
Event: 1,744 Thread 0x000074dc0002b1a0 DEOPT UNPACKING pc=0x000074dbf018af99 sp=0x000074dc05bfe1a0 mode 2
Event: 1,744 Thread 0x000074dc0002b1a0 Uncommon trap: trap_request=0xffffff66 fr.pc=0x000074dbf0754594 relative=0x00000000000001f4
Event: 1,744 Thread 0x000074dc0002b1a0 Uncommon trap: reason=speculate_class_check action=maybe_recompile pc=0x000074dbf0754594 method=org.lwjgl.system.MemoryAccess$MemoryAccessorUnsafe.setup(Ljava/lang/Class;JI)Ljava/nio/Buffer; @ 53 c2
Event: 1,744 Thread 0x000074dc0002b1a0 DEOPT PACKING pc=0x000074dbf0754594 sp=0x000074dc05bfe210
Event: 1,744 Thread 0x000074dc0002b1a0 DEOPT UNPACKING pc=0x000074dbf018af99 sp=0x000074dc05bfe1a0 mode 2
Event: 1,744 Thread 0x000074dc0002b1a0 Uncommon trap: trap_request=0xffffff66 fr.pc=0x000074dbf0754594 relative=0x00000000000001f4
Event: 1,744 Thread 0x000074dc0002b1a0 Uncommon trap: reason=speculate_class_check action=maybe_recompile pc=0x000074dbf0754594 method=org.lwjgl.system.MemoryAccess$MemoryAccessorUnsafe.setup(Ljava/lang/Class;JI)Ljava/nio/Buffer; @ 53 c2
Event: 1,744 Thread 0x000074dc0002b1a0 DEOPT PACKING pc=0x000074dbf0754594 sp=0x000074dc05bfe210
Event: 1,744 Thread 0x000074dc0002b1a0 DEOPT UNPACKING pc=0x000074dbf018af99 sp=0x000074dc05bfe1a0 mode 2
Event: 1,744 Thread 0x000074dc0002b1a0 Uncommon trap: trap_request=0xffffff66 fr.pc=0x000074dbf0754594 relative=0x00000000000001f4
Event: 1,744 Thread 0x000074dc0002b1a0 Uncommon trap: reason=speculate_class_check action=maybe_recompile pc=0x000074dbf0754594 method=org.lwjgl.system.MemoryAccess$MemoryAccessorUnsafe.setup(Ljava/lang/Class;JI)Ljava/nio/Buffer; @ 53 c2
Event: 1,744 Thread 0x000074dc0002b1a0 DEOPT PACKING pc=0x000074dbf0754594 sp=0x000074dc05bfe210
Event: 1,744 Thread 0x000074dc0002b1a0 DEOPT UNPACKING pc=0x000074dbf018af99 sp=0x000074dc05bfe1a0 mode 2
Event: 1,980 Thread 0x000074dc0002b1a0 DEOPT PACKING pc=0x000074dbe8ecb992 sp=0x000074dc05bfe430
Event: 1,980 Thread 0x000074dc0002b1a0 DEOPT UNPACKING pc=0x000074dbf018b72f sp=0x000074dc05bfd9b8 mode 0
Event: 2,756 Thread 0x000074dc0002b1a0 Uncommon trap: trap_request=0xffffff45 fr.pc=0x000074dbf070bd3c relative=0x000000000000009c
Event: 2,756 Thread 0x000074dc0002b1a0 Uncommon trap: reason=unstable_if action=reinterpret pc=0x000074dbf070bd3c method=java.lang.ref.ReferenceQueue.headIsNull()Z @ 4 c2
Event: 2,756 Thread 0x000074dc0002b1a0 DEOPT PACKING pc=0x000074dbf070bd3c sp=0x000074dc05bfddf0
Event: 2,756 Thread 0x000074dc0002b1a0 DEOPT UNPACKING pc=0x000074dbf018af99 sp=0x000074dc05bfdcd0 mode 2

Classes loaded (20 events):
Event: 1,306 Loading class java/io/ObjectStreamClass$3
Event: 1,307 Loading class java/io/ObjectStreamClass$3 done
Event: 1,307 Loading class java/io/ObjectStreamClass$4
Event: 1,307 Loading class java/io/ObjectStreamClass$4 done
Event: 1,307 Loading class java/io/ObjectStreamClass$5
Event: 1,307 Loading class java/io/ObjectStreamClass$5 done
Event: 1,324 Loading class java/lang/invoke/MethodHandle$1
Event: 1,324 Loading class java/lang/invoke/MethodHandle$1 done
Event: 1,490 Loading class java/util/stream/ReferencePipeline$4
Event: 1,490 Loading class java/util/stream/ReferencePipeline$4 done
Event: 1,490 Loading class java/util/stream/Nodes$IntFixedNodeBuilder
Event: 1,490 Loading class java/util/stream/Node$Builder$OfInt
Event: 1,490 Loading class java/util/stream/Node$Builder$OfInt done
Event: 1,490 Loading class java/util/stream/Nodes$IntArrayNode
Event: 1,491 Loading class java/util/stream/Nodes$IntArrayNode done
Event: 1,491 Loading class java/util/stream/Nodes$IntFixedNodeBuilder done
Event: 1,491 Loading class java/util/stream/ReferencePipeline$4$1
Event: 1,491 Loading class java/util/stream/ReferencePipeline$4$1 done
Event: 1,491 Loading class java/util/regex/Pattern$SliceS
Event: 1,491 Loading class java/util/regex/Pattern$SliceS done

Classes unloaded (0 events):
No events

Classes redefined (0 events):
No events

Internal exceptions (20 events):
Event: 0,115 Thread 0x000074dc0002b1a0 Exception <a 'java/lang/NoSuchMethodError'{0x00000006a0a555f8}: 'java.lang.Object java.lang.invoke.Invokers$Holder.invokeExact_MT(java.lang.Object, java.lang.Object, java.lang.Object, java.lang.Object, java.lang.Object)'> (0x00000006a0a555f8) 
thrown [open/src/hotspot/share/interpreter/linkResolver.cpp, line 773]
Event: 0,132 Thread 0x000074dc00295860 Exception <a 'java/lang/NoSuchMethodError'{0x00000006a0a97d30}: 'void java.lang.invoke.DirectMethodHandle$Holder.invokeStatic(java.lang.Object, java.lang.Object)'> (0x00000006a0a97d30) 
thrown [open/src/hotspot/share/interpreter/linkResolver.cpp, line 773]
Event: 0,458 Thread 0x000074dc0002b1a0 Exception <a 'java/lang/NoSuchMethodError'{0x00000006a0535390}: 'void java.lang.invoke.DirectMethodHandle$Holder.invokeStatic(java.lang.Object, int, long)'> (0x00000006a0535390) 
thrown [open/src/hotspot/share/interpreter/linkResolver.cpp, line 773]
Event: 0,494 Thread 0x000074dc0002b1a0 Exception <a 'sun/nio/fs/UnixException'{0x00000006a05a9fa8}> (0x00000006a05a9fa8) 
thrown [open/src/hotspot/share/prims/jni.cpp, line 520]
Event: 0,494 Thread 0x000074dc0002b1a0 Exception <a 'sun/nio/fs/UnixException'{0x00000006a05aa9d8}> (0x00000006a05aa9d8) 
thrown [open/src/hotspot/share/prims/jni.cpp, line 520]
Event: 0,494 Thread 0x000074dc0002b1a0 Exception <a 'sun/nio/fs/UnixException'{0x00000006a05aae38}> (0x00000006a05aae38) 
thrown [open/src/hotspot/share/prims/jni.cpp, line 520]
Event: 0,494 Thread 0x000074dc0002b1a0 Exception <a 'sun/nio/fs/UnixException'{0x00000006a05ab288}> (0x00000006a05ab288) 
thrown [open/src/hotspot/share/prims/jni.cpp, line 520]
Event: 0,494 Thread 0x000074dc0002b1a0 Exception <a 'sun/nio/fs/UnixException'{0x00000006a05ab698}> (0x00000006a05ab698) 
thrown [open/src/hotspot/share/prims/jni.cpp, line 520]
Event: 0,494 Thread 0x000074dc0002b1a0 Exception <a 'sun/nio/fs/UnixException'{0x00000006a05abae0}> (0x00000006a05abae0) 
thrown [open/src/hotspot/share/prims/jni.cpp, line 520]
Event: 0,775 Thread 0x000074dc0002b1a0 Exception <a 'java/lang/NoSuchMethodError'{0x00000006a032f578}: 'long java.lang.invoke.DelegatingMethodHandle$Holder.reinvoke_L(java.lang.Object, java.lang.Object)'> (0x00000006a032f578) 
thrown [open/src/hotspot/share/interpreter/linkResolver.cpp, line 773]
Event: 0,778 Thread 0x000074dc0002b1a0 Exception <a 'java/lang/NoSuchMethodError'{0x00000006a03359c0}: 'long java.lang.invoke.Invokers$Holder.invokeExact_MT(java.lang.Object, java.lang.Object, java.lang.Object)'> (0x00000006a03359c0) 
thrown [open/src/hotspot/share/interpreter/linkResolver.cpp, line 773]
Event: 0,862 Thread 0x000074dc0002b1a0 Exception <a 'java/lang/NoSuchMethodError'{0x000000069fd180c0}: 'java.lang.Object java.lang.invoke.DirectMethodHandle$Holder.invokeStatic(java.lang.Object, java.lang.Object, int)'> (0x000000069fd180c0) 
thrown [open/src/hotspot/share/interpreter/linkResolver.cpp, line 773]
Event: 0,868 Thread 0x000074dc0002b1a0 Exception <a 'java/lang/NoSuchMethodError'{0x000000069fd22938}: 'void java.lang.invoke.DirectMethodHandle$Holder.invokeSpecial(java.lang.Object, java.lang.Object, java.lang.Object)'> (0x000000069fd22938) 
thrown [open/src/hotspot/share/interpreter/linkResolver.cpp, line 773]
Event: 0,869 Thread 0x000074dc0002b1a0 Exception <a 'java/lang/NoSuchMethodError'{0x000000069fd28468}: 'void java.lang.invoke.DirectMethodHandle$Holder.invokeStatic(java.lang.Object, int)'> (0x000000069fd28468) 
thrown [open/src/hotspot/share/interpreter/linkResolver.cpp, line 773]
Event: 0,929 Thread 0x000074dc0002b1a0 Exception <a 'java/lang/NoSuchMethodError'{0x000000069fdf7a90}: 'void java.lang.invoke.DirectMethodHandle$Holder.invokeStatic(java.lang.Object, java.lang.Object, long, int)'> (0x000000069fdf7a90) 
thrown [open/src/hotspot/share/interpreter/linkResolver.cpp, line 773]
Event: 1,147 Thread 0x000074db68000f50 Exception <a 'java/lang/NoSuchMethodError'{0x00000006a0b0a6a8}: 'java.lang.Object java.lang.invoke.Invokers$Holder.invokeExact_MT(java.lang.Object, java.lang.Object, java.lang.Object, java.lang.Object, java.lang.Object, java.lang.Object)'> (0x00000006a0b0a6a8) 
thrown [open/src/hotspot/share/interpreter/linkResolver.cpp, line 773]
Event: 1,281 Thread 0x000074dc0002b1a0 Exception <a 'java/lang/NoSuchMethodError'{0x00000006a0b607b8}: 'long java.lang.invoke.DirectMethodHandle$Holder.invokeSpecial(java.lang.Object, java.lang.Object)'> (0x00000006a0b607b8) 
thrown [open/src/hotspot/share/interpreter/linkResolver.cpp, line 773]
Event: 1,282 Thread 0x000074dc0002b1a0 Exception <a 'java/lang/NoSuchMethodError'{0x00000006a0b63be0}: 'long java.lang.invoke.Invokers$Holder.invokeExact_MT(java.lang.Object, java.lang.Object)'> (0x00000006a0b63be0) 
thrown [open/src/hotspot/share/interpreter/linkResolver.cpp, line 773]
Event: 1,307 Thread 0x000074dc0002b1a0 Exception <a 'java/lang/NoSuchMethodError'{0x00000006a0ba3998}: static Lnet/minecraftrecreation/world/block/Stone;.<clinit>()V> (0x00000006a0ba3998) 
thrown [open/src/hotspot/share/prims/jni.cpp, line 1111]
Event: 1,320 Thread 0x000074dc0002b1a0 Exception <a 'java/lang/NoSuchMethodError'{0x00000006a0bd2a18}: static Lnet/minecraftrecreation/world/block/GrassBlock;.<clinit>()V> (0x00000006a0bd2a18) 
thrown [open/src/hotspot/share/prims/jni.cpp, line 1111]

ZGC Phase Switch (0 events):
No events

VM Operations (16 events):
Event: 0,159 Executing VM operation: HandshakeAllThreads (Deoptimize)
Event: 0,159 Executing VM operation: HandshakeAllThreads (Deoptimize) done
Event: 0,954 Executing VM operation: HandshakeAllThreads (Deoptimize)
Event: 0,954 Executing VM operation: HandshakeAllThreads (Deoptimize) done
Event: 0,987 Executing VM operation: G1CollectForAllocation (G1 Evacuation Pause)
Event: 0,991 Executing VM operation: G1CollectForAllocation (G1 Evacuation Pause) done
Event: 1,278 Executing VM operation: HandshakeAllThreads (Deoptimize)
Event: 1,278 Executing VM operation: HandshakeAllThreads (Deoptimize) done
Event: 1,675 Executing VM operation: G1CollectForAllocation (G1 Evacuation Pause)
Event: 1,679 Executing VM operation: G1CollectForAllocation (G1 Evacuation Pause) done
Event: 1,875 Executing VM operation: G1CollectForAllocation (G1 Evacuation Pause)
Event: 1,877 Executing VM operation: G1CollectForAllocation (G1 Evacuation Pause) done
Event: 2,400 Executing VM operation: G1CollectForAllocation (G1 Evacuation Pause)
Event: 2,401 Executing VM operation: G1CollectForAllocation (G1 Evacuation Pause) done
Event: 2,715 Executing VM operation: G1CollectForAllocation (G1 Evacuation Pause)
Event: 2,716 Executing VM operation: G1CollectForAllocation (G1 Evacuation Pause) done

Events (20 events):
Event: 0,028 Thread 0x000074dc00163540 Thread added: 0x000074dc00163540
Event: 0,028 Protecting memory [0x000074dbe0000000,0x000074dbe0004000] with protection modes 0
Event: 0,028 Thread 0x000074dc00165060 Thread added: 0x000074dc00165060
Event: 0,028 Protecting memory [0x000074dbd1f00000,0x000074dbd1f04000] with protection modes 0
Event: 0,030 Thread 0x000074dc00166770 Thread added: 0x000074dc00166770
Event: 0,031 Protecting memory [0x000074dbd1e00000,0x000074dbd1e04000] with protection modes 0
Event: 0,056 Thread 0x000074dc00180e20 Thread added: 0x000074dc00180e20
Event: 0,056 Protecting memory [0x000074dbd1c30000,0x000074dbd1c34000] with protection modes 0
Event: 0,117 Thread 0x000074dc00295860 Thread added: 0x000074dc00295860
Event: 0,117 Protecting memory [0x000074dbd1b30000,0x000074dbd1b34000] with protection modes 0
Event: 0,117 Thread 0x000074dc00297de0 Thread added: 0x000074dc00297de0
Event: 0,119 Protecting memory [0x000074dbd1a30000,0x000074dbd1a34000] with protection modes 0
Event: 0,508 Thread 0x000074db5819cc60 Thread added: 0x000074db5819cc60
Event: 0,510 Protecting memory [0x000074dbd00fa000,0x000074dbd00fe000] with protection modes 0
Event: 1,042 Thread 0x000074db68000f50 Thread added: 0x000074db68000f50
Event: 1,046 Protecting memory [0x000074db7d100000,0x000074db7d104000] with protection modes 0
Event: 1,261 Thread 0x000074db5819cc60 Thread exited: 0x000074db5819cc60
Event: 1,603 Thread 0x000074db5825f510 Thread added: 0x000074db5825f510
Event: 1,603 Protecting memory [0x000074dbd00fa000,0x000074dbd00fe000] with protection modes 0
Event: 2,232 Thread 0x000074db5825f510 Thread exited: 0x000074db5825f510


Dynamic libraries:
40539000-4053b000 r-xs 00000000 00:01 7257                               /memfd:/.glXXXXXX (deleted)
41961000-41a10000 rw-p 00000000 00:00 0 
689400000-6a0c00000 rw-p 00000000 00:00 0 
6a0c00000-7ffc00000 ---p 00000000 00:00 0 
7ffc00000-7ffd09000 rw-p 00cb3000 08:03 3539186                          /home/denis0001/.jdks/openjdk-22/lib/server/classes.jsa
7ffd09000-800000000 rw-p 00000000 00:00 0 
58971abc7000-58971abc8000 r-xp 00000000 08:03 3443829                    /home/denis0001/.jdks/openjdk-22/bin/java
58971abc9000-58971abca000 r--p 00001000 08:03 3443829                    /home/denis0001/.jdks/openjdk-22/bin/java
58971abca000-58971abcb000 rw-p 00002000 08:03 3443829                    /home/denis0001/.jdks/openjdk-22/bin/java
58971c5b8000-58971c600000 rw-p 00000000 00:00 0                          [heap]
74db2c000000-74db2c021000 rw-p 00000000 00:00 0 
74db2c021000-74db30000000 ---p 00000000 00:00 0 
74db34000000-74db34021000 rw-p 00000000 00:00 0 
74db34021000-74db38000000 ---p 00000000 00:00 0 
74db38000000-74db38021000 rw-p 00000000 00:00 0 
74db38021000-74db3c000000 ---p 00000000 00:00 0 
74db3c000000-74db3c138000 rw-p 00000000 00:00 0 
74db3c138000-74db40000000 ---p 00000000 00:00 0 
74db40000000-74db40021000 rw-p 00000000 00:00 0 
74db40021000-74db44000000 ---p 00000000 00:00 0 
74db44000000-74db445e2000 rw-p 00000000 00:00 0 
74db445e2000-74db48000000 ---p 00000000 00:00 0 
74db49e00000-74db4a4c1000 r-xp 00000000 08:03 437560                     /tmp/lwjgldenis0001/3.1.1-build-16/libassimp.so
74db4a4c1000-74db4a6c0000 ---p 006c1000 08:03 437560                     /tmp/lwjgldenis0001/3.1.1-build-16/libassimp.so
74db4a6c0000-74db4a787000 r--p 006c0000 08:03 437560                     /tmp/lwjgldenis0001/3.1.1-build-16/libassimp.so
74db4a787000-74db4a78a000 rw-p 00787000 08:03 437560                     /tmp/lwjgldenis0001/3.1.1-build-16/libassimp.so
74db4a78a000-74db4a78f000 rw-p 00000000 00:00 0 
74db4a800000-74db4c83a000 r-xp 00000000 08:03 28068                      /usr/lib/x86_64-linux-gnu/libnvidia-glvkspirv.so.535.171.04
74db4c83a000-74db4ca3a000 ---p 0203a000 08:03 28068                      /usr/lib/x86_64-linux-gnu/libnvidia-glvkspirv.so.535.171.04
74db4ca3a000-74db4d056000 r--p 0203a000 08:03 28068                      /usr/lib/x86_64-linux-gnu/libnvidia-glvkspirv.so.535.171.04
74db4d056000-74db4d0e5000 rw-p 02656000 08:03 28068                      /usr/lib/x86_64-linux-gnu/libnvidia-glvkspirv.so.535.171.04
74db4d0e5000-74db4d138000 rw-p 00000000 00:00 0 
74db4d200000-74db4d4d8000 r-xp 00000000 08:03 28065                      /usr/lib/x86_64-linux-gnu/libnvidia-glcore.so.535.171.04
74db4d4d8000-74db4d4f9000 rwxp 002d8000 08:03 28065                      /usr/lib/x86_64-linux-gnu/libnvidia-glcore.so.535.171.04
74db4d4f9000-74db4fb97000 r-xp 002f9000 08:03 28065                      /usr/lib/x86_64-linux-gnu/libnvidia-glcore.so.535.171.04
74db4fb97000-74db4fb98000 ---p 02997000 08:03 28065                      /usr/lib/x86_64-linux-gnu/libnvidia-glcore.so.535.171.04
74db4fb98000-74db4fd6b000 r--p 02997000 08:03 28065                      /usr/lib/x86_64-linux-gnu/libnvidia-glcore.so.535.171.04
74db4fd6b000-74db4fdd4000 rw-p 02b6a000 08:03 28065                      /usr/lib/x86_64-linux-gnu/libnvidia-glcore.so.535.171.04
74db4fdd4000-74db4fe11000 rw-p 00000000 00:00 0 
74db50000000-74db50040000 rw-p 00000000 00:00 0 
74db50040000-74db54000000 ---p 00000000 00:00 0 
74db54000000-74db54021000 rw-p 00000000 00:00 0 
74db54021000-74db58000000 ---p 00000000 00:00 0 
74db58000000-74db583ce000 rw-p 00000000 00:00 0 
74db583ce000-74db5c000000 ---p 00000000 00:00 0 
74db5c000000-74db5c021000 rw-p 00000000 00:00 0 
74db5c021000-74db60000000 ---p 00000000 00:00 0 
74db60000000-74db60021000 rw-p 00000000 00:00 0 
74db60021000-74db64000000 ---p 00000000 00:00 0 
74db64000000-74db643e8000 rw-p 00000000 00:00 0 
74db643e8000-74db68000000 ---p 00000000 00:00 0 
74db68000000-74db68021000 rw-p 00000000 00:00 0 
74db68021000-74db6c000000 ---p 00000000 00:00 0 
74db6c000000-74db6c021000 rw-p 00000000 00:00 0 
74db6c021000-74db70000000 ---p 00000000 00:00 0 
74db70000000-74db70021000 rw-p 00000000 00:00 0 
74db70021000-74db74000000 ---p 00000000 00:00 0 
74db74000000-74db74021000 rw-p 00000000 00:00 0 
74db74021000-74db78000000 ---p 00000000 00:00 0 
74db78000000-74db78021000 rw-p 00000000 00:00 0 
74db78021000-74db7c000000 ---p 00000000 00:00 0 
74db7ca00000-74db7ca59000 r-xp 00000000 08:03 432787                     /tmp/lwjgldenis0001/3.1.1-build-16/liblwjgl_stb.so
74db7ca59000-74db7cc59000 ---p 00059000 08:03 432787                     /tmp/lwjgldenis0001/3.1.1-build-16/liblwjgl_stb.so
74db7cc59000-74db7cc5a000 r--p 00059000 08:03 432787                     /tmp/lwjgldenis0001/3.1.1-build-16/liblwjgl_stb.so
74db7cc5a000-74db7cc5b000 rw-p 0005a000 08:03 432787                     /tmp/lwjgldenis0001/3.1.1-build-16/liblwjgl_stb.so
74db7cc5b000-74db7cc5c000 rw-p 00000000 00:00 0 
74db7ce00000-74db7ce9a000 r--p 00000000 08:03 30076                      /usr/lib/x86_64-linux-gnu/libstdc++.so.6.0.30
74db7ce9a000-74db7cfab000 r-xp 0009a000 08:03 30076                      /usr/lib/x86_64-linux-gnu/libstdc++.so.6.0.30
74db7cfab000-74db7d01a000 r--p 001ab000 08:03 30076                      /usr/lib/x86_64-linux-gnu/libstdc++.so.6.0.30
74db7d01a000-74db7d01b000 ---p 0021a000 08:03 30076                      /usr/lib/x86_64-linux-gnu/libstdc++.so.6.0.30
74db7d01b000-74db7d026000 r--p 0021a000 08:03 30076                      /usr/lib/x86_64-linux-gnu/libstdc++.so.6.0.30
74db7d026000-74db7d029000 rw-p 00225000 08:03 30076                      /usr/lib/x86_64-linux-gnu/libstdc++.so.6.0.30
74db7d029000-74db7d02c000 rw-p 00000000 00:00 0 
74db7d100000-74db7d104000 ---p 00000000 00:00 0 
74db7d104000-74db7d200000 rw-p 00000000 00:00 0 
74db7d200000-74db7d295000 r--p 00000000 08:03 437568                     /tmp/imgui-java-natives/1.86.11/libimgui-java64.so
74db7d295000-74db7d676000 r-xp 00095000 08:03 437568                     /tmp/imgui-java-natives/1.86.11/libimgui-java64.so
74db7d676000-74db7d702000 r--p 00476000 08:03 437568                     /tmp/imgui-java-natives/1.86.11/libimgui-java64.so
74db7d702000-74db7d703000 ---p 00502000 08:03 437568                     /tmp/imgui-java-natives/1.86.11/libimgui-java64.so
74db7d703000-74db7d708000 r--p 00502000 08:03 437568                     /tmp/imgui-java-natives/1.86.11/libimgui-java64.so
74db7d708000-74db7d714000 rw-p 00507000 08:03 437568                     /tmp/imgui-java-natives/1.86.11/libimgui-java64.so
74db7d714000-74db7df44000 rw-p 00000000 00:00 0 
74db7e000000-74db7e320000 rw-p 00000000 00:00 0 
74db7e320000-74db7e400000 ---p 00000000 00:00 0 
74db7e400000-74db7ea10000 rw-p 00000000 00:00 0 
74db7ea10000-74db82000000 ---p 00000000 00:00 0 
74db82000000-74db82c74000 rw-p 00001000 08:03 3539186                    /home/denis0001/.jdks/openjdk-22/lib/server/classes.jsa
74db82c74000-74db83000000 ---p 00000000 00:00 0 
74db83000000-74db83030000 rw-p 00000000 00:00 0 
74db83030000-74db83070000 rw-p 00000000 00:00 0 
74db83070000-74db830a0000 rw-p 00000000 00:00 0 
74db830a0000-74dbc3000000 ---p 00000000 00:00 0 
74dbc30fd000-74dbc30fe000 ---p 00000000 00:00 0 
74dbc30fe000-74dbc31fe000 rw-p 00000000 00:00 0 
74dbc31fe000-74dbc31ff000 ---p 00000000 00:00 0 
74dbc31ff000-74dbc32ff000 rw-p 00000000 00:00 0 
74dbc32ff000-74dbc3300000 ---p 00000000 00:00 0 
74dbc3300000-74dbc3400000 rw-p 00000000 00:00 0 
74dbc3400000-74dbc3469000 r-xp 00000000 08:03 432778                     /tmp/lwjgldenis0001/3.1.1-build-16/liblwjgl_opengl.so
74dbc3469000-74dbc3668000 ---p 00069000 08:03 432778                     /tmp/lwjgldenis0001/3.1.1-build-16/liblwjgl_opengl.so
74dbc3668000-74dbc3669000 r--p 00068000 08:03 432778                     /tmp/lwjgldenis0001/3.1.1-build-16/liblwjgl_opengl.so
74dbc3669000-74dbc366a000 rw-p 00069000 08:03 432778                     /tmp/lwjgldenis0001/3.1.1-build-16/liblwjgl_opengl.so
74dbc371f000-74dbc4000000 rw-p 00000000 00:00 0 
74dbc4000000-74dbc4021000 rw-p 00000000 00:00 0 
74dbc4021000-74dbc8000000 ---p 00000000 00:00 0 
74dbc8000000-74dbc8021000 rw-p 00000000 00:00 0 
74dbc8021000-74dbcc000000 ---p 00000000 00:00 0 
74dbcc000000-74dbcc021000 rw-p 00000000 00:00 0 
74dbcc021000-74dbd0000000 ---p 00000000 00:00 0 
74dbd007a000-74dbd00fa000 rw-s 00000000 00:05 879                        /dev/nvidiactl
74dbd00fa000-74dbd00fe000 ---p 00000000 00:00 0 
74dbd00fe000-74dbd01fa000 rw-p 00000000 00:00 0 
74dbd01fa000-74dbd02fa000 rw-s 00000000 00:05 879                        /dev/nvidiactl
74dbd02fa000-74dbd037a000 rw-s 00000000 00:05 879                        /dev/nvidiactl
74dbd037a000-74dbd03ba000 rw-s 00000000 00:05 879                        /dev/nvidiactl
74dbd03ba000-74dbd05ff000 rw-s 00000000 00:01 1025                       /memfd:/.nvidia_drv.XXXXXX (deleted)
74dbd05ff000-74dbd0600000 ---p 00000000 00:00 0 
74dbd0600000-74dbd0e00000 rw-p 00000000 00:00 0 
74dbd0e00000-74dbd0e75000 r-xp 00000000 08:03 28067                      /usr/lib/x86_64-linux-gnu/libnvidia-glsi.so.535.171.04
74dbd0e75000-74dbd1075000 ---p 00075000 08:03 28067                      /usr/lib/x86_64-linux-gnu/libnvidia-glsi.so.535.171.04
74dbd1075000-74dbd109f000 r--p 00075000 08:03 28067                      /usr/lib/x86_64-linux-gnu/libnvidia-glsi.so.535.171.04
74dbd109f000-74dbd10a0000 rw-p 0009f000 08:03 28067                      /usr/lib/x86_64-linux-gnu/libnvidia-glsi.so.535.171.04
74dbd10a0000-74dbd10a8000 rw-p 00000000 00:00 0 
74dbd10d9000-74dbd112a000 r--p 00000000 08:03 2504                       /usr/lib/x86_64-linux-gnu/libGLX_nvidia.so.535.171.04
74dbd112a000-74dbd1184000 r-xp 00051000 08:03 2504                       /usr/lib/x86_64-linux-gnu/libGLX_nvidia.so.535.171.04
74dbd1184000-74dbd11b9000 rwxp 000ab000 08:03 2504                       /usr/lib/x86_64-linux-gnu/libGLX_nvidia.so.535.171.04
74dbd11b9000-74dbd11ba000 r-xp 000e0000 08:03 2504                       /usr/lib/x86_64-linux-gnu/libGLX_nvidia.so.535.171.04
74dbd11ba000-74dbd11d9000 r--p 000e1000 08:03 2504                       /usr/lib/x86_64-linux-gnu/libGLX_nvidia.so.535.171.04
74dbd11d9000-74dbd11f9000 r--p 000ff000 08:03 2504                       /usr/lib/x86_64-linux-gnu/libGLX_nvidia.so.535.171.04
74dbd11f9000-74dbd11fe000 rw-p 0011f000 08:03 2504                       /usr/lib/x86_64-linux-gnu/libGLX_nvidia.so.535.171.04
74dbd11fe000-74dbd1200000 rw-p 00000000 00:00 0 
74dbd1200000-74dbd121e000 r-xp 00000000 08:03 432767                     /tmp/lwjgldenis0001/3.1.1-build-16/libglfw.so
74dbd121e000-74dbd141d000 ---p 0001e000 08:03 432767                     /tmp/lwjgldenis0001/3.1.1-build-16/libglfw.so
74dbd141d000-74dbd141e000 r--p 0001d000 08:03 432767                     /tmp/lwjgldenis0001/3.1.1-build-16/libglfw.so
74dbd141e000-74dbd141f000 rw-p 0001e000 08:03 432767                     /tmp/lwjgldenis0001/3.1.1-build-16/libglfw.so
74dbd141f000-74dbd1420000 rw-p 00000000 00:00 0 
74dbd1431000-74dbd143e000 r-xp 00000000 08:03 3444079                    /home/denis0001/.jdks/openjdk-22/lib/libverify.so
74dbd143e000-74dbd1440000 r--p 0000c000 08:03 3444079                    /home/denis0001/.jdks/openjdk-22/lib/libverify.so
74dbd1440000-74dbd1441000 rw-p 0000e000 08:03 3444079                    /home/denis0001/.jdks/openjdk-22/lib/libverify.so
74dbd1441000-74dbd1454000 rw-s 00000000 00:05 879                        /dev/nvidiactl
74dbd1454000-74dbd1474000 rw-s 00000000 00:05 879                        /dev/nvidiactl
74dbd1474000-74dbd14b4000 rw-s 00000000 00:05 879                        /dev/nvidiactl
74dbd14b4000-74dbd14d4000 rw-s 00000000 00:05 879                        /dev/nvidiactl
74dbd14d4000-74dbd1514000 rw-s 00000000 00:05 879                        /dev/nvidiactl
74dbd1514000-74dbd1517000 r--p 00000000 08:03 28685                      /usr/lib/x86_64-linux-gnu/libGLX.so.0.0.0
74dbd1517000-74dbd1532000 r-xp 00003000 08:03 28685                      /usr/lib/x86_64-linux-gnu/libGLX.so.0.0.0
74dbd1532000-74dbd1535000 r--p 0001e000 08:03 28685                      /usr/lib/x86_64-linux-gnu/libGLX.so.0.0.0
74dbd1535000-74dbd1536000 ---p 00021000 08:03 28685                      /usr/lib/x86_64-linux-gnu/libGLX.so.0.0.0
74dbd1536000-74dbd1537000 r--p 00021000 08:03 28685                      /usr/lib/x86_64-linux-gnu/libGLX.so.0.0.0
74dbd1537000-74dbd1538000 rw-p 00022000 08:03 28685                      /usr/lib/x86_64-linux-gnu/libGLX.so.0.0.0
74dbd1538000-74dbd1548000 rw-p 00000000 00:00 0 
74dbd1548000-74dbd1588000 r--p 00000000 08:03 28690                      /usr/lib/x86_64-linux-gnu/libGLdispatch.so.0.0.0
74dbd1588000-74dbd158b000 r-xp 00040000 08:03 28690                      /usr/lib/x86_64-linux-gnu/libGLdispatch.so.0.0.0
74dbd158b000-74dbd15c6000 r-xp 00043000 08:03 28690                      /usr/lib/x86_64-linux-gnu/libGLdispatch.so.0.0.0
74dbd15c6000-74dbd15c7000 r-xp 0007e000 08:03 28690                      /usr/lib/x86_64-linux-gnu/libGLdispatch.so.0.0.0
74dbd15c7000-74dbd15da000 r--p 0007f000 08:03 28690                      /usr/lib/x86_64-linux-gnu/libGLdispatch.so.0.0.0
74dbd15da000-74dbd15db000 ---p 00092000 08:03 28690                      /usr/lib/x86_64-linux-gnu/libGLdispatch.so.0.0.0
74dbd15db000-74dbd15f7000 r--p 00092000 08:03 28690                      /usr/lib/x86_64-linux-gnu/libGLdispatch.so.0.0.0
74dbd15f7000-74dbd15f8000 rw-p 000ae000 08:03 28690                      /usr/lib/x86_64-linux-gnu/libGLdispatch.so.0.0.0
74dbd15f8000-74dbd1600000 rw-p 00000000 00:00 0 
74dbd1600000-74dbd164b000 r-xp 00000000 08:03 432766                     /tmp/lwjgldenis0001/3.1.1-build-16/liblwjgl.so
74dbd164b000-74dbd184b000 ---p 0004b000 08:03 432766                     /tmp/lwjgldenis0001/3.1.1-build-16/liblwjgl.so
74dbd184b000-74dbd184c000 r--p 0004b000 08:03 432766                     /tmp/lwjgldenis0001/3.1.1-build-16/liblwjgl.so
74dbd184c000-74dbd184d000 rw-p 0004c000 08:03 432766                     /tmp/lwjgldenis0001/3.1.1-build-16/liblwjgl.so
74dbd1853000-74dbd1858000 r--p 00000000 08:03 29160                      /usr/lib/x86_64-linux-gnu/libdrm.so.2.4.0
74dbd1858000-74dbd1863000 r-xp 00005000 08:03 29160                      /usr/lib/x86_64-linux-gnu/libdrm.so.2.4.0
74dbd1863000-74dbd1867000 r--p 00010000 08:03 29160                      /usr/lib/x86_64-linux-gnu/libdrm.so.2.4.0
74dbd1867000-74dbd1868000 r--p 00013000 08:03 29160                      /usr/lib/x86_64-linux-gnu/libdrm.so.2.4.0
74dbd1868000-74dbd1869000 rw-p 00014000 08:03 29160                      /usr/lib/x86_64-linux-gnu/libdrm.so.2.4.0
74dbd1869000-74dbd18ac000 r--p 00000000 08:03 28679                      /usr/lib/x86_64-linux-gnu/libGL.so.1.7.0
74dbd18ac000-74dbd18af000 r-xp 00043000 08:03 28679                      /usr/lib/x86_64-linux-gnu/libGL.so.1.7.0
74dbd18af000-74dbd18ca000 r-xp 00046000 08:03 28679                      /usr/lib/x86_64-linux-gnu/libGL.so.1.7.0
74dbd18ca000-74dbd18cb000 r-xp 00061000 08:03 28679                      /usr/lib/x86_64-linux-gnu/libGL.so.1.7.0
74dbd18cb000-74dbd18e0000 r--p 00062000 08:03 28679                      /usr/lib/x86_64-linux-gnu/libGL.so.1.7.0
74dbd18e0000-74dbd18ee000 r--p 00076000 08:03 28679                      /usr/lib/x86_64-linux-gnu/libGL.so.1.7.0
74dbd18ee000-74dbd18ef000 rw-p 00084000 08:03 28679                      /usr/lib/x86_64-linux-gnu/libGL.so.1.7.0
74dbd18ef000-74dbd18f0000 rw-p 00000000 00:00 0 
74dbd18f0000-74dbd1909000 r--p 00000000 08:03 28711                      /usr/lib/x86_64-linux-gnu/libX11.so.6.4.0
74dbd1909000-74dbd1995000 r-xp 00019000 08:03 28711                      /usr/lib/x86_64-linux-gnu/libX11.so.6.4.0
74dbd1995000-74dbd1a2a000 r--p 000a5000 08:03 28711                      /usr/lib/x86_64-linux-gnu/libX11.so.6.4.0
74dbd1a2a000-74dbd1a2b000 ---p 0013a000 08:03 28711                      /usr/lib/x86_64-linux-gnu/libX11.so.6.4.0
74dbd1a2b000-74dbd1a2c000 r--p 0013a000 08:03 28711                      /usr/lib/x86_64-linux-gnu/libX11.so.6.4.0
74dbd1a2c000-74dbd1a30000 rw-p 0013b000 08:03 28711                      /usr/lib/x86_64-linux-gnu/libX11.so.6.4.0
74dbd1a30000-74dbd1a34000 ---p 00000000 00:00 0 
74dbd1a34000-74dbd1b30000 rw-p 00000000 00:00 0 
74dbd1b30000-74dbd1b34000 ---p 00000000 00:00 0 
74dbd1b34000-74dbd1c30000 rw-p 00000000 00:00 0 
74dbd1c30000-74dbd1c34000 ---p 00000000 00:00 0 
74dbd1c34000-74dbd1d30000 rw-p 00000000 00:00 0 
74dbd1d30000-74dbd1dfe000 r-xp 00000000 08:03 3444063                    /home/denis0001/.jdks/openjdk-22/lib/libjsvml.so
74dbd1dfe000-74dbd1dff000 r--p 000cd000 08:03 3444063                    /home/denis0001/.jdks/openjdk-22/lib/libjsvml.so
74dbd1dff000-74dbd1e00000 rw-p 000ce000 08:03 3444063                    /home/denis0001/.jdks/openjdk-22/lib/libjsvml.so
74dbd1e00000-74dbd1e04000 ---p 00000000 00:00 0 
74dbd1e04000-74dbd1f00000 rw-p 00000000 00:00 0 
74dbd1f00000-74dbd1f04000 ---p 00000000 00:00 0 
74dbd1f04000-74dbd4000000 rw-p 00000000 00:00 0 
74dbd4000000-74dbd4021000 rw-p 00000000 00:00 0 
74dbd4021000-74dbd8000000 ---p 00000000 00:00 0 
74dbd8000000-74dbd8021000 rw-p 00000000 00:00 0 
74dbd8021000-74dbdc000000 ---p 00000000 00:00 0 
74dbdc000000-74dbdc021000 rw-p 00000000 00:00 0 
74dbdc021000-74dbe0000000 ---p 00000000 00:00 0 
74dbe0000000-74dbe0004000 ---p 00000000 00:00 0 
74dbe0004000-74dbe0100000 rw-p 00000000 00:00 0 
74dbe0100000-74dbe0104000 ---p 00000000 00:00 0 
74dbe0104000-74dbe0200000 rw-p 00000000 00:00 0 
74dbe0200000-74dbe0204000 ---p 00000000 00:00 0 
74dbe0204000-74dbe0300000 rw-p 00000000 00:00 0 
74dbe0300000-74dbe0304000 ---p 00000000 00:00 0 
74dbe0304000-74dbe0400000 rw-p 00000000 00:00 0 
74dbe0400000-74dbe0975000 r--p 00000000 08:03 1571                       /usr/lib/locale/locale-archive
74dbe097e000-74dbe0983000 rwxp 00000000 00:00 0 
74dbe0983000-74dbe0986000 rw-s 00000000 00:05 879                        /dev/nvidiactl
74dbe0986000-74dbe0991000 r--p 00000000 08:03 30268                      /usr/lib/x86_64-linux-gnu/libxcb-glx.so.0.0.0
74dbe0991000-74dbe099a000 r-xp 0000b000 08:03 30268                      /usr/lib/x86_64-linux-gnu/libxcb-glx.so.0.0.0
74dbe099a000-74dbe099f000 r--p 00014000 08:03 30268                      /usr/lib/x86_64-linux-gnu/libxcb-glx.so.0.0.0
74dbe099f000-74dbe09a0000 ---p 00019000 08:03 30268                      /usr/lib/x86_64-linux-gnu/libxcb-glx.so.0.0.0
74dbe09a0000-74dbe09a2000 r--p 00019000 08:03 30268                      /usr/lib/x86_64-linux-gnu/libxcb-glx.so.0.0.0
74dbe09a2000-74dbe09a3000 rw-p 0001b000 08:03 30268                      /usr/lib/x86_64-linux-gnu/libxcb-glx.so.0.0.0
74dbe09a3000-74dbe09c3000 rw-s 00000000 00:05 879                        /dev/nvidiactl
74dbe09c3000-74dbe09c5000 r--p 00000000 08:03 29660                      /usr/lib/x86_64-linux-gnu/libmd.so.0.0.5
74dbe09c5000-74dbe09cc000 r-xp 00002000 08:03 29660                      /usr/lib/x86_64-linux-gnu/libmd.so.0.0.5
74dbe09cc000-74dbe09ce000 r--p 00009000 08:03 29660                      /usr/lib/x86_64-linux-gnu/libmd.so.0.0.5
74dbe09ce000-74dbe09cf000 r--p 0000a000 08:03 29660                      /usr/lib/x86_64-linux-gnu/libmd.so.0.0.5
74dbe09cf000-74dbe09d0000 rw-p 0000b000 08:03 29660                      /usr/lib/x86_64-linux-gnu/libmd.so.0.0.5
74dbe09d0000-74dbe09d4000 r--p 00000000 08:03 29007                      /usr/lib/x86_64-linux-gnu/libbsd.so.0.11.5
74dbe09d4000-74dbe09e1000 r-xp 00004000 08:03 29007                      /usr/lib/x86_64-linux-gnu/libbsd.so.0.11.5
74dbe09e1000-74dbe09e4000 r--p 00011000 08:03 29007                      /usr/lib/x86_64-linux-gnu/libbsd.so.0.11.5
74dbe09e4000-74dbe09e5000 ---p 00014000 08:03 29007                      /usr/lib/x86_64-linux-gnu/libbsd.so.0.11.5
74dbe09e5000-74dbe09e6000 r--p 00014000 08:03 29007                      /usr/lib/x86_64-linux-gnu/libbsd.so.0.11.5
74dbe09e6000-74dbe09e7000 rw-p 00015000 08:03 29007                      /usr/lib/x86_64-linux-gnu/libbsd.so.0.11.5
74dbe09e7000-74dbe09e8000 rw-p 00000000 00:00 0 
74dbe09e8000-74dbe09ea000 r--p 00000000 08:03 28726                      /usr/lib/x86_64-linux-gnu/libXdmcp.so.6.0.0
74dbe09ea000-74dbe09ec000 r-xp 00002000 08:03 28726                      /usr/lib/x86_64-linux-gnu/libXdmcp.so.6.0.0
74dbe09ec000-74dbe09ee000 r--p 00004000 08:03 28726                      /usr/lib/x86_64-linux-gnu/libXdmcp.so.6.0.0
74dbe09ee000-74dbe09ef000 r--p 00005000 08:03 28726                      /usr/lib/x86_64-linux-gnu/libXdmcp.so.6.0.0
74dbe09ef000-74dbe09f0000 rw-p 00006000 08:03 28726                      /usr/lib/x86_64-linux-gnu/libXdmcp.so.6.0.0
74dbe09f0000-74dbe09f2000 r--p 00000000 08:03 28748                      /usr/lib/x86_64-linux-gnu/libXrender.so.1.3.0
74dbe09f2000-74dbe09f9000 r-xp 00002000 08:03 28748                      /usr/lib/x86_64-linux-gnu/libXrender.so.1.3.0
74dbe09f9000-74dbe09fb000 r--p 00009000 08:03 28748                      /usr/lib/x86_64-linux-gnu/libXrender.so.1.3.0
74dbe09fb000-74dbe09fc000 r--p 0000a000 08:03 28748                      /usr/lib/x86_64-linux-gnu/libXrender.so.1.3.0
74dbe09fc000-74dbe09fd000 rw-p 0000b000 08:03 28748                      /usr/lib/x86_64-linux-gnu/libXrender.so.1.3.0
74dbe09fd000-74dbe0a01000 ---p 00000000 00:00 0 
74dbe0a01000-74dbe0afd000 rw-p 00000000 00:00 0 
74dbe0afd000-74dbe0afe000 ---p 00000000 00:00 0 
74dbe0afe000-74dbe0bfe000 rw-p 00000000 00:00 0 
74dbe0bfe000-74dbe0bff000 ---p 00000000 00:00 0 
74dbe0bff000-74dbe0ddb000 rw-p 00000000 00:00 0 
74dbe0ddb000-74dbe0ddc000 ---p 00000000 00:00 0 
74dbe0ddc000-74dbe0edc000 rw-p 00000000 00:00 0 
74dbe0edc000-74dbe0edd000 ---p 00000000 00:00 0 
74dbe0edd000-74dbe13e1000 rw-p 00000000 00:00 0 
74dbe13e1000-74dbe13e2000 ---p 00000000 00:00 0 
74dbe13e2000-74dbe14e2000 rw-p 00000000 00:00 0 
74dbe14e2000-74dbe14e3000 ---p 00000000 00:00 0 
74dbe14e3000-74dbe15e3000 rw-p 00000000 00:00 0 
74dbe15e3000-74dbe15e4000 ---p 00000000 00:00 0 
74dbe15e4000-74dbe1cc4000 rw-p 00000000 00:00 0 
74dbe1cc4000-74dbe7484000 ---p 00000000 00:00 0 
74dbe7484000-74dbe7550000 rw-p 00000000 00:00 0 
74dbe7550000-74dbe8048000 ---p 00000000 00:00 0 
74dbe8048000-74dbe8106000 rw-p 00000000 00:00 0 
74dbe8106000-74dbe8bfe000 ---p 00000000 00:00 0 
74dbe8bfe000-74dbe8c00000 rw-p 00000000 00:00 0 
74dbe8c00000-74dbe8f50000 rwxp 00000000 00:00 0 
74dbe8f50000-74dbf0137000 ---p 00000000 00:00 0 
74dbf0137000-74dbf03a7000 rwxp 00000000 00:00 0 
74dbf03a7000-74dbf06c8000 ---p 00000000 00:00 0 
74dbf06c8000-74dbf0938000 rwxp 00000000 00:00 0 
74dbf0938000-74dbf7c00000 ---p 00000000 00:00 0 
74dbf7c00000-74dbfffb6000 r--s 00000000 08:03 3444081                    /home/denis0001/.jdks/openjdk-22/lib/modules
74dbfffb6000-74dbfffb7000 r--p 00000000 08:03 28709                      /usr/lib/x86_64-linux-gnu/libX11-xcb.so.1.0.0
74dbfffb7000-74dbfffb8000 r-xp 00001000 08:03 28709                      /usr/lib/x86_64-linux-gnu/libX11-xcb.so.1.0.0
74dbfffb8000-74dbfffb9000 r--p 00002000 08:03 28709                      /usr/lib/x86_64-linux-gnu/libX11-xcb.so.1.0.0
74dbfffb9000-74dbfffba000 r--p 00002000 08:03 28709                      /usr/lib/x86_64-linux-gnu/libX11-xcb.so.1.0.0
74dbfffba000-74dbfffbb000 rw-p 00003000 08:03 28709                      /usr/lib/x86_64-linux-gnu/libX11-xcb.so.1.0.0
74dbfffbb000-74dbfffbc000 r--p 00000000 08:03 28715                      /usr/lib/x86_64-linux-gnu/libXau.so.6.0.0
74dbfffbc000-74dbfffbe000 r-xp 00001000 08:03 28715                      /usr/lib/x86_64-linux-gnu/libXau.so.6.0.0
74dbfffbe000-74dbfffbf000 r--p 00003000 08:03 28715                      /usr/lib/x86_64-linux-gnu/libXau.so.6.0.0
74dbfffbf000-74dbfffc0000 r--p 00003000 08:03 28715                      /usr/lib/x86_64-linux-gnu/libXau.so.6.0.0
74dbfffc0000-74dbfffc1000 rw-p 00004000 08:03 28715                      /usr/lib/x86_64-linux-gnu/libXau.so.6.0.0
74dbfffc1000-74dbfffc5000 r--p 00000000 08:03 28728                      /usr/lib/x86_64-linux-gnu/libXext.so.6.4.0
74dbfffc5000-74dbfffd0000 r-xp 00004000 08:03 28728                      /usr/lib/x86_64-linux-gnu/libXext.so.6.4.0
74dbfffd0000-74dbfffd4000 r--p 0000f000 08:03 28728                      /usr/lib/x86_64-linux-gnu/libXext.so.6.4.0
74dbfffd4000-74dbfffd5000 r--p 00012000 08:03 28728                      /usr/lib/x86_64-linux-gnu/libXext.so.6.4.0
74dbfffd5000-74dbfffd6000 rw-p 00013000 08:03 28728                      /usr/lib/x86_64-linux-gnu/libXext.so.6.4.0
74dbfffd6000-74dbfffe1000 r--p 00000000 08:03 30300                      /usr/lib/x86_64-linux-gnu/libxcb.so.1.1.0
74dbfffe1000-74dbffff5000 r-xp 0000b000 08:03 30300                      /usr/lib/x86_64-linux-gnu/libxcb.so.1.1.0
74dbffff5000-74dbffffe000 r--p 0001f000 08:03 30300                      /usr/lib/x86_64-linux-gnu/libxcb.so.1.1.0
74dbffffe000-74dbfffff000 r--p 00027000 08:03 30300                      /usr/lib/x86_64-linux-gnu/libxcb.so.1.1.0
74dbfffff000-74dc00000000 rw-p 00028000 08:03 30300                      /usr/lib/x86_64-linux-gnu/libxcb.so.1.1.0
74dc00000000-74dc03739000 rw-p 00000000 00:00 0 
74dc03739000-74dc04000000 ---p 00000000 00:00 0 
74dc04000000-74dc04002000 r--p 00000000 08:03 28730                      /usr/lib/x86_64-linux-gnu/libXfixes.so.3.1.0
74dc04002000-74dc04005000 r-xp 00002000 08:03 28730                      /usr/lib/x86_64-linux-gnu/libXfixes.so.3.1.0
74dc04005000-74dc04006000 r--p 00005000 08:03 28730                      /usr/lib/x86_64-linux-gnu/libXfixes.so.3.1.0
74dc04006000-74dc04007000 r--p 00006000 08:03 28730                      /usr/lib/x86_64-linux-gnu/libXfixes.so.3.1.0
74dc04007000-74dc04008000 rw-p 00007000 08:03 28730                      /usr/lib/x86_64-linux-gnu/libXfixes.so.3.1.0
74dc04008000-74dc0400a000 r--p 00000000 08:03 28722                      /usr/lib/x86_64-linux-gnu/libXcursor.so.1.0.2
74dc0400a000-74dc04010000 r-xp 00002000 08:03 28722                      /usr/lib/x86_64-linux-gnu/libXcursor.so.1.0.2
74dc04010000-74dc04012000 r--p 00008000 08:03 28722                      /usr/lib/x86_64-linux-gnu/libXcursor.so.1.0.2
74dc04012000-74dc04013000 r--p 00009000 08:03 28722                      /usr/lib/x86_64-linux-gnu/libXcursor.so.1.0.2
74dc04013000-74dc04014000 rw-p 0000a000 08:03 28722                      /usr/lib/x86_64-linux-gnu/libXcursor.so.1.0.2
74dc04014000-74dc04015000 r--p 00000000 08:03 28738                      /usr/lib/x86_64-linux-gnu/libXinerama.so.1.0.0
74dc04015000-74dc04016000 r-xp 00001000 08:03 28738                      /usr/lib/x86_64-linux-gnu/libXinerama.so.1.0.0
74dc04016000-74dc04017000 r--p 00002000 08:03 28738                      /usr/lib/x86_64-linux-gnu/libXinerama.so.1.0.0
74dc04017000-74dc04018000 r--p 00003000 08:03 28738                      /usr/lib/x86_64-linux-gnu/libXinerama.so.1.0.0
74dc04018000-74dc04019000 rw-p 00004000 08:03 28738                      /usr/lib/x86_64-linux-gnu/libXinerama.so.1.0.0
74dc04019000-74dc0401b000 r--p 00000000 08:03 28746                      /usr/lib/x86_64-linux-gnu/libXrandr.so.2.2.0
74dc0401b000-74dc04022000 r-xp 00002000 08:03 28746                      /usr/lib/x86_64-linux-gnu/libXrandr.so.2.2.0
74dc04022000-74dc04024000 r--p 00009000 08:03 28746                      /usr/lib/x86_64-linux-gnu/libXrandr.so.2.2.0
74dc04024000-74dc04025000 r--p 0000a000 08:03 28746                      /usr/lib/x86_64-linux-gnu/libXrandr.so.2.2.0
74dc04025000-74dc04026000 rw-p 0000b000 08:03 28746                      /usr/lib/x86_64-linux-gnu/libXrandr.so.2.2.0
74dc04026000-74dc0442f000 rw-p 00000000 00:00 0 
74dc0442f000-74dc04515000 ---p 00000000 00:00 0 
74dc04515000-74dc0451c000 rw-p 00000000 00:00 0 
74dc0451c000-74dc04600000 ---p 00000000 00:00 0 
74dc04600000-74dc05940000 r-xp 00000000 08:03 3539189                    /home/denis0001/.jdks/openjdk-22/lib/server/libjvm.so
74dc05940000-74dc05a0d000 r--p 0133f000 08:03 3539189                    /home/denis0001/.jdks/openjdk-22/lib/server/libjvm.so
74dc05a0d000-74dc05a3b000 rw-p 0140c000 08:03 3539189                    /home/denis0001/.jdks/openjdk-22/lib/server/libjvm.so
74dc05a3b000-74dc05ab1000 rw-p 00000000 00:00 0 
74dc05ab1000-74dc05ab2000 rwxp 00000000 00:00 0 
74dc05ab2000-74dc05ab5000 r--p 00000000 08:03 29303                      /usr/lib/x86_64-linux-gnu/libgcc_s.so.1
74dc05ab5000-74dc05acc000 r-xp 00003000 08:03 29303                      /usr/lib/x86_64-linux-gnu/libgcc_s.so.1
74dc05acc000-74dc05ad0000 r--p 0001a000 08:03 29303                      /usr/lib/x86_64-linux-gnu/libgcc_s.so.1
74dc05ad0000-74dc05ad1000 r--p 0001d000 08:03 29303                      /usr/lib/x86_64-linux-gnu/libgcc_s.so.1
74dc05ad1000-74dc05ad2000 rw-p 0001e000 08:03 29303                      /usr/lib/x86_64-linux-gnu/libgcc_s.so.1
74dc05ad2000-74dc05ad4000 rwxp 00000000 00:00 0 
74dc05ad4000-74dc05ad6000 rw-s 00000000 00:01 7257                       /memfd:/.glXXXXXX (deleted)
74dc05ad6000-74dc05ada000 rw-s 00000000 00:05 879                        /dev/nvidiactl
74dc05ada000-74dc05adb000 rw-s 00000000 00:05 880                        /dev/nvidia0
74dc05adb000-74dc05add000 rw-s 00000000 00:05 879                        /dev/nvidiactl
74dc05add000-74dc05ae1000 rw-s 00000000 00:05 879                        /dev/nvidiactl
74dc05ae1000-74dc05ae2000 rw-s 00000000 00:05 880                        /dev/nvidia0
74dc05ae2000-74dc05ae3000 rw-s 00000000 00:05 880                        /dev/nvidia0
74dc05ae3000-74dc05ae4000 rw-s 00000000 00:05 880                        /dev/nvidia0
74dc05ae4000-74dc05ae5000 rw-s 00000000 00:05 879                        /dev/nvidiactl
74dc05ae5000-74dc05ae6000 r--p 00000000 08:03 28071                      /usr/lib/x86_64-linux-gnu/libnvidia-tls.so.535.171.04
74dc05ae6000-74dc05ae8000 r-xp 00001000 08:03 28071                      /usr/lib/x86_64-linux-gnu/libnvidia-tls.so.535.171.04
74dc05ae8000-74dc05ae9000 r--p 00003000 08:03 28071                      /usr/lib/x86_64-linux-gnu/libnvidia-tls.so.535.171.04
74dc05ae9000-74dc05aea000 r--p 00003000 08:03 28071                      /usr/lib/x86_64-linux-gnu/libnvidia-tls.so.535.171.04
74dc05aea000-74dc05aeb000 rw-p 00004000 08:03 28071                      /usr/lib/x86_64-linux-gnu/libnvidia-tls.so.535.171.04
74dc05aeb000-74dc05af2000 r--s 00000000 08:03 10036                      /usr/lib/x86_64-linux-gnu/gconv/gconv-modules.cache
74dc05af2000-74dc05afd000 r-xp 00000000 08:03 3444070                    /home/denis0001/.jdks/openjdk-22/lib/libnet.so
74dc05afd000-74dc05afe000 ---p 0000b000 08:03 3444070                    /home/denis0001/.jdks/openjdk-22/lib/libnet.so
74dc05afe000-74dc05aff000 r--p 0000b000 08:03 3444070                    /home/denis0001/.jdks/openjdk-22/lib/libnet.so
74dc05aff000-74dc05b00000 rw-p 0000c000 08:03 3444070                    /home/denis0001/.jdks/openjdk-22/lib/libnet.so
74dc05b00000-74dc05b04000 ---p 00000000 00:00 0 
74dc05b04000-74dc05c00000 rw-p 00000000 00:00 0 
74dc05c00000-74dc05c28000 r--p 00000000 08:03 2080                       /usr/lib/x86_64-linux-gnu/libc.so.6
74dc05c28000-74dc05dbd000 r-xp 00028000 08:03 2080                       /usr/lib/x86_64-linux-gnu/libc.so.6
74dc05dbd000-74dc05e15000 r--p 001bd000 08:03 2080                       /usr/lib/x86_64-linux-gnu/libc.so.6
74dc05e15000-74dc05e16000 ---p 00215000 08:03 2080                       /usr/lib/x86_64-linux-gnu/libc.so.6
74dc05e16000-74dc05e1a000 r--p 00215000 08:03 2080                       /usr/lib/x86_64-linux-gnu/libc.so.6
74dc05e1a000-74dc05e1c000 rw-p 00219000 08:03 2080                       /usr/lib/x86_64-linux-gnu/libc.so.6
74dc05e1c000-74dc05e29000 rw-p 00000000 00:00 0 
74dc05e29000-74dc05e2a000 rw-s 00000000 00:05 879                        /dev/nvidiactl
74dc05e2a000-74dc05e2b000 rw-s 00000000 00:05 879                        /dev/nvidiactl
74dc05e2b000-74dc05e2c000 rw-s 00044000 00:01 1025                       /memfd:/.nvidia_drv.XXXXXX (deleted)
74dc05e2c000-74dc05e2d000 r-xp 00000000 00:00 0 
74dc05e2d000-74dc05e2f000 r-xp 00000000 08:03 3444048                    /home/denis0001/.jdks/openjdk-22/lib/libextnet.so
74dc05e2f000-74dc05e30000 r--p 00001000 08:03 3444048                    /home/denis0001/.jdks/openjdk-22/lib/libextnet.so
74dc05e30000-74dc05e31000 rw-p 00002000 08:03 3444048                    /home/denis0001/.jdks/openjdk-22/lib/libextnet.so
74dc05e31000-74dc05e44000 r-xp 00000000 08:03 3444071                    /home/denis0001/.jdks/openjdk-22/lib/libnio.so
74dc05e44000-74dc05e45000 ---p 00013000 08:03 3444071                    /home/denis0001/.jdks/openjdk-22/lib/libnio.so
74dc05e45000-74dc05e46000 r--p 00013000 08:03 3444071                    /home/denis0001/.jdks/openjdk-22/lib/libnio.so
74dc05e46000-74dc05e47000 rw-p 00014000 08:03 3444071                    /home/denis0001/.jdks/openjdk-22/lib/libnio.so
74dc05e47000-74dc05ebf000 rw-p 00000000 00:00 0 
74dc05ebf000-74dc05ec6000 ---p 00000000 00:00 0 
74dc05ec6000-74dc05ee6000 r-xp 00000000 08:03 3444055                    /home/denis0001/.jdks/openjdk-22/lib/libjava.so
74dc05ee6000-74dc05ee7000 ---p 00020000 08:03 3444055                    /home/denis0001/.jdks/openjdk-22/lib/libjava.so
74dc05ee7000-74dc05ee8000 r--p 00020000 08:03 3444055                    /home/denis0001/.jdks/openjdk-22/lib/libjava.so
74dc05ee8000-74dc05ee9000 rw-p 00021000 08:03 3444055                    /home/denis0001/.jdks/openjdk-22/lib/libjava.so
74dc05ee9000-74dc05eea000 rw-p 00000000 00:00 0 
74dc05eea000-74dc05f08000 r-xp 00000000 08:03 3444059                    /home/denis0001/.jdks/openjdk-22/lib/libjimage.so
74dc05f08000-74dc05f0a000 r--p 0001d000 08:03 3444059                    /home/denis0001/.jdks/openjdk-22/lib/libjimage.so
74dc05f0a000-74dc05f0b000 rw-p 0001f000 08:03 3444059                    /home/denis0001/.jdks/openjdk-22/lib/libjimage.so
74dc05f0b000-74dc05f19000 r--p 00000000 08:03 2355                       /usr/lib/x86_64-linux-gnu/libm.so.6
74dc05f19000-74dc05f95000 r-xp 0000e000 08:03 2355                       /usr/lib/x86_64-linux-gnu/libm.so.6
74dc05f95000-74dc05ff0000 r--p 0008a000 08:03 2355                       /usr/lib/x86_64-linux-gnu/libm.so.6
74dc05ff0000-74dc05ff1000 r--p 000e4000 08:03 2355                       /usr/lib/x86_64-linux-gnu/libm.so.6
74dc05ff1000-74dc05ff2000 rw-p 000e5000 08:03 2355                       /usr/lib/x86_64-linux-gnu/libm.so.6
74dc05ff2000-74dc05ff3000 r--p 00000000 08:03 3647                       /usr/lib/x86_64-linux-gnu/librt.so.1
74dc05ff3000-74dc05ff4000 r-xp 00001000 08:03 3647                       /usr/lib/x86_64-linux-gnu/librt.so.1
74dc05ff4000-74dc05ff5000 r--p 00002000 08:03 3647                       /usr/lib/x86_64-linux-gnu/librt.so.1
74dc05ff5000-74dc05ff6000 r--p 00002000 08:03 3647                       /usr/lib/x86_64-linux-gnu/librt.so.1
74dc05ff6000-74dc05ff7000 rw-p 00003000 08:03 3647                       /usr/lib/x86_64-linux-gnu/librt.so.1
74dc05ff7000-74dc05ffb000 rw-p 00000000 00:00 0 
74dc05ffb000-74dc05ffc000 r--p 00000000 08:03 2111                       /usr/lib/x86_64-linux-gnu/libdl.so.2
74dc05ffc000-74dc05ffd000 r-xp 00001000 08:03 2111                       /usr/lib/x86_64-linux-gnu/libdl.so.2
74dc05ffd000-74dc05ffe000 r--p 00002000 08:03 2111                       /usr/lib/x86_64-linux-gnu/libdl.so.2
74dc05ffe000-74dc05fff000 r--p 00002000 08:03 2111                       /usr/lib/x86_64-linux-gnu/libdl.so.2
74dc05fff000-74dc06000000 rw-p 00003000 08:03 2111                       /usr/lib/x86_64-linux-gnu/libdl.so.2
74dc06000000-74dc06001000 r--p 00000000 08:03 3644                       /usr/lib/x86_64-linux-gnu/libpthread.so.0
74dc06001000-74dc06002000 r-xp 00001000 08:03 3644                       /usr/lib/x86_64-linux-gnu/libpthread.so.0
74dc06002000-74dc06003000 r--p 00002000 08:03 3644                       /usr/lib/x86_64-linux-gnu/libpthread.so.0
74dc06003000-74dc06004000 r--p 00002000 08:03 3644                       /usr/lib/x86_64-linux-gnu/libpthread.so.0
74dc06004000-74dc06005000 rw-p 00003000 08:03 3644                       /usr/lib/x86_64-linux-gnu/libpthread.so.0
74dc06005000-74dc06014000 r-xp 00000000 08:03 3444060                    /home/denis0001/.jdks/openjdk-22/lib/libjli.so
74dc06014000-74dc06015000 r--p 0000e000 08:03 3444060                    /home/denis0001/.jdks/openjdk-22/lib/libjli.so
74dc06015000-74dc06016000 rw-p 0000f000 08:03 3444060                    /home/denis0001/.jdks/openjdk-22/lib/libjli.so
74dc06016000-74dc06018000 r--p 00000000 08:03 30336                      /usr/lib/x86_64-linux-gnu/libz.so.1.2.11
74dc06018000-74dc06029000 r-xp 00002000 08:03 30336                      /usr/lib/x86_64-linux-gnu/libz.so.1.2.11
74dc06029000-74dc0602f000 r--p 00013000 08:03 30336                      /usr/lib/x86_64-linux-gnu/libz.so.1.2.11
74dc0602f000-74dc06030000 ---p 00019000 08:03 30336                      /usr/lib/x86_64-linux-gnu/libz.so.1.2.11
74dc06030000-74dc06031000 r--p 00019000 08:03 30336                      /usr/lib/x86_64-linux-gnu/libz.so.1.2.11
74dc06031000-74dc06032000 rw-p 0001a000 08:03 30336                      /usr/lib/x86_64-linux-gnu/libz.so.1.2.11
74dc06032000-74dc06039000 r-xp 00000000 08:03 3444080                    /home/denis0001/.jdks/openjdk-22/lib/libzip.so
74dc06039000-74dc0603a000 ---p 00007000 08:03 3444080                    /home/denis0001/.jdks/openjdk-22/lib/libzip.so
74dc0603a000-74dc0603b000 r--p 00007000 08:03 3444080                    /home/denis0001/.jdks/openjdk-22/lib/libzip.so
74dc0603b000-74dc0603c000 rw-p 00008000 08:03 3444080                    /home/denis0001/.jdks/openjdk-22/lib/libzip.so
74dc0603c000-74dc06044000 rw-s 00000000 08:03 437559                     /tmp/hsperfdata_denis0001/53716
74dc06044000-74dc0604e000 r-xp 00000000 08:03 3444050                    /home/denis0001/.jdks/openjdk-22/lib/libinstrument.so
74dc0604e000-74dc0604f000 r--p 00009000 08:03 3444050                    /home/denis0001/.jdks/openjdk-22/lib/libinstrument.so
74dc0604f000-74dc06050000 rw-p 0000a000 08:03 3444050                    /home/denis0001/.jdks/openjdk-22/lib/libinstrument.so
74dc06050000-74dc06051000 ---p 00000000 00:00 0 
74dc06051000-74dc06052000 r--p 00000000 00:00 0 
74dc06052000-74dc06054000 rw-p 00000000 00:00 0 
74dc06054000-74dc06056000 r--p 00000000 08:03 1838                       /usr/lib/x86_64-linux-gnu/ld-linux-x86-64.so.2
74dc06056000-74dc06080000 r-xp 00002000 08:03 1838                       /usr/lib/x86_64-linux-gnu/ld-linux-x86-64.so.2
74dc06080000-74dc0608b000 r--p 0002c000 08:03 1838                       /usr/lib/x86_64-linux-gnu/ld-linux-x86-64.so.2
74dc0608b000-74dc0608c000 ---p 00000000 00:00 0 
74dc0608c000-74dc0608e000 r--p 00037000 08:03 1838                       /usr/lib/x86_64-linux-gnu/ld-linux-x86-64.so.2
74dc0608e000-74dc06090000 rw-p 00039000 08:03 1838                       /usr/lib/x86_64-linux-gnu/ld-linux-x86-64.so.2
7ffeb912f000-7ffeb9151000 rw-p 00000000 00:00 0                          [stack]
7ffeb91e4000-7ffeb91e8000 r--p 00000000 00:00 0                          [vvar]
7ffeb91e8000-7ffeb91ea000 r-xp 00000000 00:00 0                          [vdso]
ffffffffff600000-ffffffffff601000 --xp 00000000 00:00 0                  [vsyscall]
Total number of mappings: 428


VM Arguments:
jvm_args: -javaagent:/snap/intellij-idea-community/502/lib/idea_rt.jar=36651:/snap/intellij-idea-community/502/bin -Dfile.encoding=UTF-8 -Dsun.stdout.encoding=UTF-8 -Dsun.stderr.encoding=UTF-8 
java_command: net.minecraftrecreation.client.Main --name test
java_class_path (initial): /home/denis0001/IdeaProjects/MinecraftRecreation/out/production/MinecraftRecreation:/home/denis0001/.m2/repository/org/lwjgl/lwjgl/3.1.1/lwjgl-3.1.1.jar:/home/denis0001/.m2/repository/org/lwjgl/lwjgl-bgfx/3.1.1/lwjgl-bgfx-3.1.1.jar:/home/denis0001/.m2/repository/org/lwjgl/lwjgl-glfw/3.1.1/lwjgl-glfw-3.1.1.jar:/home/denis0001/.m2/repository/org/lwjgl/lwjgl-nanovg/3.1.1/lwjgl-nanovg-3.1.1.jar:/home/denis0001/.m2/repository/org/lwjgl/lwjgl-nuklear/3.1.1/lwjgl-nuklear-3.1.1.jar:/home/denis0001/.m2/repository/org/lwjgl/lwjgl-openal/3.1.1/lwjgl-openal-3.1.1.jar:/home/denis0001/.m2/repository/org/lwjgl/lwjgl-opengl/3.1.1/lwjgl-opengl-3.1.1.jar:/home/denis0001/.m2/repository/org/lwjgl/lwjgl-par/3.1.1/lwjgl-par-3.1.1.jar:/home/denis0001/.m2/repository/org/lwjgl/lwjgl-stb/3.1.1/lwjgl-stb-3.1.1.jar:/home/denis0001/.m2/repository/org/lwjgl/lwjgl-vulkan/3.1.1/lwjgl-vulkan-3.1.1.jar:/home/denis0001/.m2/repository/org/lwjgl/lwjgl/3.1.1/lwjgl-3.1.1-natives-linux.jar:/home/denis0001/.m2/repository/org/lwjgl/lwjgl-bgfx/3.1.1/lwjgl-bgfx-3.1.1-natives-linux.jar:/home/denis0001/.m2/repository/org/lwjgl/lwjgl-glfw/3.1.1/lwjgl-glfw-3.1.1-natives-linux.jar:/home/denis0001/.m2/repository/org/lwjgl/lwjgl-nanovg/3.1.1/lwjgl-nanovg-3.1.1-natives-linux.jar:/home/denis0001/.m2/repository/org/lwjgl/lwjgl-nuklear/3.1.1/lwjgl-nuklear-3.1.1-natives-linux.jar:/home/denis0001/.m2/repository/org/lwjgl/lwjgl-openal/3.1.1/lwjgl-openal-3.1.1-natives-linux.jar:/home/denis0001/.m2/repository/org/lwjgl/lwjgl-par/3.1.1/lwjgl-par-3.1.1-natives-linux.jar:/home/denis0001/.m2/repository/org/lwjgl/lwjgl-stb/3.1.1/lwjgl-stb-3.1.1-natives-linux.jar:/home/denis0001/.m2/repository/org/jetbrains/annotations/24.0.0/annotations-24.0.0.jar:/home/denis0001/.m2/repository/commons-io/commons-io/2.16.1/commons-io-2.16.1.jar:/home/denis0001/.m2/repository/org/joml/joml/1.10.5/joml-1.10.5.jar:/home/denis0001/IdeaProjects/MinecraftRecreation/libs/util-1.0.jar:/home/denis0001/IdeaProjects/MinecraftRecreation/libs/logging-1.0.jar:/home/denis0001/.m2/repository/io/github/spair/imgui-java-binding/1.86.11/imgui-java-binding-1.86.11.jar:/home/denis0001/.m2/repository/io/github/spair/imgui-java-natives-linux/1.86.11/imgui-java-natives-linux-1.86.11.jar:/home/denis0001/.m2/repository/org/lwjgl/lwjgl-assimp/3.1.1/lwjgl-assimp-3.1.1.jar:/home/denis0001/.m2/repository/org/lwjgl/lwjgl-assimp/3.1.1/lwjgl-assimp-3.1.1-natives-linux.jar:/home/denis0001/IdeaProjects/MinecraftRecreation/libs/lwjgl-opengl-3.1.1-natives-linux.jar
Launcher Type: SUN_STANDARD

[Global flags]
     intx CICompilerCount                          = 3                                         {product} {ergonomic}
     uint ConcGCThreads                            = 1                                         {product} {ergonomic}
     uint G1ConcRefinementThreads                  = 4                                         {product} {ergonomic}
   size_t G1HeapRegionSize                         = 4194304                                   {product} {ergonomic}
   size_t InitialHeapSize                          = 394264576                                 {product} {ergonomic}
   size_t MarkStackSize                            = 4194304                                   {product} {ergonomic}
   size_t MaxHeapSize                              = 6287261696                                {product} {ergonomic}
   size_t MaxNewSize                               = 3770679296                                {product} {ergonomic}
   size_t MinHeapDeltaBytes                        = 4194304                                   {product} {ergonomic}
   size_t MinHeapSize                              = 8388608                                   {product} {ergonomic}
    uintx NonNMethodCodeHeapSize                   = 5832780                                {pd product} {ergonomic}
    uintx NonProfiledCodeHeapSize                  = 122912730                              {pd product} {ergonomic}
    uintx ProfiledCodeHeapSize                     = 122912730                              {pd product} {ergonomic}
    uintx ReservedCodeCacheSize                    = 251658240                              {pd product} {ergonomic}
     bool SegmentedCodeCache                       = true                                      {product} {ergonomic}
   size_t SoftMaxHeapSize                          = 6287261696                             {manageable} {ergonomic}
     bool UseCompressedOops                        = true                           {product lp64_product} {ergonomic}
     bool UseG1GC                                  = true                                      {product} {ergonomic}

Logging:
Log output configuration:
 #0: stdout all=warning uptime,level,tags foldmultilines=false
 #1: stderr all=off uptime,level,tags foldmultilines=false

Environment Variables:
PATH=/usr/local/sbin:/usr/local/bin:/usr/sbin:/usr/bin:/sbin:/bin:/usr/games:/usr/local/games:/snap/bin
SHELL=/bin/bash
DISPLAY=:0
LANG=ru_RU.UTF-8

Active Locale:
LC_ALL=ru_RU.UTF-8
LC_COLLATE=ru_RU.UTF-8
LC_CTYPE=ru_RU.UTF-8
LC_MESSAGES=ru_RU.UTF-8
LC_MONETARY=ru_RU.UTF-8
LC_NUMERIC=ru_RU.UTF-8
LC_TIME=ru_RU.UTF-8

Signal Handlers:
   SIGSEGV: crash_handler in libjvm.so, mask=11100100010111111101111111111110, flags=SA_RESTART|SA_SIGINFO, unblocked
    SIGBUS: crash_handler in libjvm.so, mask=11100100010111111101111111111110, flags=SA_RESTART|SA_SIGINFO, unblocked
    SIGFPE: crash_handler in libjvm.so, mask=11100100010111111101111111111110, flags=SA_RESTART|SA_SIGINFO, unblocked
   SIGPIPE: javaSignalHandler in libjvm.so, mask=11100100010111111101111111111110, flags=SA_RESTART|SA_SIGINFO, blocked
   SIGXFSZ: javaSignalHandler in libjvm.so, mask=11100100010111111101111111111110, flags=SA_RESTART|SA_SIGINFO, blocked
    SIGILL: crash_handler in libjvm.so, mask=11100100010111111101111111111110, flags=SA_RESTART|SA_SIGINFO, unblocked
   SIGUSR2: SR_handler in libjvm.so, mask=00100000000000000000000000000000, flags=SA_RESTART|SA_SIGINFO, blocked
    SIGHUP: UserHandler in libjvm.so, mask=11100100010111111101111111111110, flags=SA_RESTART|SA_SIGINFO, blocked
    SIGINT: UserHandler in libjvm.so, mask=11100100010111111101111111111110, flags=SA_RESTART|SA_SIGINFO, blocked
   SIGTERM: UserHandler in libjvm.so, mask=11100100010111111101111111111110, flags=SA_RESTART|SA_SIGINFO, blocked
   SIGQUIT: UserHandler in libjvm.so, mask=11100100010111111101111111111110, flags=SA_RESTART|SA_SIGINFO, blocked
   SIGTRAP: crash_handler in libjvm.so, mask=11100100010111111101111111111110, flags=SA_RESTART|SA_SIGINFO, unblocked


Periodic native trim disabled

---------------  S Y S T E M  ---------------

OS:
DISTRIB_ID=Ubuntu
DISTRIB_RELEASE=22.04
DISTRIB_CODENAME=jammy
DISTRIB_DESCRIPTION="Ubuntu 22.04.4 LTS"
uname: Linux 6.5.0-35-generic #35~22.04.1-Ubuntu SMP PREEMPT_DYNAMIC Tue May  7 09:00:52 UTC 2 x86_64
OS uptime: 0 days 11:19 hours
libc: glibc 2.35 NPTL 2.35 
rlimit (soft/hard): STACK 8192k/infinity , CORE 0k/infinity , NPROC 95417/95417 , NOFILE 1048576/1048576 , AS infinity/infinity , CPU infinity/infinity , DATA infinity/infinity , FSIZE infinity/infinity , MEMLOCK 3069496k/3069496k
load average: 1,18 0,85 1,06

/proc/meminfo:
MemTotal:       24555984 kB
MemFree:         7875660 kB
MemAvailable:   15231460 kB
Buffers:          964420 kB
Cached:          6579112 kB
SwapCached:            0 kB
Active:         10750316 kB
Inactive:        4792056 kB
Active(anon):    8206420 kB
Inactive(anon):        0 kB
Active(file):    2543896 kB
Inactive(file):  4792056 kB
Unevictable:          32 kB
Mlocked:              32 kB
SwapTotal:       2097148 kB
SwapFree:        2097148 kB
Zswap:                 0 kB
Zswapped:              0 kB
Dirty:              5768 kB
Writeback:             0 kB
AnonPages:       7998984 kB
Mapped:          1938456 kB
Shmem:            208624 kB
KReclaimable:     419524 kB
Slab:             661900 kB
SReclaimable:     419524 kB
SUnreclaim:       242376 kB
KernelStack:       22848 kB
PageTables:        83648 kB
SecPageTables:         0 kB
NFS_Unstable:          0 kB
Bounce:                0 kB
WritebackTmp:          0 kB
CommitLimit:    14375140 kB
Committed_AS:   21650388 kB
VmallocTotal:   34359738367 kB
VmallocUsed:      112060 kB
VmallocChunk:          0 kB
Percpu:             2944 kB
HardwareCorrupted:     0 kB
AnonHugePages:         0 kB
ShmemHugePages:        0 kB
ShmemPmdMapped:        0 kB
FileHugePages:         0 kB
FilePmdMapped:         0 kB
Unaccepted:            0 kB
HugePages_Total:       0
HugePages_Free:        0
HugePages_Rsvd:        0
HugePages_Surp:        0
Hugepagesize:       2048 kB
Hugetlb:               0 kB
DirectMap4k:      864404 kB
DirectMap2M:    19013632 kB
DirectMap1G:     5242880 kB

/sys/kernel/mm/transparent_hugepage/enabled: always [madvise] never
/sys/kernel/mm/transparent_hugepage/shmem_enabled: always within_size advise [never] deny force
/sys/kernel/mm/transparent_hugepage/defrag (defrag/compaction efforts parameter): always defer defer+madvise [madvise] never

Process Memory:
Virtual Size: 9597804K (peak: 9653040K)
Resident Set Size: 414588K (peak: 414588K) (anon: 355588K, file: 59000K, shmem: 0K)
Swapped out: 0K
C-Heap outstanding allocations: 62813K, retained: 34602K
glibc malloc tunables: (default)

/proc/sys/kernel/threads-max (system-wide limit on the number of threads): 190835
/proc/sys/vm/max_map_count (maximum number of memory map areas a process may have): 65530
/proc/sys/kernel/pid_max (system-wide limit on number of process identifiers): 4194304

container (cgroup) information:
container_type: cgroupv2
cpu_cpuset_cpus: not supported
cpu_memory_nodes: not supported
active_processor_count: 4
cpu_quota: not supported
cpu_period: not supported
cpu_shares: not supported
memory_limit_in_bytes: unlimited
memory_and_swap_limit_in_bytes: unlimited
memory_soft_limit_in_bytes: unlimited
memory_usage_in_bytes: 5226772 k
memory_max_usage_in_bytes: not supported
memory_swap_current_in_bytes: unlimited
memory_swap_max_limit_in_bytes: unlimited
maximum number of tasks: 28625
current number of tasks: 354

Steal ticks since vm start: 0
Steal ticks percentage since vm start:  0,000

CPU: total 4 (initial active 4) (4 cores per cpu, 1 threads per core) family 6 model 94 stepping 3 microcode 0xf0, cx8, cmov, fxsr, mmx, 3dnowpref, sse, sse2, sse3, ssse3, sse4.1, sse4.2, popcnt, lzcnt, tsc, tscinvbit, avx, avx2, aes, erms, clmul, bmi1, bmi2, adx, fma, vzeroupper, clflush, clflushopt, rdtscp, f16c
CPU Model and flags from /proc/cpuinfo:
model name	: Intel(R) Core(TM) i5-6600 CPU @ 3.30GHz
flags		: fpu vme de pse tsc msr pae mce cx8 apic sep mtrr pge mca cmov pat pse36 clflush dts acpi mmx fxsr sse sse2 ss ht tm pbe syscall nx pdpe1gb rdtscp lm constant_tsc art arch_perfmon pebs bts rep_good nopl xtopology nonstop_tsc cpuid aperfmperf pni pclmulqdq dtes64 monitor ds_cpl vmx smx est tm2 ssse3 sdbg fma cx16 xtpr pdcm pcid sse4_1 sse4_2 x2apic movbe popcnt tsc_deadline_timer aes xsave avx f16c rdrand lahf_lm abm 3dnowprefetch cpuid_fault invpcid_single pti ssbd ibrs ibpb stibp tpr_shadow flexpriority ept vpid ept_ad fsgsbase tsc_adjust bmi1 avx2 smep bmi2 erms invpcid mpx rdseed adx smap clflushopt intel_pt xsaveopt xsavec xgetbv1 xsaves dtherm ida arat pln pts hwp hwp_notify hwp_act_window hwp_epp vnmi md_clear flush_l1d arch_capabilities

Online cpus: 0-3
Offline cpus: 
BIOS frequency limitation: <Not Available>
Frequency switch latency (ns): 0
Available cpu frequencies: <Not Available>
Current governor: powersave
Core performance/turbo boost: <Not Available>

Memory: 4k page, physical 24555984k(15231460k free), swap 2097148k(2097148k free)
Page Sizes: 4k

vm_info: OpenJDK 64-Bit Server VM (22+36-2370) for linux-amd64 JRE (22+36-2370), built on 2024-02-15T22:15:19Z by "mach5one" with gcc 13.2.0

END.
