[2024.06.08 19:49:24] [main/INFO]: Starting MinecraftRecreation Project version 1.0 pre-alpha
[2024.06.08 19:49:24] [main/DEBUG]: Arguments: [--name, test]
[2024.06.08 19:49:24] [main/INFO]: Setting user: test
[2024.06.08 19:49:24] [main/INFO]: Loading world 'overworld' from 'world.mcrworld'
[2024.06.08 19:51:05] [main/DEBUG]: cond false
[2024.06.08 19:51:06] [main/DEBUG]: cond true
[2024.06.08 19:51:06] [main/DEBUG]: cond true
[2024.06.08 19:51:09] [main/DEBUG]: cond false
[2024.06.08 19:51:09] [main/DEBUG]: cond true
[2024.06.08 19:51:09] [main/DEBUG]: cond true
[2024.06.08 19:51:14] [main/DEBUG]: cond false
[2024.06.08 19:51:14] [main/DEBUG]: cond true
[2024.06.08 19:51:14] [main/DEBUG]: cond true
[2024.06.08 19:51:14] [main/DEBUG]: cond true
[2024.06.08 19:51:14] [main/DEBUG]: cond true
[2024.06.08 19:51:14] [main/DEBUG]: cond true
[2024.06.08 19:51:14] [main/DEBUG]: cond true
[2024.06.08 19:51:14] [main/DEBUG]: cond true
[2024.06.08 19:51:14] [main/DEBUG]: cond true
[2024.06.08 19:51:14] [main/DEBUG]: cond true
[2024.06.08 19:51:14] [main/DEBUG]: cond true
[2024.06.08 19:51:14] [main/DEBUG]: cond true
[2024.06.08 19:51:14] [main/DEBUG]: cond true
[2024.06.08 19:51:15] [main/DEBUG]: cond true
[2024.06.08 19:51:15] [main/DEBUG]: cond true
[2024.06.08 19:51:15] [main/DEBUG]: cond true
[2024.06.08 19:51:15] [main/DEBUG]: cond true
[2024.06.08 19:51:15] [main/DEBUG]: cond true
[2024.06.08 19:51:15] [main/DEBUG]: cond true
[2024.06.08 19:51:15] [main/DEBUG]: cond false
[2024.06.08 19:51:15] [main/DEBUG]: cond true
[2024.06.08 19:51:15] [main/DEBUG]: cond true
[2024.06.08 19:51:15] [main/DEBUG]: cond true
[2024.06.08 19:51:15] [main/DEBUG]: cond true
[2024.06.08 19:51:15] [main/DEBUG]: cond true
[2024.06.08 19:51:15] [main/DEBUG]: cond true
[2024.06.08 19:51:15] [main/DEBUG]: cond true
[2024.06.08 19:51:15] [main/DEBUG]: cond true
[2024.06.08 19:51:15] [main/DEBUG]: cond true
[2024.06.08 19:51:15] [main/DEBUG]: cond true
[2024.06.08 19:51:15] [main/DEBUG]: cond true
[2024.06.08 19:51:15] [main/DEBUG]: cond true
[2024.06.08 19:51:16] [main/DEBUG]: cond true
[2024.06.08 19:51:16] [main/DEBUG]: cond true
[2024.06.08 19:51:16] [main/DEBUG]: cond true
[2024.06.08 19:51:16] [main/DEBUG]: cond true
[2024.06.08 19:51:16] [main/DEBUG]: cond true
[2024.06.08 19:51:16] [main/DEBUG]: cond true
[2024.06.08 19:51:16] [main/DEBUG]: cond false
[2024.06.08 19:51:16] [main/DEBUG]: cond true
[2024.06.08 19:51:16] [main/DEBUG]: cond true
[2024.06.08 19:51:16] [main/DEBUG]: cond true
[2024.06.08 19:51:16] [main/DEBUG]: cond true
[2024.06.08 19:51:16] [main/DEBUG]: cond true
[2024.06.08 19:51:16] [main/DEBUG]: cond true
[2024.06.08 19:51:16] [main/DEBUG]: cond true
[2024.06.08 19:51:16] [main/DEBUG]: cond true
[2024.06.08 19:51:16] [main/DEBUG]: cond true
[2024.06.08 19:51:16] [main/DEBUG]: cond true
[2024.06.08 19:51:16] [main/DEBUG]: cond true
[2024.06.08 19:51:16] [main/DEBUG]: cond true
[2024.06.08 19:51:17] [main/DEBUG]: cond true
[2024.06.08 19:51:17] [main/DEBUG]: cond true
[2024.06.08 19:51:17] [main/DEBUG]: cond true
[2024.06.08 19:51:17] [main/DEBUG]: cond true
[2024.06.08 19:51:17] [main/DEBUG]: cond true
[2024.06.08 19:51:17] [main/DEBUG]: cond true
[2024.06.08 19:51:17] [main/DEBUG]: cond false
[2024.06.08 19:51:17] [main/DEBUG]: cond true
[2024.06.08 19:51:17] [main/DEBUG]: cond true
[2024.06.08 19:51:17] [main/DEBUG]: cond true
[2024.06.08 19:51:17] [main/DEBUG]: cond true
[2024.06.08 19:51:17] [main/DEBUG]: cond true
[2024.06.08 19:51:17] [main/DEBUG]: cond true
[2024.06.08 19:51:17] [main/DEBUG]: cond true
[2024.06.08 19:51:17] [main/DEBUG]: cond true
[2024.06.08 19:51:17] [main/DEBUG]: cond true
[2024.06.08 19:51:17] [main/DEBUG]: cond true
[2024.06.08 19:51:17] [main/DEBUG]: cond true
[2024.06.08 19:51:17] [main/DEBUG]: cond true
[2024.06.08 19:51:18] [main/DEBUG]: cond true
[2024.06.08 19:51:18] [main/DEBUG]: cond true
[2024.06.08 19:51:18] [main/DEBUG]: cond true
[2024.06.08 19:51:18] [main/DEBUG]: cond true
[2024.06.08 19:51:18] [main/DEBUG]: cond true
[2024.06.08 19:51:18] [main/DEBUG]: cond true
[2024.06.08 19:51:18] [main/DEBUG]: cond false
[2024.06.08 19:51:18] [main/DEBUG]: cond true
[2024.06.08 19:51:18] [main/DEBUG]: cond true
[2024.06.08 19:51:18] [main/DEBUG]: cond true
[2024.06.08 19:51:18] [main/DEBUG]: cond true
[2024.06.08 19:51:18] [main/DEBUG]: cond true
[2024.06.08 19:51:18] [main/DEBUG]: cond true
[2024.06.08 19:51:18] [main/DEBUG]: cond true
[2024.06.08 19:51:18] [main/DEBUG]: cond true
[2024.06.08 19:51:18] [main/DEBUG]: cond true
[2024.06.08 19:51:18] [main/DEBUG]: cond true
[2024.06.08 19:51:18] [main/DEBUG]: cond true
[2024.06.08 19:51:18] [main/DEBUG]: cond true
[2024.06.08 19:51:18] [main/DEBUG]: cond true
[2024.06.08 19:51:19] [main/DEBUG]: cond true
[2024.06.08 19:51:19] [main/DEBUG]: cond true
[2024.06.08 19:51:19] [main/DEBUG]: cond true
[2024.06.08 19:51:19] [main/DEBUG]: cond true
[2024.06.08 19:51:19] [main/DEBUG]: cond true
[2024.06.08 19:51:19] [main/DEBUG]: cond false
[2024.06.08 19:51:19] [main/DEBUG]: cond true
[2024.06.08 19:51:19] [main/DEBUG]: cond true
[2024.06.08 19:51:19] [main/DEBUG]: cond true
[2024.06.08 19:51:19] [main/DEBUG]: cond true
[2024.06.08 19:51:19] [main/DEBUG]: cond true
[2024.06.08 19:51:19] [main/DEBUG]: cond true
[2024.06.08 19:51:19] [main/DEBUG]: cond true
[2024.06.08 19:51:19] [main/DEBUG]: cond true
[2024.06.08 19:51:19] [main/DEBUG]: cond true
[2024.06.08 19:51:19] [main/DEBUG]: cond true
[2024.06.08 19:51:19] [main/DEBUG]: cond true
[2024.06.08 19:51:19] [main/DEBUG]: cond true
[2024.06.08 19:51:19] [main/DEBUG]: cond true
[2024.06.08 19:51:20] [main/DEBUG]: cond true
[2024.06.08 19:51:20] [main/DEBUG]: cond true
[2024.06.08 19:51:20] [main/DEBUG]: cond true
[2024.06.08 19:51:20] [main/DEBUG]: cond true
[2024.06.08 19:51:20] [main/DEBUG]: cond true
[2024.06.08 19:51:20] [main/DEBUG]: cond false
[2024.06.08 19:51:20] [main/DEBUG]: cond true
[2024.06.08 19:51:20] [main/DEBUG]: cond true
[2024.06.08 19:51:20] [main/DEBUG]: cond true
[2024.06.08 19:51:20] [main/DEBUG]: cond true
[2024.06.08 19:51:20] [main/DEBUG]: cond true
[2024.06.08 19:51:20] [main/DEBUG]: cond true
[2024.06.08 19:51:20] [main/DEBUG]: cond true
[2024.06.08 19:51:20] [main/DEBUG]: cond true
[2024.06.08 19:51:20] [main/DEBUG]: cond true
[2024.06.08 19:51:20] [main/DEBUG]: cond true
[2024.06.08 19:51:20] [main/DEBUG]: cond true
[2024.06.08 19:51:20] [main/DEBUG]: cond true
[2024.06.08 19:51:20] [main/DEBUG]: cond true
[2024.06.08 19:51:21] [main/DEBUG]: cond true
[2024.06.08 19:51:21] [main/DEBUG]: cond true
[2024.06.08 19:51:21] [main/DEBUG]: cond true
[2024.06.08 19:51:21] [main/DEBUG]: cond true
[2024.06.08 19:51:21] [main/DEBUG]: cond true
[2024.06.08 19:51:21] [main/DEBUG]: cond false
[2024.06.08 19:51:21] [main/DEBUG]: cond true
[2024.06.08 19:51:21] [main/DEBUG]: cond true
[2024.06.08 19:51:21] [main/DEBUG]: cond true
[2024.06.08 19:51:21] [main/DEBUG]: cond true
[2024.06.08 19:51:21] [main/DEBUG]: cond true
[2024.06.08 19:51:21] [main/DEBUG]: cond true
[2024.06.08 19:51:21] [main/DEBUG]: cond true
[2024.06.08 19:51:21] [main/DEBUG]: cond true
[2024.06.08 19:51:21] [main/DEBUG]: cond true
[2024.06.08 19:51:21] [main/DEBUG]: cond true
[2024.06.08 19:51:21] [main/DEBUG]: cond true
[2024.06.08 19:51:21] [main/DEBUG]: cond true
[2024.06.08 19:51:21] [main/DEBUG]: cond true
[2024.06.08 19:51:22] [main/DEBUG]: cond true
[2024.06.08 19:51:22] [main/DEBUG]: cond true
[2024.06.08 19:51:22] [main/DEBUG]: cond true
[2024.06.08 19:51:22] [main/DEBUG]: cond true
[2024.06.08 19:51:22] [main/DEBUG]: cond true
[2024.06.08 19:51:22] [main/DEBUG]: cond false
[2024.06.08 19:51:22] [main/DEBUG]: cond true
[2024.06.08 19:51:22] [main/DEBUG]: cond true
[2024.06.08 19:51:22] [main/DEBUG]: cond true
[2024.06.08 19:51:22] [main/DEBUG]: cond true
[2024.06.08 19:51:22] [main/DEBUG]: cond true
[2024.06.08 19:51:22] [main/DEBUG]: cond true
[2024.06.08 19:51:22] [main/DEBUG]: cond true
[2024.06.08 19:51:22] [main/DEBUG]: cond true
[2024.06.08 19:51:22] [main/DEBUG]: cond true
[2024.06.08 19:51:22] [main/DEBUG]: cond true
[2024.06.08 19:51:22] [main/DEBUG]: cond true
[2024.06.08 19:51:22] [main/DEBUG]: cond true
[2024.06.08 19:51:22] [main/DEBUG]: cond true
[2024.06.08 19:51:22] [main/DEBUG]: cond true
[2024.06.08 19:51:23] [main/DEBUG]: cond true
[2024.06.08 19:51:23] [main/DEBUG]: cond true
[2024.06.08 19:51:23] [main/DEBUG]: cond true
[2024.06.08 19:51:23] [main/DEBUG]: cond true
[2024.06.08 19:51:23] [main/DEBUG]: cond false
[2024.06.08 19:51:23] [main/DEBUG]: cond true
[2024.06.08 19:51:23] [main/DEBUG]: cond true
[2024.06.08 19:51:23] [main/DEBUG]: cond true
[2024.06.08 19:51:23] [main/DEBUG]: cond true
[2024.06.08 19:51:23] [main/DEBUG]: cond true
[2024.06.08 19:51:23] [main/DEBUG]: cond true
[2024.06.08 19:51:23] [main/DEBUG]: cond true
[2024.06.08 19:51:23] [main/DEBUG]: cond true
[2024.06.08 19:51:23] [main/DEBUG]: cond true
[2024.06.08 19:51:23] [main/DEBUG]: cond true
[2024.06.08 19:51:23] [main/DEBUG]: cond true
[2024.06.08 19:51:23] [main/DEBUG]: cond true
[2024.06.08 19:51:23] [main/DEBUG]: cond true
[2024.06.08 19:51:23] [main/DEBUG]: cond true
[2024.06.08 19:51:24] [main/DEBUG]: cond true
[2024.06.08 19:51:24] [main/DEBUG]: cond true
[2024.06.08 19:51:24] [main/DEBUG]: cond true
[2024.06.08 19:51:24] [main/DEBUG]: cond true
[2024.06.08 19:51:24] [main/DEBUG]: cond false
[2024.06.08 19:51:24] [main/DEBUG]: cond true
[2024.06.08 19:51:24] [main/DEBUG]: cond true
[2024.06.08 19:51:24] [main/DEBUG]: cond true
[2024.06.08 19:51:24] [main/DEBUG]: cond true
[2024.06.08 19:51:24] [main/DEBUG]: cond true
[2024.06.08 19:51:24] [main/DEBUG]: cond true
[2024.06.08 19:51:24] [main/DEBUG]: cond true
[2024.06.08 19:51:24] [main/DEBUG]: cond true
[2024.06.08 19:51:24] [main/DEBUG]: cond true
[2024.06.08 19:51:24] [main/DEBUG]: cond true
[2024.06.08 19:51:24] [main/DEBUG]: cond true
[2024.06.08 19:51:24] [main/DEBUG]: cond true
[2024.06.08 19:51:24] [main/DEBUG]: cond true
[2024.06.08 19:51:24] [main/DEBUG]: cond true
[2024.06.08 19:51:25] [main/DEBUG]: cond true
[2024.06.08 19:51:25] [main/DEBUG]: cond true
[2024.06.08 19:51:25] [main/DEBUG]: cond true
[2024.06.08 19:51:25] [main/DEBUG]: cond true
[2024.06.08 19:51:25] [main/DEBUG]: cond false
[2024.06.08 19:51:25] [main/DEBUG]: cond true
[2024.06.08 19:51:25] [main/DEBUG]: cond true
[2024.06.08 19:51:25] [main/DEBUG]: cond true
[2024.06.08 19:51:25] [main/DEBUG]: cond true
[2024.06.08 19:51:25] [main/DEBUG]: cond true
[2024.06.08 19:51:25] [main/DEBUG]: cond true
[2024.06.08 19:51:25] [main/DEBUG]: cond true
[2024.06.08 19:51:25] [main/DEBUG]: cond true
[2024.06.08 19:51:25] [main/DEBUG]: cond true
[2024.06.08 19:51:25] [main/DEBUG]: cond true
[2024.06.08 19:51:25] [main/DEBUG]: cond true
[2024.06.08 19:51:25] [main/DEBUG]: cond true
[2024.06.08 19:51:25] [main/DEBUG]: cond true
[2024.06.08 19:51:25] [main/DEBUG]: cond true
[2024.06.08 19:51:26] [main/DEBUG]: cond true
[2024.06.08 19:51:26] [main/DEBUG]: cond true
[2024.06.08 19:51:26] [main/DEBUG]: cond true
[2024.06.08 19:51:26] [main/DEBUG]: cond true
[2024.06.08 19:51:26] [main/DEBUG]: cond false
[2024.06.08 19:51:26] [main/DEBUG]: cond true
[2024.06.08 19:51:26] [main/DEBUG]: cond true
[2024.06.08 19:51:26] [main/DEBUG]: cond true
[2024.06.08 19:51:26] [main/DEBUG]: cond true
[2024.06.08 19:51:26] [main/DEBUG]: cond true
[2024.06.08 19:51:26] [main/DEBUG]: cond true
[2024.06.08 19:51:26] [main/DEBUG]: cond true
[2024.06.08 19:51:26] [main/DEBUG]: cond true
[2024.06.08 19:51:26] [main/DEBUG]: cond true
[2024.06.08 19:51:26] [main/DEBUG]: cond true
[2024.06.08 19:51:26] [main/DEBUG]: cond true
[2024.06.08 19:51:26] [main/DEBUG]: cond true
[2024.06.08 19:51:26] [main/DEBUG]: cond true
[2024.06.08 19:51:26] [main/DEBUG]: cond true
[2024.06.08 19:51:26] [main/DEBUG]: cond true
[2024.06.08 19:51:27] [main/DEBUG]: cond true
[2024.06.08 19:51:27] [main/DEBUG]: cond true
[2024.06.08 19:51:27] [main/DEBUG]: cond true
[2024.06.08 19:51:27] [main/DEBUG]: cond false
[2024.06.08 19:51:27] [main/DEBUG]: cond true
[2024.06.08 19:51:27] [main/DEBUG]: cond true
[2024.06.08 19:51:27] [main/DEBUG]: cond true
[2024.06.08 19:51:27] [main/DEBUG]: cond true
[2024.06.08 19:51:27] [main/DEBUG]: cond true
[2024.06.08 19:51:27] [main/DEBUG]: cond true
[2024.06.08 19:51:27] [main/DEBUG]: cond true
[2024.06.08 19:51:27] [main/DEBUG]: cond true
[2024.06.08 19:51:27] [main/DEBUG]: cond true
[2024.06.08 19:51:27] [main/DEBUG]: cond true
[2024.06.08 19:51:27] [main/DEBUG]: cond true
[2024.06.08 19:51:27] [main/DEBUG]: cond true
[2024.06.08 19:51:27] [main/DEBUG]: cond true
[2024.06.08 19:51:27] [main/DEBUG]: cond true
[2024.06.08 19:51:27] [main/DEBUG]: cond true
[2024.06.08 19:51:28] [main/DEBUG]: cond true
[2024.06.08 19:51:28] [main/DEBUG]: cond true
[2024.06.08 19:51:28] [main/DEBUG]: cond true
[2024.06.08 19:51:28] [main/DEBUG]: cond false
[2024.06.08 19:51:28] [main/DEBUG]: cond true
[2024.06.08 19:51:28] [main/DEBUG]: cond true
[2024.06.08 19:51:28] [main/DEBUG]: cond true
[2024.06.08 19:51:28] [main/DEBUG]: cond true
[2024.06.08 19:51:28] [main/DEBUG]: cond true
[2024.06.08 19:51:28] [main/DEBUG]: cond true
[2024.06.08 19:51:28] [main/DEBUG]: cond true
[2024.06.08 19:51:28] [main/DEBUG]: cond true
[2024.06.08 19:51:28] [main/DEBUG]: cond true
[2024.06.08 19:51:28] [main/DEBUG]: cond true
[2024.06.08 19:51:28] [main/DEBUG]: cond true
[2024.06.08 19:51:28] [main/DEBUG]: cond true
[2024.06.08 19:51:28] [main/DEBUG]: cond true
[2024.06.08 19:51:28] [main/DEBUG]: cond true
[2024.06.08 19:51:28] [main/DEBUG]: cond true
[2024.06.08 19:51:29] [main/DEBUG]: cond true
[2024.06.08 19:51:29] [main/DEBUG]: cond true
[2024.06.08 19:51:29] [main/DEBUG]: cond true
[2024.06.08 19:51:29] [main/DEBUG]: cond false
[2024.06.08 19:51:29] [main/DEBUG]: cond true
[2024.06.08 19:51:29] [main/DEBUG]: cond true
[2024.06.08 19:51:29] [main/DEBUG]: cond true
[2024.06.08 19:51:29] [main/DEBUG]: cond true
[2024.06.08 19:51:29] [main/DEBUG]: cond true
[2024.06.08 19:51:29] [main/DEBUG]: cond true
[2024.06.08 19:51:29] [main/DEBUG]: cond true
[2024.06.08 19:51:29] [main/DEBUG]: cond true
[2024.06.08 19:51:29] [main/DEBUG]: cond true
[2024.06.08 19:51:29] [main/DEBUG]: cond true
[2024.06.08 19:51:29] [main/DEBUG]: cond true
[2024.06.08 19:51:29] [main/DEBUG]: cond true
[2024.06.08 19:51:29] [main/DEBUG]: cond true
[2024.06.08 19:51:29] [main/DEBUG]: cond true
[2024.06.08 19:51:34] [main/DEBUG]: cond false
[2024.06.08 19:51:34] [main/DEBUG]: cond true
[2024.06.08 19:51:34] [main/DEBUG]: cond true
[2024.06.08 19:51:35] [main/DEBUG]: cond false
[2024.06.08 19:51:35] [main/DEBUG]: cond true
[2024.06.08 19:51:35] [main/DEBUG]: cond true
[2024.06.08 19:51:35] [main/DEBUG]: cond true
[2024.06.08 19:51:35] [main/DEBUG]: cond true
[2024.06.08 19:51:35] [main/DEBUG]: cond true
[2024.06.08 19:51:35] [main/DEBUG]: cond true
[2024.06.08 19:51:35] [main/DEBUG]: cond true
[2024.06.08 19:51:35] [main/DEBUG]: cond true
[2024.06.08 19:51:35] [main/DEBUG]: cond false
[2024.06.08 19:51:35] [main/DEBUG]: cond true
[2024.06.08 19:51:35] [main/DEBUG]: cond true
[2024.06.08 19:51:35] [main/DEBUG]: cond true
[2024.06.08 19:51:38] [main/DEBUG]: cond false
[2024.06.08 19:51:38] [main/DEBUG]: cond true
[2024.06.08 19:51:38] [main/DEBUG]: cond true
[2024.06.08 19:51:41] [main/DEBUG]: cond false
[2024.06.08 19:51:41] [main/DEBUG]: cond true
[2024.06.08 19:51:41] [main/DEBUG]: cond true
[2024.06.08 19:51:41] [main/DEBUG]: cond true
[2024.06.08 19:51:41] [main/DEBUG]: cond true
[2024.06.08 19:51:41] [main/DEBUG]: cond true
[2024.06.08 19:51:41] [main/DEBUG]: cond true
[2024.06.08 19:51:41] [main/DEBUG]: cond true
[2024.06.08 19:51:41] [main/DEBUG]: cond true
[2024.06.08 19:51:41] [main/DEBUG]: cond true
[2024.06.08 19:51:41] [main/DEBUG]: cond true
[2024.06.08 19:51:41] [main/DEBUG]: cond true
[2024.06.08 19:51:41] [main/DEBUG]: cond true
[2024.06.08 19:51:41] [main/DEBUG]: cond true
[2024.06.08 19:51:41] [main/DEBUG]: cond true
[2024.06.08 19:51:41] [main/DEBUG]: cond true
[2024.06.08 19:51:41] [main/DEBUG]: cond true
[2024.06.08 19:51:42] [main/DEBUG]: cond true
[2024.06.08 19:51:42] [main/DEBUG]: cond true
[2024.06.08 19:51:42] [main/DEBUG]: cond true
[2024.06.08 19:51:42] [main/DEBUG]: cond false
[2024.06.08 19:51:42] [main/DEBUG]: cond true
[2024.06.08 19:51:42] [main/DEBUG]: cond true
[2024.06.08 19:51:42] [main/DEBUG]: cond true
[2024.06.08 19:51:42] [main/DEBUG]: cond true
[2024.06.08 19:51:42] [main/DEBUG]: cond true
[2024.06.08 19:51:42] [main/DEBUG]: cond true
[2024.06.08 19:51:42] [main/DEBUG]: cond true
[2024.06.08 19:51:42] [main/DEBUG]: cond true
[2024.06.08 19:51:42] [main/DEBUG]: cond true
[2024.06.08 19:51:42] [main/DEBUG]: cond true
[2024.06.08 19:51:42] [main/DEBUG]: cond true
[2024.06.08 19:51:42] [main/DEBUG]: cond true
[2024.06.08 19:51:42] [main/DEBUG]: cond true
[2024.06.08 19:51:42] [main/DEBUG]: cond true
[2024.06.08 19:51:42] [main/DEBUG]: cond true
[2024.06.08 19:51:43] [main/DEBUG]: cond true
[2024.06.08 19:51:43] [main/DEBUG]: cond true
[2024.06.08 19:51:47] [main/DEBUG]: cond false
[2024.06.08 19:51:47] [main/DEBUG]: cond true
[2024.06.08 19:51:47] [main/DEBUG]: cond true
